[2025-01-26T10:21:34.138+0000] {local_task_job_runner.py:123} INFO - ::group::Pre task execution logs
[2025-01-26T10:21:34.369+0000] {taskinstance.py:2613} INFO - Dependencies all met for dep_context=non-requeueable deps ti=<TaskInstance: fetch_and_store_ebooks.create_table scheduled__2020-05-02T00:00:00+00:00 [queued]>
[2025-01-26T10:21:34.605+0000] {taskinstance.py:2613} INFO - Dependencies all met for dep_context=requeueable deps ti=<TaskInstance: fetch_and_store_ebooks.create_table scheduled__2020-05-02T00:00:00+00:00 [queued]>
[2025-01-26T10:21:34.665+0000] {taskinstance.py:2866} INFO - Starting attempt 1 of 2
[2025-01-26T10:21:35.244+0000] {taskinstance.py:2889} INFO - Executing <Task(PostgresOperator): create_table> on 2020-05-02 00:00:00+00:00
[2025-01-26T10:21:35.323+0000] {warnings.py:112} WARNING - /home/***/.local/lib/python3.12/site-packages/***/task/task_runner/standard_task_runner.py:70: DeprecationWarning: This process (pid=6637) is multi-threaded, use of fork() may lead to deadlocks in the child.
  pid = os.fork()

[2025-01-26T10:21:35.343+0000] {standard_task_runner.py:72} INFO - Started process 6672 to run task
[2025-01-26T10:21:35.367+0000] {standard_task_runner.py:104} INFO - Running: ['***', 'tasks', 'run', 'fetch_and_store_ebooks', 'create_table', 'scheduled__2020-05-02T00:00:00+00:00', '--job-id', '1505', '--raw', '--subdir', 'DAGS_FOLDER/app.py', '--cfg-path', '/tmp/tmpcap1p87k']
[2025-01-26T10:21:35.403+0000] {standard_task_runner.py:105} INFO - Job 1505: Subtask create_table
[2025-01-26T10:21:36.218+0000] {task_command.py:467} INFO - Running <TaskInstance: fetch_and_store_ebooks.create_table scheduled__2020-05-02T00:00:00+00:00 [running]> on host 34edd304782d
[2025-01-26T10:21:39.370+0000] {taskinstance.py:3132} INFO - Exporting env vars: AIRFLOW_CTX_DAG_OWNER='***' AIRFLOW_CTX_DAG_ID='fetch_and_store_ebooks' AIRFLOW_CTX_TASK_ID='create_table' AIRFLOW_CTX_EXECUTION_DATE='2020-05-02T00:00:00+00:00' AIRFLOW_CTX_TRY_NUMBER='1' AIRFLOW_CTX_DAG_RUN_ID='scheduled__2020-05-02T00:00:00+00:00'
[2025-01-26T10:21:39.391+0000] {logging_mixin.py:190} INFO - Task instance is in running state
[2025-01-26T10:21:39.399+0000] {logging_mixin.py:190} INFO -  Previous state of the Task instance: queued
[2025-01-26T10:21:39.407+0000] {logging_mixin.py:190} INFO - Current task name:create_table state:running start_date:2025-01-26 10:21:34.381454+00:00
[2025-01-26T10:21:39.410+0000] {logging_mixin.py:190} INFO - Dag name:fetch_and_store_ebooks and current dag run status:running
[2025-01-26T10:21:39.424+0000] {taskinstance.py:731} INFO - ::endgroup::
[2025-01-26T10:21:39.448+0000] {sql.py:278} INFO - Executing: 
    CREATE TABLE IF NOT EXISTS public.ebooks (
        id SERIAL PRIMARY KEY,
        judul TEXT NOT NULL,
        penulis TEXT,
        link TEXT
    );
    
[2025-01-26T10:21:39.634+0000] {base.py:84} INFO - Retrieving connection 'ebooks_connection'
[2025-01-26T10:21:39.893+0000] {base.py:84} INFO - Retrieving connection 'ebooks_connection'
[2025-01-26T10:21:40.320+0000] {sql.py:553} INFO - Running statement: 
    CREATE TABLE IF NOT EXISTS public.ebooks (
        id SERIAL PRIMARY KEY,
        judul TEXT NOT NULL,
        penulis TEXT,
        link TEXT
    );
    , parameters: None
[2025-01-26T10:21:40.653+0000] {taskinstance.py:340} INFO - ::group::Post task execution logs
[2025-01-26T10:21:40.685+0000] {taskinstance.py:352} INFO - Marking task as SUCCESS. dag_id=fetch_and_store_ebooks, task_id=create_table, run_id=scheduled__2020-05-02T00:00:00+00:00, execution_date=20200502T000000, start_date=20250126T102134, end_date=20250126T102140
[2025-01-26T10:21:40.937+0000] {logging_mixin.py:190} INFO - Task instance in success state
[2025-01-26T10:21:40.950+0000] {logging_mixin.py:190} INFO -  Previous state of the Task instance: running
[2025-01-26T10:21:40.996+0000] {logging_mixin.py:190} INFO - Dag name:fetch_and_store_ebooks queued_at:2025-01-26 10:19:21.149694+00:00
[2025-01-26T10:21:41.028+0000] {logging_mixin.py:190} INFO - Task hostname:34edd304782d operator:PostgresOperator
[2025-01-26T10:21:41.307+0000] {local_task_job_runner.py:266} INFO - Task exited with return code 0
[2025-01-26T10:21:41.920+0000] {taskinstance.py:3895} INFO - 1 downstream tasks scheduled from follow-on schedule check
[2025-01-26T10:21:41.977+0000] {local_task_job_runner.py:245} INFO - ::endgroup::
