[2025-01-26T10:26:00.876+0000] {local_task_job_runner.py:123} INFO - ::group::Pre task execution logs
[2025-01-26T10:26:01.252+0000] {taskinstance.py:2613} INFO - Dependencies all met for dep_context=non-requeueable deps ti=<TaskInstance: fetch_and_store_ebooks.create_table scheduled__2020-05-13T00:00:00+00:00 [queued]>
[2025-01-26T10:26:01.420+0000] {taskinstance.py:2613} INFO - Dependencies all met for dep_context=requeueable deps ti=<TaskInstance: fetch_and_store_ebooks.create_table scheduled__2020-05-13T00:00:00+00:00 [queued]>
[2025-01-26T10:26:01.436+0000] {taskinstance.py:2866} INFO - Starting attempt 1 of 2
[2025-01-26T10:26:02.406+0000] {taskinstance.py:2889} INFO - Executing <Task(PostgresOperator): create_table> on 2020-05-13 00:00:00+00:00
[2025-01-26T10:26:02.593+0000] {standard_task_runner.py:104} INFO - Running: ['***', 'tasks', 'run', 'fetch_and_store_ebooks', 'create_table', 'scheduled__2020-05-13T00:00:00+00:00', '--job-id', '1542', '--raw', '--subdir', 'DAGS_FOLDER/app.py', '--cfg-path', '/tmp/tmpvurbdzel']
[2025-01-26T10:26:02.608+0000] {standard_task_runner.py:105} INFO - Job 1542: Subtask create_table
[2025-01-26T10:26:02.580+0000] {warnings.py:112} WARNING - /home/***/.local/lib/python3.12/site-packages/***/task/task_runner/standard_task_runner.py:70: DeprecationWarning: This process (pid=6814) is multi-threaded, use of fork() may lead to deadlocks in the child.
  pid = os.fork()

[2025-01-26T10:26:02.626+0000] {standard_task_runner.py:72} INFO - Started process 6869 to run task
[2025-01-26T10:26:03.252+0000] {task_command.py:467} INFO - Running <TaskInstance: fetch_and_store_ebooks.create_table scheduled__2020-05-13T00:00:00+00:00 [running]> on host 34edd304782d
[2025-01-26T10:26:05.821+0000] {taskinstance.py:3132} INFO - Exporting env vars: AIRFLOW_CTX_DAG_OWNER='***' AIRFLOW_CTX_DAG_ID='fetch_and_store_ebooks' AIRFLOW_CTX_TASK_ID='create_table' AIRFLOW_CTX_EXECUTION_DATE='2020-05-13T00:00:00+00:00' AIRFLOW_CTX_TRY_NUMBER='1' AIRFLOW_CTX_DAG_RUN_ID='scheduled__2020-05-13T00:00:00+00:00'
[2025-01-26T10:26:05.864+0000] {logging_mixin.py:190} INFO - Task instance is in running state
[2025-01-26T10:26:05.923+0000] {logging_mixin.py:190} INFO -  Previous state of the Task instance: queued
[2025-01-26T10:26:06.222+0000] {logging_mixin.py:190} INFO - Current task name:create_table state:running start_date:2025-01-26 10:26:01.262122+00:00
[2025-01-26T10:26:06.254+0000] {logging_mixin.py:190} INFO - Dag name:fetch_and_store_ebooks and current dag run status:running
[2025-01-26T10:26:06.290+0000] {taskinstance.py:731} INFO - ::endgroup::
[2025-01-26T10:26:06.740+0000] {sql.py:278} INFO - Executing: 
    CREATE TABLE IF NOT EXISTS public.ebooks (
        id SERIAL PRIMARY KEY,
        judul TEXT NOT NULL,
        penulis TEXT,
        link TEXT
    );
    
[2025-01-26T10:26:07.616+0000] {base.py:84} INFO - Retrieving connection 'ebooks_connection'
[2025-01-26T10:26:07.781+0000] {base.py:84} INFO - Retrieving connection 'ebooks_connection'
[2025-01-26T10:26:08.591+0000] {sql.py:553} INFO - Running statement: 
    CREATE TABLE IF NOT EXISTS public.ebooks (
        id SERIAL PRIMARY KEY,
        judul TEXT NOT NULL,
        penulis TEXT,
        link TEXT
    );
    , parameters: None
[2025-01-26T10:26:08.891+0000] {taskinstance.py:340} INFO - ::group::Post task execution logs
[2025-01-26T10:26:08.933+0000] {taskinstance.py:352} INFO - Marking task as SUCCESS. dag_id=fetch_and_store_ebooks, task_id=create_table, run_id=scheduled__2020-05-13T00:00:00+00:00, execution_date=20200513T000000, start_date=20250126T102601, end_date=20250126T102608
[2025-01-26T10:26:09.429+0000] {logging_mixin.py:190} INFO - Task instance in success state
[2025-01-26T10:26:09.447+0000] {logging_mixin.py:190} INFO -  Previous state of the Task instance: running
[2025-01-26T10:26:09.463+0000] {logging_mixin.py:190} INFO - Dag name:fetch_and_store_ebooks queued_at:2025-01-26 10:22:14.591898+00:00
[2025-01-26T10:26:09.479+0000] {logging_mixin.py:190} INFO - Task hostname:34edd304782d operator:PostgresOperator
[2025-01-26T10:26:10.190+0000] {local_task_job_runner.py:266} INFO - Task exited with return code 0
[2025-01-26T10:26:10.336+0000] {local_task_job_runner.py:245} INFO - ::endgroup::
