[2025-01-25T16:07:17.063+0000] {local_task_job_runner.py:123} INFO - ::group::Pre task execution logs
[2025-01-25T16:07:17.228+0000] {taskinstance.py:2613} INFO - Dependencies all met for dep_context=non-requeueable deps ti=<TaskInstance: fetch_and_store_ebooks.fetch_ebook_data scheduled__2025-01-12T00:00:00+00:00 [queued]>
[2025-01-25T16:07:17.279+0000] {taskinstance.py:2613} INFO - Dependencies all met for dep_context=requeueable deps ti=<TaskInstance: fetch_and_store_ebooks.fetch_ebook_data scheduled__2025-01-12T00:00:00+00:00 [queued]>
[2025-01-25T16:07:17.285+0000] {taskinstance.py:2866} INFO - Starting attempt 1 of 2
[2025-01-25T16:07:17.389+0000] {taskinstance.py:2889} INFO - Executing <Task(PythonOperator): fetch_ebook_data> on 2025-01-12 00:00:00+00:00
[2025-01-25T16:07:17.419+0000] {warnings.py:112} WARNING - /home/***/.local/lib/python3.12/site-packages/***/task/task_runner/standard_task_runner.py:70: DeprecationWarning: This process (pid=2951) is multi-threaded, use of fork() may lead to deadlocks in the child.
  pid = os.fork()

[2025-01-25T16:07:17.425+0000] {standard_task_runner.py:72} INFO - Started process 2965 to run task
[2025-01-25T16:07:17.429+0000] {standard_task_runner.py:104} INFO - Running: ['***', 'tasks', 'run', 'fetch_and_store_ebooks', 'fetch_ebook_data', 'scheduled__2025-01-12T00:00:00+00:00', '--job-id', '404', '--raw', '--subdir', 'DAGS_FOLDER/app.py', '--cfg-path', '/tmp/tmpdbvgutw0']
[2025-01-25T16:07:17.437+0000] {standard_task_runner.py:105} INFO - Job 404: Subtask fetch_ebook_data
[2025-01-25T16:07:18.596+0000] {task_command.py:467} INFO - Running <TaskInstance: fetch_and_store_ebooks.fetch_ebook_data scheduled__2025-01-12T00:00:00+00:00 [running]> on host 50ab235b552a
[2025-01-25T16:07:19.100+0000] {taskinstance.py:3132} INFO - Exporting env vars: AIRFLOW_CTX_DAG_OWNER='***' AIRFLOW_CTX_DAG_ID='fetch_and_store_ebooks' AIRFLOW_CTX_TASK_ID='fetch_ebook_data' AIRFLOW_CTX_EXECUTION_DATE='2025-01-12T00:00:00+00:00' AIRFLOW_CTX_TRY_NUMBER='1' AIRFLOW_CTX_DAG_RUN_ID='scheduled__2025-01-12T00:00:00+00:00'
[2025-01-25T16:07:19.112+0000] {logging_mixin.py:190} INFO - Task instance is in running state
[2025-01-25T16:07:19.117+0000] {logging_mixin.py:190} INFO -  Previous state of the Task instance: queued
[2025-01-25T16:07:19.124+0000] {logging_mixin.py:190} INFO - Current task name:fetch_ebook_data state:running start_date:2025-01-25 16:07:17.231904+00:00
[2025-01-25T16:07:19.128+0000] {logging_mixin.py:190} INFO - Dag name:fetch_and_store_ebooks and current dag run status:running
[2025-01-25T16:07:19.134+0000] {taskinstance.py:731} INFO - ::endgroup::
[2025-01-25T16:07:26.000+0000] {taskinstance.py:3311} ERROR - Task failed with exception
Traceback (most recent call last):
  File "/home/airflow/.local/lib/python3.12/site-packages/airflow/models/taskinstance.py", line 767, in _execute_task
    result = _execute_callable(context=context, **execute_callable_kwargs)
             ^^^^^^^^^^^^^^^^^^^^^^^^^^^^^^^^^^^^^^^^^^^^^^^^^^^^^^^^^^^^^
  File "/home/airflow/.local/lib/python3.12/site-packages/airflow/models/taskinstance.py", line 733, in _execute_callable
    return ExecutionCallableRunner(
           ^^^^^^^^^^^^^^^^^^^^^^^^
  File "/home/airflow/.local/lib/python3.12/site-packages/airflow/utils/operator_helpers.py", line 252, in run
    return self.func(*args, **kwargs)
           ^^^^^^^^^^^^^^^^^^^^^^^^^^
  File "/home/airflow/.local/lib/python3.12/site-packages/airflow/models/baseoperator.py", line 422, in wrapper
    return func(self, *args, **kwargs)
           ^^^^^^^^^^^^^^^^^^^^^^^^^^^
  File "/home/airflow/.local/lib/python3.12/site-packages/airflow/operators/python.py", line 238, in execute
    return_value = self.execute_callable()
                   ^^^^^^^^^^^^^^^^^^^^^^^
  File "/home/airflow/.local/lib/python3.12/site-packages/airflow/operators/python.py", line 256, in execute_callable
    return runner.run(*self.op_args, **self.op_kwargs)
           ^^^^^^^^^^^^^^^^^^^^^^^^^^^^^^^^^^^^^^^^^^^
  File "/home/airflow/.local/lib/python3.12/site-packages/airflow/utils/operator_helpers.py", line 252, in run
    return self.func(*args, **kwargs)
           ^^^^^^^^^^^^^^^^^^^^^^^^^^
  File "/opt/airflow/dags/app.py", line 42, in get_ebook_data
    df.drop_duplicates(subset="Title", inplace=True)
  File "/home/airflow/.local/lib/python3.12/site-packages/pandas/core/frame.py", line 6566, in drop_duplicates
    result = self[-self.duplicated(subset, keep=keep)]
                   ^^^^^^^^^^^^^^^^^^^^^^^^^^^^^^^^^^
  File "/home/airflow/.local/lib/python3.12/site-packages/pandas/core/frame.py", line 6698, in duplicated
    raise KeyError(Index(diff))
KeyError: Index(['Title'], dtype='object')
[2025-01-25T16:07:26.078+0000] {logging_mixin.py:190} INFO - Task instance in failure state
[2025-01-25T16:07:26.080+0000] {logging_mixin.py:190} INFO - Task start:2025-01-25 16:07:17.231904+00:00 end:2025-01-25 16:07:26.077503+00:00 duration:8.845599
[2025-01-25T16:07:26.082+0000] {logging_mixin.py:190} INFO - Task:<Task(PythonOperator): fetch_ebook_data> dag:<DAG: fetch_and_store_ebooks> dagrun:<DagRun fetch_and_store_ebooks @ 2025-01-12 00:00:00+00:00: scheduled__2025-01-12T00:00:00+00:00, state:running, queued_at: 2025-01-25 16:07:01.845227+00:00. externally triggered: False>
[2025-01-25T16:07:26.085+0000] {logging_mixin.py:190} INFO - Failure caused by Index(['Title'], dtype='object')
[2025-01-25T16:07:26.088+0000] {taskinstance.py:1225} INFO - Marking task as UP_FOR_RETRY. dag_id=fetch_and_store_ebooks, task_id=fetch_ebook_data, run_id=scheduled__2025-01-12T00:00:00+00:00, execution_date=20250112T000000, start_date=20250125T160717, end_date=20250125T160726
[2025-01-25T16:07:26.448+0000] {taskinstance.py:340} INFO - ::group::Post task execution logs
[2025-01-25T16:07:26.451+0000] {standard_task_runner.py:124} ERROR - Failed to execute job 404 for task fetch_ebook_data (Index(['Title'], dtype='object'); 2965)
Traceback (most recent call last):
  File "/home/airflow/.local/lib/python3.12/site-packages/airflow/task/task_runner/standard_task_runner.py", line 117, in _start_by_fork
    ret = args.func(args, dag=self.dag)
          ^^^^^^^^^^^^^^^^^^^^^^^^^^^^^
  File "/home/airflow/.local/lib/python3.12/site-packages/airflow/cli/cli_config.py", line 49, in command
    return func(*args, **kwargs)
           ^^^^^^^^^^^^^^^^^^^^^
  File "/home/airflow/.local/lib/python3.12/site-packages/airflow/utils/cli.py", line 116, in wrapper
    return f(*args, **kwargs)
           ^^^^^^^^^^^^^^^^^^
  File "/home/airflow/.local/lib/python3.12/site-packages/airflow/cli/commands/task_command.py", line 483, in task_run
    task_return_code = _run_task_by_selected_method(args, _dag, ti)
                       ^^^^^^^^^^^^^^^^^^^^^^^^^^^^^^^^^^^^^^^^^^^^
  File "/home/airflow/.local/lib/python3.12/site-packages/airflow/cli/commands/task_command.py", line 256, in _run_task_by_selected_method
    return _run_raw_task(args, ti)
           ^^^^^^^^^^^^^^^^^^^^^^^
  File "/home/airflow/.local/lib/python3.12/site-packages/airflow/cli/commands/task_command.py", line 341, in _run_raw_task
    return ti._run_raw_task(
           ^^^^^^^^^^^^^^^^^
  File "/home/airflow/.local/lib/python3.12/site-packages/airflow/utils/session.py", line 97, in wrapper
    return func(*args, session=session, **kwargs)
           ^^^^^^^^^^^^^^^^^^^^^^^^^^^^^^^^^^^^^^
  File "/home/airflow/.local/lib/python3.12/site-packages/airflow/models/taskinstance.py", line 3005, in _run_raw_task
    return _run_raw_task(
           ^^^^^^^^^^^^^^
  File "/home/airflow/.local/lib/python3.12/site-packages/airflow/models/taskinstance.py", line 273, in _run_raw_task
    TaskInstance._execute_task_with_callbacks(
  File "/home/airflow/.local/lib/python3.12/site-packages/airflow/models/taskinstance.py", line 3159, in _execute_task_with_callbacks
    result = self._execute_task(context, task_orig)
             ^^^^^^^^^^^^^^^^^^^^^^^^^^^^^^^^^^^^^^
  File "/home/airflow/.local/lib/python3.12/site-packages/airflow/models/taskinstance.py", line 3183, in _execute_task
    return _execute_task(self, context, task_orig)
           ^^^^^^^^^^^^^^^^^^^^^^^^^^^^^^^^^^^^^^^
  File "/home/airflow/.local/lib/python3.12/site-packages/airflow/models/taskinstance.py", line 767, in _execute_task
    result = _execute_callable(context=context, **execute_callable_kwargs)
             ^^^^^^^^^^^^^^^^^^^^^^^^^^^^^^^^^^^^^^^^^^^^^^^^^^^^^^^^^^^^^
  File "/home/airflow/.local/lib/python3.12/site-packages/airflow/models/taskinstance.py", line 733, in _execute_callable
    return ExecutionCallableRunner(
           ^^^^^^^^^^^^^^^^^^^^^^^^
  File "/home/airflow/.local/lib/python3.12/site-packages/airflow/utils/operator_helpers.py", line 252, in run
    return self.func(*args, **kwargs)
           ^^^^^^^^^^^^^^^^^^^^^^^^^^
  File "/home/airflow/.local/lib/python3.12/site-packages/airflow/models/baseoperator.py", line 422, in wrapper
    return func(self, *args, **kwargs)
           ^^^^^^^^^^^^^^^^^^^^^^^^^^^
  File "/home/airflow/.local/lib/python3.12/site-packages/airflow/operators/python.py", line 238, in execute
    return_value = self.execute_callable()
                   ^^^^^^^^^^^^^^^^^^^^^^^
  File "/home/airflow/.local/lib/python3.12/site-packages/airflow/operators/python.py", line 256, in execute_callable
    return runner.run(*self.op_args, **self.op_kwargs)
           ^^^^^^^^^^^^^^^^^^^^^^^^^^^^^^^^^^^^^^^^^^^
  File "/home/airflow/.local/lib/python3.12/site-packages/airflow/utils/operator_helpers.py", line 252, in run
    return self.func(*args, **kwargs)
           ^^^^^^^^^^^^^^^^^^^^^^^^^^
  File "/opt/airflow/dags/app.py", line 42, in get_ebook_data
    df.drop_duplicates(subset="Title", inplace=True)
  File "/home/airflow/.local/lib/python3.12/site-packages/pandas/core/frame.py", line 6566, in drop_duplicates
    result = self[-self.duplicated(subset, keep=keep)]
                   ^^^^^^^^^^^^^^^^^^^^^^^^^^^^^^^^^^
  File "/home/airflow/.local/lib/python3.12/site-packages/pandas/core/frame.py", line 6698, in duplicated
    raise KeyError(Index(diff))
KeyError: Index(['Title'], dtype='object')
[2025-01-25T16:07:26.563+0000] {local_task_job_runner.py:266} INFO - Task exited with return code 1
[2025-01-25T16:07:27.039+0000] {local_task_job_runner.py:245} INFO - ::endgroup::
[2025-01-25T17:02:53.180+0000] {local_task_job_runner.py:123} INFO - ::group::Pre task execution logs
[2025-01-25T17:02:53.313+0000] {taskinstance.py:2613} INFO - Dependencies all met for dep_context=non-requeueable deps ti=<TaskInstance: fetch_and_store_ebooks.fetch_ebook_data scheduled__2025-01-12T00:00:00+00:00 [queued]>
[2025-01-25T17:02:53.363+0000] {taskinstance.py:2613} INFO - Dependencies all met for dep_context=requeueable deps ti=<TaskInstance: fetch_and_store_ebooks.fetch_ebook_data scheduled__2025-01-12T00:00:00+00:00 [queued]>
[2025-01-25T17:02:53.365+0000] {taskinstance.py:2866} INFO - Starting attempt 1 of 2
[2025-01-25T17:02:53.524+0000] {taskinstance.py:2889} INFO - Executing <Task(PythonOperator): fetch_ebook_data> on 2025-01-12 00:00:00+00:00
[2025-01-25T17:02:53.554+0000] {warnings.py:112} WARNING - /home/***/.local/lib/python3.12/site-packages/***/task/task_runner/standard_task_runner.py:70: DeprecationWarning: This process (pid=3713) is multi-threaded, use of fork() may lead to deadlocks in the child.
  pid = os.fork()

[2025-01-25T17:02:53.561+0000] {standard_task_runner.py:72} INFO - Started process 3755 to run task
[2025-01-25T17:02:53.573+0000] {standard_task_runner.py:104} INFO - Running: ['***', 'tasks', 'run', 'fetch_and_store_ebooks', 'fetch_ebook_data', 'scheduled__2025-01-12T00:00:00+00:00', '--job-id', '454', '--raw', '--subdir', 'DAGS_FOLDER/app.py', '--cfg-path', '/tmp/tmpa3xy99ax']
[2025-01-25T17:02:53.611+0000] {standard_task_runner.py:105} INFO - Job 454: Subtask fetch_ebook_data
[2025-01-25T17:02:55.828+0000] {task_command.py:467} INFO - Running <TaskInstance: fetch_and_store_ebooks.fetch_ebook_data scheduled__2025-01-12T00:00:00+00:00 [running]> on host 50ab235b552a
[2025-01-25T17:02:56.699+0000] {taskinstance.py:3132} INFO - Exporting env vars: AIRFLOW_CTX_DAG_OWNER='***' AIRFLOW_CTX_DAG_ID='fetch_and_store_ebooks' AIRFLOW_CTX_TASK_ID='fetch_ebook_data' AIRFLOW_CTX_EXECUTION_DATE='2025-01-12T00:00:00+00:00' AIRFLOW_CTX_TRY_NUMBER='1' AIRFLOW_CTX_DAG_RUN_ID='scheduled__2025-01-12T00:00:00+00:00'
[2025-01-25T17:02:56.711+0000] {logging_mixin.py:190} INFO - Task instance is in running state
[2025-01-25T17:02:56.715+0000] {logging_mixin.py:190} INFO -  Previous state of the Task instance: queued
[2025-01-25T17:02:56.721+0000] {logging_mixin.py:190} INFO - Current task name:fetch_ebook_data state:running start_date:2025-01-25 17:02:53.320100+00:00
[2025-01-25T17:02:56.725+0000] {logging_mixin.py:190} INFO - Dag name:fetch_and_store_ebooks and current dag run status:running
[2025-01-25T17:02:56.728+0000] {taskinstance.py:731} INFO - ::endgroup::
[2025-01-25T17:03:17.266+0000] {python.py:240} INFO - Done. Returned value was: None
[2025-01-25T17:03:17.332+0000] {taskinstance.py:340} INFO - ::group::Post task execution logs
[2025-01-25T17:03:17.335+0000] {taskinstance.py:352} INFO - Marking task as SUCCESS. dag_id=fetch_and_store_ebooks, task_id=fetch_ebook_data, run_id=scheduled__2025-01-12T00:00:00+00:00, execution_date=20250112T000000, start_date=20250125T170253, end_date=20250125T170317
[2025-01-25T17:03:17.396+0000] {logging_mixin.py:190} INFO - Task instance in success state
[2025-01-25T17:03:17.402+0000] {logging_mixin.py:190} INFO -  Previous state of the Task instance: running
[2025-01-25T17:03:17.407+0000] {logging_mixin.py:190} INFO - Dag name:fetch_and_store_ebooks queued_at:2025-01-25 17:02:07.885961+00:00
[2025-01-25T17:03:17.409+0000] {logging_mixin.py:190} INFO - Task hostname:50ab235b552a operator:PythonOperator
[2025-01-25T17:03:17.483+0000] {local_task_job_runner.py:266} INFO - Task exited with return code 0
[2025-01-25T17:03:17.612+0000] {local_task_job_runner.py:245} INFO - ::endgroup::
[2025-01-26T06:34:16.215+0000] {local_task_job_runner.py:123} INFO - ::group::Pre task execution logs
[2025-01-26T06:34:16.378+0000] {taskinstance.py:2613} INFO - Dependencies all met for dep_context=non-requeueable deps ti=<TaskInstance: fetch_and_store_ebooks.fetch_ebook_data scheduled__2025-01-12T00:00:00+00:00 [queued]>
[2025-01-26T06:34:16.455+0000] {taskinstance.py:2613} INFO - Dependencies all met for dep_context=requeueable deps ti=<TaskInstance: fetch_and_store_ebooks.fetch_ebook_data scheduled__2025-01-12T00:00:00+00:00 [queued]>
[2025-01-26T06:34:16.464+0000] {taskinstance.py:2866} INFO - Starting attempt 1 of 2
[2025-01-26T06:34:18.064+0000] {taskinstance.py:2889} INFO - Executing <Task(PythonOperator): fetch_ebook_data> on 2025-01-12 00:00:00+00:00
[2025-01-26T06:34:18.093+0000] {warnings.py:112} WARNING - /home/***/.local/lib/python3.12/site-packages/***/task/task_runner/standard_task_runner.py:70: DeprecationWarning: This process (pid=390) is multi-threaded, use of fork() may lead to deadlocks in the child.
  pid = os.fork()

[2025-01-26T06:34:18.124+0000] {standard_task_runner.py:72} INFO - Started process 435 to run task
[2025-01-26T06:34:18.152+0000] {standard_task_runner.py:104} INFO - Running: ['***', 'tasks', 'run', 'fetch_and_store_ebooks', 'fetch_ebook_data', 'scheduled__2025-01-12T00:00:00+00:00', '--job-id', '546', '--raw', '--subdir', 'DAGS_FOLDER/app.py', '--cfg-path', '/tmp/tmp7fgpgn6s']
[2025-01-26T06:34:18.158+0000] {standard_task_runner.py:105} INFO - Job 546: Subtask fetch_ebook_data
[2025-01-26T06:34:18.485+0000] {task_command.py:467} INFO - Running <TaskInstance: fetch_and_store_ebooks.fetch_ebook_data scheduled__2025-01-12T00:00:00+00:00 [running]> on host 34edd304782d
[2025-01-26T06:34:19.502+0000] {taskinstance.py:3132} INFO - Exporting env vars: AIRFLOW_CTX_DAG_OWNER='***' AIRFLOW_CTX_DAG_ID='fetch_and_store_ebooks' AIRFLOW_CTX_TASK_ID='fetch_ebook_data' AIRFLOW_CTX_EXECUTION_DATE='2025-01-12T00:00:00+00:00' AIRFLOW_CTX_TRY_NUMBER='1' AIRFLOW_CTX_DAG_RUN_ID='scheduled__2025-01-12T00:00:00+00:00'
[2025-01-26T06:34:19.512+0000] {logging_mixin.py:190} INFO - Task instance is in running state
[2025-01-26T06:34:19.519+0000] {logging_mixin.py:190} INFO -  Previous state of the Task instance: queued
[2025-01-26T06:34:19.538+0000] {logging_mixin.py:190} INFO - Current task name:fetch_ebook_data state:running start_date:2025-01-26 06:34:16.381673+00:00
[2025-01-26T06:34:19.543+0000] {logging_mixin.py:190} INFO - Dag name:fetch_and_store_ebooks and current dag run status:running
[2025-01-26T06:34:19.552+0000] {taskinstance.py:731} INFO - ::endgroup::
[2025-01-26T06:34:32.430+0000] {python.py:240} INFO - Done. Returned value was: None
[2025-01-26T06:34:32.488+0000] {taskinstance.py:340} INFO - ::group::Post task execution logs
[2025-01-26T06:34:32.505+0000] {taskinstance.py:352} INFO - Marking task as SUCCESS. dag_id=fetch_and_store_ebooks, task_id=fetch_ebook_data, run_id=scheduled__2025-01-12T00:00:00+00:00, execution_date=20250112T000000, start_date=20250126T063416, end_date=20250126T063432
[2025-01-26T06:34:33.167+0000] {logging_mixin.py:190} INFO - Task instance in success state
[2025-01-26T06:34:33.169+0000] {logging_mixin.py:190} INFO -  Previous state of the Task instance: running
[2025-01-26T06:34:33.172+0000] {logging_mixin.py:190} INFO - Dag name:fetch_and_store_ebooks queued_at:2025-01-26 06:33:35.785346+00:00
[2025-01-26T06:34:33.174+0000] {logging_mixin.py:190} INFO - Task hostname:34edd304782d operator:PythonOperator
[2025-01-26T06:34:33.225+0000] {local_task_job_runner.py:266} INFO - Task exited with return code 0
[2025-01-26T06:34:33.365+0000] {taskinstance.py:3895} INFO - 1 downstream tasks scheduled from follow-on schedule check
[2025-01-26T06:34:33.377+0000] {local_task_job_runner.py:245} INFO - ::endgroup::
[2025-01-26T07:22:10.073+0000] {local_task_job_runner.py:123} INFO - ::group::Pre task execution logs
[2025-01-26T07:22:10.288+0000] {taskinstance.py:2613} INFO - Dependencies all met for dep_context=non-requeueable deps ti=<TaskInstance: fetch_and_store_ebooks.fetch_ebook_data scheduled__2025-01-12T00:00:00+00:00 [queued]>
[2025-01-26T07:22:10.500+0000] {taskinstance.py:2613} INFO - Dependencies all met for dep_context=requeueable deps ti=<TaskInstance: fetch_and_store_ebooks.fetch_ebook_data scheduled__2025-01-12T00:00:00+00:00 [queued]>
[2025-01-26T07:22:10.510+0000] {taskinstance.py:2866} INFO - Starting attempt 1 of 2
[2025-01-26T07:22:11.677+0000] {taskinstance.py:2889} INFO - Executing <Task(PythonOperator): fetch_ebook_data> on 2025-01-12 00:00:00+00:00
[2025-01-26T07:22:11.715+0000] {warnings.py:112} WARNING - /home/***/.local/lib/python3.12/site-packages/***/task/task_runner/standard_task_runner.py:70: DeprecationWarning: This process (pid=1233) is multi-threaded, use of fork() may lead to deadlocks in the child.
  pid = os.fork()

[2025-01-26T07:22:11.740+0000] {standard_task_runner.py:72} INFO - Started process 1270 to run task
[2025-01-26T07:22:11.805+0000] {standard_task_runner.py:104} INFO - Running: ['***', 'tasks', 'run', 'fetch_and_store_ebooks', 'fetch_ebook_data', 'scheduled__2025-01-12T00:00:00+00:00', '--job-id', '628', '--raw', '--subdir', 'DAGS_FOLDER/app.py', '--cfg-path', '/tmp/tmpz7m3y7nk']
[2025-01-26T07:22:11.811+0000] {standard_task_runner.py:105} INFO - Job 628: Subtask fetch_ebook_data
[2025-01-26T07:22:12.413+0000] {task_command.py:467} INFO - Running <TaskInstance: fetch_and_store_ebooks.fetch_ebook_data scheduled__2025-01-12T00:00:00+00:00 [running]> on host 34edd304782d
[2025-01-26T07:22:13.503+0000] {taskinstance.py:3132} INFO - Exporting env vars: AIRFLOW_CTX_DAG_OWNER='***' AIRFLOW_CTX_DAG_ID='fetch_and_store_ebooks' AIRFLOW_CTX_TASK_ID='fetch_ebook_data' AIRFLOW_CTX_EXECUTION_DATE='2025-01-12T00:00:00+00:00' AIRFLOW_CTX_TRY_NUMBER='1' AIRFLOW_CTX_DAG_RUN_ID='scheduled__2025-01-12T00:00:00+00:00'
[2025-01-26T07:22:13.508+0000] {logging_mixin.py:190} INFO - Task instance is in running state
[2025-01-26T07:22:13.514+0000] {logging_mixin.py:190} INFO -  Previous state of the Task instance: queued
[2025-01-26T07:22:13.516+0000] {logging_mixin.py:190} INFO - Current task name:fetch_ebook_data state:running start_date:2025-01-26 07:22:10.302394+00:00
[2025-01-26T07:22:13.517+0000] {logging_mixin.py:190} INFO - Dag name:fetch_and_store_ebooks and current dag run status:running
[2025-01-26T07:22:13.522+0000] {taskinstance.py:731} INFO - ::endgroup::
[2025-01-26T07:22:22.171+0000] {python.py:240} INFO - Done. Returned value was: None
[2025-01-26T07:22:22.244+0000] {taskinstance.py:340} INFO - ::group::Post task execution logs
[2025-01-26T07:22:22.270+0000] {taskinstance.py:352} INFO - Marking task as SUCCESS. dag_id=fetch_and_store_ebooks, task_id=fetch_ebook_data, run_id=scheduled__2025-01-12T00:00:00+00:00, execution_date=20250112T000000, start_date=20250126T072210, end_date=20250126T072222
[2025-01-26T07:22:22.379+0000] {logging_mixin.py:190} INFO - Task instance in success state
[2025-01-26T07:22:22.386+0000] {logging_mixin.py:190} INFO -  Previous state of the Task instance: running
[2025-01-26T07:22:22.389+0000] {logging_mixin.py:190} INFO - Dag name:fetch_and_store_ebooks queued_at:2025-01-26 07:21:35.768446+00:00
[2025-01-26T07:22:22.399+0000] {logging_mixin.py:190} INFO - Task hostname:34edd304782d operator:PythonOperator
[2025-01-26T07:22:22.645+0000] {local_task_job_runner.py:266} INFO - Task exited with return code 0
[2025-01-26T07:22:22.726+0000] {local_task_job_runner.py:245} INFO - ::endgroup::
[2025-01-26T07:47:33.812+0000] {local_task_job_runner.py:123} INFO - ::group::Pre task execution logs
[2025-01-26T07:47:34.041+0000] {taskinstance.py:2613} INFO - Dependencies all met for dep_context=non-requeueable deps ti=<TaskInstance: fetch_and_store_ebooks.fetch_ebook_data scheduled__2025-01-12T00:00:00+00:00 [queued]>
[2025-01-26T07:47:34.132+0000] {taskinstance.py:2613} INFO - Dependencies all met for dep_context=requeueable deps ti=<TaskInstance: fetch_and_store_ebooks.fetch_ebook_data scheduled__2025-01-12T00:00:00+00:00 [queued]>
[2025-01-26T07:47:34.138+0000] {taskinstance.py:2866} INFO - Starting attempt 1 of 2
[2025-01-26T07:47:34.938+0000] {taskinstance.py:2889} INFO - Executing <Task(PythonOperator): fetch_ebook_data> on 2025-01-12 00:00:00+00:00
[2025-01-26T07:47:34.978+0000] {warnings.py:112} WARNING - /home/***/.local/lib/python3.12/site-packages/***/task/task_runner/standard_task_runner.py:70: DeprecationWarning: This process (pid=1899) is multi-threaded, use of fork() may lead to deadlocks in the child.
  pid = os.fork()

[2025-01-26T07:47:34.995+0000] {standard_task_runner.py:72} INFO - Started process 1944 to run task
[2025-01-26T07:47:35.022+0000] {standard_task_runner.py:104} INFO - Running: ['***', 'tasks', 'run', 'fetch_and_store_ebooks', 'fetch_ebook_data', 'scheduled__2025-01-12T00:00:00+00:00', '--job-id', '723', '--raw', '--subdir', 'DAGS_FOLDER/app.py', '--cfg-path', '/tmp/tmpveq_li_5']
[2025-01-26T07:47:35.034+0000] {standard_task_runner.py:105} INFO - Job 723: Subtask fetch_ebook_data
[2025-01-26T07:47:35.454+0000] {task_command.py:467} INFO - Running <TaskInstance: fetch_and_store_ebooks.fetch_ebook_data scheduled__2025-01-12T00:00:00+00:00 [running]> on host 34edd304782d
[2025-01-26T07:47:36.590+0000] {taskinstance.py:3132} INFO - Exporting env vars: AIRFLOW_CTX_DAG_OWNER='***' AIRFLOW_CTX_DAG_ID='fetch_and_store_ebooks' AIRFLOW_CTX_TASK_ID='fetch_ebook_data' AIRFLOW_CTX_EXECUTION_DATE='2025-01-12T00:00:00+00:00' AIRFLOW_CTX_TRY_NUMBER='1' AIRFLOW_CTX_DAG_RUN_ID='scheduled__2025-01-12T00:00:00+00:00'
[2025-01-26T07:47:36.598+0000] {logging_mixin.py:190} INFO - Task instance is in running state
[2025-01-26T07:47:36.600+0000] {logging_mixin.py:190} INFO -  Previous state of the Task instance: queued
[2025-01-26T07:47:36.602+0000] {logging_mixin.py:190} INFO - Current task name:fetch_ebook_data state:running start_date:2025-01-26 07:47:34.045120+00:00
[2025-01-26T07:47:36.604+0000] {logging_mixin.py:190} INFO - Dag name:fetch_and_store_ebooks and current dag run status:running
[2025-01-26T07:47:36.607+0000] {taskinstance.py:731} INFO - ::endgroup::
[2025-01-26T07:47:43.613+0000] {python.py:240} INFO - Done. Returned value was: None
[2025-01-26T07:47:43.702+0000] {taskinstance.py:340} INFO - ::group::Post task execution logs
[2025-01-26T07:47:43.704+0000] {taskinstance.py:352} INFO - Marking task as SUCCESS. dag_id=fetch_and_store_ebooks, task_id=fetch_ebook_data, run_id=scheduled__2025-01-12T00:00:00+00:00, execution_date=20250112T000000, start_date=20250126T074734, end_date=20250126T074743
[2025-01-26T07:47:43.833+0000] {logging_mixin.py:190} INFO - Task instance in success state
[2025-01-26T07:47:43.846+0000] {logging_mixin.py:190} INFO -  Previous state of the Task instance: running
[2025-01-26T07:47:43.850+0000] {logging_mixin.py:190} INFO - Dag name:fetch_and_store_ebooks queued_at:2025-01-26 07:46:57.036676+00:00
[2025-01-26T07:47:43.857+0000] {logging_mixin.py:190} INFO - Task hostname:34edd304782d operator:PythonOperator
[2025-01-26T07:47:43.937+0000] {local_task_job_runner.py:266} INFO - Task exited with return code 0
[2025-01-26T07:47:44.145+0000] {taskinstance.py:3895} INFO - 1 downstream tasks scheduled from follow-on schedule check
[2025-01-26T07:47:44.162+0000] {local_task_job_runner.py:245} INFO - ::endgroup::
[2025-01-26T08:51:35.660+0000] {local_task_job_runner.py:123} INFO - ::group::Pre task execution logs
[2025-01-26T08:51:35.928+0000] {taskinstance.py:2613} INFO - Dependencies all met for dep_context=non-requeueable deps ti=<TaskInstance: fetch_and_store_ebooks.fetch_ebook_data scheduled__2025-01-12T00:00:00+00:00 [queued]>
[2025-01-26T08:51:35.968+0000] {taskinstance.py:2613} INFO - Dependencies all met for dep_context=requeueable deps ti=<TaskInstance: fetch_and_store_ebooks.fetch_ebook_data scheduled__2025-01-12T00:00:00+00:00 [queued]>
[2025-01-26T08:51:35.970+0000] {taskinstance.py:2866} INFO - Starting attempt 1 of 2
[2025-01-26T08:51:36.078+0000] {taskinstance.py:2889} INFO - Executing <Task(PythonOperator): fetch_ebook_data> on 2025-01-12 00:00:00+00:00
[2025-01-26T08:51:36.139+0000] {warnings.py:112} WARNING - /home/***/.local/lib/python3.12/site-packages/***/task/task_runner/standard_task_runner.py:70: DeprecationWarning: This process (pid=3207) is multi-threaded, use of fork() may lead to deadlocks in the child.
  pid = os.fork()

[2025-01-26T08:51:36.170+0000] {standard_task_runner.py:72} INFO - Started process 3250 to run task
[2025-01-26T08:51:36.255+0000] {standard_task_runner.py:104} INFO - Running: ['***', 'tasks', 'run', 'fetch_and_store_ebooks', 'fetch_ebook_data', 'scheduled__2025-01-12T00:00:00+00:00', '--job-id', '882', '--raw', '--subdir', 'DAGS_FOLDER/app.py', '--cfg-path', '/tmp/tmpc6zcudfq']
[2025-01-26T08:51:36.295+0000] {standard_task_runner.py:105} INFO - Job 882: Subtask fetch_ebook_data
[2025-01-26T08:51:37.355+0000] {task_command.py:467} INFO - Running <TaskInstance: fetch_and_store_ebooks.fetch_ebook_data scheduled__2025-01-12T00:00:00+00:00 [running]> on host 34edd304782d
[2025-01-26T08:51:38.450+0000] {taskinstance.py:3132} INFO - Exporting env vars: AIRFLOW_CTX_DAG_OWNER='***' AIRFLOW_CTX_DAG_ID='fetch_and_store_ebooks' AIRFLOW_CTX_TASK_ID='fetch_ebook_data' AIRFLOW_CTX_EXECUTION_DATE='2025-01-12T00:00:00+00:00' AIRFLOW_CTX_TRY_NUMBER='1' AIRFLOW_CTX_DAG_RUN_ID='scheduled__2025-01-12T00:00:00+00:00'
[2025-01-26T08:51:38.482+0000] {logging_mixin.py:190} INFO - Task instance is in running state
[2025-01-26T08:51:38.499+0000] {logging_mixin.py:190} INFO -  Previous state of the Task instance: queued
[2025-01-26T08:51:38.529+0000] {logging_mixin.py:190} INFO - Current task name:fetch_ebook_data state:running start_date:2025-01-26 08:51:35.930459+00:00
[2025-01-26T08:51:38.552+0000] {logging_mixin.py:190} INFO - Dag name:fetch_and_store_ebooks and current dag run status:running
[2025-01-26T08:51:38.554+0000] {taskinstance.py:731} INFO - ::endgroup::
[2025-01-26T08:51:49.575+0000] {python.py:240} INFO - Done. Returned value was: None
[2025-01-26T08:51:49.807+0000] {taskinstance.py:340} INFO - ::group::Post task execution logs
[2025-01-26T08:51:49.819+0000] {taskinstance.py:352} INFO - Marking task as SUCCESS. dag_id=fetch_and_store_ebooks, task_id=fetch_ebook_data, run_id=scheduled__2025-01-12T00:00:00+00:00, execution_date=20250112T000000, start_date=20250126T085135, end_date=20250126T085149
[2025-01-26T08:51:50.024+0000] {logging_mixin.py:190} INFO - Task instance in success state
[2025-01-26T08:51:50.039+0000] {logging_mixin.py:190} INFO -  Previous state of the Task instance: running
[2025-01-26T08:51:50.043+0000] {logging_mixin.py:190} INFO - Dag name:fetch_and_store_ebooks queued_at:2025-01-26 08:50:59.026295+00:00
[2025-01-26T08:51:50.047+0000] {logging_mixin.py:190} INFO - Task hostname:34edd304782d operator:PythonOperator
[2025-01-26T08:51:50.227+0000] {local_task_job_runner.py:266} INFO - Task exited with return code 0
[2025-01-26T08:51:50.386+0000] {local_task_job_runner.py:245} INFO - ::endgroup::
[2025-01-26T08:58:36.017+0000] {local_task_job_runner.py:123} INFO - ::group::Pre task execution logs
[2025-01-26T08:58:36.250+0000] {taskinstance.py:2613} INFO - Dependencies all met for dep_context=non-requeueable deps ti=<TaskInstance: fetch_and_store_ebooks.fetch_ebook_data scheduled__2025-01-12T00:00:00+00:00 [queued]>
[2025-01-26T08:58:36.385+0000] {taskinstance.py:2613} INFO - Dependencies all met for dep_context=requeueable deps ti=<TaskInstance: fetch_and_store_ebooks.fetch_ebook_data scheduled__2025-01-12T00:00:00+00:00 [queued]>
[2025-01-26T08:58:36.395+0000] {taskinstance.py:2866} INFO - Starting attempt 1 of 2
[2025-01-26T08:58:37.446+0000] {taskinstance.py:2889} INFO - Executing <Task(PythonOperator): fetch_ebook_data> on 2025-01-12 00:00:00+00:00
[2025-01-26T08:58:37.676+0000] {warnings.py:112} WARNING - /home/***/.local/lib/python3.12/site-packages/***/task/task_runner/standard_task_runner.py:70: DeprecationWarning: This process (pid=3407) is multi-threaded, use of fork() may lead to deadlocks in the child.
  pid = os.fork()

[2025-01-26T08:58:37.705+0000] {standard_task_runner.py:72} INFO - Started process 3457 to run task
[2025-01-26T08:58:37.957+0000] {standard_task_runner.py:104} INFO - Running: ['***', 'tasks', 'run', 'fetch_and_store_ebooks', 'fetch_ebook_data', 'scheduled__2025-01-12T00:00:00+00:00', '--job-id', '914', '--raw', '--subdir', 'DAGS_FOLDER/app.py', '--cfg-path', '/tmp/tmpeg1gvvur']
[2025-01-26T08:58:38.015+0000] {standard_task_runner.py:105} INFO - Job 914: Subtask fetch_ebook_data
[2025-01-26T08:58:39.001+0000] {task_command.py:467} INFO - Running <TaskInstance: fetch_and_store_ebooks.fetch_ebook_data scheduled__2025-01-12T00:00:00+00:00 [running]> on host 34edd304782d
[2025-01-26T08:58:42.508+0000] {taskinstance.py:3132} INFO - Exporting env vars: AIRFLOW_CTX_DAG_OWNER='***' AIRFLOW_CTX_DAG_ID='fetch_and_store_ebooks' AIRFLOW_CTX_TASK_ID='fetch_ebook_data' AIRFLOW_CTX_EXECUTION_DATE='2025-01-12T00:00:00+00:00' AIRFLOW_CTX_TRY_NUMBER='1' AIRFLOW_CTX_DAG_RUN_ID='scheduled__2025-01-12T00:00:00+00:00'
[2025-01-26T08:58:42.556+0000] {logging_mixin.py:190} INFO - Task instance is in running state
[2025-01-26T08:58:42.562+0000] {logging_mixin.py:190} INFO -  Previous state of the Task instance: queued
[2025-01-26T08:58:42.564+0000] {logging_mixin.py:190} INFO - Current task name:fetch_ebook_data state:running start_date:2025-01-26 08:58:36.262843+00:00
[2025-01-26T08:58:42.595+0000] {logging_mixin.py:190} INFO - Dag name:fetch_and_store_ebooks and current dag run status:running
[2025-01-26T08:58:42.598+0000] {taskinstance.py:731} INFO - ::endgroup::
[2025-01-26T08:58:53.092+0000] {python.py:240} INFO - Done. Returned value was: None
[2025-01-26T08:58:53.160+0000] {taskinstance.py:340} INFO - ::group::Post task execution logs
[2025-01-26T08:58:53.165+0000] {taskinstance.py:352} INFO - Marking task as SUCCESS. dag_id=fetch_and_store_ebooks, task_id=fetch_ebook_data, run_id=scheduled__2025-01-12T00:00:00+00:00, execution_date=20250112T000000, start_date=20250126T085836, end_date=20250126T085853
[2025-01-26T08:58:53.215+0000] {logging_mixin.py:190} INFO - Task instance in success state
[2025-01-26T08:58:53.223+0000] {logging_mixin.py:190} INFO -  Previous state of the Task instance: running
[2025-01-26T08:58:53.228+0000] {logging_mixin.py:190} INFO - Dag name:fetch_and_store_ebooks queued_at:2025-01-26 08:57:52.387579+00:00
[2025-01-26T08:58:53.230+0000] {logging_mixin.py:190} INFO - Task hostname:34edd304782d operator:PythonOperator
[2025-01-26T08:58:53.381+0000] {local_task_job_runner.py:266} INFO - Task exited with return code 0
[2025-01-26T08:58:53.508+0000] {taskinstance.py:3895} INFO - 1 downstream tasks scheduled from follow-on schedule check
[2025-01-26T08:58:53.521+0000] {local_task_job_runner.py:245} INFO - ::endgroup::
[2025-01-26T09:05:45.688+0000] {local_task_job_runner.py:123} INFO - ::group::Pre task execution logs
[2025-01-26T09:05:45.915+0000] {taskinstance.py:2613} INFO - Dependencies all met for dep_context=non-requeueable deps ti=<TaskInstance: fetch_and_store_ebooks.fetch_ebook_data scheduled__2025-01-12T00:00:00+00:00 [queued]>
[2025-01-26T09:05:45.998+0000] {taskinstance.py:2613} INFO - Dependencies all met for dep_context=requeueable deps ti=<TaskInstance: fetch_and_store_ebooks.fetch_ebook_data scheduled__2025-01-12T00:00:00+00:00 [queued]>
[2025-01-26T09:05:46.004+0000] {taskinstance.py:2866} INFO - Starting attempt 1 of 2
[2025-01-26T09:05:46.253+0000] {taskinstance.py:2889} INFO - Executing <Task(PythonOperator): fetch_ebook_data> on 2025-01-12 00:00:00+00:00
[2025-01-26T09:05:46.377+0000] {warnings.py:112} WARNING - /home/***/.local/lib/python3.12/site-packages/***/task/task_runner/standard_task_runner.py:70: DeprecationWarning: This process (pid=3614) is multi-threaded, use of fork() may lead to deadlocks in the child.
  pid = os.fork()

[2025-01-26T09:05:46.398+0000] {standard_task_runner.py:72} INFO - Started process 3667 to run task
[2025-01-26T09:05:46.367+0000] {standard_task_runner.py:104} INFO - Running: ['***', 'tasks', 'run', 'fetch_and_store_ebooks', 'fetch_ebook_data', 'scheduled__2025-01-12T00:00:00+00:00', '--job-id', '946', '--raw', '--subdir', 'DAGS_FOLDER/app.py', '--cfg-path', '/tmp/tmpgscrp7zr']
[2025-01-26T09:05:46.424+0000] {standard_task_runner.py:105} INFO - Job 946: Subtask fetch_ebook_data
[2025-01-26T09:05:46.957+0000] {task_command.py:467} INFO - Running <TaskInstance: fetch_and_store_ebooks.fetch_ebook_data scheduled__2025-01-12T00:00:00+00:00 [running]> on host 34edd304782d
[2025-01-26T09:05:48.746+0000] {taskinstance.py:3132} INFO - Exporting env vars: AIRFLOW_CTX_DAG_OWNER='***' AIRFLOW_CTX_DAG_ID='fetch_and_store_ebooks' AIRFLOW_CTX_TASK_ID='fetch_ebook_data' AIRFLOW_CTX_EXECUTION_DATE='2025-01-12T00:00:00+00:00' AIRFLOW_CTX_TRY_NUMBER='1' AIRFLOW_CTX_DAG_RUN_ID='scheduled__2025-01-12T00:00:00+00:00'
[2025-01-26T09:05:48.771+0000] {logging_mixin.py:190} INFO - Task instance is in running state
[2025-01-26T09:05:48.780+0000] {logging_mixin.py:190} INFO -  Previous state of the Task instance: queued
[2025-01-26T09:05:48.783+0000] {logging_mixin.py:190} INFO - Current task name:fetch_ebook_data state:running start_date:2025-01-26 09:05:45.934314+00:00
[2025-01-26T09:05:48.794+0000] {logging_mixin.py:190} INFO - Dag name:fetch_and_store_ebooks and current dag run status:running
[2025-01-26T09:05:48.804+0000] {taskinstance.py:731} INFO - ::endgroup::
[2025-01-26T09:05:56.644+0000] {python.py:240} INFO - Done. Returned value was: None
[2025-01-26T09:05:56.809+0000] {taskinstance.py:340} INFO - ::group::Post task execution logs
[2025-01-26T09:05:56.816+0000] {taskinstance.py:352} INFO - Marking task as SUCCESS. dag_id=fetch_and_store_ebooks, task_id=fetch_ebook_data, run_id=scheduled__2025-01-12T00:00:00+00:00, execution_date=20250112T000000, start_date=20250126T090545, end_date=20250126T090556
[2025-01-26T09:05:57.511+0000] {logging_mixin.py:190} INFO - Task instance in success state
[2025-01-26T09:05:57.525+0000] {logging_mixin.py:190} INFO -  Previous state of the Task instance: running
[2025-01-26T09:05:57.534+0000] {logging_mixin.py:190} INFO - Dag name:fetch_and_store_ebooks queued_at:2025-01-26 09:05:00.276058+00:00
[2025-01-26T09:05:57.560+0000] {logging_mixin.py:190} INFO - Task hostname:34edd304782d operator:PythonOperator
[2025-01-26T09:05:57.849+0000] {local_task_job_runner.py:266} INFO - Task exited with return code 0
[2025-01-26T09:05:58.206+0000] {taskinstance.py:3895} INFO - 1 downstream tasks scheduled from follow-on schedule check
[2025-01-26T09:05:58.234+0000] {local_task_job_runner.py:245} INFO - ::endgroup::
[2025-01-26T09:16:23.030+0000] {local_task_job_runner.py:123} INFO - ::group::Pre task execution logs
[2025-01-26T09:16:23.583+0000] {taskinstance.py:2613} INFO - Dependencies all met for dep_context=non-requeueable deps ti=<TaskInstance: fetch_and_store_ebooks.fetch_ebook_data scheduled__2025-01-12T00:00:00+00:00 [queued]>
[2025-01-26T09:16:23.836+0000] {taskinstance.py:2613} INFO - Dependencies all met for dep_context=requeueable deps ti=<TaskInstance: fetch_and_store_ebooks.fetch_ebook_data scheduled__2025-01-12T00:00:00+00:00 [queued]>
[2025-01-26T09:16:23.883+0000] {taskinstance.py:2866} INFO - Starting attempt 1 of 2
[2025-01-26T09:16:24.438+0000] {taskinstance.py:2889} INFO - Executing <Task(PythonOperator): fetch_ebook_data> on 2025-01-12 00:00:00+00:00
[2025-01-26T09:16:24.540+0000] {warnings.py:112} WARNING - /home/***/.local/lib/python3.12/site-packages/***/task/task_runner/standard_task_runner.py:70: DeprecationWarning: This process (pid=4018) is multi-threaded, use of fork() may lead to deadlocks in the child.
  pid = os.fork()

[2025-01-26T09:16:24.547+0000] {standard_task_runner.py:72} INFO - Started process 4054 to run task
[2025-01-26T09:16:24.554+0000] {standard_task_runner.py:104} INFO - Running: ['***', 'tasks', 'run', 'fetch_and_store_ebooks', 'fetch_ebook_data', 'scheduled__2025-01-12T00:00:00+00:00', '--job-id', '1012', '--raw', '--subdir', 'DAGS_FOLDER/app.py', '--cfg-path', '/tmp/tmpa3bcnj_w']
[2025-01-26T09:16:24.613+0000] {standard_task_runner.py:105} INFO - Job 1012: Subtask fetch_ebook_data
[2025-01-26T09:16:25.398+0000] {task_command.py:467} INFO - Running <TaskInstance: fetch_and_store_ebooks.fetch_ebook_data scheduled__2025-01-12T00:00:00+00:00 [running]> on host 34edd304782d
[2025-01-26T09:16:26.706+0000] {taskinstance.py:3132} INFO - Exporting env vars: AIRFLOW_CTX_DAG_OWNER='***' AIRFLOW_CTX_DAG_ID='fetch_and_store_ebooks' AIRFLOW_CTX_TASK_ID='fetch_ebook_data' AIRFLOW_CTX_EXECUTION_DATE='2025-01-12T00:00:00+00:00' AIRFLOW_CTX_TRY_NUMBER='1' AIRFLOW_CTX_DAG_RUN_ID='scheduled__2025-01-12T00:00:00+00:00'
[2025-01-26T09:16:26.717+0000] {logging_mixin.py:190} INFO - Task instance is in running state
[2025-01-26T09:16:26.723+0000] {logging_mixin.py:190} INFO -  Previous state of the Task instance: queued
[2025-01-26T09:16:26.729+0000] {logging_mixin.py:190} INFO - Current task name:fetch_ebook_data state:running start_date:2025-01-26 09:16:23.619601+00:00
[2025-01-26T09:16:26.734+0000] {logging_mixin.py:190} INFO - Dag name:fetch_and_store_ebooks and current dag run status:running
[2025-01-26T09:16:26.737+0000] {taskinstance.py:731} INFO - ::endgroup::
[2025-01-26T09:16:37.207+0000] {python.py:240} INFO - Done. Returned value was: None
[2025-01-26T09:16:37.283+0000] {taskinstance.py:340} INFO - ::group::Post task execution logs
[2025-01-26T09:16:37.285+0000] {taskinstance.py:352} INFO - Marking task as SUCCESS. dag_id=fetch_and_store_ebooks, task_id=fetch_ebook_data, run_id=scheduled__2025-01-12T00:00:00+00:00, execution_date=20250112T000000, start_date=20250126T091623, end_date=20250126T091637
[2025-01-26T09:16:37.499+0000] {logging_mixin.py:190} INFO - Task instance in success state
[2025-01-26T09:16:37.518+0000] {logging_mixin.py:190} INFO -  Previous state of the Task instance: running
[2025-01-26T09:16:37.523+0000] {logging_mixin.py:190} INFO - Dag name:fetch_and_store_ebooks queued_at:2025-01-26 09:15:50.406264+00:00
[2025-01-26T09:16:37.527+0000] {logging_mixin.py:190} INFO - Task hostname:34edd304782d operator:PythonOperator
[2025-01-26T09:16:37.659+0000] {local_task_job_runner.py:266} INFO - Task exited with return code 0
[2025-01-26T09:16:37.819+0000] {taskinstance.py:3895} INFO - 1 downstream tasks scheduled from follow-on schedule check
[2025-01-26T09:16:37.837+0000] {local_task_job_runner.py:245} INFO - ::endgroup::
[2025-01-26T09:27:14.232+0000] {local_task_job_runner.py:123} INFO - ::group::Pre task execution logs
[2025-01-26T09:27:14.547+0000] {taskinstance.py:2613} INFO - Dependencies all met for dep_context=non-requeueable deps ti=<TaskInstance: fetch_and_store_ebooks.fetch_ebook_data scheduled__2025-01-12T00:00:00+00:00 [queued]>
[2025-01-26T09:27:14.805+0000] {taskinstance.py:2613} INFO - Dependencies all met for dep_context=requeueable deps ti=<TaskInstance: fetch_and_store_ebooks.fetch_ebook_data scheduled__2025-01-12T00:00:00+00:00 [queued]>
[2025-01-26T09:27:14.815+0000] {taskinstance.py:2866} INFO - Starting attempt 1 of 2
[2025-01-26T09:27:15.744+0000] {taskinstance.py:2889} INFO - Executing <Task(PythonOperator): fetch_ebook_data> on 2025-01-12 00:00:00+00:00
[2025-01-26T09:27:15.875+0000] {standard_task_runner.py:104} INFO - Running: ['***', 'tasks', 'run', 'fetch_and_store_ebooks', 'fetch_ebook_data', 'scheduled__2025-01-12T00:00:00+00:00', '--job-id', '1064', '--raw', '--subdir', 'DAGS_FOLDER/app.py', '--cfg-path', '/tmp/tmpsy3vildn']
[2025-01-26T09:27:15.895+0000] {standard_task_runner.py:105} INFO - Job 1064: Subtask fetch_ebook_data
[2025-01-26T09:27:15.860+0000] {warnings.py:112} WARNING - /home/***/.local/lib/python3.12/site-packages/***/task/task_runner/standard_task_runner.py:70: DeprecationWarning: This process (pid=4335) is multi-threaded, use of fork() may lead to deadlocks in the child.
  pid = os.fork()

[2025-01-26T09:27:15.964+0000] {standard_task_runner.py:72} INFO - Started process 4395 to run task
[2025-01-26T09:27:16.612+0000] {task_command.py:467} INFO - Running <TaskInstance: fetch_and_store_ebooks.fetch_ebook_data scheduled__2025-01-12T00:00:00+00:00 [running]> on host 34edd304782d
[2025-01-26T09:27:18.113+0000] {taskinstance.py:3132} INFO - Exporting env vars: AIRFLOW_CTX_DAG_OWNER='***' AIRFLOW_CTX_DAG_ID='fetch_and_store_ebooks' AIRFLOW_CTX_TASK_ID='fetch_ebook_data' AIRFLOW_CTX_EXECUTION_DATE='2025-01-12T00:00:00+00:00' AIRFLOW_CTX_TRY_NUMBER='1' AIRFLOW_CTX_DAG_RUN_ID='scheduled__2025-01-12T00:00:00+00:00'
[2025-01-26T09:27:18.136+0000] {logging_mixin.py:190} INFO - Task instance is in running state
[2025-01-26T09:27:18.203+0000] {logging_mixin.py:190} INFO -  Previous state of the Task instance: queued
[2025-01-26T09:27:18.212+0000] {logging_mixin.py:190} INFO - Current task name:fetch_ebook_data state:running start_date:2025-01-26 09:27:14.589121+00:00
[2025-01-26T09:27:18.214+0000] {logging_mixin.py:190} INFO - Dag name:fetch_and_store_ebooks and current dag run status:running
[2025-01-26T09:27:18.216+0000] {taskinstance.py:731} INFO - ::endgroup::
[2025-01-26T09:27:28.154+0000] {python.py:240} INFO - Done. Returned value was: None
[2025-01-26T09:27:28.297+0000] {taskinstance.py:340} INFO - ::group::Post task execution logs
[2025-01-26T09:27:28.372+0000] {taskinstance.py:352} INFO - Marking task as SUCCESS. dag_id=fetch_and_store_ebooks, task_id=fetch_ebook_data, run_id=scheduled__2025-01-12T00:00:00+00:00, execution_date=20250112T000000, start_date=20250126T092714, end_date=20250126T092728
[2025-01-26T09:27:29.546+0000] {logging_mixin.py:190} INFO - Task instance in success state
[2025-01-26T09:27:29.560+0000] {logging_mixin.py:190} INFO -  Previous state of the Task instance: running
[2025-01-26T09:27:29.562+0000] {logging_mixin.py:190} INFO - Dag name:fetch_and_store_ebooks queued_at:2025-01-26 09:26:23.678226+00:00
[2025-01-26T09:27:29.578+0000] {logging_mixin.py:190} INFO - Task hostname:34edd304782d operator:PythonOperator
[2025-01-26T09:27:29.780+0000] {local_task_job_runner.py:266} INFO - Task exited with return code 0
[2025-01-26T09:27:30.020+0000] {taskinstance.py:3895} INFO - 1 downstream tasks scheduled from follow-on schedule check
[2025-01-26T09:27:30.075+0000] {local_task_job_runner.py:245} INFO - ::endgroup::
