[2025-01-26T10:17:47.127+0000] {local_task_job_runner.py:123} INFO - ::group::Pre task execution logs
[2025-01-26T10:17:47.556+0000] {taskinstance.py:2613} INFO - Dependencies all met for dep_context=non-requeueable deps ti=<TaskInstance: fetch_and_store_ebooks.fetch_ebook_data scheduled__2020-04-25T00:00:00+00:00 [queued]>
[2025-01-26T10:17:47.695+0000] {taskinstance.py:2613} INFO - Dependencies all met for dep_context=requeueable deps ti=<TaskInstance: fetch_and_store_ebooks.fetch_ebook_data scheduled__2020-04-25T00:00:00+00:00 [queued]>
[2025-01-26T10:17:47.708+0000] {taskinstance.py:2866} INFO - Starting attempt 1 of 2
[2025-01-26T10:17:49.605+0000] {taskinstance.py:2889} INFO - Executing <Task(PythonOperator): fetch_ebook_data> on 2020-04-25 00:00:00+00:00
[2025-01-26T10:17:49.804+0000] {warnings.py:112} WARNING - /home/***/.local/lib/python3.12/site-packages/***/task/task_runner/standard_task_runner.py:70: DeprecationWarning: This process (pid=6448) is multi-threaded, use of fork() may lead to deadlocks in the child.
  pid = os.fork()

[2025-01-26T10:17:49.854+0000] {standard_task_runner.py:72} INFO - Started process 6499 to run task
[2025-01-26T10:17:49.952+0000] {standard_task_runner.py:104} INFO - Running: ['***', 'tasks', 'run', 'fetch_and_store_ebooks', 'fetch_ebook_data', 'scheduled__2020-04-25T00:00:00+00:00', '--job-id', '1469', '--raw', '--subdir', 'DAGS_FOLDER/app.py', '--cfg-path', '/tmp/tmpzzjz2d85']
[2025-01-26T10:17:49.988+0000] {standard_task_runner.py:105} INFO - Job 1469: Subtask fetch_ebook_data
[2025-01-26T10:17:50.721+0000] {task_command.py:467} INFO - Running <TaskInstance: fetch_and_store_ebooks.fetch_ebook_data scheduled__2020-04-25T00:00:00+00:00 [running]> on host 34edd304782d
[2025-01-26T10:17:54.223+0000] {taskinstance.py:3132} INFO - Exporting env vars: AIRFLOW_CTX_DAG_OWNER='***' AIRFLOW_CTX_DAG_ID='fetch_and_store_ebooks' AIRFLOW_CTX_TASK_ID='fetch_ebook_data' AIRFLOW_CTX_EXECUTION_DATE='2020-04-25T00:00:00+00:00' AIRFLOW_CTX_TRY_NUMBER='1' AIRFLOW_CTX_DAG_RUN_ID='scheduled__2020-04-25T00:00:00+00:00'
[2025-01-26T10:17:54.291+0000] {logging_mixin.py:190} INFO - Task instance is in running state
[2025-01-26T10:17:54.388+0000] {logging_mixin.py:190} INFO -  Previous state of the Task instance: queued
[2025-01-26T10:17:54.399+0000] {logging_mixin.py:190} INFO - Current task name:fetch_ebook_data state:running start_date:2025-01-26 10:17:47.567912+00:00
[2025-01-26T10:17:54.414+0000] {logging_mixin.py:190} INFO - Dag name:fetch_and_store_ebooks and current dag run status:running
[2025-01-26T10:17:54.430+0000] {taskinstance.py:731} INFO - ::endgroup::
[2025-01-26T10:18:10.813+0000] {python.py:240} INFO - Done. Returned value was: None
[2025-01-26T10:18:10.900+0000] {taskinstance.py:340} INFO - ::group::Post task execution logs
[2025-01-26T10:18:10.902+0000] {taskinstance.py:352} INFO - Marking task as SUCCESS. dag_id=fetch_and_store_ebooks, task_id=fetch_ebook_data, run_id=scheduled__2020-04-25T00:00:00+00:00, execution_date=20200425T000000, start_date=20250126T101747, end_date=20250126T101810
[2025-01-26T10:18:11.881+0000] {logging_mixin.py:190} INFO - Task instance in success state
[2025-01-26T10:18:11.890+0000] {logging_mixin.py:190} INFO -  Previous state of the Task instance: running
[2025-01-26T10:18:11.892+0000] {logging_mixin.py:190} INFO - Dag name:fetch_and_store_ebooks queued_at:2025-01-26 10:16:41.881103+00:00
[2025-01-26T10:18:11.902+0000] {logging_mixin.py:190} INFO - Task hostname:34edd304782d operator:PythonOperator
[2025-01-26T10:18:12.070+0000] {local_task_job_runner.py:266} INFO - Task exited with return code 0
[2025-01-26T10:18:12.332+0000] {taskinstance.py:3895} INFO - 1 downstream tasks scheduled from follow-on schedule check
[2025-01-26T10:18:12.360+0000] {local_task_job_runner.py:245} INFO - ::endgroup::
