[2025-01-26T10:18:49.064+0000] {local_task_job_runner.py:123} INFO - ::group::Pre task execution logs
[2025-01-26T10:18:49.271+0000] {taskinstance.py:2613} INFO - Dependencies all met for dep_context=non-requeueable deps ti=<TaskInstance: fetch_and_store_ebooks.fetch_ebook_data scheduled__2020-04-28T00:00:00+00:00 [queued]>
[2025-01-26T10:18:49.490+0000] {taskinstance.py:2613} INFO - Dependencies all met for dep_context=requeueable deps ti=<TaskInstance: fetch_and_store_ebooks.fetch_ebook_data scheduled__2020-04-28T00:00:00+00:00 [queued]>
[2025-01-26T10:18:49.508+0000] {taskinstance.py:2866} INFO - Starting attempt 1 of 2
[2025-01-26T10:18:49.987+0000] {taskinstance.py:2889} INFO - Executing <Task(PythonOperator): fetch_ebook_data> on 2020-04-28 00:00:00+00:00
[2025-01-26T10:18:50.091+0000] {warnings.py:112} WARNING - /home/***/.local/lib/python3.12/site-packages/***/task/task_runner/standard_task_runner.py:70: DeprecationWarning: This process (pid=6493) is multi-threaded, use of fork() may lead to deadlocks in the child.
  pid = os.fork()

[2025-01-26T10:18:50.114+0000] {standard_task_runner.py:72} INFO - Started process 6550 to run task
[2025-01-26T10:18:50.188+0000] {standard_task_runner.py:104} INFO - Running: ['***', 'tasks', 'run', 'fetch_and_store_ebooks', 'fetch_ebook_data', 'scheduled__2020-04-28T00:00:00+00:00', '--job-id', '1481', '--raw', '--subdir', 'DAGS_FOLDER/app.py', '--cfg-path', '/tmp/tmpze7df002']
[2025-01-26T10:18:50.432+0000] {standard_task_runner.py:105} INFO - Job 1481: Subtask fetch_ebook_data
[2025-01-26T10:18:51.748+0000] {task_command.py:467} INFO - Running <TaskInstance: fetch_and_store_ebooks.fetch_ebook_data scheduled__2020-04-28T00:00:00+00:00 [running]> on host 34edd304782d
[2025-01-26T10:18:54.237+0000] {taskinstance.py:3132} INFO - Exporting env vars: AIRFLOW_CTX_DAG_OWNER='***' AIRFLOW_CTX_DAG_ID='fetch_and_store_ebooks' AIRFLOW_CTX_TASK_ID='fetch_ebook_data' AIRFLOW_CTX_EXECUTION_DATE='2020-04-28T00:00:00+00:00' AIRFLOW_CTX_TRY_NUMBER='1' AIRFLOW_CTX_DAG_RUN_ID='scheduled__2020-04-28T00:00:00+00:00'
[2025-01-26T10:18:54.249+0000] {logging_mixin.py:190} INFO - Task instance is in running state
[2025-01-26T10:18:54.255+0000] {logging_mixin.py:190} INFO -  Previous state of the Task instance: queued
[2025-01-26T10:18:54.266+0000] {logging_mixin.py:190} INFO - Current task name:fetch_ebook_data state:running start_date:2025-01-26 10:18:49.275806+00:00
[2025-01-26T10:18:54.276+0000] {logging_mixin.py:190} INFO - Dag name:fetch_and_store_ebooks and current dag run status:running
[2025-01-26T10:18:54.285+0000] {taskinstance.py:731} INFO - ::endgroup::
[2025-01-26T10:19:15.400+0000] {python.py:240} INFO - Done. Returned value was: None
[2025-01-26T10:19:15.592+0000] {taskinstance.py:340} INFO - ::group::Post task execution logs
[2025-01-26T10:19:15.601+0000] {taskinstance.py:352} INFO - Marking task as SUCCESS. dag_id=fetch_and_store_ebooks, task_id=fetch_ebook_data, run_id=scheduled__2020-04-28T00:00:00+00:00, execution_date=20200428T000000, start_date=20250126T101849, end_date=20250126T101915
[2025-01-26T10:19:15.937+0000] {logging_mixin.py:190} INFO - Task instance in success state
[2025-01-26T10:19:15.959+0000] {logging_mixin.py:190} INFO -  Previous state of the Task instance: running
[2025-01-26T10:19:15.979+0000] {logging_mixin.py:190} INFO - Dag name:fetch_and_store_ebooks queued_at:2025-01-26 10:17:36.335749+00:00
[2025-01-26T10:19:15.996+0000] {logging_mixin.py:190} INFO - Task hostname:34edd304782d operator:PythonOperator
[2025-01-26T10:19:16.252+0000] {local_task_job_runner.py:266} INFO - Task exited with return code 0
[2025-01-26T10:19:17.009+0000] {taskinstance.py:3895} INFO - 1 downstream tasks scheduled from follow-on schedule check
[2025-01-26T10:19:17.019+0000] {local_task_job_runner.py:245} INFO - ::endgroup::
