[2025-01-26T10:22:58.482+0000] {local_task_job_runner.py:123} INFO - ::group::Pre task execution logs
[2025-01-26T10:22:59.159+0000] {taskinstance.py:2613} INFO - Dependencies all met for dep_context=non-requeueable deps ti=<TaskInstance: fetch_and_store_ebooks.fetch_ebook_data scheduled__2020-05-08T00:00:00+00:00 [queued]>
[2025-01-26T10:22:59.351+0000] {taskinstance.py:2613} INFO - Dependencies all met for dep_context=requeueable deps ti=<TaskInstance: fetch_and_store_ebooks.fetch_ebook_data scheduled__2020-05-08T00:00:00+00:00 [queued]>
[2025-01-26T10:22:59.353+0000] {taskinstance.py:2866} INFO - Starting attempt 1 of 2
[2025-01-26T10:23:00.926+0000] {taskinstance.py:2889} INFO - Executing <Task(PythonOperator): fetch_ebook_data> on 2020-05-08 00:00:00+00:00
[2025-01-26T10:23:01.045+0000] {warnings.py:112} WARNING - /home/***/.local/lib/python3.12/site-packages/***/task/task_runner/standard_task_runner.py:70: DeprecationWarning: This process (pid=6687) is multi-threaded, use of fork() may lead to deadlocks in the child.
  pid = os.fork()

[2025-01-26T10:23:01.073+0000] {standard_task_runner.py:72} INFO - Started process 6734 to run task
[2025-01-26T10:23:01.129+0000] {standard_task_runner.py:104} INFO - Running: ['***', 'tasks', 'run', 'fetch_and_store_ebooks', 'fetch_ebook_data', 'scheduled__2020-05-08T00:00:00+00:00', '--job-id', '1515', '--raw', '--subdir', 'DAGS_FOLDER/app.py', '--cfg-path', '/tmp/tmps_u5b1as']
[2025-01-26T10:23:01.175+0000] {standard_task_runner.py:105} INFO - Job 1515: Subtask fetch_ebook_data
[2025-01-26T10:23:02.263+0000] {task_command.py:467} INFO - Running <TaskInstance: fetch_and_store_ebooks.fetch_ebook_data scheduled__2020-05-08T00:00:00+00:00 [running]> on host 34edd304782d
[2025-01-26T10:23:06.363+0000] {taskinstance.py:3132} INFO - Exporting env vars: AIRFLOW_CTX_DAG_OWNER='***' AIRFLOW_CTX_DAG_ID='fetch_and_store_ebooks' AIRFLOW_CTX_TASK_ID='fetch_ebook_data' AIRFLOW_CTX_EXECUTION_DATE='2020-05-08T00:00:00+00:00' AIRFLOW_CTX_TRY_NUMBER='1' AIRFLOW_CTX_DAG_RUN_ID='scheduled__2020-05-08T00:00:00+00:00'
[2025-01-26T10:23:06.406+0000] {logging_mixin.py:190} INFO - Task instance is in running state
[2025-01-26T10:23:06.468+0000] {logging_mixin.py:190} INFO -  Previous state of the Task instance: queued
[2025-01-26T10:23:06.580+0000] {logging_mixin.py:190} INFO - Current task name:fetch_ebook_data state:running start_date:2025-01-26 10:22:59.213369+00:00
[2025-01-26T10:23:06.684+0000] {logging_mixin.py:190} INFO - Dag name:fetch_and_store_ebooks and current dag run status:running
[2025-01-26T10:23:06.782+0000] {taskinstance.py:731} INFO - ::endgroup::
[2025-01-26T10:23:41.166+0000] {python.py:240} INFO - Done. Returned value was: None
[2025-01-26T10:23:41.526+0000] {taskinstance.py:340} INFO - ::group::Post task execution logs
[2025-01-26T10:23:41.578+0000] {taskinstance.py:352} INFO - Marking task as SUCCESS. dag_id=fetch_and_store_ebooks, task_id=fetch_ebook_data, run_id=scheduled__2020-05-08T00:00:00+00:00, execution_date=20200508T000000, start_date=20250126T102259, end_date=20250126T102341
[2025-01-26T10:23:43.308+0000] {logging_mixin.py:190} INFO - Task instance in success state
[2025-01-26T10:23:43.420+0000] {logging_mixin.py:190} INFO -  Previous state of the Task instance: running
[2025-01-26T10:23:43.480+0000] {logging_mixin.py:190} INFO - Dag name:fetch_and_store_ebooks queued_at:2025-01-26 10:21:51.210014+00:00
[2025-01-26T10:23:43.565+0000] {logging_mixin.py:190} INFO - Task hostname:34edd304782d operator:PythonOperator
[2025-01-26T10:23:44.025+0000] {local_task_job_runner.py:266} INFO - Task exited with return code 0
[2025-01-26T10:23:44.346+0000] {local_task_job_runner.py:245} INFO - ::endgroup::
