[2025-01-26T09:05:36.763+0000] {local_task_job_runner.py:123} INFO - ::group::Pre task execution logs
[2025-01-26T09:05:38.096+0000] {taskinstance.py:2613} INFO - Dependencies all met for dep_context=non-requeueable deps ti=<TaskInstance: fetch_and_store_ebooks.fetch_ebook_data manual__2025-01-26T09:04:54.010056+00:00 [queued]>
[2025-01-26T09:05:38.752+0000] {taskinstance.py:2613} INFO - Dependencies all met for dep_context=requeueable deps ti=<TaskInstance: fetch_and_store_ebooks.fetch_ebook_data manual__2025-01-26T09:04:54.010056+00:00 [queued]>
[2025-01-26T09:05:38.767+0000] {taskinstance.py:2866} INFO - Starting attempt 1 of 2
[2025-01-26T09:05:39.326+0000] {taskinstance.py:2889} INFO - Executing <Task(PythonOperator): fetch_ebook_data> on 2025-01-26 09:04:54.010056+00:00
[2025-01-26T09:05:39.596+0000] {standard_task_runner.py:104} INFO - Running: ['***', 'tasks', 'run', 'fetch_and_store_ebooks', 'fetch_ebook_data', 'manual__2025-01-26T09:04:54.010056+00:00', '--job-id', '940', '--raw', '--subdir', 'DAGS_FOLDER/app.py', '--cfg-path', '/tmp/tmpq4eske2d']
[2025-01-26T09:05:39.661+0000] {standard_task_runner.py:105} INFO - Job 940: Subtask fetch_ebook_data
[2025-01-26T09:05:39.581+0000] {warnings.py:112} WARNING - /home/***/.local/lib/python3.12/site-packages/***/task/task_runner/standard_task_runner.py:70: DeprecationWarning: This process (pid=3603) is multi-threaded, use of fork() may lead to deadlocks in the child.
  pid = os.fork()

[2025-01-26T09:05:39.868+0000] {standard_task_runner.py:72} INFO - Started process 3645 to run task
[2025-01-26T09:05:41.095+0000] {task_command.py:467} INFO - Running <TaskInstance: fetch_and_store_ebooks.fetch_ebook_data manual__2025-01-26T09:04:54.010056+00:00 [running]> on host 34edd304782d
[2025-01-26T09:05:42.706+0000] {taskinstance.py:3132} INFO - Exporting env vars: AIRFLOW_CTX_DAG_OWNER='***' AIRFLOW_CTX_DAG_ID='fetch_and_store_ebooks' AIRFLOW_CTX_TASK_ID='fetch_ebook_data' AIRFLOW_CTX_EXECUTION_DATE='2025-01-26T09:04:54.010056+00:00' AIRFLOW_CTX_TRY_NUMBER='1' AIRFLOW_CTX_DAG_RUN_ID='manual__2025-01-26T09:04:54.010056+00:00'
[2025-01-26T09:05:42.743+0000] {logging_mixin.py:190} INFO - Task instance is in running state
[2025-01-26T09:05:42.746+0000] {logging_mixin.py:190} INFO -  Previous state of the Task instance: queued
[2025-01-26T09:05:42.752+0000] {logging_mixin.py:190} INFO - Current task name:fetch_ebook_data state:running start_date:2025-01-26 09:05:38.111673+00:00
[2025-01-26T09:05:42.755+0000] {logging_mixin.py:190} INFO - Dag name:fetch_and_store_ebooks and current dag run status:running
[2025-01-26T09:05:42.758+0000] {taskinstance.py:731} INFO - ::endgroup::
[2025-01-26T09:05:53.583+0000] {python.py:240} INFO - Done. Returned value was: None
[2025-01-26T09:05:53.666+0000] {taskinstance.py:340} INFO - ::group::Post task execution logs
[2025-01-26T09:05:53.670+0000] {taskinstance.py:352} INFO - Marking task as SUCCESS. dag_id=fetch_and_store_ebooks, task_id=fetch_ebook_data, run_id=manual__2025-01-26T09:04:54.010056+00:00, execution_date=20250126T090454, start_date=20250126T090538, end_date=20250126T090553
[2025-01-26T09:05:54.208+0000] {logging_mixin.py:190} INFO - Task instance in success state
[2025-01-26T09:05:54.214+0000] {logging_mixin.py:190} INFO -  Previous state of the Task instance: running
[2025-01-26T09:05:54.223+0000] {logging_mixin.py:190} INFO - Dag name:fetch_and_store_ebooks queued_at:2025-01-26 09:04:54.102106+00:00
[2025-01-26T09:05:54.231+0000] {logging_mixin.py:190} INFO - Task hostname:34edd304782d operator:PythonOperator
[2025-01-26T09:05:54.469+0000] {local_task_job_runner.py:266} INFO - Task exited with return code 0
[2025-01-26T09:05:54.974+0000] {standard_task_runner.py:217} INFO - Process not found (most likely exited), stop collecting metrics
[2025-01-26T09:05:55.008+0000] {taskinstance.py:3895} INFO - 1 downstream tasks scheduled from follow-on schedule check
[2025-01-26T09:05:55.057+0000] {local_task_job_runner.py:245} INFO - ::endgroup::
