[2025-01-26T10:09:06.770+0000] {local_task_job_runner.py:123} INFO - ::group::Pre task execution logs
[2025-01-26T10:09:07.216+0000] {taskinstance.py:2613} INFO - Dependencies all met for dep_context=non-requeueable deps ti=<TaskInstance: fetch_and_store_ebooks.create_table scheduled__2020-03-20T00:00:00+00:00 [queued]>
[2025-01-26T10:09:07.307+0000] {taskinstance.py:2613} INFO - Dependencies all met for dep_context=requeueable deps ti=<TaskInstance: fetch_and_store_ebooks.create_table scheduled__2020-03-20T00:00:00+00:00 [queued]>
[2025-01-26T10:09:07.477+0000] {taskinstance.py:2866} INFO - Starting attempt 1 of 2
[2025-01-26T10:09:08.355+0000] {taskinstance.py:2889} INFO - Executing <Task(PostgresOperator): create_table> on 2020-03-20 00:00:00+00:00
[2025-01-26T10:09:09.007+0000] {warnings.py:112} WARNING - /home/***/.local/lib/python3.12/site-packages/***/task/task_runner/standard_task_runner.py:70: DeprecationWarning: This process (pid=5995) is multi-threaded, use of fork() may lead to deadlocks in the child.
  pid = os.fork()

[2025-01-26T10:09:08.941+0000] {standard_task_runner.py:104} INFO - Running: ['***', 'tasks', 'run', 'fetch_and_store_ebooks', 'create_table', 'scheduled__2020-03-20T00:00:00+00:00', '--job-id', '1379', '--raw', '--subdir', 'DAGS_FOLDER/app.py', '--cfg-path', '/tmp/tmpkz0lmz7a']
[2025-01-26T10:09:09.055+0000] {standard_task_runner.py:72} INFO - Started process 6040 to run task
[2025-01-26T10:09:09.163+0000] {standard_task_runner.py:105} INFO - Job 1379: Subtask create_table
[2025-01-26T10:09:10.526+0000] {task_command.py:467} INFO - Running <TaskInstance: fetch_and_store_ebooks.create_table scheduled__2020-03-20T00:00:00+00:00 [running]> on host 34edd304782d
[2025-01-26T10:09:13.812+0000] {taskinstance.py:3132} INFO - Exporting env vars: AIRFLOW_CTX_DAG_OWNER='***' AIRFLOW_CTX_DAG_ID='fetch_and_store_ebooks' AIRFLOW_CTX_TASK_ID='create_table' AIRFLOW_CTX_EXECUTION_DATE='2020-03-20T00:00:00+00:00' AIRFLOW_CTX_TRY_NUMBER='1' AIRFLOW_CTX_DAG_RUN_ID='scheduled__2020-03-20T00:00:00+00:00'
[2025-01-26T10:09:13.831+0000] {logging_mixin.py:190} INFO - Task instance is in running state
[2025-01-26T10:09:13.907+0000] {logging_mixin.py:190} INFO -  Previous state of the Task instance: queued
[2025-01-26T10:09:13.923+0000] {logging_mixin.py:190} INFO - Current task name:create_table state:running start_date:2025-01-26 10:09:07.237356+00:00
[2025-01-26T10:09:13.964+0000] {logging_mixin.py:190} INFO - Dag name:fetch_and_store_ebooks and current dag run status:running
[2025-01-26T10:09:13.983+0000] {taskinstance.py:731} INFO - ::endgroup::
[2025-01-26T10:09:14.079+0000] {sql.py:278} INFO - Executing: 
    CREATE TABLE IF NOT EXISTS public.ebooks (
        id SERIAL PRIMARY KEY,
        judul TEXT NOT NULL,
        penulis TEXT,
        link TEXT
    );
    
[2025-01-26T10:09:14.675+0000] {base.py:84} INFO - Retrieving connection 'ebooks_connection'
[2025-01-26T10:09:14.987+0000] {base.py:84} INFO - Retrieving connection 'ebooks_connection'
[2025-01-26T10:09:15.721+0000] {sql.py:553} INFO - Running statement: 
    CREATE TABLE IF NOT EXISTS public.ebooks (
        id SERIAL PRIMARY KEY,
        judul TEXT NOT NULL,
        penulis TEXT,
        link TEXT
    );
    , parameters: None
[2025-01-26T10:09:16.038+0000] {taskinstance.py:340} INFO - ::group::Post task execution logs
[2025-01-26T10:09:16.101+0000] {taskinstance.py:352} INFO - Marking task as SUCCESS. dag_id=fetch_and_store_ebooks, task_id=create_table, run_id=scheduled__2020-03-20T00:00:00+00:00, execution_date=20200320T000000, start_date=20250126T100907, end_date=20250126T100916
[2025-01-26T10:09:16.572+0000] {logging_mixin.py:190} INFO - Task instance in success state
[2025-01-26T10:09:16.583+0000] {logging_mixin.py:190} INFO -  Previous state of the Task instance: running
[2025-01-26T10:09:16.640+0000] {logging_mixin.py:190} INFO - Dag name:fetch_and_store_ebooks queued_at:2025-01-26 10:06:25.706184+00:00
[2025-01-26T10:09:16.687+0000] {logging_mixin.py:190} INFO - Task hostname:34edd304782d operator:PostgresOperator
[2025-01-26T10:09:16.945+0000] {local_task_job_runner.py:266} INFO - Task exited with return code 0
[2025-01-26T10:09:18.149+0000] {taskinstance.py:3895} INFO - 1 downstream tasks scheduled from follow-on schedule check
[2025-01-26T10:09:18.274+0000] {local_task_job_runner.py:245} INFO - ::endgroup::
