[2025-01-26T10:14:59.349+0000] {local_task_job_runner.py:123} INFO - ::group::Pre task execution logs
[2025-01-26T10:14:59.571+0000] {taskinstance.py:2613} INFO - Dependencies all met for dep_context=non-requeueable deps ti=<TaskInstance: fetch_and_store_ebooks.create_table scheduled__2020-04-07T00:00:00+00:00 [queued]>
[2025-01-26T10:15:00.097+0000] {taskinstance.py:2613} INFO - Dependencies all met for dep_context=requeueable deps ti=<TaskInstance: fetch_and_store_ebooks.create_table scheduled__2020-04-07T00:00:00+00:00 [queued]>
[2025-01-26T10:15:00.160+0000] {taskinstance.py:2866} INFO - Starting attempt 1 of 2
[2025-01-26T10:15:02.460+0000] {taskinstance.py:2889} INFO - Executing <Task(PostgresOperator): create_table> on 2020-04-07 00:00:00+00:00
[2025-01-26T10:15:02.614+0000] {warnings.py:112} WARNING - /home/***/.local/lib/python3.12/site-packages/***/task/task_runner/standard_task_runner.py:70: DeprecationWarning: This process (pid=6307) is multi-threaded, use of fork() may lead to deadlocks in the child.
  pid = os.fork()

[2025-01-26T10:15:02.786+0000] {standard_task_runner.py:72} INFO - Started process 6355 to run task
[2025-01-26T10:15:02.837+0000] {standard_task_runner.py:104} INFO - Running: ['***', 'tasks', 'run', 'fetch_and_store_ebooks', 'create_table', 'scheduled__2020-04-07T00:00:00+00:00', '--job-id', '1443', '--raw', '--subdir', 'DAGS_FOLDER/app.py', '--cfg-path', '/tmp/tmpz1_k6uqy']
[2025-01-26T10:15:02.981+0000] {standard_task_runner.py:105} INFO - Job 1443: Subtask create_table
[2025-01-26T10:15:04.659+0000] {task_command.py:467} INFO - Running <TaskInstance: fetch_and_store_ebooks.create_table scheduled__2020-04-07T00:00:00+00:00 [running]> on host 34edd304782d
[2025-01-26T10:15:08.356+0000] {job.py:229} INFO - Heartbeat recovered after 10.60 seconds
[2025-01-26T10:15:08.636+0000] {taskinstance.py:3132} INFO - Exporting env vars: AIRFLOW_CTX_DAG_OWNER='***' AIRFLOW_CTX_DAG_ID='fetch_and_store_ebooks' AIRFLOW_CTX_TASK_ID='create_table' AIRFLOW_CTX_EXECUTION_DATE='2020-04-07T00:00:00+00:00' AIRFLOW_CTX_TRY_NUMBER='1' AIRFLOW_CTX_DAG_RUN_ID='scheduled__2020-04-07T00:00:00+00:00'
[2025-01-26T10:15:08.704+0000] {logging_mixin.py:190} INFO - Task instance is in running state
[2025-01-26T10:15:08.720+0000] {logging_mixin.py:190} INFO -  Previous state of the Task instance: queued
[2025-01-26T10:15:08.766+0000] {logging_mixin.py:190} INFO - Current task name:create_table state:running start_date:2025-01-26 10:14:59.641155+00:00
[2025-01-26T10:15:08.828+0000] {logging_mixin.py:190} INFO - Dag name:fetch_and_store_ebooks and current dag run status:running
[2025-01-26T10:15:08.876+0000] {taskinstance.py:731} INFO - ::endgroup::
[2025-01-26T10:15:08.973+0000] {sql.py:278} INFO - Executing: 
    CREATE TABLE IF NOT EXISTS public.ebooks (
        id SERIAL PRIMARY KEY,
        judul TEXT NOT NULL,
        penulis TEXT,
        link TEXT
    );
    
[2025-01-26T10:15:09.358+0000] {base.py:84} INFO - Retrieving connection 'ebooks_connection'
[2025-01-26T10:15:09.505+0000] {base.py:84} INFO - Retrieving connection 'ebooks_connection'
[2025-01-26T10:15:09.939+0000] {sql.py:553} INFO - Running statement: 
    CREATE TABLE IF NOT EXISTS public.ebooks (
        id SERIAL PRIMARY KEY,
        judul TEXT NOT NULL,
        penulis TEXT,
        link TEXT
    );
    , parameters: None
[2025-01-26T10:15:10.339+0000] {taskinstance.py:340} INFO - ::group::Post task execution logs
[2025-01-26T10:15:10.362+0000] {taskinstance.py:352} INFO - Marking task as SUCCESS. dag_id=fetch_and_store_ebooks, task_id=create_table, run_id=scheduled__2020-04-07T00:00:00+00:00, execution_date=20200407T000000, start_date=20250126T101459, end_date=20250126T101510
[2025-01-26T10:15:10.906+0000] {logging_mixin.py:190} INFO - Task instance in success state
[2025-01-26T10:15:10.915+0000] {logging_mixin.py:190} INFO -  Previous state of the Task instance: running
[2025-01-26T10:15:10.936+0000] {logging_mixin.py:190} INFO - Dag name:fetch_and_store_ebooks queued_at:2025-01-26 10:12:50.039138+00:00
[2025-01-26T10:15:10.945+0000] {logging_mixin.py:190} INFO - Task hostname:34edd304782d operator:PostgresOperator
[2025-01-26T10:15:11.277+0000] {local_task_job_runner.py:266} INFO - Task exited with return code 0
[2025-01-26T10:15:12.152+0000] {taskinstance.py:3895} INFO - 1 downstream tasks scheduled from follow-on schedule check
[2025-01-26T10:15:12.293+0000] {local_task_job_runner.py:245} INFO - ::endgroup::
