[2025-01-26T04:08:40.674+0000] {local_task_job_runner.py:123} INFO - ::group::Pre task execution logs
[2025-01-26T04:08:40.732+0000] {taskinstance.py:2613} INFO - Dependencies all met for dep_context=non-requeueable deps ti=<TaskInstance: fetch_and_store_ebooks.create_table manual__2025-01-26T04:07:57.831040+00:00 [queued]>
[2025-01-26T04:08:40.763+0000] {taskinstance.py:2613} INFO - Dependencies all met for dep_context=requeueable deps ti=<TaskInstance: fetch_and_store_ebooks.create_table manual__2025-01-26T04:07:57.831040+00:00 [queued]>
[2025-01-26T04:08:40.802+0000] {taskinstance.py:2866} INFO - Starting attempt 1 of 2
[2025-01-26T04:08:40.856+0000] {taskinstance.py:2889} INFO - Executing <Task(PostgresOperator): create_table> on 2025-01-26 04:07:57.831040+00:00
[2025-01-26T04:08:40.874+0000] {warnings.py:112} WARNING - /home/***/.local/lib/python3.12/site-packages/***/task/task_runner/standard_task_runner.py:70: DeprecationWarning: This process (pid=897) is multi-threaded, use of fork() may lead to deadlocks in the child.
  pid = os.fork()

[2025-01-26T04:08:40.879+0000] {standard_task_runner.py:72} INFO - Started process 899 to run task
[2025-01-26T04:08:40.881+0000] {standard_task_runner.py:104} INFO - Running: ['***', 'tasks', 'run', 'fetch_and_store_ebooks', 'create_table', 'manual__2025-01-26T04:07:57.831040+00:00', '--job-id', '520', '--raw', '--subdir', 'DAGS_FOLDER/app.py', '--cfg-path', '/tmp/tmpil_21rr8']
[2025-01-26T04:08:40.885+0000] {standard_task_runner.py:105} INFO - Job 520: Subtask create_table
[2025-01-26T04:08:41.080+0000] {task_command.py:467} INFO - Running <TaskInstance: fetch_and_store_ebooks.create_table manual__2025-01-26T04:07:57.831040+00:00 [running]> on host 50ab235b552a
[2025-01-26T04:08:41.485+0000] {taskinstance.py:3132} INFO - Exporting env vars: AIRFLOW_CTX_DAG_OWNER='***' AIRFLOW_CTX_DAG_ID='fetch_and_store_ebooks' AIRFLOW_CTX_TASK_ID='create_table' AIRFLOW_CTX_EXECUTION_DATE='2025-01-26T04:07:57.831040+00:00' AIRFLOW_CTX_TRY_NUMBER='1' AIRFLOW_CTX_DAG_RUN_ID='manual__2025-01-26T04:07:57.831040+00:00'
[2025-01-26T04:08:41.490+0000] {logging_mixin.py:190} INFO - Task instance is in running state
[2025-01-26T04:08:41.492+0000] {logging_mixin.py:190} INFO -  Previous state of the Task instance: queued
[2025-01-26T04:08:41.494+0000] {logging_mixin.py:190} INFO - Current task name:create_table state:running start_date:2025-01-26 04:08:40.734210+00:00
[2025-01-26T04:08:41.496+0000] {logging_mixin.py:190} INFO - Dag name:fetch_and_store_ebooks and current dag run status:running
[2025-01-26T04:08:41.497+0000] {taskinstance.py:731} INFO - ::endgroup::
[2025-01-26T04:08:41.499+0000] {sql.py:278} INFO - Executing: 
    CREATE TABLE IF NOT EXISTS ebooks (
        id SERIAL PRIMARY KEY,
        judul TEXT NOT NULL,
        penulis TEXT,
        link TEXT
    );
    
[2025-01-26T04:08:41.523+0000] {base.py:84} INFO - Retrieving connection 'ebooks_connection'
[2025-01-26T04:08:41.549+0000] {base.py:84} INFO - Retrieving connection 'ebooks_connection'
[2025-01-26T04:08:41.560+0000] {sql.py:553} INFO - Running statement: 
    CREATE TABLE IF NOT EXISTS ebooks (
        id SERIAL PRIMARY KEY,
        judul TEXT NOT NULL,
        penulis TEXT,
        link TEXT
    );
    , parameters: None
[2025-01-26T04:08:41.644+0000] {taskinstance.py:340} INFO - ::group::Post task execution logs
[2025-01-26T04:08:41.646+0000] {taskinstance.py:352} INFO - Marking task as SUCCESS. dag_id=fetch_and_store_ebooks, task_id=create_table, run_id=manual__2025-01-26T04:07:57.831040+00:00, execution_date=20250126T040757, start_date=20250126T040840, end_date=20250126T040841
[2025-01-26T04:08:41.675+0000] {logging_mixin.py:190} INFO - Task instance in success state
[2025-01-26T04:08:41.676+0000] {logging_mixin.py:190} INFO -  Previous state of the Task instance: running
[2025-01-26T04:08:41.678+0000] {logging_mixin.py:190} INFO - Dag name:fetch_and_store_ebooks queued_at:2025-01-26 04:07:57.998424+00:00
[2025-01-26T04:08:41.679+0000] {logging_mixin.py:190} INFO - Task hostname:50ab235b552a operator:PostgresOperator
[2025-01-26T04:08:41.747+0000] {local_task_job_runner.py:266} INFO - Task exited with return code 0
[2025-01-26T04:08:41.801+0000] {taskinstance.py:3895} INFO - 0 downstream tasks scheduled from follow-on schedule check
[2025-01-26T04:08:41.806+0000] {local_task_job_runner.py:245} INFO - ::endgroup::
