[2025-01-26T10:28:10.607+0000] {local_task_job_runner.py:123} INFO - ::group::Pre task execution logs
[2025-01-26T10:28:10.826+0000] {taskinstance.py:2613} INFO - Dependencies all met for dep_context=non-requeueable deps ti=<TaskInstance: fetch_and_store_ebooks.fetch_ebook_data scheduled__2020-05-22T00:00:00+00:00 [queued]>
[2025-01-26T10:28:11.010+0000] {taskinstance.py:2613} INFO - Dependencies all met for dep_context=requeueable deps ti=<TaskInstance: fetch_and_store_ebooks.fetch_ebook_data scheduled__2020-05-22T00:00:00+00:00 [queued]>
[2025-01-26T10:28:11.012+0000] {taskinstance.py:2866} INFO - Starting attempt 1 of 2
[2025-01-26T10:28:11.556+0000] {taskinstance.py:2889} INFO - Executing <Task(PythonOperator): fetch_ebook_data> on 2020-05-22 00:00:00+00:00
[2025-01-26T10:28:11.609+0000] {warnings.py:112} WARNING - /home/***/.local/lib/python3.12/site-packages/***/task/task_runner/standard_task_runner.py:70: DeprecationWarning: This process (pid=6931) is multi-threaded, use of fork() may lead to deadlocks in the child.
  pid = os.fork()

[2025-01-26T10:28:11.630+0000] {standard_task_runner.py:72} INFO - Started process 6962 to run task
[2025-01-26T10:28:11.710+0000] {standard_task_runner.py:104} INFO - Running: ['***', 'tasks', 'run', 'fetch_and_store_ebooks', 'fetch_ebook_data', 'scheduled__2020-05-22T00:00:00+00:00', '--job-id', '1561', '--raw', '--subdir', 'DAGS_FOLDER/app.py', '--cfg-path', '/tmp/tmpskcj09dq']
[2025-01-26T10:28:11.764+0000] {standard_task_runner.py:105} INFO - Job 1561: Subtask fetch_ebook_data
[2025-01-26T10:28:12.743+0000] {task_command.py:467} INFO - Running <TaskInstance: fetch_and_store_ebooks.fetch_ebook_data scheduled__2020-05-22T00:00:00+00:00 [running]> on host 34edd304782d
[2025-01-26T10:28:13.996+0000] {taskinstance.py:3132} INFO - Exporting env vars: AIRFLOW_CTX_DAG_OWNER='***' AIRFLOW_CTX_DAG_ID='fetch_and_store_ebooks' AIRFLOW_CTX_TASK_ID='fetch_ebook_data' AIRFLOW_CTX_EXECUTION_DATE='2020-05-22T00:00:00+00:00' AIRFLOW_CTX_TRY_NUMBER='1' AIRFLOW_CTX_DAG_RUN_ID='scheduled__2020-05-22T00:00:00+00:00'
[2025-01-26T10:28:14.041+0000] {logging_mixin.py:190} INFO - Task instance is in running state
[2025-01-26T10:28:14.063+0000] {logging_mixin.py:190} INFO -  Previous state of the Task instance: queued
[2025-01-26T10:28:14.070+0000] {logging_mixin.py:190} INFO - Current task name:fetch_ebook_data state:running start_date:2025-01-26 10:28:10.848357+00:00
[2025-01-26T10:28:14.084+0000] {logging_mixin.py:190} INFO - Dag name:fetch_and_store_ebooks and current dag run status:running
[2025-01-26T10:28:14.105+0000] {taskinstance.py:731} INFO - ::endgroup::
[2025-01-26T10:28:27.891+0000] {python.py:240} INFO - Done. Returned value was: None
[2025-01-26T10:28:28.090+0000] {taskinstance.py:340} INFO - ::group::Post task execution logs
[2025-01-26T10:28:28.108+0000] {taskinstance.py:352} INFO - Marking task as SUCCESS. dag_id=fetch_and_store_ebooks, task_id=fetch_ebook_data, run_id=scheduled__2020-05-22T00:00:00+00:00, execution_date=20200522T000000, start_date=20250126T102810, end_date=20250126T102828
[2025-01-26T10:28:28.270+0000] {logging_mixin.py:190} INFO - Task instance in success state
[2025-01-26T10:28:28.272+0000] {logging_mixin.py:190} INFO -  Previous state of the Task instance: running
[2025-01-26T10:28:28.285+0000] {logging_mixin.py:190} INFO - Dag name:fetch_and_store_ebooks queued_at:2025-01-26 10:27:31.131663+00:00
[2025-01-26T10:28:28.299+0000] {logging_mixin.py:190} INFO - Task hostname:34edd304782d operator:PythonOperator
[2025-01-26T10:28:28.693+0000] {local_task_job_runner.py:266} INFO - Task exited with return code 0
[2025-01-26T10:28:28.761+0000] {local_task_job_runner.py:245} INFO - ::endgroup::
