[2025-01-26T10:19:29.986+0000] {local_task_job_runner.py:123} INFO - ::group::Pre task execution logs
[2025-01-26T10:19:30.213+0000] {taskinstance.py:2613} INFO - Dependencies all met for dep_context=non-requeueable deps ti=<TaskInstance: fetch_and_store_ebooks.fetch_ebook_data scheduled__2020-04-29T00:00:00+00:00 [queued]>
[2025-01-26T10:19:30.390+0000] {taskinstance.py:2613} INFO - Dependencies all met for dep_context=requeueable deps ti=<TaskInstance: fetch_and_store_ebooks.fetch_ebook_data scheduled__2020-04-29T00:00:00+00:00 [queued]>
[2025-01-26T10:19:30.393+0000] {taskinstance.py:2866} INFO - Starting attempt 1 of 2
[2025-01-26T10:19:31.280+0000] {taskinstance.py:2889} INFO - Executing <Task(PythonOperator): fetch_ebook_data> on 2020-04-29 00:00:00+00:00
[2025-01-26T10:19:31.486+0000] {warnings.py:112} WARNING - /home/***/.local/lib/python3.12/site-packages/***/task/task_runner/standard_task_runner.py:70: DeprecationWarning: This process (pid=6538) is multi-threaded, use of fork() may lead to deadlocks in the child.
  pid = os.fork()

[2025-01-26T10:19:31.519+0000] {standard_task_runner.py:72} INFO - Started process 6587 to run task
[2025-01-26T10:19:31.552+0000] {standard_task_runner.py:104} INFO - Running: ['***', 'tasks', 'run', 'fetch_and_store_ebooks', 'fetch_ebook_data', 'scheduled__2020-04-29T00:00:00+00:00', '--job-id', '1488', '--raw', '--subdir', 'DAGS_FOLDER/app.py', '--cfg-path', '/tmp/tmpsvoifl6d']
[2025-01-26T10:19:31.588+0000] {standard_task_runner.py:105} INFO - Job 1488: Subtask fetch_ebook_data
[2025-01-26T10:19:32.964+0000] {task_command.py:467} INFO - Running <TaskInstance: fetch_and_store_ebooks.fetch_ebook_data scheduled__2020-04-29T00:00:00+00:00 [running]> on host 34edd304782d
[2025-01-26T10:19:36.485+0000] {taskinstance.py:3132} INFO - Exporting env vars: AIRFLOW_CTX_DAG_OWNER='***' AIRFLOW_CTX_DAG_ID='fetch_and_store_ebooks' AIRFLOW_CTX_TASK_ID='fetch_ebook_data' AIRFLOW_CTX_EXECUTION_DATE='2020-04-29T00:00:00+00:00' AIRFLOW_CTX_TRY_NUMBER='1' AIRFLOW_CTX_DAG_RUN_ID='scheduled__2020-04-29T00:00:00+00:00'
[2025-01-26T10:19:36.535+0000] {logging_mixin.py:190} INFO - Task instance is in running state
[2025-01-26T10:19:36.551+0000] {logging_mixin.py:190} INFO -  Previous state of the Task instance: queued
[2025-01-26T10:19:36.567+0000] {logging_mixin.py:190} INFO - Current task name:fetch_ebook_data state:running start_date:2025-01-26 10:19:30.229138+00:00
[2025-01-26T10:19:36.614+0000] {logging_mixin.py:190} INFO - Dag name:fetch_and_store_ebooks and current dag run status:running
[2025-01-26T10:19:36.616+0000] {taskinstance.py:731} INFO - ::endgroup::
[2025-01-26T10:19:55.657+0000] {python.py:240} INFO - Done. Returned value was: None
[2025-01-26T10:19:56.018+0000] {taskinstance.py:340} INFO - ::group::Post task execution logs
[2025-01-26T10:19:56.065+0000] {taskinstance.py:352} INFO - Marking task as SUCCESS. dag_id=fetch_and_store_ebooks, task_id=fetch_ebook_data, run_id=scheduled__2020-04-29T00:00:00+00:00, execution_date=20200429T000000, start_date=20250126T101930, end_date=20250126T101956
[2025-01-26T10:19:57.372+0000] {logging_mixin.py:190} INFO - Task instance in success state
[2025-01-26T10:19:57.481+0000] {logging_mixin.py:190} INFO -  Previous state of the Task instance: running
[2025-01-26T10:19:57.508+0000] {logging_mixin.py:190} INFO - Dag name:fetch_and_store_ebooks queued_at:2025-01-26 10:18:29.083554+00:00
[2025-01-26T10:19:57.632+0000] {logging_mixin.py:190} INFO - Task hostname:34edd304782d operator:PythonOperator
[2025-01-26T10:19:58.183+0000] {local_task_job_runner.py:266} INFO - Task exited with return code 0
[2025-01-26T10:19:58.403+0000] {local_task_job_runner.py:245} INFO - ::endgroup::
