[2025-01-26T10:13:23.391+0000] {local_task_job_runner.py:123} INFO - ::group::Pre task execution logs
[2025-01-26T10:13:23.728+0000] {taskinstance.py:2613} INFO - Dependencies all met for dep_context=non-requeueable deps ti=<TaskInstance: fetch_and_store_ebooks.create_table scheduled__2020-04-05T00:00:00+00:00 [queued]>
[2025-01-26T10:13:23.891+0000] {taskinstance.py:2613} INFO - Dependencies all met for dep_context=requeueable deps ti=<TaskInstance: fetch_and_store_ebooks.create_table scheduled__2020-04-05T00:00:00+00:00 [queued]>
[2025-01-26T10:13:23.900+0000] {taskinstance.py:2866} INFO - Starting attempt 1 of 2
[2025-01-26T10:13:24.139+0000] {taskinstance.py:2889} INFO - Executing <Task(PostgresOperator): create_table> on 2020-04-05 00:00:00+00:00
[2025-01-26T10:13:24.224+0000] {warnings.py:112} WARNING - /home/***/.local/lib/python3.12/site-packages/***/task/task_runner/standard_task_runner.py:70: DeprecationWarning: This process (pid=6205) is multi-threaded, use of fork() may lead to deadlocks in the child.
  pid = os.fork()

[2025-01-26T10:13:24.264+0000] {standard_task_runner.py:72} INFO - Started process 6254 to run task
[2025-01-26T10:13:24.276+0000] {standard_task_runner.py:104} INFO - Running: ['***', 'tasks', 'run', 'fetch_and_store_ebooks', 'create_table', 'scheduled__2020-04-05T00:00:00+00:00', '--job-id', '1422', '--raw', '--subdir', 'DAGS_FOLDER/app.py', '--cfg-path', '/tmp/tmp3gm83o7d']
[2025-01-26T10:13:24.303+0000] {standard_task_runner.py:105} INFO - Job 1422: Subtask create_table
[2025-01-26T10:13:25.095+0000] {task_command.py:467} INFO - Running <TaskInstance: fetch_and_store_ebooks.create_table scheduled__2020-04-05T00:00:00+00:00 [running]> on host 34edd304782d
[2025-01-26T10:13:29.532+0000] {taskinstance.py:3132} INFO - Exporting env vars: AIRFLOW_CTX_DAG_OWNER='***' AIRFLOW_CTX_DAG_ID='fetch_and_store_ebooks' AIRFLOW_CTX_TASK_ID='create_table' AIRFLOW_CTX_EXECUTION_DATE='2020-04-05T00:00:00+00:00' AIRFLOW_CTX_TRY_NUMBER='1' AIRFLOW_CTX_DAG_RUN_ID='scheduled__2020-04-05T00:00:00+00:00'
[2025-01-26T10:13:29.568+0000] {logging_mixin.py:190} INFO - Task instance is in running state
[2025-01-26T10:13:29.592+0000] {logging_mixin.py:190} INFO -  Previous state of the Task instance: queued
[2025-01-26T10:13:29.622+0000] {logging_mixin.py:190} INFO - Current task name:create_table state:running start_date:2025-01-26 10:13:23.730691+00:00
[2025-01-26T10:13:29.661+0000] {logging_mixin.py:190} INFO - Dag name:fetch_and_store_ebooks and current dag run status:running
[2025-01-26T10:13:29.696+0000] {taskinstance.py:731} INFO - ::endgroup::
[2025-01-26T10:13:29.737+0000] {sql.py:278} INFO - Executing: 
    CREATE TABLE IF NOT EXISTS public.ebooks (
        id SERIAL PRIMARY KEY,
        judul TEXT NOT NULL,
        penulis TEXT,
        link TEXT
    );
    
[2025-01-26T10:13:29.820+0000] {base.py:84} INFO - Retrieving connection 'ebooks_connection'
[2025-01-26T10:13:30.157+0000] {base.py:84} INFO - Retrieving connection 'ebooks_connection'
[2025-01-26T10:13:30.784+0000] {sql.py:553} INFO - Running statement: 
    CREATE TABLE IF NOT EXISTS public.ebooks (
        id SERIAL PRIMARY KEY,
        judul TEXT NOT NULL,
        penulis TEXT,
        link TEXT
    );
    , parameters: None
[2025-01-26T10:13:31.115+0000] {taskinstance.py:340} INFO - ::group::Post task execution logs
[2025-01-26T10:13:31.138+0000] {taskinstance.py:352} INFO - Marking task as SUCCESS. dag_id=fetch_and_store_ebooks, task_id=create_table, run_id=scheduled__2020-04-05T00:00:00+00:00, execution_date=20200405T000000, start_date=20250126T101323, end_date=20250126T101331
[2025-01-26T10:13:31.310+0000] {logging_mixin.py:190} INFO - Task instance in success state
[2025-01-26T10:13:31.360+0000] {logging_mixin.py:190} INFO -  Previous state of the Task instance: running
[2025-01-26T10:13:31.389+0000] {logging_mixin.py:190} INFO - Dag name:fetch_and_store_ebooks queued_at:2025-01-26 10:11:23.399385+00:00
[2025-01-26T10:13:31.485+0000] {logging_mixin.py:190} INFO - Task hostname:34edd304782d operator:PostgresOperator
[2025-01-26T10:13:31.754+0000] {local_task_job_runner.py:266} INFO - Task exited with return code 0
[2025-01-26T10:13:32.645+0000] {taskinstance.py:3895} INFO - 1 downstream tasks scheduled from follow-on schedule check
[2025-01-26T10:13:32.742+0000] {local_task_job_runner.py:245} INFO - ::endgroup::
