[2025-01-26T10:12:25.667+0000] {local_task_job_runner.py:123} INFO - ::group::Pre task execution logs
[2025-01-26T10:12:26.015+0000] {taskinstance.py:2613} INFO - Dependencies all met for dep_context=non-requeueable deps ti=<TaskInstance: fetch_and_store_ebooks.create_table scheduled__2020-03-28T00:00:00+00:00 [queued]>
[2025-01-26T10:12:26.273+0000] {taskinstance.py:2613} INFO - Dependencies all met for dep_context=requeueable deps ti=<TaskInstance: fetch_and_store_ebooks.create_table scheduled__2020-03-28T00:00:00+00:00 [queued]>
[2025-01-26T10:12:26.292+0000] {taskinstance.py:2866} INFO - Starting attempt 1 of 2
[2025-01-26T10:12:26.994+0000] {taskinstance.py:2889} INFO - Executing <Task(PostgresOperator): create_table> on 2020-03-28 00:00:00+00:00
[2025-01-26T10:12:27.053+0000] {warnings.py:112} WARNING - /home/***/.local/lib/python3.12/site-packages/***/task/task_runner/standard_task_runner.py:70: DeprecationWarning: This process (pid=6157) is multi-threaded, use of fork() may lead to deadlocks in the child.
  pid = os.fork()

[2025-01-26T10:12:27.072+0000] {standard_task_runner.py:72} INFO - Started process 6199 to run task
[2025-01-26T10:12:27.374+0000] {standard_task_runner.py:104} INFO - Running: ['***', 'tasks', 'run', 'fetch_and_store_ebooks', 'create_table', 'scheduled__2020-03-28T00:00:00+00:00', '--job-id', '1411', '--raw', '--subdir', 'DAGS_FOLDER/app.py', '--cfg-path', '/tmp/tmplznf0nu7']
[2025-01-26T10:12:27.391+0000] {standard_task_runner.py:105} INFO - Job 1411: Subtask create_table
[2025-01-26T10:12:28.256+0000] {task_command.py:467} INFO - Running <TaskInstance: fetch_and_store_ebooks.create_table scheduled__2020-03-28T00:00:00+00:00 [running]> on host 34edd304782d
[2025-01-26T10:12:30.155+0000] {taskinstance.py:3132} INFO - Exporting env vars: AIRFLOW_CTX_DAG_OWNER='***' AIRFLOW_CTX_DAG_ID='fetch_and_store_ebooks' AIRFLOW_CTX_TASK_ID='create_table' AIRFLOW_CTX_EXECUTION_DATE='2020-03-28T00:00:00+00:00' AIRFLOW_CTX_TRY_NUMBER='1' AIRFLOW_CTX_DAG_RUN_ID='scheduled__2020-03-28T00:00:00+00:00'
[2025-01-26T10:12:30.184+0000] {logging_mixin.py:190} INFO - Task instance is in running state
[2025-01-26T10:12:30.215+0000] {logging_mixin.py:190} INFO -  Previous state of the Task instance: queued
[2025-01-26T10:12:30.228+0000] {logging_mixin.py:190} INFO - Current task name:create_table state:running start_date:2025-01-26 10:12:26.046227+00:00
[2025-01-26T10:12:30.237+0000] {logging_mixin.py:190} INFO - Dag name:fetch_and_store_ebooks and current dag run status:running
[2025-01-26T10:12:30.245+0000] {taskinstance.py:731} INFO - ::endgroup::
[2025-01-26T10:12:30.382+0000] {sql.py:278} INFO - Executing: 
    CREATE TABLE IF NOT EXISTS public.ebooks (
        id SERIAL PRIMARY KEY,
        judul TEXT NOT NULL,
        penulis TEXT,
        link TEXT
    );
    
[2025-01-26T10:12:30.567+0000] {base.py:84} INFO - Retrieving connection 'ebooks_connection'
[2025-01-26T10:12:30.665+0000] {base.py:84} INFO - Retrieving connection 'ebooks_connection'
[2025-01-26T10:12:31.131+0000] {sql.py:553} INFO - Running statement: 
    CREATE TABLE IF NOT EXISTS public.ebooks (
        id SERIAL PRIMARY KEY,
        judul TEXT NOT NULL,
        penulis TEXT,
        link TEXT
    );
    , parameters: None
[2025-01-26T10:12:31.363+0000] {taskinstance.py:340} INFO - ::group::Post task execution logs
[2025-01-26T10:12:31.395+0000] {taskinstance.py:352} INFO - Marking task as SUCCESS. dag_id=fetch_and_store_ebooks, task_id=create_table, run_id=scheduled__2020-03-28T00:00:00+00:00, execution_date=20200328T000000, start_date=20250126T101226, end_date=20250126T101231
[2025-01-26T10:12:31.773+0000] {logging_mixin.py:190} INFO - Task instance in success state
[2025-01-26T10:12:31.783+0000] {logging_mixin.py:190} INFO -  Previous state of the Task instance: running
[2025-01-26T10:12:31.803+0000] {logging_mixin.py:190} INFO - Dag name:fetch_and_store_ebooks queued_at:2025-01-26 10:10:31.113025+00:00
[2025-01-26T10:12:31.814+0000] {logging_mixin.py:190} INFO - Task hostname:34edd304782d operator:PostgresOperator
[2025-01-26T10:12:32.006+0000] {local_task_job_runner.py:266} INFO - Task exited with return code 0
[2025-01-26T10:12:32.146+0000] {standard_task_runner.py:217} INFO - Process not found (most likely exited), stop collecting metrics
[2025-01-26T10:12:32.177+0000] {local_task_job_runner.py:245} INFO - ::endgroup::
