[2025-01-26T09:33:18.396+0000] {local_task_job_runner.py:123} INFO - ::group::Pre task execution logs
[2025-01-26T09:33:18.846+0000] {taskinstance.py:2613} INFO - Dependencies all met for dep_context=non-requeueable deps ti=<TaskInstance: fetch_and_store_ebooks.create_table scheduled__2020-01-07T00:00:00+00:00 [queued]>
[2025-01-26T09:33:19.109+0000] {taskinstance.py:2613} INFO - Dependencies all met for dep_context=requeueable deps ti=<TaskInstance: fetch_and_store_ebooks.create_table scheduled__2020-01-07T00:00:00+00:00 [queued]>
[2025-01-26T09:33:19.112+0000] {taskinstance.py:2866} INFO - Starting attempt 1 of 2
[2025-01-26T09:33:19.833+0000] {taskinstance.py:2889} INFO - Executing <Task(PostgresOperator): create_table> on 2020-01-07 00:00:00+00:00
[2025-01-26T09:33:19.892+0000] {warnings.py:112} WARNING - /home/***/.local/lib/python3.12/site-packages/***/task/task_runner/standard_task_runner.py:70: DeprecationWarning: This process (pid=4735) is multi-threaded, use of fork() may lead to deadlocks in the child.
  pid = os.fork()

[2025-01-26T09:33:19.898+0000] {standard_task_runner.py:72} INFO - Started process 4768 to run task
[2025-01-26T09:33:19.912+0000] {standard_task_runner.py:104} INFO - Running: ['***', 'tasks', 'run', 'fetch_and_store_ebooks', 'create_table', 'scheduled__2020-01-07T00:00:00+00:00', '--job-id', '1139', '--raw', '--subdir', 'DAGS_FOLDER/app.py', '--cfg-path', '/tmp/tmpmprm_7nm']
[2025-01-26T09:33:19.959+0000] {standard_task_runner.py:105} INFO - Job 1139: Subtask create_table
[2025-01-26T09:33:21.346+0000] {task_command.py:467} INFO - Running <TaskInstance: fetch_and_store_ebooks.create_table scheduled__2020-01-07T00:00:00+00:00 [running]> on host 34edd304782d
[2025-01-26T09:33:23.692+0000] {taskinstance.py:3132} INFO - Exporting env vars: AIRFLOW_CTX_DAG_OWNER='***' AIRFLOW_CTX_DAG_ID='fetch_and_store_ebooks' AIRFLOW_CTX_TASK_ID='create_table' AIRFLOW_CTX_EXECUTION_DATE='2020-01-07T00:00:00+00:00' AIRFLOW_CTX_TRY_NUMBER='1' AIRFLOW_CTX_DAG_RUN_ID='scheduled__2020-01-07T00:00:00+00:00'
[2025-01-26T09:33:23.837+0000] {logging_mixin.py:190} INFO - Task instance is in running state
[2025-01-26T09:33:23.909+0000] {logging_mixin.py:190} INFO -  Previous state of the Task instance: queued
[2025-01-26T09:33:23.927+0000] {logging_mixin.py:190} INFO - Current task name:create_table state:running start_date:2025-01-26 09:33:18.941331+00:00
[2025-01-26T09:33:23.972+0000] {logging_mixin.py:190} INFO - Dag name:fetch_and_store_ebooks and current dag run status:running
[2025-01-26T09:33:24.028+0000] {taskinstance.py:731} INFO - ::endgroup::
[2025-01-26T09:33:24.074+0000] {sql.py:278} INFO - Executing: 
    CREATE TABLE IF NOT EXISTS public.ebooks (
        id SERIAL PRIMARY KEY,
        judul TEXT NOT NULL,
        penulis TEXT,
        link TEXT
    );
    
[2025-01-26T09:33:24.175+0000] {base.py:84} INFO - Retrieving connection 'ebooks_connection'
[2025-01-26T09:33:24.241+0000] {base.py:84} INFO - Retrieving connection 'ebooks_connection'
[2025-01-26T09:33:24.500+0000] {sql.py:553} INFO - Running statement: 
    CREATE TABLE IF NOT EXISTS public.ebooks (
        id SERIAL PRIMARY KEY,
        judul TEXT NOT NULL,
        penulis TEXT,
        link TEXT
    );
    , parameters: None
[2025-01-26T09:33:24.607+0000] {taskinstance.py:340} INFO - ::group::Post task execution logs
[2025-01-26T09:33:24.620+0000] {taskinstance.py:352} INFO - Marking task as SUCCESS. dag_id=fetch_and_store_ebooks, task_id=create_table, run_id=scheduled__2020-01-07T00:00:00+00:00, execution_date=20200107T000000, start_date=20250126T093318, end_date=20250126T093324
[2025-01-26T09:33:25.549+0000] {logging_mixin.py:190} INFO - Task instance in success state
[2025-01-26T09:33:25.551+0000] {logging_mixin.py:190} INFO -  Previous state of the Task instance: running
[2025-01-26T09:33:25.560+0000] {logging_mixin.py:190} INFO - Dag name:fetch_and_store_ebooks queued_at:2025-01-26 09:31:55.812803+00:00
[2025-01-26T09:33:25.564+0000] {logging_mixin.py:190} INFO - Task hostname:34edd304782d operator:PostgresOperator
[2025-01-26T09:33:26.089+0000] {local_task_job_runner.py:266} INFO - Task exited with return code 0
[2025-01-26T09:33:26.354+0000] {taskinstance.py:3895} INFO - 1 downstream tasks scheduled from follow-on schedule check
[2025-01-26T09:33:26.379+0000] {local_task_job_runner.py:245} INFO - ::endgroup::
