[2025-01-26T10:29:07.509+0000] {local_task_job_runner.py:123} INFO - ::group::Pre task execution logs
[2025-01-26T10:29:08.020+0000] {taskinstance.py:2613} INFO - Dependencies all met for dep_context=non-requeueable deps ti=<TaskInstance: fetch_and_store_ebooks.fetch_ebook_data scheduled__2020-05-25T00:00:00+00:00 [queued]>
[2025-01-26T10:29:08.319+0000] {taskinstance.py:2613} INFO - Dependencies all met for dep_context=requeueable deps ti=<TaskInstance: fetch_and_store_ebooks.fetch_ebook_data scheduled__2020-05-25T00:00:00+00:00 [queued]>
[2025-01-26T10:29:08.422+0000] {taskinstance.py:2866} INFO - Starting attempt 1 of 2
[2025-01-26T10:29:09.681+0000] {taskinstance.py:2889} INFO - Executing <Task(PythonOperator): fetch_ebook_data> on 2020-05-25 00:00:00+00:00
[2025-01-26T10:29:09.913+0000] {standard_task_runner.py:104} INFO - Running: ['***', 'tasks', 'run', 'fetch_and_store_ebooks', 'fetch_ebook_data', 'scheduled__2020-05-25T00:00:00+00:00', '--job-id', '1568', '--raw', '--subdir', 'DAGS_FOLDER/app.py', '--cfg-path', '/tmp/tmp1xh8dpc4']
[2025-01-26T10:29:10.031+0000] {standard_task_runner.py:105} INFO - Job 1568: Subtask fetch_ebook_data
[2025-01-26T10:29:09.945+0000] {warnings.py:112} WARNING - /home/***/.local/lib/python3.12/site-packages/***/task/task_runner/standard_task_runner.py:70: DeprecationWarning: This process (pid=6964) is multi-threaded, use of fork() may lead to deadlocks in the child.
  pid = os.fork()

[2025-01-26T10:29:10.111+0000] {standard_task_runner.py:72} INFO - Started process 7011 to run task
[2025-01-26T10:29:11.211+0000] {task_command.py:467} INFO - Running <TaskInstance: fetch_and_store_ebooks.fetch_ebook_data scheduled__2020-05-25T00:00:00+00:00 [running]> on host 34edd304782d
[2025-01-26T10:29:13.923+0000] {taskinstance.py:3132} INFO - Exporting env vars: AIRFLOW_CTX_DAG_OWNER='***' AIRFLOW_CTX_DAG_ID='fetch_and_store_ebooks' AIRFLOW_CTX_TASK_ID='fetch_ebook_data' AIRFLOW_CTX_EXECUTION_DATE='2020-05-25T00:00:00+00:00' AIRFLOW_CTX_TRY_NUMBER='1' AIRFLOW_CTX_DAG_RUN_ID='scheduled__2020-05-25T00:00:00+00:00'
[2025-01-26T10:29:13.967+0000] {logging_mixin.py:190} INFO - Task instance is in running state
[2025-01-26T10:29:13.986+0000] {logging_mixin.py:190} INFO -  Previous state of the Task instance: queued
[2025-01-26T10:29:14.014+0000] {logging_mixin.py:190} INFO - Current task name:fetch_ebook_data state:running start_date:2025-01-26 10:29:08.051873+00:00
[2025-01-26T10:29:14.031+0000] {logging_mixin.py:190} INFO - Dag name:fetch_and_store_ebooks and current dag run status:running
[2025-01-26T10:29:14.047+0000] {taskinstance.py:731} INFO - ::endgroup::
[2025-01-26T10:29:15.577+0000] {job.py:229} INFO - Heartbeat recovered after 11.22 seconds
[2025-01-26T10:29:29.584+0000] {python.py:240} INFO - Done. Returned value was: None
[2025-01-26T10:29:29.982+0000] {taskinstance.py:340} INFO - ::group::Post task execution logs
[2025-01-26T10:29:30.012+0000] {taskinstance.py:352} INFO - Marking task as SUCCESS. dag_id=fetch_and_store_ebooks, task_id=fetch_ebook_data, run_id=scheduled__2020-05-25T00:00:00+00:00, execution_date=20200525T000000, start_date=20250126T102908, end_date=20250126T102930
[2025-01-26T10:29:30.312+0000] {logging_mixin.py:190} INFO - Task instance in success state
[2025-01-26T10:29:30.347+0000] {logging_mixin.py:190} INFO -  Previous state of the Task instance: running
[2025-01-26T10:29:30.362+0000] {logging_mixin.py:190} INFO - Dag name:fetch_and_store_ebooks queued_at:2025-01-26 10:28:10.503149+00:00
[2025-01-26T10:29:30.431+0000] {logging_mixin.py:190} INFO - Task hostname:34edd304782d operator:PythonOperator
[2025-01-26T10:29:30.705+0000] {local_task_job_runner.py:266} INFO - Task exited with return code 0
[2025-01-26T10:29:30.921+0000] {local_task_job_runner.py:245} INFO - ::endgroup::
