[2025-01-25T16:04:36.368+0000] {local_task_job_runner.py:123} INFO - ::group::Pre task execution logs
[2025-01-25T16:04:36.466+0000] {taskinstance.py:2613} INFO - Dependencies all met for dep_context=non-requeueable deps ti=<TaskInstance: fetch_and_store_ebooks.fetch_ebook_data scheduled__2025-01-03T00:00:00+00:00 [queued]>
[2025-01-25T16:04:36.513+0000] {taskinstance.py:2613} INFO - Dependencies all met for dep_context=requeueable deps ti=<TaskInstance: fetch_and_store_ebooks.fetch_ebook_data scheduled__2025-01-03T00:00:00+00:00 [queued]>
[2025-01-25T16:04:36.542+0000] {taskinstance.py:2866} INFO - Starting attempt 1 of 2
[2025-01-25T16:04:36.756+0000] {taskinstance.py:2889} INFO - Executing <Task(PythonOperator): fetch_ebook_data> on 2025-01-03 00:00:00+00:00
[2025-01-25T16:04:36.805+0000] {warnings.py:112} WARNING - /home/***/.local/lib/python3.12/site-packages/***/task/task_runner/standard_task_runner.py:70: DeprecationWarning: This process (pid=2849) is multi-threaded, use of fork() may lead to deadlocks in the child.
  pid = os.fork()

[2025-01-25T16:04:36.825+0000] {standard_task_runner.py:72} INFO - Started process 2863 to run task
[2025-01-25T16:04:36.824+0000] {standard_task_runner.py:104} INFO - Running: ['***', 'tasks', 'run', 'fetch_and_store_ebooks', 'fetch_ebook_data', 'scheduled__2025-01-03T00:00:00+00:00', '--job-id', '385', '--raw', '--subdir', 'DAGS_FOLDER/app.py', '--cfg-path', '/tmp/tmp9m97znr9']
[2025-01-25T16:04:36.830+0000] {standard_task_runner.py:105} INFO - Job 385: Subtask fetch_ebook_data
[2025-01-25T16:04:37.131+0000] {task_command.py:467} INFO - Running <TaskInstance: fetch_and_store_ebooks.fetch_ebook_data scheduled__2025-01-03T00:00:00+00:00 [running]> on host 50ab235b552a
[2025-01-25T16:04:37.640+0000] {taskinstance.py:3132} INFO - Exporting env vars: AIRFLOW_CTX_DAG_OWNER='***' AIRFLOW_CTX_DAG_ID='fetch_and_store_ebooks' AIRFLOW_CTX_TASK_ID='fetch_ebook_data' AIRFLOW_CTX_EXECUTION_DATE='2025-01-03T00:00:00+00:00' AIRFLOW_CTX_TRY_NUMBER='1' AIRFLOW_CTX_DAG_RUN_ID='scheduled__2025-01-03T00:00:00+00:00'
[2025-01-25T16:04:37.650+0000] {logging_mixin.py:190} INFO - Task instance is in running state
[2025-01-25T16:04:37.662+0000] {logging_mixin.py:190} INFO -  Previous state of the Task instance: queued
[2025-01-25T16:04:37.666+0000] {logging_mixin.py:190} INFO - Current task name:fetch_ebook_data state:running start_date:2025-01-25 16:04:36.468473+00:00
[2025-01-25T16:04:37.668+0000] {logging_mixin.py:190} INFO - Dag name:fetch_and_store_ebooks and current dag run status:running
[2025-01-25T16:04:37.670+0000] {taskinstance.py:731} INFO - ::endgroup::
[2025-01-25T16:04:44.935+0000] {taskinstance.py:3311} ERROR - Task failed with exception
Traceback (most recent call last):
  File "/home/airflow/.local/lib/python3.12/site-packages/airflow/models/taskinstance.py", line 767, in _execute_task
    result = _execute_callable(context=context, **execute_callable_kwargs)
             ^^^^^^^^^^^^^^^^^^^^^^^^^^^^^^^^^^^^^^^^^^^^^^^^^^^^^^^^^^^^^
  File "/home/airflow/.local/lib/python3.12/site-packages/airflow/models/taskinstance.py", line 733, in _execute_callable
    return ExecutionCallableRunner(
           ^^^^^^^^^^^^^^^^^^^^^^^^
  File "/home/airflow/.local/lib/python3.12/site-packages/airflow/utils/operator_helpers.py", line 252, in run
    return self.func(*args, **kwargs)
           ^^^^^^^^^^^^^^^^^^^^^^^^^^
  File "/home/airflow/.local/lib/python3.12/site-packages/airflow/models/baseoperator.py", line 422, in wrapper
    return func(self, *args, **kwargs)
           ^^^^^^^^^^^^^^^^^^^^^^^^^^^
  File "/home/airflow/.local/lib/python3.12/site-packages/airflow/operators/python.py", line 238, in execute
    return_value = self.execute_callable()
                   ^^^^^^^^^^^^^^^^^^^^^^^
  File "/home/airflow/.local/lib/python3.12/site-packages/airflow/operators/python.py", line 256, in execute_callable
    return runner.run(*self.op_args, **self.op_kwargs)
           ^^^^^^^^^^^^^^^^^^^^^^^^^^^^^^^^^^^^^^^^^^^
  File "/home/airflow/.local/lib/python3.12/site-packages/airflow/utils/operator_helpers.py", line 252, in run
    return self.func(*args, **kwargs)
           ^^^^^^^^^^^^^^^^^^^^^^^^^^
  File "/opt/airflow/dags/app.py", line 42, in get_ebook_data
    df.drop_duplicates(subset="Title", inplace=True)
  File "/home/airflow/.local/lib/python3.12/site-packages/pandas/core/frame.py", line 6566, in drop_duplicates
    result = self[-self.duplicated(subset, keep=keep)]
                   ^^^^^^^^^^^^^^^^^^^^^^^^^^^^^^^^^^
  File "/home/airflow/.local/lib/python3.12/site-packages/pandas/core/frame.py", line 6698, in duplicated
    raise KeyError(Index(diff))
KeyError: Index(['Title'], dtype='object')
[2025-01-25T16:04:45.004+0000] {logging_mixin.py:190} INFO - Task instance in failure state
[2025-01-25T16:04:45.006+0000] {logging_mixin.py:190} INFO - Task start:2025-01-25 16:04:36.468473+00:00 end:2025-01-25 16:04:45.002356+00:00 duration:8.533883
[2025-01-25T16:04:45.007+0000] {logging_mixin.py:190} INFO - Task:<Task(PythonOperator): fetch_ebook_data> dag:<DAG: fetch_and_store_ebooks> dagrun:<DagRun fetch_and_store_ebooks @ 2025-01-03 00:00:00+00:00: scheduled__2025-01-03T00:00:00+00:00, state:running, queued_at: 2025-01-25 16:04:19.919948+00:00. externally triggered: False>
[2025-01-25T16:04:45.010+0000] {logging_mixin.py:190} INFO - Failure caused by Index(['Title'], dtype='object')
[2025-01-25T16:04:45.012+0000] {taskinstance.py:1225} INFO - Marking task as UP_FOR_RETRY. dag_id=fetch_and_store_ebooks, task_id=fetch_ebook_data, run_id=scheduled__2025-01-03T00:00:00+00:00, execution_date=20250103T000000, start_date=20250125T160436, end_date=20250125T160445
[2025-01-25T16:04:45.067+0000] {taskinstance.py:340} INFO - ::group::Post task execution logs
[2025-01-25T16:04:45.069+0000] {standard_task_runner.py:124} ERROR - Failed to execute job 385 for task fetch_ebook_data (Index(['Title'], dtype='object'); 2863)
Traceback (most recent call last):
  File "/home/airflow/.local/lib/python3.12/site-packages/airflow/task/task_runner/standard_task_runner.py", line 117, in _start_by_fork
    ret = args.func(args, dag=self.dag)
          ^^^^^^^^^^^^^^^^^^^^^^^^^^^^^
  File "/home/airflow/.local/lib/python3.12/site-packages/airflow/cli/cli_config.py", line 49, in command
    return func(*args, **kwargs)
           ^^^^^^^^^^^^^^^^^^^^^
  File "/home/airflow/.local/lib/python3.12/site-packages/airflow/utils/cli.py", line 116, in wrapper
    return f(*args, **kwargs)
           ^^^^^^^^^^^^^^^^^^
  File "/home/airflow/.local/lib/python3.12/site-packages/airflow/cli/commands/task_command.py", line 483, in task_run
    task_return_code = _run_task_by_selected_method(args, _dag, ti)
                       ^^^^^^^^^^^^^^^^^^^^^^^^^^^^^^^^^^^^^^^^^^^^
  File "/home/airflow/.local/lib/python3.12/site-packages/airflow/cli/commands/task_command.py", line 256, in _run_task_by_selected_method
    return _run_raw_task(args, ti)
           ^^^^^^^^^^^^^^^^^^^^^^^
  File "/home/airflow/.local/lib/python3.12/site-packages/airflow/cli/commands/task_command.py", line 341, in _run_raw_task
    return ti._run_raw_task(
           ^^^^^^^^^^^^^^^^^
  File "/home/airflow/.local/lib/python3.12/site-packages/airflow/utils/session.py", line 97, in wrapper
    return func(*args, session=session, **kwargs)
           ^^^^^^^^^^^^^^^^^^^^^^^^^^^^^^^^^^^^^^
  File "/home/airflow/.local/lib/python3.12/site-packages/airflow/models/taskinstance.py", line 3005, in _run_raw_task
    return _run_raw_task(
           ^^^^^^^^^^^^^^
  File "/home/airflow/.local/lib/python3.12/site-packages/airflow/models/taskinstance.py", line 273, in _run_raw_task
    TaskInstance._execute_task_with_callbacks(
  File "/home/airflow/.local/lib/python3.12/site-packages/airflow/models/taskinstance.py", line 3159, in _execute_task_with_callbacks
    result = self._execute_task(context, task_orig)
             ^^^^^^^^^^^^^^^^^^^^^^^^^^^^^^^^^^^^^^
  File "/home/airflow/.local/lib/python3.12/site-packages/airflow/models/taskinstance.py", line 3183, in _execute_task
    return _execute_task(self, context, task_orig)
           ^^^^^^^^^^^^^^^^^^^^^^^^^^^^^^^^^^^^^^^
  File "/home/airflow/.local/lib/python3.12/site-packages/airflow/models/taskinstance.py", line 767, in _execute_task
    result = _execute_callable(context=context, **execute_callable_kwargs)
             ^^^^^^^^^^^^^^^^^^^^^^^^^^^^^^^^^^^^^^^^^^^^^^^^^^^^^^^^^^^^^
  File "/home/airflow/.local/lib/python3.12/site-packages/airflow/models/taskinstance.py", line 733, in _execute_callable
    return ExecutionCallableRunner(
           ^^^^^^^^^^^^^^^^^^^^^^^^
  File "/home/airflow/.local/lib/python3.12/site-packages/airflow/utils/operator_helpers.py", line 252, in run
    return self.func(*args, **kwargs)
           ^^^^^^^^^^^^^^^^^^^^^^^^^^
  File "/home/airflow/.local/lib/python3.12/site-packages/airflow/models/baseoperator.py", line 422, in wrapper
    return func(self, *args, **kwargs)
           ^^^^^^^^^^^^^^^^^^^^^^^^^^^
  File "/home/airflow/.local/lib/python3.12/site-packages/airflow/operators/python.py", line 238, in execute
    return_value = self.execute_callable()
                   ^^^^^^^^^^^^^^^^^^^^^^^
  File "/home/airflow/.local/lib/python3.12/site-packages/airflow/operators/python.py", line 256, in execute_callable
    return runner.run(*self.op_args, **self.op_kwargs)
           ^^^^^^^^^^^^^^^^^^^^^^^^^^^^^^^^^^^^^^^^^^^
  File "/home/airflow/.local/lib/python3.12/site-packages/airflow/utils/operator_helpers.py", line 252, in run
    return self.func(*args, **kwargs)
           ^^^^^^^^^^^^^^^^^^^^^^^^^^
  File "/opt/airflow/dags/app.py", line 42, in get_ebook_data
    df.drop_duplicates(subset="Title", inplace=True)
  File "/home/airflow/.local/lib/python3.12/site-packages/pandas/core/frame.py", line 6566, in drop_duplicates
    result = self[-self.duplicated(subset, keep=keep)]
                   ^^^^^^^^^^^^^^^^^^^^^^^^^^^^^^^^^^
  File "/home/airflow/.local/lib/python3.12/site-packages/pandas/core/frame.py", line 6698, in duplicated
    raise KeyError(Index(diff))
KeyError: Index(['Title'], dtype='object')
[2025-01-25T16:04:45.132+0000] {local_task_job_runner.py:266} INFO - Task exited with return code 1
[2025-01-25T16:04:45.218+0000] {taskinstance.py:3895} INFO - 0 downstream tasks scheduled from follow-on schedule check
[2025-01-25T16:04:45.223+0000] {local_task_job_runner.py:245} INFO - ::endgroup::
[2025-01-25T17:02:30.446+0000] {local_task_job_runner.py:123} INFO - ::group::Pre task execution logs
[2025-01-25T17:02:30.777+0000] {taskinstance.py:2613} INFO - Dependencies all met for dep_context=non-requeueable deps ti=<TaskInstance: fetch_and_store_ebooks.fetch_ebook_data scheduled__2025-01-03T00:00:00+00:00 [queued]>
[2025-01-25T17:02:31.049+0000] {taskinstance.py:2613} INFO - Dependencies all met for dep_context=requeueable deps ti=<TaskInstance: fetch_and_store_ebooks.fetch_ebook_data scheduled__2025-01-03T00:00:00+00:00 [queued]>
[2025-01-25T17:02:31.107+0000] {taskinstance.py:2866} INFO - Starting attempt 1 of 2
[2025-01-25T17:02:32.404+0000] {taskinstance.py:2889} INFO - Executing <Task(PythonOperator): fetch_ebook_data> on 2025-01-03 00:00:00+00:00
[2025-01-25T17:02:32.667+0000] {warnings.py:112} WARNING - /home/***/.local/lib/python3.12/site-packages/***/task/task_runner/standard_task_runner.py:70: DeprecationWarning: This process (pid=3695) is multi-threaded, use of fork() may lead to deadlocks in the child.
  pid = os.fork()

[2025-01-25T17:02:32.748+0000] {standard_task_runner.py:72} INFO - Started process 3735 to run task
[2025-01-25T17:02:32.962+0000] {standard_task_runner.py:104} INFO - Running: ['***', 'tasks', 'run', 'fetch_and_store_ebooks', 'fetch_ebook_data', 'scheduled__2025-01-03T00:00:00+00:00', '--job-id', '445', '--raw', '--subdir', 'DAGS_FOLDER/app.py', '--cfg-path', '/tmp/tmp27jf6z7v']
[2025-01-25T17:02:32.972+0000] {standard_task_runner.py:105} INFO - Job 445: Subtask fetch_ebook_data
[2025-01-25T17:02:34.194+0000] {task_command.py:467} INFO - Running <TaskInstance: fetch_and_store_ebooks.fetch_ebook_data scheduled__2025-01-03T00:00:00+00:00 [running]> on host 50ab235b552a
[2025-01-25T17:02:37.746+0000] {taskinstance.py:3132} INFO - Exporting env vars: AIRFLOW_CTX_DAG_OWNER='***' AIRFLOW_CTX_DAG_ID='fetch_and_store_ebooks' AIRFLOW_CTX_TASK_ID='fetch_ebook_data' AIRFLOW_CTX_EXECUTION_DATE='2025-01-03T00:00:00+00:00' AIRFLOW_CTX_TRY_NUMBER='1' AIRFLOW_CTX_DAG_RUN_ID='scheduled__2025-01-03T00:00:00+00:00'
[2025-01-25T17:02:37.791+0000] {logging_mixin.py:190} INFO - Task instance is in running state
[2025-01-25T17:02:37.813+0000] {logging_mixin.py:190} INFO -  Previous state of the Task instance: queued
[2025-01-25T17:02:37.828+0000] {logging_mixin.py:190} INFO - Current task name:fetch_ebook_data state:running start_date:2025-01-25 17:02:30.780711+00:00
[2025-01-25T17:02:37.833+0000] {logging_mixin.py:190} INFO - Dag name:fetch_and_store_ebooks and current dag run status:running
[2025-01-25T17:02:37.843+0000] {taskinstance.py:731} INFO - ::endgroup::
[2025-01-25T17:03:17.908+0000] {python.py:240} INFO - Done. Returned value was: None
[2025-01-25T17:03:17.964+0000] {taskinstance.py:340} INFO - ::group::Post task execution logs
[2025-01-25T17:03:17.967+0000] {taskinstance.py:352} INFO - Marking task as SUCCESS. dag_id=fetch_and_store_ebooks, task_id=fetch_ebook_data, run_id=scheduled__2025-01-03T00:00:00+00:00, execution_date=20250103T000000, start_date=20250125T170230, end_date=20250125T170317
[2025-01-25T17:03:18.250+0000] {logging_mixin.py:190} INFO - Task instance in success state
[2025-01-25T17:03:18.256+0000] {logging_mixin.py:190} INFO -  Previous state of the Task instance: running
[2025-01-25T17:03:18.258+0000] {logging_mixin.py:190} INFO - Dag name:fetch_and_store_ebooks queued_at:2025-01-25 17:02:00.421997+00:00
[2025-01-25T17:03:18.262+0000] {logging_mixin.py:190} INFO - Task hostname:50ab235b552a operator:PythonOperator
[2025-01-25T17:03:18.367+0000] {local_task_job_runner.py:266} INFO - Task exited with return code 0
[2025-01-25T17:03:18.961+0000] {taskinstance.py:3895} INFO - 1 downstream tasks scheduled from follow-on schedule check
[2025-01-25T17:03:18.983+0000] {local_task_job_runner.py:245} INFO - ::endgroup::
[2025-01-26T06:33:59.336+0000] {local_task_job_runner.py:123} INFO - ::group::Pre task execution logs
[2025-01-26T06:33:59.626+0000] {taskinstance.py:2613} INFO - Dependencies all met for dep_context=non-requeueable deps ti=<TaskInstance: fetch_and_store_ebooks.fetch_ebook_data scheduled__2025-01-03T00:00:00+00:00 [queued]>
[2025-01-26T06:33:59.753+0000] {taskinstance.py:2613} INFO - Dependencies all met for dep_context=requeueable deps ti=<TaskInstance: fetch_and_store_ebooks.fetch_ebook_data scheduled__2025-01-03T00:00:00+00:00 [queued]>
[2025-01-26T06:33:59.755+0000] {taskinstance.py:2866} INFO - Starting attempt 1 of 2
[2025-01-26T06:34:00.053+0000] {taskinstance.py:2889} INFO - Executing <Task(PythonOperator): fetch_ebook_data> on 2025-01-03 00:00:00+00:00
[2025-01-26T06:34:00.232+0000] {warnings.py:112} WARNING - /home/***/.local/lib/python3.12/site-packages/***/task/task_runner/standard_task_runner.py:70: DeprecationWarning: This process (pid=372) is multi-threaded, use of fork() may lead to deadlocks in the child.
  pid = os.fork()

[2025-01-26T06:34:00.246+0000] {standard_task_runner.py:72} INFO - Started process 404 to run task
[2025-01-26T06:34:00.246+0000] {standard_task_runner.py:104} INFO - Running: ['***', 'tasks', 'run', 'fetch_and_store_ebooks', 'fetch_ebook_data', 'scheduled__2025-01-03T00:00:00+00:00', '--job-id', '535', '--raw', '--subdir', 'DAGS_FOLDER/app.py', '--cfg-path', '/tmp/tmpms1brvy6']
[2025-01-26T06:34:00.308+0000] {standard_task_runner.py:105} INFO - Job 535: Subtask fetch_ebook_data
[2025-01-26T06:34:01.004+0000] {task_command.py:467} INFO - Running <TaskInstance: fetch_and_store_ebooks.fetch_ebook_data scheduled__2025-01-03T00:00:00+00:00 [running]> on host 34edd304782d
[2025-01-26T06:34:03.749+0000] {taskinstance.py:3132} INFO - Exporting env vars: AIRFLOW_CTX_DAG_OWNER='***' AIRFLOW_CTX_DAG_ID='fetch_and_store_ebooks' AIRFLOW_CTX_TASK_ID='fetch_ebook_data' AIRFLOW_CTX_EXECUTION_DATE='2025-01-03T00:00:00+00:00' AIRFLOW_CTX_TRY_NUMBER='1' AIRFLOW_CTX_DAG_RUN_ID='scheduled__2025-01-03T00:00:00+00:00'
[2025-01-26T06:34:03.768+0000] {logging_mixin.py:190} INFO - Task instance is in running state
[2025-01-26T06:34:03.822+0000] {logging_mixin.py:190} INFO -  Previous state of the Task instance: queued
[2025-01-26T06:34:03.826+0000] {logging_mixin.py:190} INFO - Current task name:fetch_ebook_data state:running start_date:2025-01-26 06:33:59.641878+00:00
[2025-01-26T06:34:03.842+0000] {logging_mixin.py:190} INFO - Dag name:fetch_and_store_ebooks and current dag run status:running
[2025-01-26T06:34:03.863+0000] {taskinstance.py:731} INFO - ::endgroup::
[2025-01-26T06:34:18.329+0000] {python.py:240} INFO - Done. Returned value was: None
[2025-01-26T06:34:18.412+0000] {taskinstance.py:340} INFO - ::group::Post task execution logs
[2025-01-26T06:34:18.418+0000] {taskinstance.py:352} INFO - Marking task as SUCCESS. dag_id=fetch_and_store_ebooks, task_id=fetch_ebook_data, run_id=scheduled__2025-01-03T00:00:00+00:00, execution_date=20250103T000000, start_date=20250126T063359, end_date=20250126T063418
[2025-01-26T06:34:18.506+0000] {logging_mixin.py:190} INFO - Task instance in success state
[2025-01-26T06:34:18.515+0000] {logging_mixin.py:190} INFO -  Previous state of the Task instance: running
[2025-01-26T06:34:18.520+0000] {logging_mixin.py:190} INFO - Dag name:fetch_and_store_ebooks queued_at:2025-01-26 06:33:29.287394+00:00
[2025-01-26T06:34:18.530+0000] {logging_mixin.py:190} INFO - Task hostname:34edd304782d operator:PythonOperator
[2025-01-26T06:34:18.692+0000] {local_task_job_runner.py:266} INFO - Task exited with return code 0
[2025-01-26T06:34:18.815+0000] {local_task_job_runner.py:245} INFO - ::endgroup::
[2025-01-26T07:21:55.006+0000] {local_task_job_runner.py:123} INFO - ::group::Pre task execution logs
[2025-01-26T07:21:55.312+0000] {taskinstance.py:2613} INFO - Dependencies all met for dep_context=non-requeueable deps ti=<TaskInstance: fetch_and_store_ebooks.fetch_ebook_data scheduled__2025-01-03T00:00:00+00:00 [queued]>
[2025-01-26T07:21:55.454+0000] {taskinstance.py:2613} INFO - Dependencies all met for dep_context=requeueable deps ti=<TaskInstance: fetch_and_store_ebooks.fetch_ebook_data scheduled__2025-01-03T00:00:00+00:00 [queued]>
[2025-01-26T07:21:55.461+0000] {taskinstance.py:2866} INFO - Starting attempt 1 of 2
[2025-01-26T07:21:55.896+0000] {taskinstance.py:2889} INFO - Executing <Task(PythonOperator): fetch_ebook_data> on 2025-01-03 00:00:00+00:00
[2025-01-26T07:21:55.920+0000] {warnings.py:112} WARNING - /home/***/.local/lib/python3.12/site-packages/***/task/task_runner/standard_task_runner.py:70: DeprecationWarning: This process (pid=1208) is multi-threaded, use of fork() may lead to deadlocks in the child.
  pid = os.fork()

[2025-01-26T07:21:55.939+0000] {standard_task_runner.py:72} INFO - Started process 1247 to run task
[2025-01-26T07:21:55.984+0000] {standard_task_runner.py:104} INFO - Running: ['***', 'tasks', 'run', 'fetch_and_store_ebooks', 'fetch_ebook_data', 'scheduled__2025-01-03T00:00:00+00:00', '--job-id', '619', '--raw', '--subdir', 'DAGS_FOLDER/app.py', '--cfg-path', '/tmp/tmpp5d38pnc']
[2025-01-26T07:21:56.009+0000] {standard_task_runner.py:105} INFO - Job 619: Subtask fetch_ebook_data
[2025-01-26T07:21:56.669+0000] {task_command.py:467} INFO - Running <TaskInstance: fetch_and_store_ebooks.fetch_ebook_data scheduled__2025-01-03T00:00:00+00:00 [running]> on host 34edd304782d
[2025-01-26T07:21:57.950+0000] {taskinstance.py:3132} INFO - Exporting env vars: AIRFLOW_CTX_DAG_OWNER='***' AIRFLOW_CTX_DAG_ID='fetch_and_store_ebooks' AIRFLOW_CTX_TASK_ID='fetch_ebook_data' AIRFLOW_CTX_EXECUTION_DATE='2025-01-03T00:00:00+00:00' AIRFLOW_CTX_TRY_NUMBER='1' AIRFLOW_CTX_DAG_RUN_ID='scheduled__2025-01-03T00:00:00+00:00'
[2025-01-26T07:21:57.956+0000] {logging_mixin.py:190} INFO - Task instance is in running state
[2025-01-26T07:21:57.958+0000] {logging_mixin.py:190} INFO -  Previous state of the Task instance: queued
[2025-01-26T07:21:57.965+0000] {logging_mixin.py:190} INFO - Current task name:fetch_ebook_data state:running start_date:2025-01-26 07:21:55.338402+00:00
[2025-01-26T07:21:57.967+0000] {logging_mixin.py:190} INFO - Dag name:fetch_and_store_ebooks and current dag run status:running
[2025-01-26T07:21:57.971+0000] {taskinstance.py:731} INFO - ::endgroup::
[2025-01-26T07:22:07.811+0000] {python.py:240} INFO - Done. Returned value was: None
[2025-01-26T07:22:07.901+0000] {taskinstance.py:340} INFO - ::group::Post task execution logs
[2025-01-26T07:22:07.905+0000] {taskinstance.py:352} INFO - Marking task as SUCCESS. dag_id=fetch_and_store_ebooks, task_id=fetch_ebook_data, run_id=scheduled__2025-01-03T00:00:00+00:00, execution_date=20250103T000000, start_date=20250126T072155, end_date=20250126T072207
[2025-01-26T07:22:08.222+0000] {logging_mixin.py:190} INFO - Task instance in success state
[2025-01-26T07:22:08.235+0000] {logging_mixin.py:190} INFO -  Previous state of the Task instance: running
[2025-01-26T07:22:08.255+0000] {logging_mixin.py:190} INFO - Dag name:fetch_and_store_ebooks queued_at:2025-01-26 07:21:27.923177+00:00
[2025-01-26T07:22:08.271+0000] {logging_mixin.py:190} INFO - Task hostname:34edd304782d operator:PythonOperator
[2025-01-26T07:22:08.469+0000] {local_task_job_runner.py:266} INFO - Task exited with return code 0
[2025-01-26T07:22:08.811+0000] {taskinstance.py:3895} INFO - 1 downstream tasks scheduled from follow-on schedule check
[2025-01-26T07:22:08.830+0000] {local_task_job_runner.py:245} INFO - ::endgroup::
[2025-01-26T07:47:22.588+0000] {local_task_job_runner.py:123} INFO - ::group::Pre task execution logs
[2025-01-26T07:47:23.022+0000] {taskinstance.py:2613} INFO - Dependencies all met for dep_context=non-requeueable deps ti=<TaskInstance: fetch_and_store_ebooks.fetch_ebook_data scheduled__2025-01-03T00:00:00+00:00 [queued]>
[2025-01-26T07:47:23.218+0000] {taskinstance.py:2613} INFO - Dependencies all met for dep_context=requeueable deps ti=<TaskInstance: fetch_and_store_ebooks.fetch_ebook_data scheduled__2025-01-03T00:00:00+00:00 [queued]>
[2025-01-26T07:47:23.244+0000] {taskinstance.py:2866} INFO - Starting attempt 1 of 2
[2025-01-26T07:47:25.102+0000] {taskinstance.py:2889} INFO - Executing <Task(PythonOperator): fetch_ebook_data> on 2025-01-03 00:00:00+00:00
[2025-01-26T07:47:25.182+0000] {warnings.py:112} WARNING - /home/***/.local/lib/python3.12/site-packages/***/task/task_runner/standard_task_runner.py:70: DeprecationWarning: This process (pid=1881) is multi-threaded, use of fork() may lead to deadlocks in the child.
  pid = os.fork()

[2025-01-26T07:47:25.212+0000] {standard_task_runner.py:72} INFO - Started process 1922 to run task
[2025-01-26T07:47:25.202+0000] {standard_task_runner.py:104} INFO - Running: ['***', 'tasks', 'run', 'fetch_and_store_ebooks', 'fetch_ebook_data', 'scheduled__2025-01-03T00:00:00+00:00', '--job-id', '713', '--raw', '--subdir', 'DAGS_FOLDER/app.py', '--cfg-path', '/tmp/tmpru554eyy']
[2025-01-26T07:47:25.257+0000] {standard_task_runner.py:105} INFO - Job 713: Subtask fetch_ebook_data
[2025-01-26T07:47:26.110+0000] {task_command.py:467} INFO - Running <TaskInstance: fetch_and_store_ebooks.fetch_ebook_data scheduled__2025-01-03T00:00:00+00:00 [running]> on host 34edd304782d
[2025-01-26T07:47:26.994+0000] {taskinstance.py:3132} INFO - Exporting env vars: AIRFLOW_CTX_DAG_OWNER='***' AIRFLOW_CTX_DAG_ID='fetch_and_store_ebooks' AIRFLOW_CTX_TASK_ID='fetch_ebook_data' AIRFLOW_CTX_EXECUTION_DATE='2025-01-03T00:00:00+00:00' AIRFLOW_CTX_TRY_NUMBER='1' AIRFLOW_CTX_DAG_RUN_ID='scheduled__2025-01-03T00:00:00+00:00'
[2025-01-26T07:47:27.016+0000] {logging_mixin.py:190} INFO - Task instance is in running state
[2025-01-26T07:47:27.033+0000] {logging_mixin.py:190} INFO -  Previous state of the Task instance: queued
[2025-01-26T07:47:27.036+0000] {logging_mixin.py:190} INFO - Current task name:fetch_ebook_data state:running start_date:2025-01-26 07:47:23.134909+00:00
[2025-01-26T07:47:27.040+0000] {logging_mixin.py:190} INFO - Dag name:fetch_and_store_ebooks and current dag run status:running
[2025-01-26T07:47:27.054+0000] {taskinstance.py:731} INFO - ::endgroup::
[2025-01-26T07:47:35.495+0000] {python.py:240} INFO - Done. Returned value was: None
[2025-01-26T07:47:35.569+0000] {taskinstance.py:340} INFO - ::group::Post task execution logs
[2025-01-26T07:47:35.584+0000] {taskinstance.py:352} INFO - Marking task as SUCCESS. dag_id=fetch_and_store_ebooks, task_id=fetch_ebook_data, run_id=scheduled__2025-01-03T00:00:00+00:00, execution_date=20250103T000000, start_date=20250126T074723, end_date=20250126T074735
[2025-01-26T07:47:35.695+0000] {logging_mixin.py:190} INFO - Task instance in success state
[2025-01-26T07:47:35.708+0000] {logging_mixin.py:190} INFO -  Previous state of the Task instance: running
[2025-01-26T07:47:35.715+0000] {logging_mixin.py:190} INFO - Dag name:fetch_and_store_ebooks queued_at:2025-01-26 07:46:49.343103+00:00
[2025-01-26T07:47:35.735+0000] {logging_mixin.py:190} INFO - Task hostname:34edd304782d operator:PythonOperator
[2025-01-26T07:47:35.808+0000] {local_task_job_runner.py:266} INFO - Task exited with return code 0
[2025-01-26T07:47:36.187+0000] {taskinstance.py:3895} INFO - 1 downstream tasks scheduled from follow-on schedule check
[2025-01-26T07:47:36.248+0000] {local_task_job_runner.py:245} INFO - ::endgroup::
[2025-01-26T08:51:21.839+0000] {local_task_job_runner.py:123} INFO - ::group::Pre task execution logs
[2025-01-26T08:51:22.079+0000] {taskinstance.py:2613} INFO - Dependencies all met for dep_context=non-requeueable deps ti=<TaskInstance: fetch_and_store_ebooks.fetch_ebook_data scheduled__2025-01-03T00:00:00+00:00 [queued]>
[2025-01-26T08:51:22.180+0000] {taskinstance.py:2613} INFO - Dependencies all met for dep_context=requeueable deps ti=<TaskInstance: fetch_and_store_ebooks.fetch_ebook_data scheduled__2025-01-03T00:00:00+00:00 [queued]>
[2025-01-26T08:51:22.182+0000] {taskinstance.py:2866} INFO - Starting attempt 1 of 2
[2025-01-26T08:51:24.381+0000] {taskinstance.py:2889} INFO - Executing <Task(PythonOperator): fetch_ebook_data> on 2025-01-03 00:00:00+00:00
[2025-01-26T08:51:24.443+0000] {warnings.py:112} WARNING - /home/***/.local/lib/python3.12/site-packages/***/task/task_runner/standard_task_runner.py:70: DeprecationWarning: This process (pid=3187) is multi-threaded, use of fork() may lead to deadlocks in the child.
  pid = os.fork()

[2025-01-26T08:51:24.462+0000] {standard_task_runner.py:104} INFO - Running: ['***', 'tasks', 'run', 'fetch_and_store_ebooks', 'fetch_ebook_data', 'scheduled__2025-01-03T00:00:00+00:00', '--job-id', '870', '--raw', '--subdir', 'DAGS_FOLDER/app.py', '--cfg-path', '/tmp/tmpty8ihyse']
[2025-01-26T08:51:24.489+0000] {standard_task_runner.py:72} INFO - Started process 3223 to run task
[2025-01-26T08:51:24.490+0000] {standard_task_runner.py:105} INFO - Job 870: Subtask fetch_ebook_data
[2025-01-26T08:51:24.972+0000] {task_command.py:467} INFO - Running <TaskInstance: fetch_and_store_ebooks.fetch_ebook_data scheduled__2025-01-03T00:00:00+00:00 [running]> on host 34edd304782d
[2025-01-26T08:51:26.219+0000] {taskinstance.py:3132} INFO - Exporting env vars: AIRFLOW_CTX_DAG_OWNER='***' AIRFLOW_CTX_DAG_ID='fetch_and_store_ebooks' AIRFLOW_CTX_TASK_ID='fetch_ebook_data' AIRFLOW_CTX_EXECUTION_DATE='2025-01-03T00:00:00+00:00' AIRFLOW_CTX_TRY_NUMBER='1' AIRFLOW_CTX_DAG_RUN_ID='scheduled__2025-01-03T00:00:00+00:00'
[2025-01-26T08:51:26.238+0000] {logging_mixin.py:190} INFO - Task instance is in running state
[2025-01-26T08:51:26.241+0000] {logging_mixin.py:190} INFO -  Previous state of the Task instance: queued
[2025-01-26T08:51:26.243+0000] {logging_mixin.py:190} INFO - Current task name:fetch_ebook_data state:running start_date:2025-01-26 08:51:22.082359+00:00
[2025-01-26T08:51:26.246+0000] {logging_mixin.py:190} INFO - Dag name:fetch_and_store_ebooks and current dag run status:running
[2025-01-26T08:51:26.248+0000] {taskinstance.py:731} INFO - ::endgroup::
[2025-01-26T08:51:35.683+0000] {python.py:240} INFO - Done. Returned value was: None
[2025-01-26T08:51:35.768+0000] {taskinstance.py:340} INFO - ::group::Post task execution logs
[2025-01-26T08:51:35.780+0000] {taskinstance.py:352} INFO - Marking task as SUCCESS. dag_id=fetch_and_store_ebooks, task_id=fetch_ebook_data, run_id=scheduled__2025-01-03T00:00:00+00:00, execution_date=20250103T000000, start_date=20250126T085122, end_date=20250126T085135
[2025-01-26T08:51:36.647+0000] {logging_mixin.py:190} INFO - Task instance in success state
[2025-01-26T08:51:36.664+0000] {logging_mixin.py:190} INFO -  Previous state of the Task instance: running
[2025-01-26T08:51:36.679+0000] {logging_mixin.py:190} INFO - Dag name:fetch_and_store_ebooks queued_at:2025-01-26 08:50:51.445053+00:00
[2025-01-26T08:51:36.691+0000] {logging_mixin.py:190} INFO - Task hostname:34edd304782d operator:PythonOperator
[2025-01-26T08:51:36.809+0000] {local_task_job_runner.py:266} INFO - Task exited with return code 0
[2025-01-26T08:51:36.904+0000] {local_task_job_runner.py:245} INFO - ::endgroup::
[2025-01-26T08:58:16.490+0000] {local_task_job_runner.py:123} INFO - ::group::Pre task execution logs
[2025-01-26T08:58:16.970+0000] {taskinstance.py:2613} INFO - Dependencies all met for dep_context=non-requeueable deps ti=<TaskInstance: fetch_and_store_ebooks.fetch_ebook_data scheduled__2025-01-03T00:00:00+00:00 [queued]>
[2025-01-26T08:58:17.113+0000] {taskinstance.py:2613} INFO - Dependencies all met for dep_context=requeueable deps ti=<TaskInstance: fetch_and_store_ebooks.fetch_ebook_data scheduled__2025-01-03T00:00:00+00:00 [queued]>
[2025-01-26T08:58:17.132+0000] {taskinstance.py:2866} INFO - Starting attempt 1 of 2
[2025-01-26T08:58:17.578+0000] {taskinstance.py:2889} INFO - Executing <Task(PythonOperator): fetch_ebook_data> on 2025-01-03 00:00:00+00:00
[2025-01-26T08:58:17.634+0000] {warnings.py:112} WARNING - /home/***/.local/lib/python3.12/site-packages/***/task/task_runner/standard_task_runner.py:70: DeprecationWarning: This process (pid=3389) is multi-threaded, use of fork() may lead to deadlocks in the child.
  pid = os.fork()

[2025-01-26T08:58:17.692+0000] {standard_task_runner.py:72} INFO - Started process 3429 to run task
[2025-01-26T08:58:17.732+0000] {standard_task_runner.py:104} INFO - Running: ['***', 'tasks', 'run', 'fetch_and_store_ebooks', 'fetch_ebook_data', 'scheduled__2025-01-03T00:00:00+00:00', '--job-id', '904', '--raw', '--subdir', 'DAGS_FOLDER/app.py', '--cfg-path', '/tmp/tmp_46dgayj']
[2025-01-26T08:58:17.763+0000] {standard_task_runner.py:105} INFO - Job 904: Subtask fetch_ebook_data
[2025-01-26T08:58:18.738+0000] {task_command.py:467} INFO - Running <TaskInstance: fetch_and_store_ebooks.fetch_ebook_data scheduled__2025-01-03T00:00:00+00:00 [running]> on host 34edd304782d
[2025-01-26T08:58:20.073+0000] {taskinstance.py:3132} INFO - Exporting env vars: AIRFLOW_CTX_DAG_OWNER='***' AIRFLOW_CTX_DAG_ID='fetch_and_store_ebooks' AIRFLOW_CTX_TASK_ID='fetch_ebook_data' AIRFLOW_CTX_EXECUTION_DATE='2025-01-03T00:00:00+00:00' AIRFLOW_CTX_TRY_NUMBER='1' AIRFLOW_CTX_DAG_RUN_ID='scheduled__2025-01-03T00:00:00+00:00'
[2025-01-26T08:58:20.104+0000] {logging_mixin.py:190} INFO - Task instance is in running state
[2025-01-26T08:58:20.131+0000] {logging_mixin.py:190} INFO -  Previous state of the Task instance: queued
[2025-01-26T08:58:20.139+0000] {logging_mixin.py:190} INFO - Current task name:fetch_ebook_data state:running start_date:2025-01-26 08:58:16.994463+00:00
[2025-01-26T08:58:20.152+0000] {logging_mixin.py:190} INFO - Dag name:fetch_and_store_ebooks and current dag run status:running
[2025-01-26T08:58:20.163+0000] {taskinstance.py:731} INFO - ::endgroup::
[2025-01-26T08:58:31.049+0000] {python.py:240} INFO - Done. Returned value was: None
[2025-01-26T08:58:31.141+0000] {taskinstance.py:340} INFO - ::group::Post task execution logs
[2025-01-26T08:58:31.187+0000] {taskinstance.py:352} INFO - Marking task as SUCCESS. dag_id=fetch_and_store_ebooks, task_id=fetch_ebook_data, run_id=scheduled__2025-01-03T00:00:00+00:00, execution_date=20250103T000000, start_date=20250126T085816, end_date=20250126T085831
[2025-01-26T08:58:32.263+0000] {logging_mixin.py:190} INFO - Task instance in success state
[2025-01-26T08:58:32.273+0000] {logging_mixin.py:190} INFO -  Previous state of the Task instance: running
[2025-01-26T08:58:32.277+0000] {logging_mixin.py:190} INFO - Dag name:fetch_and_store_ebooks queued_at:2025-01-26 08:57:45.063705+00:00
[2025-01-26T08:58:32.278+0000] {logging_mixin.py:190} INFO - Task hostname:34edd304782d operator:PythonOperator
[2025-01-26T08:58:32.393+0000] {local_task_job_runner.py:266} INFO - Task exited with return code 0
[2025-01-26T08:58:32.722+0000] {taskinstance.py:3895} INFO - 1 downstream tasks scheduled from follow-on schedule check
[2025-01-26T08:58:32.765+0000] {standard_task_runner.py:217} INFO - Process not found (most likely exited), stop collecting metrics
[2025-01-26T08:58:32.786+0000] {local_task_job_runner.py:245} INFO - ::endgroup::
[2025-01-26T09:05:21.351+0000] {local_task_job_runner.py:123} INFO - ::group::Pre task execution logs
[2025-01-26T09:05:21.566+0000] {taskinstance.py:2613} INFO - Dependencies all met for dep_context=non-requeueable deps ti=<TaskInstance: fetch_and_store_ebooks.fetch_ebook_data scheduled__2025-01-03T00:00:00+00:00 [queued]>
[2025-01-26T09:05:21.800+0000] {taskinstance.py:2613} INFO - Dependencies all met for dep_context=requeueable deps ti=<TaskInstance: fetch_and_store_ebooks.fetch_ebook_data scheduled__2025-01-03T00:00:00+00:00 [queued]>
[2025-01-26T09:05:21.809+0000] {taskinstance.py:2866} INFO - Starting attempt 1 of 2
[2025-01-26T09:05:23.993+0000] {taskinstance.py:2889} INFO - Executing <Task(PythonOperator): fetch_ebook_data> on 2025-01-03 00:00:00+00:00
[2025-01-26T09:05:24.031+0000] {warnings.py:112} WARNING - /home/***/.local/lib/python3.12/site-packages/***/task/task_runner/standard_task_runner.py:70: DeprecationWarning: This process (pid=3594) is multi-threaded, use of fork() may lead to deadlocks in the child.
  pid = os.fork()

[2025-01-26T09:05:24.040+0000] {standard_task_runner.py:72} INFO - Started process 3624 to run task
[2025-01-26T09:05:24.106+0000] {standard_task_runner.py:104} INFO - Running: ['***', 'tasks', 'run', 'fetch_and_store_ebooks', 'fetch_ebook_data', 'scheduled__2025-01-03T00:00:00+00:00', '--job-id', '934', '--raw', '--subdir', 'DAGS_FOLDER/app.py', '--cfg-path', '/tmp/tmptuxcdkzo']
[2025-01-26T09:05:24.141+0000] {standard_task_runner.py:105} INFO - Job 934: Subtask fetch_ebook_data
[2025-01-26T09:05:25.186+0000] {task_command.py:467} INFO - Running <TaskInstance: fetch_and_store_ebooks.fetch_ebook_data scheduled__2025-01-03T00:00:00+00:00 [running]> on host 34edd304782d
[2025-01-26T09:05:26.057+0000] {taskinstance.py:3132} INFO - Exporting env vars: AIRFLOW_CTX_DAG_OWNER='***' AIRFLOW_CTX_DAG_ID='fetch_and_store_ebooks' AIRFLOW_CTX_TASK_ID='fetch_ebook_data' AIRFLOW_CTX_EXECUTION_DATE='2025-01-03T00:00:00+00:00' AIRFLOW_CTX_TRY_NUMBER='1' AIRFLOW_CTX_DAG_RUN_ID='scheduled__2025-01-03T00:00:00+00:00'
[2025-01-26T09:05:26.090+0000] {logging_mixin.py:190} INFO - Task instance is in running state
[2025-01-26T09:05:26.098+0000] {logging_mixin.py:190} INFO -  Previous state of the Task instance: queued
[2025-01-26T09:05:26.102+0000] {logging_mixin.py:190} INFO - Current task name:fetch_ebook_data state:running start_date:2025-01-26 09:05:21.609475+00:00
[2025-01-26T09:05:26.104+0000] {logging_mixin.py:190} INFO - Dag name:fetch_and_store_ebooks and current dag run status:running
[2025-01-26T09:05:26.109+0000] {taskinstance.py:731} INFO - ::endgroup::
[2025-01-26T09:05:37.316+0000] {python.py:240} INFO - Done. Returned value was: None
[2025-01-26T09:05:37.866+0000] {taskinstance.py:340} INFO - ::group::Post task execution logs
[2025-01-26T09:05:37.927+0000] {taskinstance.py:352} INFO - Marking task as SUCCESS. dag_id=fetch_and_store_ebooks, task_id=fetch_ebook_data, run_id=scheduled__2025-01-03T00:00:00+00:00, execution_date=20250103T000000, start_date=20250126T090521, end_date=20250126T090537
[2025-01-26T09:05:38.210+0000] {logging_mixin.py:190} INFO - Task instance in success state
[2025-01-26T09:05:38.215+0000] {logging_mixin.py:190} INFO -  Previous state of the Task instance: running
[2025-01-26T09:05:38.280+0000] {logging_mixin.py:190} INFO - Dag name:fetch_and_store_ebooks queued_at:2025-01-26 09:04:51.807088+00:00
[2025-01-26T09:05:38.307+0000] {logging_mixin.py:190} INFO - Task hostname:34edd304782d operator:PythonOperator
[2025-01-26T09:05:38.529+0000] {local_task_job_runner.py:266} INFO - Task exited with return code 0
[2025-01-26T09:05:39.009+0000] {taskinstance.py:3895} INFO - 1 downstream tasks scheduled from follow-on schedule check
[2025-01-26T09:05:39.076+0000] {local_task_job_runner.py:245} INFO - ::endgroup::
[2025-01-26T09:05:39.249+0000] {standard_task_runner.py:217} INFO - Process not found (most likely exited), stop collecting metrics
[2025-01-26T09:16:09.728+0000] {local_task_job_runner.py:123} INFO - ::group::Pre task execution logs
[2025-01-26T09:16:09.940+0000] {taskinstance.py:2613} INFO - Dependencies all met for dep_context=non-requeueable deps ti=<TaskInstance: fetch_and_store_ebooks.fetch_ebook_data scheduled__2025-01-03T00:00:00+00:00 [queued]>
[2025-01-26T09:16:10.103+0000] {taskinstance.py:2613} INFO - Dependencies all met for dep_context=requeueable deps ti=<TaskInstance: fetch_and_store_ebooks.fetch_ebook_data scheduled__2025-01-03T00:00:00+00:00 [queued]>
[2025-01-26T09:16:10.108+0000] {taskinstance.py:2866} INFO - Starting attempt 1 of 2
[2025-01-26T09:16:10.341+0000] {taskinstance.py:2889} INFO - Executing <Task(PythonOperator): fetch_ebook_data> on 2025-01-03 00:00:00+00:00
[2025-01-26T09:16:10.426+0000] {warnings.py:112} WARNING - /home/***/.local/lib/python3.12/site-packages/***/task/task_runner/standard_task_runner.py:70: DeprecationWarning: This process (pid=4000) is multi-threaded, use of fork() may lead to deadlocks in the child.
  pid = os.fork()

[2025-01-26T09:16:10.451+0000] {standard_task_runner.py:72} INFO - Started process 4032 to run task
[2025-01-26T09:16:10.496+0000] {standard_task_runner.py:104} INFO - Running: ['***', 'tasks', 'run', 'fetch_and_store_ebooks', 'fetch_ebook_data', 'scheduled__2025-01-03T00:00:00+00:00', '--job-id', '1004', '--raw', '--subdir', 'DAGS_FOLDER/app.py', '--cfg-path', '/tmp/tmpxmrz8cbk']
[2025-01-26T09:16:10.510+0000] {standard_task_runner.py:105} INFO - Job 1004: Subtask fetch_ebook_data
[2025-01-26T09:16:11.064+0000] {task_command.py:467} INFO - Running <TaskInstance: fetch_and_store_ebooks.fetch_ebook_data scheduled__2025-01-03T00:00:00+00:00 [running]> on host 34edd304782d
[2025-01-26T09:16:12.054+0000] {taskinstance.py:3132} INFO - Exporting env vars: AIRFLOW_CTX_DAG_OWNER='***' AIRFLOW_CTX_DAG_ID='fetch_and_store_ebooks' AIRFLOW_CTX_TASK_ID='fetch_ebook_data' AIRFLOW_CTX_EXECUTION_DATE='2025-01-03T00:00:00+00:00' AIRFLOW_CTX_TRY_NUMBER='1' AIRFLOW_CTX_DAG_RUN_ID='scheduled__2025-01-03T00:00:00+00:00'
[2025-01-26T09:16:12.066+0000] {logging_mixin.py:190} INFO - Task instance is in running state
[2025-01-26T09:16:12.069+0000] {logging_mixin.py:190} INFO -  Previous state of the Task instance: queued
[2025-01-26T09:16:12.071+0000] {logging_mixin.py:190} INFO - Current task name:fetch_ebook_data state:running start_date:2025-01-26 09:16:09.949617+00:00
[2025-01-26T09:16:12.082+0000] {logging_mixin.py:190} INFO - Dag name:fetch_and_store_ebooks and current dag run status:running
[2025-01-26T09:16:12.092+0000] {taskinstance.py:731} INFO - ::endgroup::
[2025-01-26T09:16:24.038+0000] {python.py:240} INFO - Done. Returned value was: None
[2025-01-26T09:16:24.142+0000] {taskinstance.py:340} INFO - ::group::Post task execution logs
[2025-01-26T09:16:24.202+0000] {taskinstance.py:352} INFO - Marking task as SUCCESS. dag_id=fetch_and_store_ebooks, task_id=fetch_ebook_data, run_id=scheduled__2025-01-03T00:00:00+00:00, execution_date=20250103T000000, start_date=20250126T091609, end_date=20250126T091624
[2025-01-26T09:16:24.523+0000] {logging_mixin.py:190} INFO - Task instance in success state
[2025-01-26T09:16:24.543+0000] {logging_mixin.py:190} INFO -  Previous state of the Task instance: running
[2025-01-26T09:16:24.546+0000] {logging_mixin.py:190} INFO - Dag name:fetch_and_store_ebooks queued_at:2025-01-26 09:15:43.291133+00:00
[2025-01-26T09:16:24.547+0000] {logging_mixin.py:190} INFO - Task hostname:34edd304782d operator:PythonOperator
[2025-01-26T09:16:24.702+0000] {local_task_job_runner.py:266} INFO - Task exited with return code 0
[2025-01-26T09:16:25.343+0000] {taskinstance.py:3895} INFO - 1 downstream tasks scheduled from follow-on schedule check
[2025-01-26T09:16:25.389+0000] {local_task_job_runner.py:245} INFO - ::endgroup::
[2025-01-26T09:16:25.488+0000] {standard_task_runner.py:217} INFO - Process not found (most likely exited), stop collecting metrics
[2025-01-26T09:26:45.136+0000] {local_task_job_runner.py:123} INFO - ::group::Pre task execution logs
[2025-01-26T09:26:45.422+0000] {taskinstance.py:2613} INFO - Dependencies all met for dep_context=non-requeueable deps ti=<TaskInstance: fetch_and_store_ebooks.fetch_ebook_data scheduled__2025-01-03T00:00:00+00:00 [queued]>
[2025-01-26T09:26:45.548+0000] {taskinstance.py:2613} INFO - Dependencies all met for dep_context=requeueable deps ti=<TaskInstance: fetch_and_store_ebooks.fetch_ebook_data scheduled__2025-01-03T00:00:00+00:00 [queued]>
[2025-01-26T09:26:45.566+0000] {taskinstance.py:2866} INFO - Starting attempt 1 of 2
[2025-01-26T09:26:45.881+0000] {taskinstance.py:2889} INFO - Executing <Task(PythonOperator): fetch_ebook_data> on 2025-01-03 00:00:00+00:00
[2025-01-26T09:26:45.935+0000] {warnings.py:112} WARNING - /home/***/.local/lib/python3.12/site-packages/***/task/task_runner/standard_task_runner.py:70: DeprecationWarning: This process (pid=4311) is multi-threaded, use of fork() may lead to deadlocks in the child.
  pid = os.fork()

[2025-01-26T09:26:45.946+0000] {standard_task_runner.py:72} INFO - Started process 4353 to run task
[2025-01-26T09:26:45.966+0000] {standard_task_runner.py:104} INFO - Running: ['***', 'tasks', 'run', 'fetch_and_store_ebooks', 'fetch_ebook_data', 'scheduled__2025-01-03T00:00:00+00:00', '--job-id', '1057', '--raw', '--subdir', 'DAGS_FOLDER/app.py', '--cfg-path', '/tmp/tmp8k2b7afh']
[2025-01-26T09:26:46.029+0000] {standard_task_runner.py:105} INFO - Job 1057: Subtask fetch_ebook_data
[2025-01-26T09:26:47.015+0000] {task_command.py:467} INFO - Running <TaskInstance: fetch_and_store_ebooks.fetch_ebook_data scheduled__2025-01-03T00:00:00+00:00 [running]> on host 34edd304782d
[2025-01-26T09:26:48.659+0000] {taskinstance.py:3132} INFO - Exporting env vars: AIRFLOW_CTX_DAG_OWNER='***' AIRFLOW_CTX_DAG_ID='fetch_and_store_ebooks' AIRFLOW_CTX_TASK_ID='fetch_ebook_data' AIRFLOW_CTX_EXECUTION_DATE='2025-01-03T00:00:00+00:00' AIRFLOW_CTX_TRY_NUMBER='1' AIRFLOW_CTX_DAG_RUN_ID='scheduled__2025-01-03T00:00:00+00:00'
[2025-01-26T09:26:48.670+0000] {logging_mixin.py:190} INFO - Task instance is in running state
[2025-01-26T09:26:48.684+0000] {logging_mixin.py:190} INFO -  Previous state of the Task instance: queued
[2025-01-26T09:26:48.704+0000] {logging_mixin.py:190} INFO - Current task name:fetch_ebook_data state:running start_date:2025-01-26 09:26:45.424001+00:00
[2025-01-26T09:26:48.714+0000] {logging_mixin.py:190} INFO - Dag name:fetch_and_store_ebooks and current dag run status:running
[2025-01-26T09:26:48.750+0000] {taskinstance.py:731} INFO - ::endgroup::
[2025-01-26T09:26:58.651+0000] {python.py:240} INFO - Done. Returned value was: None
[2025-01-26T09:26:58.737+0000] {taskinstance.py:340} INFO - ::group::Post task execution logs
[2025-01-26T09:26:58.740+0000] {taskinstance.py:352} INFO - Marking task as SUCCESS. dag_id=fetch_and_store_ebooks, task_id=fetch_ebook_data, run_id=scheduled__2025-01-03T00:00:00+00:00, execution_date=20250103T000000, start_date=20250126T092645, end_date=20250126T092658
[2025-01-26T09:26:58.915+0000] {logging_mixin.py:190} INFO - Task instance in success state
[2025-01-26T09:26:58.917+0000] {logging_mixin.py:190} INFO -  Previous state of the Task instance: running
[2025-01-26T09:26:58.933+0000] {logging_mixin.py:190} INFO - Dag name:fetch_and_store_ebooks queued_at:2025-01-26 09:26:15.161345+00:00
[2025-01-26T09:26:58.937+0000] {logging_mixin.py:190} INFO - Task hostname:34edd304782d operator:PythonOperator
[2025-01-26T09:26:59.087+0000] {local_task_job_runner.py:266} INFO - Task exited with return code 0
[2025-01-26T09:26:59.268+0000] {local_task_job_runner.py:245} INFO - ::endgroup::
