[2025-01-25T16:07:19.393+0000] {local_task_job_runner.py:123} INFO - ::group::Pre task execution logs
[2025-01-25T16:07:19.514+0000] {taskinstance.py:2613} INFO - Dependencies all met for dep_context=non-requeueable deps ti=<TaskInstance: fetch_and_store_ebooks.fetch_ebook_data scheduled__2025-01-14T00:00:00+00:00 [queued]>
[2025-01-25T16:07:19.563+0000] {taskinstance.py:2613} INFO - Dependencies all met for dep_context=requeueable deps ti=<TaskInstance: fetch_and_store_ebooks.fetch_ebook_data scheduled__2025-01-14T00:00:00+00:00 [queued]>
[2025-01-25T16:07:19.566+0000] {taskinstance.py:2866} INFO - Starting attempt 1 of 2
[2025-01-25T16:07:19.643+0000] {taskinstance.py:2889} INFO - Executing <Task(PythonOperator): fetch_ebook_data> on 2025-01-14 00:00:00+00:00
[2025-01-25T16:07:19.680+0000] {warnings.py:112} WARNING - /home/***/.local/lib/python3.12/site-packages/***/task/task_runner/standard_task_runner.py:70: DeprecationWarning: This process (pid=2955) is multi-threaded, use of fork() may lead to deadlocks in the child.
  pid = os.fork()

[2025-01-25T16:07:19.691+0000] {standard_task_runner.py:72} INFO - Started process 2969 to run task
[2025-01-25T16:07:19.695+0000] {standard_task_runner.py:104} INFO - Running: ['***', 'tasks', 'run', 'fetch_and_store_ebooks', 'fetch_ebook_data', 'scheduled__2025-01-14T00:00:00+00:00', '--job-id', '406', '--raw', '--subdir', 'DAGS_FOLDER/app.py', '--cfg-path', '/tmp/tmp1hdkb169']
[2025-01-25T16:07:19.700+0000] {standard_task_runner.py:105} INFO - Job 406: Subtask fetch_ebook_data
[2025-01-25T16:07:20.531+0000] {task_command.py:467} INFO - Running <TaskInstance: fetch_and_store_ebooks.fetch_ebook_data scheduled__2025-01-14T00:00:00+00:00 [running]> on host 50ab235b552a
[2025-01-25T16:07:20.841+0000] {taskinstance.py:3132} INFO - Exporting env vars: AIRFLOW_CTX_DAG_OWNER='***' AIRFLOW_CTX_DAG_ID='fetch_and_store_ebooks' AIRFLOW_CTX_TASK_ID='fetch_ebook_data' AIRFLOW_CTX_EXECUTION_DATE='2025-01-14T00:00:00+00:00' AIRFLOW_CTX_TRY_NUMBER='1' AIRFLOW_CTX_DAG_RUN_ID='scheduled__2025-01-14T00:00:00+00:00'
[2025-01-25T16:07:20.845+0000] {logging_mixin.py:190} INFO - Task instance is in running state
[2025-01-25T16:07:20.847+0000] {logging_mixin.py:190} INFO -  Previous state of the Task instance: queued
[2025-01-25T16:07:20.849+0000] {logging_mixin.py:190} INFO - Current task name:fetch_ebook_data state:running start_date:2025-01-25 16:07:19.516910+00:00
[2025-01-25T16:07:20.851+0000] {logging_mixin.py:190} INFO - Dag name:fetch_and_store_ebooks and current dag run status:running
[2025-01-25T16:07:20.854+0000] {taskinstance.py:731} INFO - ::endgroup::
[2025-01-25T16:07:27.480+0000] {taskinstance.py:3311} ERROR - Task failed with exception
Traceback (most recent call last):
  File "/home/airflow/.local/lib/python3.12/site-packages/airflow/models/taskinstance.py", line 767, in _execute_task
    result = _execute_callable(context=context, **execute_callable_kwargs)
             ^^^^^^^^^^^^^^^^^^^^^^^^^^^^^^^^^^^^^^^^^^^^^^^^^^^^^^^^^^^^^
  File "/home/airflow/.local/lib/python3.12/site-packages/airflow/models/taskinstance.py", line 733, in _execute_callable
    return ExecutionCallableRunner(
           ^^^^^^^^^^^^^^^^^^^^^^^^
  File "/home/airflow/.local/lib/python3.12/site-packages/airflow/utils/operator_helpers.py", line 252, in run
    return self.func(*args, **kwargs)
           ^^^^^^^^^^^^^^^^^^^^^^^^^^
  File "/home/airflow/.local/lib/python3.12/site-packages/airflow/models/baseoperator.py", line 422, in wrapper
    return func(self, *args, **kwargs)
           ^^^^^^^^^^^^^^^^^^^^^^^^^^^
  File "/home/airflow/.local/lib/python3.12/site-packages/airflow/operators/python.py", line 238, in execute
    return_value = self.execute_callable()
                   ^^^^^^^^^^^^^^^^^^^^^^^
  File "/home/airflow/.local/lib/python3.12/site-packages/airflow/operators/python.py", line 256, in execute_callable
    return runner.run(*self.op_args, **self.op_kwargs)
           ^^^^^^^^^^^^^^^^^^^^^^^^^^^^^^^^^^^^^^^^^^^
  File "/home/airflow/.local/lib/python3.12/site-packages/airflow/utils/operator_helpers.py", line 252, in run
    return self.func(*args, **kwargs)
           ^^^^^^^^^^^^^^^^^^^^^^^^^^
  File "/opt/airflow/dags/app.py", line 42, in get_ebook_data
    df.drop_duplicates(subset="Title", inplace=True)
  File "/home/airflow/.local/lib/python3.12/site-packages/pandas/core/frame.py", line 6566, in drop_duplicates
    result = self[-self.duplicated(subset, keep=keep)]
                   ^^^^^^^^^^^^^^^^^^^^^^^^^^^^^^^^^^
  File "/home/airflow/.local/lib/python3.12/site-packages/pandas/core/frame.py", line 6698, in duplicated
    raise KeyError(Index(diff))
KeyError: Index(['Title'], dtype='object')
[2025-01-25T16:07:27.543+0000] {logging_mixin.py:190} INFO - Task instance in failure state
[2025-01-25T16:07:27.545+0000] {logging_mixin.py:190} INFO - Task start:2025-01-25 16:07:19.516910+00:00 end:2025-01-25 16:07:27.542124+00:00 duration:8.025214
[2025-01-25T16:07:27.546+0000] {logging_mixin.py:190} INFO - Task:<Task(PythonOperator): fetch_ebook_data> dag:<DAG: fetch_and_store_ebooks> dagrun:<DagRun fetch_and_store_ebooks @ 2025-01-14 00:00:00+00:00: scheduled__2025-01-14T00:00:00+00:00, state:running, queued_at: 2025-01-25 16:07:03.894825+00:00. externally triggered: False>
[2025-01-25T16:07:27.549+0000] {logging_mixin.py:190} INFO - Failure caused by Index(['Title'], dtype='object')
[2025-01-25T16:07:27.551+0000] {taskinstance.py:1225} INFO - Marking task as UP_FOR_RETRY. dag_id=fetch_and_store_ebooks, task_id=fetch_ebook_data, run_id=scheduled__2025-01-14T00:00:00+00:00, execution_date=20250114T000000, start_date=20250125T160719, end_date=20250125T160727
[2025-01-25T16:07:27.606+0000] {taskinstance.py:340} INFO - ::group::Post task execution logs
[2025-01-25T16:07:27.608+0000] {standard_task_runner.py:124} ERROR - Failed to execute job 406 for task fetch_ebook_data (Index(['Title'], dtype='object'); 2969)
Traceback (most recent call last):
  File "/home/airflow/.local/lib/python3.12/site-packages/airflow/task/task_runner/standard_task_runner.py", line 117, in _start_by_fork
    ret = args.func(args, dag=self.dag)
          ^^^^^^^^^^^^^^^^^^^^^^^^^^^^^
  File "/home/airflow/.local/lib/python3.12/site-packages/airflow/cli/cli_config.py", line 49, in command
    return func(*args, **kwargs)
           ^^^^^^^^^^^^^^^^^^^^^
  File "/home/airflow/.local/lib/python3.12/site-packages/airflow/utils/cli.py", line 116, in wrapper
    return f(*args, **kwargs)
           ^^^^^^^^^^^^^^^^^^
  File "/home/airflow/.local/lib/python3.12/site-packages/airflow/cli/commands/task_command.py", line 483, in task_run
    task_return_code = _run_task_by_selected_method(args, _dag, ti)
                       ^^^^^^^^^^^^^^^^^^^^^^^^^^^^^^^^^^^^^^^^^^^^
  File "/home/airflow/.local/lib/python3.12/site-packages/airflow/cli/commands/task_command.py", line 256, in _run_task_by_selected_method
    return _run_raw_task(args, ti)
           ^^^^^^^^^^^^^^^^^^^^^^^
  File "/home/airflow/.local/lib/python3.12/site-packages/airflow/cli/commands/task_command.py", line 341, in _run_raw_task
    return ti._run_raw_task(
           ^^^^^^^^^^^^^^^^^
  File "/home/airflow/.local/lib/python3.12/site-packages/airflow/utils/session.py", line 97, in wrapper
    return func(*args, session=session, **kwargs)
           ^^^^^^^^^^^^^^^^^^^^^^^^^^^^^^^^^^^^^^
  File "/home/airflow/.local/lib/python3.12/site-packages/airflow/models/taskinstance.py", line 3005, in _run_raw_task
    return _run_raw_task(
           ^^^^^^^^^^^^^^
  File "/home/airflow/.local/lib/python3.12/site-packages/airflow/models/taskinstance.py", line 273, in _run_raw_task
    TaskInstance._execute_task_with_callbacks(
  File "/home/airflow/.local/lib/python3.12/site-packages/airflow/models/taskinstance.py", line 3159, in _execute_task_with_callbacks
    result = self._execute_task(context, task_orig)
             ^^^^^^^^^^^^^^^^^^^^^^^^^^^^^^^^^^^^^^
  File "/home/airflow/.local/lib/python3.12/site-packages/airflow/models/taskinstance.py", line 3183, in _execute_task
    return _execute_task(self, context, task_orig)
           ^^^^^^^^^^^^^^^^^^^^^^^^^^^^^^^^^^^^^^^
  File "/home/airflow/.local/lib/python3.12/site-packages/airflow/models/taskinstance.py", line 767, in _execute_task
    result = _execute_callable(context=context, **execute_callable_kwargs)
             ^^^^^^^^^^^^^^^^^^^^^^^^^^^^^^^^^^^^^^^^^^^^^^^^^^^^^^^^^^^^^
  File "/home/airflow/.local/lib/python3.12/site-packages/airflow/models/taskinstance.py", line 733, in _execute_callable
    return ExecutionCallableRunner(
           ^^^^^^^^^^^^^^^^^^^^^^^^
  File "/home/airflow/.local/lib/python3.12/site-packages/airflow/utils/operator_helpers.py", line 252, in run
    return self.func(*args, **kwargs)
           ^^^^^^^^^^^^^^^^^^^^^^^^^^
  File "/home/airflow/.local/lib/python3.12/site-packages/airflow/models/baseoperator.py", line 422, in wrapper
    return func(self, *args, **kwargs)
           ^^^^^^^^^^^^^^^^^^^^^^^^^^^
  File "/home/airflow/.local/lib/python3.12/site-packages/airflow/operators/python.py", line 238, in execute
    return_value = self.execute_callable()
                   ^^^^^^^^^^^^^^^^^^^^^^^
  File "/home/airflow/.local/lib/python3.12/site-packages/airflow/operators/python.py", line 256, in execute_callable
    return runner.run(*self.op_args, **self.op_kwargs)
           ^^^^^^^^^^^^^^^^^^^^^^^^^^^^^^^^^^^^^^^^^^^
  File "/home/airflow/.local/lib/python3.12/site-packages/airflow/utils/operator_helpers.py", line 252, in run
    return self.func(*args, **kwargs)
           ^^^^^^^^^^^^^^^^^^^^^^^^^^
  File "/opt/airflow/dags/app.py", line 42, in get_ebook_data
    df.drop_duplicates(subset="Title", inplace=True)
  File "/home/airflow/.local/lib/python3.12/site-packages/pandas/core/frame.py", line 6566, in drop_duplicates
    result = self[-self.duplicated(subset, keep=keep)]
                   ^^^^^^^^^^^^^^^^^^^^^^^^^^^^^^^^^^
  File "/home/airflow/.local/lib/python3.12/site-packages/pandas/core/frame.py", line 6698, in duplicated
    raise KeyError(Index(diff))
KeyError: Index(['Title'], dtype='object')
[2025-01-25T16:07:27.697+0000] {local_task_job_runner.py:266} INFO - Task exited with return code 1
[2025-01-25T16:07:28.262+0000] {taskinstance.py:3895} INFO - 0 downstream tasks scheduled from follow-on schedule check
[2025-01-25T16:07:28.267+0000] {local_task_job_runner.py:245} INFO - ::endgroup::
[2025-01-25T17:03:00.325+0000] {local_task_job_runner.py:123} INFO - ::group::Pre task execution logs
[2025-01-25T17:03:00.452+0000] {taskinstance.py:2613} INFO - Dependencies all met for dep_context=non-requeueable deps ti=<TaskInstance: fetch_and_store_ebooks.fetch_ebook_data scheduled__2025-01-14T00:00:00+00:00 [queued]>
[2025-01-25T17:03:00.520+0000] {taskinstance.py:2613} INFO - Dependencies all met for dep_context=requeueable deps ti=<TaskInstance: fetch_and_store_ebooks.fetch_ebook_data scheduled__2025-01-14T00:00:00+00:00 [queued]>
[2025-01-25T17:03:00.523+0000] {taskinstance.py:2866} INFO - Starting attempt 1 of 2
[2025-01-25T17:03:00.609+0000] {taskinstance.py:2889} INFO - Executing <Task(PythonOperator): fetch_ebook_data> on 2025-01-14 00:00:00+00:00
[2025-01-25T17:03:00.653+0000] {warnings.py:112} WARNING - /home/***/.local/lib/python3.12/site-packages/***/task/task_runner/standard_task_runner.py:70: DeprecationWarning: This process (pid=3717) is multi-threaded, use of fork() may lead to deadlocks in the child.
  pid = os.fork()

[2025-01-25T17:03:00.668+0000] {standard_task_runner.py:72} INFO - Started process 3757 to run task
[2025-01-25T17:03:00.697+0000] {standard_task_runner.py:104} INFO - Running: ['***', 'tasks', 'run', 'fetch_and_store_ebooks', 'fetch_ebook_data', 'scheduled__2025-01-14T00:00:00+00:00', '--job-id', '455', '--raw', '--subdir', 'DAGS_FOLDER/app.py', '--cfg-path', '/tmp/tmpy6i9bpvr']
[2025-01-25T17:03:00.712+0000] {standard_task_runner.py:105} INFO - Job 455: Subtask fetch_ebook_data
[2025-01-25T17:03:03.092+0000] {task_command.py:467} INFO - Running <TaskInstance: fetch_and_store_ebooks.fetch_ebook_data scheduled__2025-01-14T00:00:00+00:00 [running]> on host 50ab235b552a
[2025-01-25T17:03:04.338+0000] {taskinstance.py:3132} INFO - Exporting env vars: AIRFLOW_CTX_DAG_OWNER='***' AIRFLOW_CTX_DAG_ID='fetch_and_store_ebooks' AIRFLOW_CTX_TASK_ID='fetch_ebook_data' AIRFLOW_CTX_EXECUTION_DATE='2025-01-14T00:00:00+00:00' AIRFLOW_CTX_TRY_NUMBER='1' AIRFLOW_CTX_DAG_RUN_ID='scheduled__2025-01-14T00:00:00+00:00'
[2025-01-25T17:03:04.348+0000] {logging_mixin.py:190} INFO - Task instance is in running state
[2025-01-25T17:03:04.354+0000] {logging_mixin.py:190} INFO -  Previous state of the Task instance: queued
[2025-01-25T17:03:04.356+0000] {logging_mixin.py:190} INFO - Current task name:fetch_ebook_data state:running start_date:2025-01-25 17:03:00.454866+00:00
[2025-01-25T17:03:04.382+0000] {logging_mixin.py:190} INFO - Dag name:fetch_and_store_ebooks and current dag run status:running
[2025-01-25T17:03:04.391+0000] {taskinstance.py:731} INFO - ::endgroup::
[2025-01-25T17:03:14.354+0000] {python.py:240} INFO - Done. Returned value was: None
[2025-01-25T17:03:14.414+0000] {taskinstance.py:340} INFO - ::group::Post task execution logs
[2025-01-25T17:03:14.434+0000] {taskinstance.py:352} INFO - Marking task as SUCCESS. dag_id=fetch_and_store_ebooks, task_id=fetch_ebook_data, run_id=scheduled__2025-01-14T00:00:00+00:00, execution_date=20250114T000000, start_date=20250125T170300, end_date=20250125T170314
[2025-01-25T17:03:15.898+0000] {logging_mixin.py:190} INFO - Task instance in success state
[2025-01-25T17:03:15.902+0000] {logging_mixin.py:190} INFO -  Previous state of the Task instance: running
[2025-01-25T17:03:15.950+0000] {logging_mixin.py:190} INFO - Dag name:fetch_and_store_ebooks queued_at:2025-01-25 17:02:09.994797+00:00
[2025-01-25T17:03:15.971+0000] {logging_mixin.py:190} INFO - Task hostname:50ab235b552a operator:PythonOperator
[2025-01-25T17:03:16.142+0000] {local_task_job_runner.py:266} INFO - Task exited with return code 0
[2025-01-25T17:03:16.390+0000] {taskinstance.py:3895} INFO - 1 downstream tasks scheduled from follow-on schedule check
[2025-01-25T17:03:16.412+0000] {local_task_job_runner.py:245} INFO - ::endgroup::
[2025-01-26T06:34:17.366+0000] {local_task_job_runner.py:123} INFO - ::group::Pre task execution logs
[2025-01-26T06:34:17.554+0000] {taskinstance.py:2613} INFO - Dependencies all met for dep_context=non-requeueable deps ti=<TaskInstance: fetch_and_store_ebooks.fetch_ebook_data scheduled__2025-01-14T00:00:00+00:00 [queued]>
[2025-01-26T06:34:17.620+0000] {taskinstance.py:2613} INFO - Dependencies all met for dep_context=requeueable deps ti=<TaskInstance: fetch_and_store_ebooks.fetch_ebook_data scheduled__2025-01-14T00:00:00+00:00 [queued]>
[2025-01-26T06:34:17.628+0000] {taskinstance.py:2866} INFO - Starting attempt 1 of 2
[2025-01-26T06:34:18.522+0000] {taskinstance.py:2889} INFO - Executing <Task(PythonOperator): fetch_ebook_data> on 2025-01-14 00:00:00+00:00
[2025-01-26T06:34:18.583+0000] {warnings.py:112} WARNING - /home/***/.local/lib/python3.12/site-packages/***/task/task_runner/standard_task_runner.py:70: DeprecationWarning: This process (pid=394) is multi-threaded, use of fork() may lead to deadlocks in the child.
  pid = os.fork()

[2025-01-26T06:34:18.601+0000] {standard_task_runner.py:104} INFO - Running: ['***', 'tasks', 'run', 'fetch_and_store_ebooks', 'fetch_ebook_data', 'scheduled__2025-01-14T00:00:00+00:00', '--job-id', '547', '--raw', '--subdir', 'DAGS_FOLDER/app.py', '--cfg-path', '/tmp/tmp4sj3itzq']
[2025-01-26T06:34:18.637+0000] {standard_task_runner.py:105} INFO - Job 547: Subtask fetch_ebook_data
[2025-01-26T06:34:18.620+0000] {standard_task_runner.py:72} INFO - Started process 437 to run task
[2025-01-26T06:34:19.167+0000] {task_command.py:467} INFO - Running <TaskInstance: fetch_and_store_ebooks.fetch_ebook_data scheduled__2025-01-14T00:00:00+00:00 [running]> on host 34edd304782d
[2025-01-26T06:34:19.893+0000] {taskinstance.py:3132} INFO - Exporting env vars: AIRFLOW_CTX_DAG_OWNER='***' AIRFLOW_CTX_DAG_ID='fetch_and_store_ebooks' AIRFLOW_CTX_TASK_ID='fetch_ebook_data' AIRFLOW_CTX_EXECUTION_DATE='2025-01-14T00:00:00+00:00' AIRFLOW_CTX_TRY_NUMBER='1' AIRFLOW_CTX_DAG_RUN_ID='scheduled__2025-01-14T00:00:00+00:00'
[2025-01-26T06:34:19.906+0000] {logging_mixin.py:190} INFO - Task instance is in running state
[2025-01-26T06:34:19.908+0000] {logging_mixin.py:190} INFO -  Previous state of the Task instance: queued
[2025-01-26T06:34:19.920+0000] {logging_mixin.py:190} INFO - Current task name:fetch_ebook_data state:running start_date:2025-01-26 06:34:17.566286+00:00
[2025-01-26T06:34:19.928+0000] {logging_mixin.py:190} INFO - Dag name:fetch_and_store_ebooks and current dag run status:running
[2025-01-26T06:34:19.974+0000] {taskinstance.py:731} INFO - ::endgroup::
[2025-01-26T06:34:31.898+0000] {python.py:240} INFO - Done. Returned value was: None
[2025-01-26T06:34:32.043+0000] {taskinstance.py:340} INFO - ::group::Post task execution logs
[2025-01-26T06:34:32.049+0000] {taskinstance.py:352} INFO - Marking task as SUCCESS. dag_id=fetch_and_store_ebooks, task_id=fetch_ebook_data, run_id=scheduled__2025-01-14T00:00:00+00:00, execution_date=20250114T000000, start_date=20250126T063417, end_date=20250126T063432
[2025-01-26T06:34:32.180+0000] {logging_mixin.py:190} INFO - Task instance in success state
[2025-01-26T06:34:32.200+0000] {logging_mixin.py:190} INFO -  Previous state of the Task instance: running
[2025-01-26T06:34:32.205+0000] {logging_mixin.py:190} INFO - Dag name:fetch_and_store_ebooks queued_at:2025-01-26 06:33:37.970217+00:00
[2025-01-26T06:34:32.207+0000] {logging_mixin.py:190} INFO - Task hostname:34edd304782d operator:PythonOperator
[2025-01-26T06:34:32.359+0000] {local_task_job_runner.py:266} INFO - Task exited with return code 0
[2025-01-26T06:34:32.566+0000] {taskinstance.py:3895} INFO - 1 downstream tasks scheduled from follow-on schedule check
[2025-01-26T06:34:32.591+0000] {local_task_job_runner.py:245} INFO - ::endgroup::
[2025-01-26T07:22:11.494+0000] {local_task_job_runner.py:123} INFO - ::group::Pre task execution logs
[2025-01-26T07:22:11.941+0000] {taskinstance.py:2613} INFO - Dependencies all met for dep_context=non-requeueable deps ti=<TaskInstance: fetch_and_store_ebooks.fetch_ebook_data scheduled__2025-01-14T00:00:00+00:00 [queued]>
[2025-01-26T07:22:12.046+0000] {taskinstance.py:2613} INFO - Dependencies all met for dep_context=requeueable deps ti=<TaskInstance: fetch_and_store_ebooks.fetch_ebook_data scheduled__2025-01-14T00:00:00+00:00 [queued]>
[2025-01-26T07:22:12.050+0000] {taskinstance.py:2866} INFO - Starting attempt 1 of 2
[2025-01-26T07:22:13.873+0000] {taskinstance.py:2889} INFO - Executing <Task(PythonOperator): fetch_ebook_data> on 2025-01-14 00:00:00+00:00
[2025-01-26T07:22:13.935+0000] {warnings.py:112} WARNING - /home/***/.local/lib/python3.12/site-packages/***/task/task_runner/standard_task_runner.py:70: DeprecationWarning: This process (pid=1238) is multi-threaded, use of fork() may lead to deadlocks in the child.
  pid = os.fork()

[2025-01-26T07:22:13.943+0000] {standard_task_runner.py:72} INFO - Started process 1277 to run task
[2025-01-26T07:22:13.960+0000] {standard_task_runner.py:104} INFO - Running: ['***', 'tasks', 'run', 'fetch_and_store_ebooks', 'fetch_ebook_data', 'scheduled__2025-01-14T00:00:00+00:00', '--job-id', '631', '--raw', '--subdir', 'DAGS_FOLDER/app.py', '--cfg-path', '/tmp/tmp2sl0kmjk']
[2025-01-26T07:22:13.976+0000] {standard_task_runner.py:105} INFO - Job 631: Subtask fetch_ebook_data
[2025-01-26T07:22:14.400+0000] {task_command.py:467} INFO - Running <TaskInstance: fetch_and_store_ebooks.fetch_ebook_data scheduled__2025-01-14T00:00:00+00:00 [running]> on host 34edd304782d
[2025-01-26T07:22:15.174+0000] {taskinstance.py:3132} INFO - Exporting env vars: AIRFLOW_CTX_DAG_OWNER='***' AIRFLOW_CTX_DAG_ID='fetch_and_store_ebooks' AIRFLOW_CTX_TASK_ID='fetch_ebook_data' AIRFLOW_CTX_EXECUTION_DATE='2025-01-14T00:00:00+00:00' AIRFLOW_CTX_TRY_NUMBER='1' AIRFLOW_CTX_DAG_RUN_ID='scheduled__2025-01-14T00:00:00+00:00'
[2025-01-26T07:22:15.188+0000] {logging_mixin.py:190} INFO - Task instance is in running state
[2025-01-26T07:22:15.206+0000] {logging_mixin.py:190} INFO -  Previous state of the Task instance: queued
[2025-01-26T07:22:15.208+0000] {logging_mixin.py:190} INFO - Current task name:fetch_ebook_data state:running start_date:2025-01-26 07:22:11.944885+00:00
[2025-01-26T07:22:15.213+0000] {logging_mixin.py:190} INFO - Dag name:fetch_and_store_ebooks and current dag run status:running
[2025-01-26T07:22:15.215+0000] {taskinstance.py:731} INFO - ::endgroup::
[2025-01-26T07:22:24.342+0000] {python.py:240} INFO - Done. Returned value was: None
[2025-01-26T07:22:24.609+0000] {taskinstance.py:340} INFO - ::group::Post task execution logs
[2025-01-26T07:22:24.612+0000] {taskinstance.py:352} INFO - Marking task as SUCCESS. dag_id=fetch_and_store_ebooks, task_id=fetch_ebook_data, run_id=scheduled__2025-01-14T00:00:00+00:00, execution_date=20250114T000000, start_date=20250126T072211, end_date=20250126T072224
[2025-01-26T07:22:24.865+0000] {logging_mixin.py:190} INFO - Task instance in success state
[2025-01-26T07:22:24.868+0000] {logging_mixin.py:190} INFO -  Previous state of the Task instance: running
[2025-01-26T07:22:24.871+0000] {logging_mixin.py:190} INFO - Dag name:fetch_and_store_ebooks queued_at:2025-01-26 07:21:40.060290+00:00
[2025-01-26T07:22:24.884+0000] {logging_mixin.py:190} INFO - Task hostname:34edd304782d operator:PythonOperator
[2025-01-26T07:22:25.065+0000] {local_task_job_runner.py:266} INFO - Task exited with return code 0
[2025-01-26T07:22:25.389+0000] {taskinstance.py:3895} INFO - 1 downstream tasks scheduled from follow-on schedule check
[2025-01-26T07:22:25.422+0000] {local_task_job_runner.py:245} INFO - ::endgroup::
[2025-01-26T07:47:35.341+0000] {local_task_job_runner.py:123} INFO - ::group::Pre task execution logs
[2025-01-26T07:47:35.518+0000] {taskinstance.py:2613} INFO - Dependencies all met for dep_context=non-requeueable deps ti=<TaskInstance: fetch_and_store_ebooks.fetch_ebook_data scheduled__2025-01-14T00:00:00+00:00 [queued]>
[2025-01-26T07:47:35.663+0000] {taskinstance.py:2613} INFO - Dependencies all met for dep_context=requeueable deps ti=<TaskInstance: fetch_and_store_ebooks.fetch_ebook_data scheduled__2025-01-14T00:00:00+00:00 [queued]>
[2025-01-26T07:47:35.672+0000] {taskinstance.py:2866} INFO - Starting attempt 1 of 2
[2025-01-26T07:47:35.888+0000] {taskinstance.py:2889} INFO - Executing <Task(PythonOperator): fetch_ebook_data> on 2025-01-14 00:00:00+00:00
[2025-01-26T07:47:35.949+0000] {standard_task_runner.py:104} INFO - Running: ['***', 'tasks', 'run', 'fetch_and_store_ebooks', 'fetch_ebook_data', 'scheduled__2025-01-14T00:00:00+00:00', '--job-id', '724', '--raw', '--subdir', 'DAGS_FOLDER/app.py', '--cfg-path', '/tmp/tmpgr6ms16l']
[2025-01-26T07:47:35.963+0000] {standard_task_runner.py:105} INFO - Job 724: Subtask fetch_ebook_data
[2025-01-26T07:47:35.932+0000] {warnings.py:112} WARNING - /home/***/.local/lib/python3.12/site-packages/***/task/task_runner/standard_task_runner.py:70: DeprecationWarning: This process (pid=1905) is multi-threaded, use of fork() may lead to deadlocks in the child.
  pid = os.fork()

[2025-01-26T07:47:35.968+0000] {standard_task_runner.py:72} INFO - Started process 1946 to run task
[2025-01-26T07:47:36.480+0000] {task_command.py:467} INFO - Running <TaskInstance: fetch_and_store_ebooks.fetch_ebook_data scheduled__2025-01-14T00:00:00+00:00 [running]> on host 34edd304782d
[2025-01-26T07:47:37.358+0000] {taskinstance.py:3132} INFO - Exporting env vars: AIRFLOW_CTX_DAG_OWNER='***' AIRFLOW_CTX_DAG_ID='fetch_and_store_ebooks' AIRFLOW_CTX_TASK_ID='fetch_ebook_data' AIRFLOW_CTX_EXECUTION_DATE='2025-01-14T00:00:00+00:00' AIRFLOW_CTX_TRY_NUMBER='1' AIRFLOW_CTX_DAG_RUN_ID='scheduled__2025-01-14T00:00:00+00:00'
[2025-01-26T07:47:37.377+0000] {logging_mixin.py:190} INFO - Task instance is in running state
[2025-01-26T07:47:37.385+0000] {logging_mixin.py:190} INFO -  Previous state of the Task instance: queued
[2025-01-26T07:47:37.389+0000] {logging_mixin.py:190} INFO - Current task name:fetch_ebook_data state:running start_date:2025-01-26 07:47:35.524940+00:00
[2025-01-26T07:47:37.396+0000] {logging_mixin.py:190} INFO - Dag name:fetch_and_store_ebooks and current dag run status:running
[2025-01-26T07:47:37.414+0000] {taskinstance.py:731} INFO - ::endgroup::
[2025-01-26T07:47:45.631+0000] {python.py:240} INFO - Done. Returned value was: None
[2025-01-26T07:47:45.845+0000] {taskinstance.py:340} INFO - ::group::Post task execution logs
[2025-01-26T07:47:45.863+0000] {taskinstance.py:352} INFO - Marking task as SUCCESS. dag_id=fetch_and_store_ebooks, task_id=fetch_ebook_data, run_id=scheduled__2025-01-14T00:00:00+00:00, execution_date=20250114T000000, start_date=20250126T074735, end_date=20250126T074745
[2025-01-26T07:47:46.948+0000] {logging_mixin.py:190} INFO - Task instance in success state
[2025-01-26T07:47:46.950+0000] {logging_mixin.py:190} INFO -  Previous state of the Task instance: running
[2025-01-26T07:47:46.964+0000] {logging_mixin.py:190} INFO - Dag name:fetch_and_store_ebooks queued_at:2025-01-26 07:47:01.652557+00:00
[2025-01-26T07:47:46.969+0000] {logging_mixin.py:190} INFO - Task hostname:34edd304782d operator:PythonOperator
[2025-01-26T07:47:47.193+0000] {local_task_job_runner.py:266} INFO - Task exited with return code 0
[2025-01-26T07:47:47.256+0000] {local_task_job_runner.py:245} INFO - ::endgroup::
[2025-01-26T08:51:37.522+0000] {local_task_job_runner.py:123} INFO - ::group::Pre task execution logs
[2025-01-26T08:51:37.723+0000] {taskinstance.py:2613} INFO - Dependencies all met for dep_context=non-requeueable deps ti=<TaskInstance: fetch_and_store_ebooks.fetch_ebook_data scheduled__2025-01-14T00:00:00+00:00 [queued]>
[2025-01-26T08:51:37.836+0000] {taskinstance.py:2613} INFO - Dependencies all met for dep_context=requeueable deps ti=<TaskInstance: fetch_and_store_ebooks.fetch_ebook_data scheduled__2025-01-14T00:00:00+00:00 [queued]>
[2025-01-26T08:51:37.838+0000] {taskinstance.py:2866} INFO - Starting attempt 1 of 2
[2025-01-26T08:51:38.159+0000] {taskinstance.py:2889} INFO - Executing <Task(PythonOperator): fetch_ebook_data> on 2025-01-14 00:00:00+00:00
[2025-01-26T08:51:38.256+0000] {warnings.py:112} WARNING - /home/***/.local/lib/python3.12/site-packages/***/task/task_runner/standard_task_runner.py:70: DeprecationWarning: This process (pid=3211) is multi-threaded, use of fork() may lead to deadlocks in the child.
  pid = os.fork()

[2025-01-26T08:51:38.274+0000] {standard_task_runner.py:72} INFO - Started process 3256 to run task
[2025-01-26T08:51:38.393+0000] {standard_task_runner.py:104} INFO - Running: ['***', 'tasks', 'run', 'fetch_and_store_ebooks', 'fetch_ebook_data', 'scheduled__2025-01-14T00:00:00+00:00', '--job-id', '884', '--raw', '--subdir', 'DAGS_FOLDER/app.py', '--cfg-path', '/tmp/tmpc_0jd891']
[2025-01-26T08:51:38.436+0000] {standard_task_runner.py:105} INFO - Job 884: Subtask fetch_ebook_data
[2025-01-26T08:51:39.432+0000] {task_command.py:467} INFO - Running <TaskInstance: fetch_and_store_ebooks.fetch_ebook_data scheduled__2025-01-14T00:00:00+00:00 [running]> on host 34edd304782d
[2025-01-26T08:51:41.181+0000] {taskinstance.py:3132} INFO - Exporting env vars: AIRFLOW_CTX_DAG_OWNER='***' AIRFLOW_CTX_DAG_ID='fetch_and_store_ebooks' AIRFLOW_CTX_TASK_ID='fetch_ebook_data' AIRFLOW_CTX_EXECUTION_DATE='2025-01-14T00:00:00+00:00' AIRFLOW_CTX_TRY_NUMBER='1' AIRFLOW_CTX_DAG_RUN_ID='scheduled__2025-01-14T00:00:00+00:00'
[2025-01-26T08:51:41.196+0000] {logging_mixin.py:190} INFO - Task instance is in running state
[2025-01-26T08:51:41.199+0000] {logging_mixin.py:190} INFO -  Previous state of the Task instance: queued
[2025-01-26T08:51:41.241+0000] {logging_mixin.py:190} INFO - Current task name:fetch_ebook_data state:running start_date:2025-01-26 08:51:37.742566+00:00
[2025-01-26T08:51:41.249+0000] {logging_mixin.py:190} INFO - Dag name:fetch_and_store_ebooks and current dag run status:running
[2025-01-26T08:51:41.252+0000] {taskinstance.py:731} INFO - ::endgroup::
[2025-01-26T08:51:51.580+0000] {python.py:240} INFO - Done. Returned value was: None
[2025-01-26T08:51:51.675+0000] {taskinstance.py:340} INFO - ::group::Post task execution logs
[2025-01-26T08:51:51.681+0000] {taskinstance.py:352} INFO - Marking task as SUCCESS. dag_id=fetch_and_store_ebooks, task_id=fetch_ebook_data, run_id=scheduled__2025-01-14T00:00:00+00:00, execution_date=20250114T000000, start_date=20250126T085137, end_date=20250126T085151
[2025-01-26T08:51:51.794+0000] {logging_mixin.py:190} INFO - Task instance in success state
[2025-01-26T08:51:51.796+0000] {logging_mixin.py:190} INFO -  Previous state of the Task instance: running
[2025-01-26T08:51:51.798+0000] {logging_mixin.py:190} INFO - Dag name:fetch_and_store_ebooks queued_at:2025-01-26 08:51:01.173453+00:00
[2025-01-26T08:51:51.800+0000] {logging_mixin.py:190} INFO - Task hostname:34edd304782d operator:PythonOperator
[2025-01-26T08:51:51.946+0000] {local_task_job_runner.py:266} INFO - Task exited with return code 0
[2025-01-26T08:51:52.017+0000] {local_task_job_runner.py:245} INFO - ::endgroup::
[2025-01-26T08:58:41.207+0000] {local_task_job_runner.py:123} INFO - ::group::Pre task execution logs
[2025-01-26T08:58:41.558+0000] {taskinstance.py:2613} INFO - Dependencies all met for dep_context=non-requeueable deps ti=<TaskInstance: fetch_and_store_ebooks.fetch_ebook_data scheduled__2025-01-14T00:00:00+00:00 [queued]>
[2025-01-26T08:58:41.726+0000] {taskinstance.py:2613} INFO - Dependencies all met for dep_context=requeueable deps ti=<TaskInstance: fetch_and_store_ebooks.fetch_ebook_data scheduled__2025-01-14T00:00:00+00:00 [queued]>
[2025-01-26T08:58:41.742+0000] {taskinstance.py:2866} INFO - Starting attempt 1 of 2
[2025-01-26T08:58:42.649+0000] {taskinstance.py:2889} INFO - Executing <Task(PythonOperator): fetch_ebook_data> on 2025-01-14 00:00:00+00:00
[2025-01-26T08:58:42.670+0000] {warnings.py:112} WARNING - /home/***/.local/lib/python3.12/site-packages/***/task/task_runner/standard_task_runner.py:70: DeprecationWarning: This process (pid=3411) is multi-threaded, use of fork() may lead to deadlocks in the child.
  pid = os.fork()

[2025-01-26T08:58:42.688+0000] {standard_task_runner.py:72} INFO - Started process 3467 to run task
[2025-01-26T08:58:42.695+0000] {standard_task_runner.py:104} INFO - Running: ['***', 'tasks', 'run', 'fetch_and_store_ebooks', 'fetch_ebook_data', 'scheduled__2025-01-14T00:00:00+00:00', '--job-id', '916', '--raw', '--subdir', 'DAGS_FOLDER/app.py', '--cfg-path', '/tmp/tmp5rnt_cr5']
[2025-01-26T08:58:42.715+0000] {standard_task_runner.py:105} INFO - Job 916: Subtask fetch_ebook_data
[2025-01-26T08:58:43.666+0000] {task_command.py:467} INFO - Running <TaskInstance: fetch_and_store_ebooks.fetch_ebook_data scheduled__2025-01-14T00:00:00+00:00 [running]> on host 34edd304782d
[2025-01-26T08:58:45.064+0000] {taskinstance.py:3132} INFO - Exporting env vars: AIRFLOW_CTX_DAG_OWNER='***' AIRFLOW_CTX_DAG_ID='fetch_and_store_ebooks' AIRFLOW_CTX_TASK_ID='fetch_ebook_data' AIRFLOW_CTX_EXECUTION_DATE='2025-01-14T00:00:00+00:00' AIRFLOW_CTX_TRY_NUMBER='1' AIRFLOW_CTX_DAG_RUN_ID='scheduled__2025-01-14T00:00:00+00:00'
[2025-01-26T08:58:45.080+0000] {logging_mixin.py:190} INFO - Task instance is in running state
[2025-01-26T08:58:45.095+0000] {logging_mixin.py:190} INFO -  Previous state of the Task instance: queued
[2025-01-26T08:58:45.105+0000] {logging_mixin.py:190} INFO - Current task name:fetch_ebook_data state:running start_date:2025-01-26 08:58:41.602386+00:00
[2025-01-26T08:58:45.108+0000] {logging_mixin.py:190} INFO - Dag name:fetch_and_store_ebooks and current dag run status:running
[2025-01-26T08:58:45.110+0000] {taskinstance.py:731} INFO - ::endgroup::
[2025-01-26T08:58:53.503+0000] {python.py:240} INFO - Done. Returned value was: None
[2025-01-26T08:58:53.605+0000] {taskinstance.py:340} INFO - ::group::Post task execution logs
[2025-01-26T08:58:53.607+0000] {taskinstance.py:352} INFO - Marking task as SUCCESS. dag_id=fetch_and_store_ebooks, task_id=fetch_ebook_data, run_id=scheduled__2025-01-14T00:00:00+00:00, execution_date=20250114T000000, start_date=20250126T085841, end_date=20250126T085853
[2025-01-26T08:58:53.816+0000] {logging_mixin.py:190} INFO - Task instance in success state
[2025-01-26T08:58:53.822+0000] {logging_mixin.py:190} INFO -  Previous state of the Task instance: running
[2025-01-26T08:58:53.839+0000] {logging_mixin.py:190} INFO - Dag name:fetch_and_store_ebooks queued_at:2025-01-26 08:57:54.924761+00:00
[2025-01-26T08:58:53.841+0000] {logging_mixin.py:190} INFO - Task hostname:34edd304782d operator:PythonOperator
[2025-01-26T08:58:53.958+0000] {local_task_job_runner.py:266} INFO - Task exited with return code 0
[2025-01-26T08:58:54.726+0000] {taskinstance.py:3895} INFO - 1 downstream tasks scheduled from follow-on schedule check
[2025-01-26T08:58:54.777+0000] {local_task_job_runner.py:245} INFO - ::endgroup::
[2025-01-26T09:05:46.213+0000] {local_task_job_runner.py:123} INFO - ::group::Pre task execution logs
[2025-01-26T09:05:46.405+0000] {taskinstance.py:2613} INFO - Dependencies all met for dep_context=non-requeueable deps ti=<TaskInstance: fetch_and_store_ebooks.fetch_ebook_data scheduled__2025-01-14T00:00:00+00:00 [queued]>
[2025-01-26T09:05:46.495+0000] {taskinstance.py:2613} INFO - Dependencies all met for dep_context=requeueable deps ti=<TaskInstance: fetch_and_store_ebooks.fetch_ebook_data scheduled__2025-01-14T00:00:00+00:00 [queued]>
[2025-01-26T09:05:46.497+0000] {taskinstance.py:2866} INFO - Starting attempt 1 of 2
[2025-01-26T09:05:46.695+0000] {taskinstance.py:2889} INFO - Executing <Task(PythonOperator): fetch_ebook_data> on 2025-01-14 00:00:00+00:00
[2025-01-26T09:05:46.783+0000] {warnings.py:112} WARNING - /home/***/.local/lib/python3.12/site-packages/***/task/task_runner/standard_task_runner.py:70: DeprecationWarning: This process (pid=3617) is multi-threaded, use of fork() may lead to deadlocks in the child.
  pid = os.fork()

[2025-01-26T09:05:46.793+0000] {standard_task_runner.py:72} INFO - Started process 3669 to run task
[2025-01-26T09:05:46.816+0000] {standard_task_runner.py:104} INFO - Running: ['***', 'tasks', 'run', 'fetch_and_store_ebooks', 'fetch_ebook_data', 'scheduled__2025-01-14T00:00:00+00:00', '--job-id', '947', '--raw', '--subdir', 'DAGS_FOLDER/app.py', '--cfg-path', '/tmp/tmpxfv1y826']
[2025-01-26T09:05:46.822+0000] {standard_task_runner.py:105} INFO - Job 947: Subtask fetch_ebook_data
[2025-01-26T09:05:47.280+0000] {task_command.py:467} INFO - Running <TaskInstance: fetch_and_store_ebooks.fetch_ebook_data scheduled__2025-01-14T00:00:00+00:00 [running]> on host 34edd304782d
[2025-01-26T09:05:48.796+0000] {taskinstance.py:3132} INFO - Exporting env vars: AIRFLOW_CTX_DAG_OWNER='***' AIRFLOW_CTX_DAG_ID='fetch_and_store_ebooks' AIRFLOW_CTX_TASK_ID='fetch_ebook_data' AIRFLOW_CTX_EXECUTION_DATE='2025-01-14T00:00:00+00:00' AIRFLOW_CTX_TRY_NUMBER='1' AIRFLOW_CTX_DAG_RUN_ID='scheduled__2025-01-14T00:00:00+00:00'
[2025-01-26T09:05:48.801+0000] {logging_mixin.py:190} INFO - Task instance is in running state
[2025-01-26T09:05:48.803+0000] {logging_mixin.py:190} INFO -  Previous state of the Task instance: queued
[2025-01-26T09:05:48.807+0000] {logging_mixin.py:190} INFO - Current task name:fetch_ebook_data state:running start_date:2025-01-26 09:05:46.411653+00:00
[2025-01-26T09:05:48.811+0000] {logging_mixin.py:190} INFO - Dag name:fetch_and_store_ebooks and current dag run status:running
[2025-01-26T09:05:48.814+0000] {taskinstance.py:731} INFO - ::endgroup::
[2025-01-26T09:05:56.995+0000] {python.py:240} INFO - Done. Returned value was: None
[2025-01-26T09:05:57.055+0000] {taskinstance.py:340} INFO - ::group::Post task execution logs
[2025-01-26T09:05:57.058+0000] {taskinstance.py:352} INFO - Marking task as SUCCESS. dag_id=fetch_and_store_ebooks, task_id=fetch_ebook_data, run_id=scheduled__2025-01-14T00:00:00+00:00, execution_date=20250114T000000, start_date=20250126T090546, end_date=20250126T090557
[2025-01-26T09:05:57.425+0000] {logging_mixin.py:190} INFO - Task instance in success state
[2025-01-26T09:05:57.426+0000] {logging_mixin.py:190} INFO -  Previous state of the Task instance: running
[2025-01-26T09:05:57.429+0000] {logging_mixin.py:190} INFO - Dag name:fetch_and_store_ebooks queued_at:2025-01-26 09:05:02.530475+00:00
[2025-01-26T09:05:57.431+0000] {logging_mixin.py:190} INFO - Task hostname:34edd304782d operator:PythonOperator
[2025-01-26T09:05:57.615+0000] {local_task_job_runner.py:266} INFO - Task exited with return code 0
[2025-01-26T09:05:57.753+0000] {taskinstance.py:3895} INFO - 1 downstream tasks scheduled from follow-on schedule check
[2025-01-26T09:05:57.794+0000] {local_task_job_runner.py:245} INFO - ::endgroup::
[2025-01-26T09:16:26.198+0000] {local_task_job_runner.py:123} INFO - ::group::Pre task execution logs
[2025-01-26T09:16:26.369+0000] {taskinstance.py:2613} INFO - Dependencies all met for dep_context=non-requeueable deps ti=<TaskInstance: fetch_and_store_ebooks.fetch_ebook_data scheduled__2025-01-14T00:00:00+00:00 [queued]>
[2025-01-26T09:16:26.602+0000] {taskinstance.py:2613} INFO - Dependencies all met for dep_context=requeueable deps ti=<TaskInstance: fetch_and_store_ebooks.fetch_ebook_data scheduled__2025-01-14T00:00:00+00:00 [queued]>
[2025-01-26T09:16:26.611+0000] {taskinstance.py:2866} INFO - Starting attempt 1 of 2
[2025-01-26T09:16:26.878+0000] {taskinstance.py:2889} INFO - Executing <Task(PythonOperator): fetch_ebook_data> on 2025-01-14 00:00:00+00:00
[2025-01-26T09:16:26.962+0000] {warnings.py:112} WARNING - /home/***/.local/lib/python3.12/site-packages/***/task/task_runner/standard_task_runner.py:70: DeprecationWarning: This process (pid=4022) is multi-threaded, use of fork() may lead to deadlocks in the child.
  pid = os.fork()

[2025-01-26T09:16:26.989+0000] {standard_task_runner.py:104} INFO - Running: ['***', 'tasks', 'run', 'fetch_and_store_ebooks', 'fetch_ebook_data', 'scheduled__2025-01-14T00:00:00+00:00', '--job-id', '1015', '--raw', '--subdir', 'DAGS_FOLDER/app.py', '--cfg-path', '/tmp/tmp73ainjlh']
[2025-01-26T09:16:26.981+0000] {standard_task_runner.py:72} INFO - Started process 4067 to run task
[2025-01-26T09:16:27.001+0000] {standard_task_runner.py:105} INFO - Job 1015: Subtask fetch_ebook_data
[2025-01-26T09:16:28.344+0000] {task_command.py:467} INFO - Running <TaskInstance: fetch_and_store_ebooks.fetch_ebook_data scheduled__2025-01-14T00:00:00+00:00 [running]> on host 34edd304782d
[2025-01-26T09:16:29.673+0000] {taskinstance.py:3132} INFO - Exporting env vars: AIRFLOW_CTX_DAG_OWNER='***' AIRFLOW_CTX_DAG_ID='fetch_and_store_ebooks' AIRFLOW_CTX_TASK_ID='fetch_ebook_data' AIRFLOW_CTX_EXECUTION_DATE='2025-01-14T00:00:00+00:00' AIRFLOW_CTX_TRY_NUMBER='1' AIRFLOW_CTX_DAG_RUN_ID='scheduled__2025-01-14T00:00:00+00:00'
[2025-01-26T09:16:29.687+0000] {logging_mixin.py:190} INFO - Task instance is in running state
[2025-01-26T09:16:29.694+0000] {logging_mixin.py:190} INFO -  Previous state of the Task instance: queued
[2025-01-26T09:16:29.696+0000] {logging_mixin.py:190} INFO - Current task name:fetch_ebook_data state:running start_date:2025-01-26 09:16:26.386771+00:00
[2025-01-26T09:16:29.715+0000] {logging_mixin.py:190} INFO - Dag name:fetch_and_store_ebooks and current dag run status:running
[2025-01-26T09:16:29.735+0000] {taskinstance.py:731} INFO - ::endgroup::
[2025-01-26T09:16:38.999+0000] {python.py:240} INFO - Done. Returned value was: None
[2025-01-26T09:16:39.115+0000] {taskinstance.py:340} INFO - ::group::Post task execution logs
[2025-01-26T09:16:39.117+0000] {taskinstance.py:352} INFO - Marking task as SUCCESS. dag_id=fetch_and_store_ebooks, task_id=fetch_ebook_data, run_id=scheduled__2025-01-14T00:00:00+00:00, execution_date=20250114T000000, start_date=20250126T091626, end_date=20250126T091639
[2025-01-26T09:16:39.864+0000] {logging_mixin.py:190} INFO - Task instance in success state
[2025-01-26T09:16:39.878+0000] {logging_mixin.py:190} INFO -  Previous state of the Task instance: running
[2025-01-26T09:16:39.910+0000] {logging_mixin.py:190} INFO - Dag name:fetch_and_store_ebooks queued_at:2025-01-26 09:15:52.297815+00:00
[2025-01-26T09:16:39.930+0000] {logging_mixin.py:190} INFO - Task hostname:34edd304782d operator:PythonOperator
[2025-01-26T09:16:40.216+0000] {local_task_job_runner.py:266} INFO - Task exited with return code 0
[2025-01-26T09:16:40.424+0000] {taskinstance.py:3895} INFO - 1 downstream tasks scheduled from follow-on schedule check
[2025-01-26T09:16:40.527+0000] {local_task_job_runner.py:245} INFO - ::endgroup::
[2025-01-26T09:27:24.458+0000] {local_task_job_runner.py:123} INFO - ::group::Pre task execution logs
[2025-01-26T09:27:24.675+0000] {taskinstance.py:2613} INFO - Dependencies all met for dep_context=non-requeueable deps ti=<TaskInstance: fetch_and_store_ebooks.fetch_ebook_data scheduled__2025-01-14T00:00:00+00:00 [queued]>
[2025-01-26T09:27:25.019+0000] {taskinstance.py:2613} INFO - Dependencies all met for dep_context=requeueable deps ti=<TaskInstance: fetch_and_store_ebooks.fetch_ebook_data scheduled__2025-01-14T00:00:00+00:00 [queued]>
[2025-01-26T09:27:25.102+0000] {taskinstance.py:2866} INFO - Starting attempt 1 of 2
[2025-01-26T09:27:25.607+0000] {taskinstance.py:2889} INFO - Executing <Task(PythonOperator): fetch_ebook_data> on 2025-01-14 00:00:00+00:00
[2025-01-26T09:27:25.732+0000] {warnings.py:112} WARNING - /home/***/.local/lib/python3.12/site-packages/***/task/task_runner/standard_task_runner.py:70: DeprecationWarning: This process (pid=4339) is multi-threaded, use of fork() may lead to deadlocks in the child.
  pid = os.fork()

[2025-01-26T09:27:25.761+0000] {standard_task_runner.py:72} INFO - Started process 4407 to run task
[2025-01-26T09:27:25.716+0000] {standard_task_runner.py:104} INFO - Running: ['***', 'tasks', 'run', 'fetch_and_store_ebooks', 'fetch_ebook_data', 'scheduled__2025-01-14T00:00:00+00:00', '--job-id', '1069', '--raw', '--subdir', 'DAGS_FOLDER/app.py', '--cfg-path', '/tmp/tmp2m90_9ba']
[2025-01-26T09:27:25.790+0000] {standard_task_runner.py:105} INFO - Job 1069: Subtask fetch_ebook_data
[2025-01-26T09:27:26.545+0000] {task_command.py:467} INFO - Running <TaskInstance: fetch_and_store_ebooks.fetch_ebook_data scheduled__2025-01-14T00:00:00+00:00 [running]> on host 34edd304782d
[2025-01-26T09:27:28.334+0000] {taskinstance.py:3132} INFO - Exporting env vars: AIRFLOW_CTX_DAG_OWNER='***' AIRFLOW_CTX_DAG_ID='fetch_and_store_ebooks' AIRFLOW_CTX_TASK_ID='fetch_ebook_data' AIRFLOW_CTX_EXECUTION_DATE='2025-01-14T00:00:00+00:00' AIRFLOW_CTX_TRY_NUMBER='1' AIRFLOW_CTX_DAG_RUN_ID='scheduled__2025-01-14T00:00:00+00:00'
[2025-01-26T09:27:28.357+0000] {logging_mixin.py:190} INFO - Task instance is in running state
[2025-01-26T09:27:28.359+0000] {logging_mixin.py:190} INFO -  Previous state of the Task instance: queued
[2025-01-26T09:27:28.384+0000] {logging_mixin.py:190} INFO - Current task name:fetch_ebook_data state:running start_date:2025-01-26 09:27:24.684329+00:00
[2025-01-26T09:27:28.389+0000] {logging_mixin.py:190} INFO - Dag name:fetch_and_store_ebooks and current dag run status:running
[2025-01-26T09:27:28.421+0000] {taskinstance.py:731} INFO - ::endgroup::
[2025-01-26T09:27:38.771+0000] {python.py:240} INFO - Done. Returned value was: None
[2025-01-26T09:27:38.990+0000] {taskinstance.py:340} INFO - ::group::Post task execution logs
[2025-01-26T09:27:39.062+0000] {taskinstance.py:352} INFO - Marking task as SUCCESS. dag_id=fetch_and_store_ebooks, task_id=fetch_ebook_data, run_id=scheduled__2025-01-14T00:00:00+00:00, execution_date=20250114T000000, start_date=20250126T092724, end_date=20250126T092739
[2025-01-26T09:27:39.860+0000] {logging_mixin.py:190} INFO - Task instance in success state
[2025-01-26T09:27:39.862+0000] {logging_mixin.py:190} INFO -  Previous state of the Task instance: running
[2025-01-26T09:27:39.871+0000] {logging_mixin.py:190} INFO - Dag name:fetch_and_store_ebooks queued_at:2025-01-26 09:26:26.305972+00:00
[2025-01-26T09:27:39.882+0000] {logging_mixin.py:190} INFO - Task hostname:34edd304782d operator:PythonOperator
[2025-01-26T09:27:40.048+0000] {local_task_job_runner.py:266} INFO - Task exited with return code 0
[2025-01-26T09:27:40.507+0000] {taskinstance.py:3895} INFO - 1 downstream tasks scheduled from follow-on schedule check
[2025-01-26T09:27:40.560+0000] {local_task_job_runner.py:245} INFO - ::endgroup::
