[2025-01-25T16:07:16.480+0000] {local_task_job_runner.py:123} INFO - ::group::Pre task execution logs
[2025-01-25T16:07:16.645+0000] {taskinstance.py:2613} INFO - Dependencies all met for dep_context=non-requeueable deps ti=<TaskInstance: fetch_and_store_ebooks.fetch_ebook_data scheduled__2025-01-11T00:00:00+00:00 [queued]>
[2025-01-25T16:07:16.696+0000] {taskinstance.py:2613} INFO - Dependencies all met for dep_context=requeueable deps ti=<TaskInstance: fetch_and_store_ebooks.fetch_ebook_data scheduled__2025-01-11T00:00:00+00:00 [queued]>
[2025-01-25T16:07:16.698+0000] {taskinstance.py:2866} INFO - Starting attempt 1 of 2
[2025-01-25T16:07:16.791+0000] {taskinstance.py:2889} INFO - Executing <Task(PythonOperator): fetch_ebook_data> on 2025-01-11 00:00:00+00:00
[2025-01-25T16:07:16.832+0000] {warnings.py:112} WARNING - /home/***/.local/lib/python3.12/site-packages/***/task/task_runner/standard_task_runner.py:70: DeprecationWarning: This process (pid=2949) is multi-threaded, use of fork() may lead to deadlocks in the child.
  pid = os.fork()

[2025-01-25T16:07:16.841+0000] {standard_task_runner.py:72} INFO - Started process 2961 to run task
[2025-01-25T16:07:16.846+0000] {standard_task_runner.py:104} INFO - Running: ['***', 'tasks', 'run', 'fetch_and_store_ebooks', 'fetch_ebook_data', 'scheduled__2025-01-11T00:00:00+00:00', '--job-id', '402', '--raw', '--subdir', 'DAGS_FOLDER/app.py', '--cfg-path', '/tmp/tmp7en5_cmf']
[2025-01-25T16:07:16.855+0000] {standard_task_runner.py:105} INFO - Job 402: Subtask fetch_ebook_data
[2025-01-25T16:07:17.302+0000] {task_command.py:467} INFO - Running <TaskInstance: fetch_and_store_ebooks.fetch_ebook_data scheduled__2025-01-11T00:00:00+00:00 [running]> on host 50ab235b552a
[2025-01-25T16:07:17.925+0000] {taskinstance.py:3132} INFO - Exporting env vars: AIRFLOW_CTX_DAG_OWNER='***' AIRFLOW_CTX_DAG_ID='fetch_and_store_ebooks' AIRFLOW_CTX_TASK_ID='fetch_ebook_data' AIRFLOW_CTX_EXECUTION_DATE='2025-01-11T00:00:00+00:00' AIRFLOW_CTX_TRY_NUMBER='1' AIRFLOW_CTX_DAG_RUN_ID='scheduled__2025-01-11T00:00:00+00:00'
[2025-01-25T16:07:17.956+0000] {logging_mixin.py:190} INFO - Task instance is in running state
[2025-01-25T16:07:17.996+0000] {logging_mixin.py:190} INFO -  Previous state of the Task instance: queued
[2025-01-25T16:07:18.015+0000] {logging_mixin.py:190} INFO - Current task name:fetch_ebook_data state:running start_date:2025-01-25 16:07:16.647920+00:00
[2025-01-25T16:07:18.018+0000] {logging_mixin.py:190} INFO - Dag name:fetch_and_store_ebooks and current dag run status:running
[2025-01-25T16:07:18.025+0000] {taskinstance.py:731} INFO - ::endgroup::
[2025-01-25T16:07:26.339+0000] {taskinstance.py:3311} ERROR - Task failed with exception
Traceback (most recent call last):
  File "/home/airflow/.local/lib/python3.12/site-packages/airflow/models/taskinstance.py", line 767, in _execute_task
    result = _execute_callable(context=context, **execute_callable_kwargs)
             ^^^^^^^^^^^^^^^^^^^^^^^^^^^^^^^^^^^^^^^^^^^^^^^^^^^^^^^^^^^^^
  File "/home/airflow/.local/lib/python3.12/site-packages/airflow/models/taskinstance.py", line 733, in _execute_callable
    return ExecutionCallableRunner(
           ^^^^^^^^^^^^^^^^^^^^^^^^
  File "/home/airflow/.local/lib/python3.12/site-packages/airflow/utils/operator_helpers.py", line 252, in run
    return self.func(*args, **kwargs)
           ^^^^^^^^^^^^^^^^^^^^^^^^^^
  File "/home/airflow/.local/lib/python3.12/site-packages/airflow/models/baseoperator.py", line 422, in wrapper
    return func(self, *args, **kwargs)
           ^^^^^^^^^^^^^^^^^^^^^^^^^^^
  File "/home/airflow/.local/lib/python3.12/site-packages/airflow/operators/python.py", line 238, in execute
    return_value = self.execute_callable()
                   ^^^^^^^^^^^^^^^^^^^^^^^
  File "/home/airflow/.local/lib/python3.12/site-packages/airflow/operators/python.py", line 256, in execute_callable
    return runner.run(*self.op_args, **self.op_kwargs)
           ^^^^^^^^^^^^^^^^^^^^^^^^^^^^^^^^^^^^^^^^^^^
  File "/home/airflow/.local/lib/python3.12/site-packages/airflow/utils/operator_helpers.py", line 252, in run
    return self.func(*args, **kwargs)
           ^^^^^^^^^^^^^^^^^^^^^^^^^^
  File "/opt/airflow/dags/app.py", line 42, in get_ebook_data
    df.drop_duplicates(subset="Title", inplace=True)
  File "/home/airflow/.local/lib/python3.12/site-packages/pandas/core/frame.py", line 6566, in drop_duplicates
    result = self[-self.duplicated(subset, keep=keep)]
                   ^^^^^^^^^^^^^^^^^^^^^^^^^^^^^^^^^^
  File "/home/airflow/.local/lib/python3.12/site-packages/pandas/core/frame.py", line 6698, in duplicated
    raise KeyError(Index(diff))
KeyError: Index(['Title'], dtype='object')
[2025-01-25T16:07:26.428+0000] {logging_mixin.py:190} INFO - Task instance in failure state
[2025-01-25T16:07:26.431+0000] {logging_mixin.py:190} INFO - Task start:2025-01-25 16:07:16.647920+00:00 end:2025-01-25 16:07:26.423056+00:00 duration:9.775136
[2025-01-25T16:07:26.434+0000] {logging_mixin.py:190} INFO - Task:<Task(PythonOperator): fetch_ebook_data> dag:<DAG: fetch_and_store_ebooks> dagrun:<DagRun fetch_and_store_ebooks @ 2025-01-11 00:00:00+00:00: scheduled__2025-01-11T00:00:00+00:00, state:running, queued_at: 2025-01-25 16:07:01.066780+00:00. externally triggered: False>
[2025-01-25T16:07:26.439+0000] {logging_mixin.py:190} INFO - Failure caused by Index(['Title'], dtype='object')
[2025-01-25T16:07:26.441+0000] {taskinstance.py:1225} INFO - Marking task as UP_FOR_RETRY. dag_id=fetch_and_store_ebooks, task_id=fetch_ebook_data, run_id=scheduled__2025-01-11T00:00:00+00:00, execution_date=20250111T000000, start_date=20250125T160716, end_date=20250125T160726
[2025-01-25T16:07:26.529+0000] {taskinstance.py:340} INFO - ::group::Post task execution logs
[2025-01-25T16:07:26.531+0000] {standard_task_runner.py:124} ERROR - Failed to execute job 402 for task fetch_ebook_data (Index(['Title'], dtype='object'); 2961)
Traceback (most recent call last):
  File "/home/airflow/.local/lib/python3.12/site-packages/airflow/task/task_runner/standard_task_runner.py", line 117, in _start_by_fork
    ret = args.func(args, dag=self.dag)
          ^^^^^^^^^^^^^^^^^^^^^^^^^^^^^
  File "/home/airflow/.local/lib/python3.12/site-packages/airflow/cli/cli_config.py", line 49, in command
    return func(*args, **kwargs)
           ^^^^^^^^^^^^^^^^^^^^^
  File "/home/airflow/.local/lib/python3.12/site-packages/airflow/utils/cli.py", line 116, in wrapper
    return f(*args, **kwargs)
           ^^^^^^^^^^^^^^^^^^
  File "/home/airflow/.local/lib/python3.12/site-packages/airflow/cli/commands/task_command.py", line 483, in task_run
    task_return_code = _run_task_by_selected_method(args, _dag, ti)
                       ^^^^^^^^^^^^^^^^^^^^^^^^^^^^^^^^^^^^^^^^^^^^
  File "/home/airflow/.local/lib/python3.12/site-packages/airflow/cli/commands/task_command.py", line 256, in _run_task_by_selected_method
    return _run_raw_task(args, ti)
           ^^^^^^^^^^^^^^^^^^^^^^^
  File "/home/airflow/.local/lib/python3.12/site-packages/airflow/cli/commands/task_command.py", line 341, in _run_raw_task
    return ti._run_raw_task(
           ^^^^^^^^^^^^^^^^^
  File "/home/airflow/.local/lib/python3.12/site-packages/airflow/utils/session.py", line 97, in wrapper
    return func(*args, session=session, **kwargs)
           ^^^^^^^^^^^^^^^^^^^^^^^^^^^^^^^^^^^^^^
  File "/home/airflow/.local/lib/python3.12/site-packages/airflow/models/taskinstance.py", line 3005, in _run_raw_task
    return _run_raw_task(
           ^^^^^^^^^^^^^^
  File "/home/airflow/.local/lib/python3.12/site-packages/airflow/models/taskinstance.py", line 273, in _run_raw_task
    TaskInstance._execute_task_with_callbacks(
  File "/home/airflow/.local/lib/python3.12/site-packages/airflow/models/taskinstance.py", line 3159, in _execute_task_with_callbacks
    result = self._execute_task(context, task_orig)
             ^^^^^^^^^^^^^^^^^^^^^^^^^^^^^^^^^^^^^^
  File "/home/airflow/.local/lib/python3.12/site-packages/airflow/models/taskinstance.py", line 3183, in _execute_task
    return _execute_task(self, context, task_orig)
           ^^^^^^^^^^^^^^^^^^^^^^^^^^^^^^^^^^^^^^^
  File "/home/airflow/.local/lib/python3.12/site-packages/airflow/models/taskinstance.py", line 767, in _execute_task
    result = _execute_callable(context=context, **execute_callable_kwargs)
             ^^^^^^^^^^^^^^^^^^^^^^^^^^^^^^^^^^^^^^^^^^^^^^^^^^^^^^^^^^^^^
  File "/home/airflow/.local/lib/python3.12/site-packages/airflow/models/taskinstance.py", line 733, in _execute_callable
    return ExecutionCallableRunner(
           ^^^^^^^^^^^^^^^^^^^^^^^^
  File "/home/airflow/.local/lib/python3.12/site-packages/airflow/utils/operator_helpers.py", line 252, in run
    return self.func(*args, **kwargs)
           ^^^^^^^^^^^^^^^^^^^^^^^^^^
  File "/home/airflow/.local/lib/python3.12/site-packages/airflow/models/baseoperator.py", line 422, in wrapper
    return func(self, *args, **kwargs)
           ^^^^^^^^^^^^^^^^^^^^^^^^^^^
  File "/home/airflow/.local/lib/python3.12/site-packages/airflow/operators/python.py", line 238, in execute
    return_value = self.execute_callable()
                   ^^^^^^^^^^^^^^^^^^^^^^^
  File "/home/airflow/.local/lib/python3.12/site-packages/airflow/operators/python.py", line 256, in execute_callable
    return runner.run(*self.op_args, **self.op_kwargs)
           ^^^^^^^^^^^^^^^^^^^^^^^^^^^^^^^^^^^^^^^^^^^
  File "/home/airflow/.local/lib/python3.12/site-packages/airflow/utils/operator_helpers.py", line 252, in run
    return self.func(*args, **kwargs)
           ^^^^^^^^^^^^^^^^^^^^^^^^^^
  File "/opt/airflow/dags/app.py", line 42, in get_ebook_data
    df.drop_duplicates(subset="Title", inplace=True)
  File "/home/airflow/.local/lib/python3.12/site-packages/pandas/core/frame.py", line 6566, in drop_duplicates
    result = self[-self.duplicated(subset, keep=keep)]
                   ^^^^^^^^^^^^^^^^^^^^^^^^^^^^^^^^^^
  File "/home/airflow/.local/lib/python3.12/site-packages/pandas/core/frame.py", line 6698, in duplicated
    raise KeyError(Index(diff))
KeyError: Index(['Title'], dtype='object')
[2025-01-25T16:07:26.611+0000] {local_task_job_runner.py:266} INFO - Task exited with return code 1
[2025-01-25T16:07:26.727+0000] {taskinstance.py:3895} INFO - 0 downstream tasks scheduled from follow-on schedule check
[2025-01-25T16:07:26.735+0000] {local_task_job_runner.py:245} INFO - ::endgroup::
[2025-01-25T17:02:52.492+0000] {local_task_job_runner.py:123} INFO - ::group::Pre task execution logs
[2025-01-25T17:02:52.934+0000] {taskinstance.py:2613} INFO - Dependencies all met for dep_context=non-requeueable deps ti=<TaskInstance: fetch_and_store_ebooks.fetch_ebook_data scheduled__2025-01-11T00:00:00+00:00 [queued]>
[2025-01-25T17:02:53.013+0000] {taskinstance.py:2613} INFO - Dependencies all met for dep_context=requeueable deps ti=<TaskInstance: fetch_and_store_ebooks.fetch_ebook_data scheduled__2025-01-11T00:00:00+00:00 [queued]>
[2025-01-25T17:02:53.025+0000] {taskinstance.py:2866} INFO - Starting attempt 1 of 2
[2025-01-25T17:02:53.153+0000] {taskinstance.py:2889} INFO - Executing <Task(PythonOperator): fetch_ebook_data> on 2025-01-11 00:00:00+00:00
[2025-01-25T17:02:53.180+0000] {warnings.py:112} WARNING - /home/***/.local/lib/python3.12/site-packages/***/task/task_runner/standard_task_runner.py:70: DeprecationWarning: This process (pid=3711) is multi-threaded, use of fork() may lead to deadlocks in the child.
  pid = os.fork()

[2025-01-25T17:02:53.191+0000] {standard_task_runner.py:72} INFO - Started process 3753 to run task
[2025-01-25T17:02:53.237+0000] {standard_task_runner.py:104} INFO - Running: ['***', 'tasks', 'run', 'fetch_and_store_ebooks', 'fetch_ebook_data', 'scheduled__2025-01-11T00:00:00+00:00', '--job-id', '453', '--raw', '--subdir', 'DAGS_FOLDER/app.py', '--cfg-path', '/tmp/tmpipfpx7cr']
[2025-01-25T17:02:53.244+0000] {standard_task_runner.py:105} INFO - Job 453: Subtask fetch_ebook_data
[2025-01-25T17:02:53.673+0000] {task_command.py:467} INFO - Running <TaskInstance: fetch_and_store_ebooks.fetch_ebook_data scheduled__2025-01-11T00:00:00+00:00 [running]> on host 50ab235b552a
[2025-01-25T17:02:54.953+0000] {taskinstance.py:3132} INFO - Exporting env vars: AIRFLOW_CTX_DAG_OWNER='***' AIRFLOW_CTX_DAG_ID='fetch_and_store_ebooks' AIRFLOW_CTX_TASK_ID='fetch_ebook_data' AIRFLOW_CTX_EXECUTION_DATE='2025-01-11T00:00:00+00:00' AIRFLOW_CTX_TRY_NUMBER='1' AIRFLOW_CTX_DAG_RUN_ID='scheduled__2025-01-11T00:00:00+00:00'
[2025-01-25T17:02:54.985+0000] {logging_mixin.py:190} INFO - Task instance is in running state
[2025-01-25T17:02:55.012+0000] {logging_mixin.py:190} INFO -  Previous state of the Task instance: queued
[2025-01-25T17:02:55.021+0000] {logging_mixin.py:190} INFO - Current task name:fetch_ebook_data state:running start_date:2025-01-25 17:02:52.946269+00:00
[2025-01-25T17:02:55.030+0000] {logging_mixin.py:190} INFO - Dag name:fetch_and_store_ebooks and current dag run status:running
[2025-01-25T17:02:55.035+0000] {taskinstance.py:731} INFO - ::endgroup::
[2025-01-25T17:03:16.854+0000] {python.py:240} INFO - Done. Returned value was: None
[2025-01-25T17:03:16.936+0000] {taskinstance.py:340} INFO - ::group::Post task execution logs
[2025-01-25T17:03:16.939+0000] {taskinstance.py:352} INFO - Marking task as SUCCESS. dag_id=fetch_and_store_ebooks, task_id=fetch_ebook_data, run_id=scheduled__2025-01-11T00:00:00+00:00, execution_date=20250111T000000, start_date=20250125T170252, end_date=20250125T170316
[2025-01-25T17:03:17.062+0000] {logging_mixin.py:190} INFO - Task instance in success state
[2025-01-25T17:03:17.070+0000] {logging_mixin.py:190} INFO -  Previous state of the Task instance: running
[2025-01-25T17:03:17.077+0000] {logging_mixin.py:190} INFO - Dag name:fetch_and_store_ebooks queued_at:2025-01-25 17:02:07.134680+00:00
[2025-01-25T17:03:17.085+0000] {logging_mixin.py:190} INFO - Task hostname:50ab235b552a operator:PythonOperator
[2025-01-25T17:03:17.212+0000] {local_task_job_runner.py:266} INFO - Task exited with return code 0
[2025-01-25T17:03:17.421+0000] {taskinstance.py:3895} INFO - 1 downstream tasks scheduled from follow-on schedule check
[2025-01-25T17:03:17.435+0000] {local_task_job_runner.py:245} INFO - ::endgroup::
[2025-01-26T06:34:13.990+0000] {local_task_job_runner.py:123} INFO - ::group::Pre task execution logs
[2025-01-26T06:34:14.325+0000] {taskinstance.py:2613} INFO - Dependencies all met for dep_context=non-requeueable deps ti=<TaskInstance: fetch_and_store_ebooks.fetch_ebook_data scheduled__2025-01-11T00:00:00+00:00 [queued]>
[2025-01-26T06:34:14.583+0000] {taskinstance.py:2613} INFO - Dependencies all met for dep_context=requeueable deps ti=<TaskInstance: fetch_and_store_ebooks.fetch_ebook_data scheduled__2025-01-11T00:00:00+00:00 [queued]>
[2025-01-26T06:34:14.608+0000] {taskinstance.py:2866} INFO - Starting attempt 1 of 2
[2025-01-26T06:34:16.160+0000] {taskinstance.py:2889} INFO - Executing <Task(PythonOperator): fetch_ebook_data> on 2025-01-11 00:00:00+00:00
[2025-01-26T06:34:16.222+0000] {warnings.py:112} WARNING - /home/***/.local/lib/python3.12/site-packages/***/task/task_runner/standard_task_runner.py:70: DeprecationWarning: This process (pid=388) is multi-threaded, use of fork() may lead to deadlocks in the child.
  pid = os.fork()

[2025-01-26T06:34:16.270+0000] {standard_task_runner.py:104} INFO - Running: ['***', 'tasks', 'run', 'fetch_and_store_ebooks', 'fetch_ebook_data', 'scheduled__2025-01-11T00:00:00+00:00', '--job-id', '543', '--raw', '--subdir', 'DAGS_FOLDER/app.py', '--cfg-path', '/tmp/tmp9una3zk5']
[2025-01-26T06:34:16.288+0000] {standard_task_runner.py:105} INFO - Job 543: Subtask fetch_ebook_data
[2025-01-26T06:34:16.272+0000] {standard_task_runner.py:72} INFO - Started process 428 to run task
[2025-01-26T06:34:16.870+0000] {task_command.py:467} INFO - Running <TaskInstance: fetch_and_store_ebooks.fetch_ebook_data scheduled__2025-01-11T00:00:00+00:00 [running]> on host 34edd304782d
[2025-01-26T06:34:17.767+0000] {taskinstance.py:3132} INFO - Exporting env vars: AIRFLOW_CTX_DAG_OWNER='***' AIRFLOW_CTX_DAG_ID='fetch_and_store_ebooks' AIRFLOW_CTX_TASK_ID='fetch_ebook_data' AIRFLOW_CTX_EXECUTION_DATE='2025-01-11T00:00:00+00:00' AIRFLOW_CTX_TRY_NUMBER='1' AIRFLOW_CTX_DAG_RUN_ID='scheduled__2025-01-11T00:00:00+00:00'
[2025-01-26T06:34:17.779+0000] {logging_mixin.py:190} INFO - Task instance is in running state
[2025-01-26T06:34:17.783+0000] {logging_mixin.py:190} INFO -  Previous state of the Task instance: queued
[2025-01-26T06:34:17.803+0000] {logging_mixin.py:190} INFO - Current task name:fetch_ebook_data state:running start_date:2025-01-26 06:34:14.388434+00:00
[2025-01-26T06:34:17.806+0000] {logging_mixin.py:190} INFO - Dag name:fetch_and_store_ebooks and current dag run status:running
[2025-01-26T06:34:17.821+0000] {taskinstance.py:731} INFO - ::endgroup::
[2025-01-26T06:34:29.714+0000] {python.py:240} INFO - Done. Returned value was: None
[2025-01-26T06:34:29.799+0000] {taskinstance.py:340} INFO - ::group::Post task execution logs
[2025-01-26T06:34:29.809+0000] {taskinstance.py:352} INFO - Marking task as SUCCESS. dag_id=fetch_and_store_ebooks, task_id=fetch_ebook_data, run_id=scheduled__2025-01-11T00:00:00+00:00, execution_date=20250111T000000, start_date=20250126T063414, end_date=20250126T063429
[2025-01-26T06:34:30.372+0000] {logging_mixin.py:190} INFO - Task instance in success state
[2025-01-26T06:34:30.377+0000] {logging_mixin.py:190} INFO -  Previous state of the Task instance: running
[2025-01-26T06:34:30.379+0000] {logging_mixin.py:190} INFO - Dag name:fetch_and_store_ebooks queued_at:2025-01-26 06:33:34.733839+00:00
[2025-01-26T06:34:30.381+0000] {logging_mixin.py:190} INFO - Task hostname:34edd304782d operator:PythonOperator
[2025-01-26T06:34:30.538+0000] {local_task_job_runner.py:266} INFO - Task exited with return code 0
[2025-01-26T06:34:30.812+0000] {taskinstance.py:3895} INFO - 1 downstream tasks scheduled from follow-on schedule check
[2025-01-26T06:34:30.837+0000] {local_task_job_runner.py:245} INFO - ::endgroup::
[2025-01-26T07:22:07.355+0000] {local_task_job_runner.py:123} INFO - ::group::Pre task execution logs
[2025-01-26T07:22:07.511+0000] {taskinstance.py:2613} INFO - Dependencies all met for dep_context=non-requeueable deps ti=<TaskInstance: fetch_and_store_ebooks.fetch_ebook_data scheduled__2025-01-11T00:00:00+00:00 [queued]>
[2025-01-26T07:22:07.761+0000] {taskinstance.py:2613} INFO - Dependencies all met for dep_context=requeueable deps ti=<TaskInstance: fetch_and_store_ebooks.fetch_ebook_data scheduled__2025-01-11T00:00:00+00:00 [queued]>
[2025-01-26T07:22:07.767+0000] {taskinstance.py:2866} INFO - Starting attempt 1 of 2
[2025-01-26T07:22:09.432+0000] {taskinstance.py:2889} INFO - Executing <Task(PythonOperator): fetch_ebook_data> on 2025-01-11 00:00:00+00:00
[2025-01-26T07:22:09.490+0000] {warnings.py:112} WARNING - /home/***/.local/lib/python3.12/site-packages/***/task/task_runner/standard_task_runner.py:70: DeprecationWarning: This process (pid=1224) is multi-threaded, use of fork() may lead to deadlocks in the child.
  pid = os.fork()

[2025-01-26T07:22:09.505+0000] {standard_task_runner.py:72} INFO - Started process 1267 to run task
[2025-01-26T07:22:09.534+0000] {standard_task_runner.py:104} INFO - Running: ['***', 'tasks', 'run', 'fetch_and_store_ebooks', 'fetch_ebook_data', 'scheduled__2025-01-11T00:00:00+00:00', '--job-id', '627', '--raw', '--subdir', 'DAGS_FOLDER/app.py', '--cfg-path', '/tmp/tmpwbg5825z']
[2025-01-26T07:22:09.548+0000] {standard_task_runner.py:105} INFO - Job 627: Subtask fetch_ebook_data
[2025-01-26T07:22:10.079+0000] {task_command.py:467} INFO - Running <TaskInstance: fetch_and_store_ebooks.fetch_ebook_data scheduled__2025-01-11T00:00:00+00:00 [running]> on host 34edd304782d
[2025-01-26T07:22:10.878+0000] {taskinstance.py:3132} INFO - Exporting env vars: AIRFLOW_CTX_DAG_OWNER='***' AIRFLOW_CTX_DAG_ID='fetch_and_store_ebooks' AIRFLOW_CTX_TASK_ID='fetch_ebook_data' AIRFLOW_CTX_EXECUTION_DATE='2025-01-11T00:00:00+00:00' AIRFLOW_CTX_TRY_NUMBER='1' AIRFLOW_CTX_DAG_RUN_ID='scheduled__2025-01-11T00:00:00+00:00'
[2025-01-26T07:22:10.885+0000] {logging_mixin.py:190} INFO - Task instance is in running state
[2025-01-26T07:22:10.887+0000] {logging_mixin.py:190} INFO -  Previous state of the Task instance: queued
[2025-01-26T07:22:10.888+0000] {logging_mixin.py:190} INFO - Current task name:fetch_ebook_data state:running start_date:2025-01-26 07:22:07.528482+00:00
[2025-01-26T07:22:10.909+0000] {logging_mixin.py:190} INFO - Dag name:fetch_and_store_ebooks and current dag run status:running
[2025-01-26T07:22:10.911+0000] {taskinstance.py:731} INFO - ::endgroup::
[2025-01-26T07:22:20.303+0000] {python.py:240} INFO - Done. Returned value was: None
[2025-01-26T07:22:20.413+0000] {taskinstance.py:340} INFO - ::group::Post task execution logs
[2025-01-26T07:22:20.417+0000] {taskinstance.py:352} INFO - Marking task as SUCCESS. dag_id=fetch_and_store_ebooks, task_id=fetch_ebook_data, run_id=scheduled__2025-01-11T00:00:00+00:00, execution_date=20250111T000000, start_date=20250126T072207, end_date=20250126T072220
[2025-01-26T07:22:20.848+0000] {logging_mixin.py:190} INFO - Task instance in success state
[2025-01-26T07:22:20.849+0000] {logging_mixin.py:190} INFO -  Previous state of the Task instance: running
[2025-01-26T07:22:20.851+0000] {logging_mixin.py:190} INFO - Dag name:fetch_and_store_ebooks queued_at:2025-01-26 07:21:34.872030+00:00
[2025-01-26T07:22:20.853+0000] {logging_mixin.py:190} INFO - Task hostname:34edd304782d operator:PythonOperator
[2025-01-26T07:22:20.976+0000] {local_task_job_runner.py:266} INFO - Task exited with return code 0
[2025-01-26T07:22:21.403+0000] {taskinstance.py:3895} INFO - 1 downstream tasks scheduled from follow-on schedule check
[2025-01-26T07:22:21.421+0000] {local_task_job_runner.py:245} INFO - ::endgroup::
[2025-01-26T07:47:32.349+0000] {local_task_job_runner.py:123} INFO - ::group::Pre task execution logs
[2025-01-26T07:47:32.461+0000] {taskinstance.py:2613} INFO - Dependencies all met for dep_context=non-requeueable deps ti=<TaskInstance: fetch_and_store_ebooks.fetch_ebook_data scheduled__2025-01-11T00:00:00+00:00 [queued]>
[2025-01-26T07:47:32.550+0000] {taskinstance.py:2613} INFO - Dependencies all met for dep_context=requeueable deps ti=<TaskInstance: fetch_and_store_ebooks.fetch_ebook_data scheduled__2025-01-11T00:00:00+00:00 [queued]>
[2025-01-26T07:47:32.552+0000] {taskinstance.py:2866} INFO - Starting attempt 1 of 2
[2025-01-26T07:47:32.689+0000] {taskinstance.py:2889} INFO - Executing <Task(PythonOperator): fetch_ebook_data> on 2025-01-11 00:00:00+00:00
[2025-01-26T07:47:32.817+0000] {warnings.py:112} WARNING - /home/***/.local/lib/python3.12/site-packages/***/task/task_runner/standard_task_runner.py:70: DeprecationWarning: This process (pid=1897) is multi-threaded, use of fork() may lead to deadlocks in the child.
  pid = os.fork()

[2025-01-26T07:47:32.853+0000] {standard_task_runner.py:72} INFO - Started process 1935 to run task
[2025-01-26T07:47:32.872+0000] {standard_task_runner.py:104} INFO - Running: ['***', 'tasks', 'run', 'fetch_and_store_ebooks', 'fetch_ebook_data', 'scheduled__2025-01-11T00:00:00+00:00', '--job-id', '721', '--raw', '--subdir', 'DAGS_FOLDER/app.py', '--cfg-path', '/tmp/tmpy60afhky']
[2025-01-26T07:47:32.926+0000] {standard_task_runner.py:105} INFO - Job 721: Subtask fetch_ebook_data
[2025-01-26T07:47:33.496+0000] {task_command.py:467} INFO - Running <TaskInstance: fetch_and_store_ebooks.fetch_ebook_data scheduled__2025-01-11T00:00:00+00:00 [running]> on host 34edd304782d
[2025-01-26T07:47:34.118+0000] {taskinstance.py:3132} INFO - Exporting env vars: AIRFLOW_CTX_DAG_OWNER='***' AIRFLOW_CTX_DAG_ID='fetch_and_store_ebooks' AIRFLOW_CTX_TASK_ID='fetch_ebook_data' AIRFLOW_CTX_EXECUTION_DATE='2025-01-11T00:00:00+00:00' AIRFLOW_CTX_TRY_NUMBER='1' AIRFLOW_CTX_DAG_RUN_ID='scheduled__2025-01-11T00:00:00+00:00'
[2025-01-26T07:47:34.126+0000] {logging_mixin.py:190} INFO - Task instance is in running state
[2025-01-26T07:47:34.129+0000] {logging_mixin.py:190} INFO -  Previous state of the Task instance: queued
[2025-01-26T07:47:34.140+0000] {logging_mixin.py:190} INFO - Current task name:fetch_ebook_data state:running start_date:2025-01-26 07:47:32.464976+00:00
[2025-01-26T07:47:34.151+0000] {logging_mixin.py:190} INFO - Dag name:fetch_and_store_ebooks and current dag run status:running
[2025-01-26T07:47:34.165+0000] {taskinstance.py:731} INFO - ::endgroup::
[2025-01-26T07:47:42.295+0000] {python.py:240} INFO - Done. Returned value was: None
[2025-01-26T07:47:42.414+0000] {taskinstance.py:340} INFO - ::group::Post task execution logs
[2025-01-26T07:47:42.421+0000] {taskinstance.py:352} INFO - Marking task as SUCCESS. dag_id=fetch_and_store_ebooks, task_id=fetch_ebook_data, run_id=scheduled__2025-01-11T00:00:00+00:00, execution_date=20250111T000000, start_date=20250126T074732, end_date=20250126T074742
[2025-01-26T07:47:42.516+0000] {logging_mixin.py:190} INFO - Task instance in success state
[2025-01-26T07:47:42.519+0000] {logging_mixin.py:190} INFO -  Previous state of the Task instance: running
[2025-01-26T07:47:42.523+0000] {logging_mixin.py:190} INFO - Dag name:fetch_and_store_ebooks queued_at:2025-01-26 07:46:56.040705+00:00
[2025-01-26T07:47:42.535+0000] {logging_mixin.py:190} INFO - Task hostname:34edd304782d operator:PythonOperator
[2025-01-26T07:47:42.685+0000] {local_task_job_runner.py:266} INFO - Task exited with return code 0
[2025-01-26T07:47:42.739+0000] {local_task_job_runner.py:245} INFO - ::endgroup::
[2025-01-26T08:51:32.775+0000] {local_task_job_runner.py:123} INFO - ::group::Pre task execution logs
[2025-01-26T08:51:33.051+0000] {taskinstance.py:2613} INFO - Dependencies all met for dep_context=non-requeueable deps ti=<TaskInstance: fetch_and_store_ebooks.fetch_ebook_data scheduled__2025-01-11T00:00:00+00:00 [queued]>
[2025-01-26T08:51:33.189+0000] {taskinstance.py:2613} INFO - Dependencies all met for dep_context=requeueable deps ti=<TaskInstance: fetch_and_store_ebooks.fetch_ebook_data scheduled__2025-01-11T00:00:00+00:00 [queued]>
[2025-01-26T08:51:33.191+0000] {taskinstance.py:2866} INFO - Starting attempt 1 of 2
[2025-01-26T08:51:34.363+0000] {taskinstance.py:2889} INFO - Executing <Task(PythonOperator): fetch_ebook_data> on 2025-01-11 00:00:00+00:00
[2025-01-26T08:51:34.385+0000] {warnings.py:112} WARNING - /home/***/.local/lib/python3.12/site-packages/***/task/task_runner/standard_task_runner.py:70: DeprecationWarning: This process (pid=3204) is multi-threaded, use of fork() may lead to deadlocks in the child.
  pid = os.fork()

[2025-01-26T08:51:34.415+0000] {standard_task_runner.py:72} INFO - Started process 3242 to run task
[2025-01-26T08:51:34.451+0000] {standard_task_runner.py:104} INFO - Running: ['***', 'tasks', 'run', 'fetch_and_store_ebooks', 'fetch_ebook_data', 'scheduled__2025-01-11T00:00:00+00:00', '--job-id', '880', '--raw', '--subdir', 'DAGS_FOLDER/app.py', '--cfg-path', '/tmp/tmprqyoqmo1']
[2025-01-26T08:51:34.489+0000] {standard_task_runner.py:105} INFO - Job 880: Subtask fetch_ebook_data
[2025-01-26T08:51:35.025+0000] {task_command.py:467} INFO - Running <TaskInstance: fetch_and_store_ebooks.fetch_ebook_data scheduled__2025-01-11T00:00:00+00:00 [running]> on host 34edd304782d
[2025-01-26T08:51:36.197+0000] {taskinstance.py:3132} INFO - Exporting env vars: AIRFLOW_CTX_DAG_OWNER='***' AIRFLOW_CTX_DAG_ID='fetch_and_store_ebooks' AIRFLOW_CTX_TASK_ID='fetch_ebook_data' AIRFLOW_CTX_EXECUTION_DATE='2025-01-11T00:00:00+00:00' AIRFLOW_CTX_TRY_NUMBER='1' AIRFLOW_CTX_DAG_RUN_ID='scheduled__2025-01-11T00:00:00+00:00'
[2025-01-26T08:51:36.212+0000] {logging_mixin.py:190} INFO - Task instance is in running state
[2025-01-26T08:51:36.215+0000] {logging_mixin.py:190} INFO -  Previous state of the Task instance: queued
[2025-01-26T08:51:36.219+0000] {logging_mixin.py:190} INFO - Current task name:fetch_ebook_data state:running start_date:2025-01-26 08:51:33.069170+00:00
[2025-01-26T08:51:36.222+0000] {logging_mixin.py:190} INFO - Dag name:fetch_and_store_ebooks and current dag run status:running
[2025-01-26T08:51:36.224+0000] {taskinstance.py:731} INFO - ::endgroup::
[2025-01-26T08:51:47.057+0000] {python.py:240} INFO - Done. Returned value was: None
[2025-01-26T08:51:47.166+0000] {taskinstance.py:340} INFO - ::group::Post task execution logs
[2025-01-26T08:51:47.288+0000] {taskinstance.py:352} INFO - Marking task as SUCCESS. dag_id=fetch_and_store_ebooks, task_id=fetch_ebook_data, run_id=scheduled__2025-01-11T00:00:00+00:00, execution_date=20250111T000000, start_date=20250126T085133, end_date=20250126T085147
[2025-01-26T08:51:47.439+0000] {logging_mixin.py:190} INFO - Task instance in success state
[2025-01-26T08:51:47.454+0000] {logging_mixin.py:190} INFO -  Previous state of the Task instance: running
[2025-01-26T08:51:47.469+0000] {logging_mixin.py:190} INFO - Dag name:fetch_and_store_ebooks queued_at:2025-01-26 08:50:58.059210+00:00
[2025-01-26T08:51:47.471+0000] {logging_mixin.py:190} INFO - Task hostname:34edd304782d operator:PythonOperator
[2025-01-26T08:51:47.658+0000] {local_task_job_runner.py:266} INFO - Task exited with return code 0
[2025-01-26T08:51:47.740+0000] {local_task_job_runner.py:245} INFO - ::endgroup::
[2025-01-26T08:58:34.558+0000] {local_task_job_runner.py:123} INFO - ::group::Pre task execution logs
[2025-01-26T08:58:34.861+0000] {taskinstance.py:2613} INFO - Dependencies all met for dep_context=non-requeueable deps ti=<TaskInstance: fetch_and_store_ebooks.fetch_ebook_data scheduled__2025-01-11T00:00:00+00:00 [queued]>
[2025-01-26T08:58:35.038+0000] {taskinstance.py:2613} INFO - Dependencies all met for dep_context=requeueable deps ti=<TaskInstance: fetch_and_store_ebooks.fetch_ebook_data scheduled__2025-01-11T00:00:00+00:00 [queued]>
[2025-01-26T08:58:35.039+0000] {taskinstance.py:2866} INFO - Starting attempt 1 of 2
[2025-01-26T08:58:35.946+0000] {taskinstance.py:2889} INFO - Executing <Task(PythonOperator): fetch_ebook_data> on 2025-01-11 00:00:00+00:00
[2025-01-26T08:58:36.093+0000] {standard_task_runner.py:104} INFO - Running: ['***', 'tasks', 'run', 'fetch_and_store_ebooks', 'fetch_ebook_data', 'scheduled__2025-01-11T00:00:00+00:00', '--job-id', '912', '--raw', '--subdir', 'DAGS_FOLDER/app.py', '--cfg-path', '/tmp/tmpz41aktj8']
[2025-01-26T08:58:36.113+0000] {standard_task_runner.py:105} INFO - Job 912: Subtask fetch_ebook_data
[2025-01-26T08:58:36.081+0000] {warnings.py:112} WARNING - /home/***/.local/lib/python3.12/site-packages/***/task/task_runner/standard_task_runner.py:70: DeprecationWarning: This process (pid=3405) is multi-threaded, use of fork() may lead to deadlocks in the child.
  pid = os.fork()

[2025-01-26T08:58:36.161+0000] {standard_task_runner.py:72} INFO - Started process 3453 to run task
[2025-01-26T08:58:36.621+0000] {task_command.py:467} INFO - Running <TaskInstance: fetch_and_store_ebooks.fetch_ebook_data scheduled__2025-01-11T00:00:00+00:00 [running]> on host 34edd304782d
[2025-01-26T08:58:38.102+0000] {taskinstance.py:3132} INFO - Exporting env vars: AIRFLOW_CTX_DAG_OWNER='***' AIRFLOW_CTX_DAG_ID='fetch_and_store_ebooks' AIRFLOW_CTX_TASK_ID='fetch_ebook_data' AIRFLOW_CTX_EXECUTION_DATE='2025-01-11T00:00:00+00:00' AIRFLOW_CTX_TRY_NUMBER='1' AIRFLOW_CTX_DAG_RUN_ID='scheduled__2025-01-11T00:00:00+00:00'
[2025-01-26T08:58:38.125+0000] {logging_mixin.py:190} INFO - Task instance is in running state
[2025-01-26T08:58:38.152+0000] {logging_mixin.py:190} INFO -  Previous state of the Task instance: queued
[2025-01-26T08:58:38.154+0000] {logging_mixin.py:190} INFO - Current task name:fetch_ebook_data state:running start_date:2025-01-26 08:58:34.882393+00:00
[2025-01-26T08:58:38.156+0000] {logging_mixin.py:190} INFO - Dag name:fetch_and_store_ebooks and current dag run status:running
[2025-01-26T08:58:38.158+0000] {taskinstance.py:731} INFO - ::endgroup::
[2025-01-26T08:58:46.895+0000] {python.py:240} INFO - Done. Returned value was: None
[2025-01-26T08:58:47.092+0000] {taskinstance.py:340} INFO - ::group::Post task execution logs
[2025-01-26T08:58:47.108+0000] {taskinstance.py:352} INFO - Marking task as SUCCESS. dag_id=fetch_and_store_ebooks, task_id=fetch_ebook_data, run_id=scheduled__2025-01-11T00:00:00+00:00, execution_date=20250111T000000, start_date=20250126T085834, end_date=20250126T085847
[2025-01-26T08:58:47.519+0000] {logging_mixin.py:190} INFO - Task instance in success state
[2025-01-26T08:58:47.524+0000] {logging_mixin.py:190} INFO -  Previous state of the Task instance: running
[2025-01-26T08:58:47.531+0000] {logging_mixin.py:190} INFO - Dag name:fetch_and_store_ebooks queued_at:2025-01-26 08:57:51.142144+00:00
[2025-01-26T08:58:47.547+0000] {logging_mixin.py:190} INFO - Task hostname:34edd304782d operator:PythonOperator
[2025-01-26T08:58:47.699+0000] {local_task_job_runner.py:266} INFO - Task exited with return code 0
[2025-01-26T08:58:48.017+0000] {taskinstance.py:3895} INFO - 1 downstream tasks scheduled from follow-on schedule check
[2025-01-26T08:58:48.053+0000] {local_task_job_runner.py:245} INFO - ::endgroup::
[2025-01-26T09:05:41.721+0000] {local_task_job_runner.py:123} INFO - ::group::Pre task execution logs
[2025-01-26T09:05:41.979+0000] {taskinstance.py:2613} INFO - Dependencies all met for dep_context=non-requeueable deps ti=<TaskInstance: fetch_and_store_ebooks.fetch_ebook_data scheduled__2025-01-11T00:00:00+00:00 [queued]>
[2025-01-26T09:05:42.176+0000] {taskinstance.py:2613} INFO - Dependencies all met for dep_context=requeueable deps ti=<TaskInstance: fetch_and_store_ebooks.fetch_ebook_data scheduled__2025-01-11T00:00:00+00:00 [queued]>
[2025-01-26T09:05:42.189+0000] {taskinstance.py:2866} INFO - Starting attempt 1 of 2
[2025-01-26T09:05:42.538+0000] {taskinstance.py:2889} INFO - Executing <Task(PythonOperator): fetch_ebook_data> on 2025-01-11 00:00:00+00:00
[2025-01-26T09:05:42.615+0000] {warnings.py:112} WARNING - /home/***/.local/lib/python3.12/site-packages/***/task/task_runner/standard_task_runner.py:70: DeprecationWarning: This process (pid=3612) is multi-threaded, use of fork() may lead to deadlocks in the child.
  pid = os.fork()

[2025-01-26T09:05:42.669+0000] {standard_task_runner.py:72} INFO - Started process 3655 to run task
[2025-01-26T09:05:42.675+0000] {standard_task_runner.py:104} INFO - Running: ['***', 'tasks', 'run', 'fetch_and_store_ebooks', 'fetch_ebook_data', 'scheduled__2025-01-11T00:00:00+00:00', '--job-id', '943', '--raw', '--subdir', 'DAGS_FOLDER/app.py', '--cfg-path', '/tmp/tmpkws3qfbc']
[2025-01-26T09:05:42.722+0000] {standard_task_runner.py:105} INFO - Job 943: Subtask fetch_ebook_data
[2025-01-26T09:05:43.401+0000] {task_command.py:467} INFO - Running <TaskInstance: fetch_and_store_ebooks.fetch_ebook_data scheduled__2025-01-11T00:00:00+00:00 [running]> on host 34edd304782d
[2025-01-26T09:05:44.812+0000] {taskinstance.py:3132} INFO - Exporting env vars: AIRFLOW_CTX_DAG_OWNER='***' AIRFLOW_CTX_DAG_ID='fetch_and_store_ebooks' AIRFLOW_CTX_TASK_ID='fetch_ebook_data' AIRFLOW_CTX_EXECUTION_DATE='2025-01-11T00:00:00+00:00' AIRFLOW_CTX_TRY_NUMBER='1' AIRFLOW_CTX_DAG_RUN_ID='scheduled__2025-01-11T00:00:00+00:00'
[2025-01-26T09:05:44.844+0000] {logging_mixin.py:190} INFO - Task instance is in running state
[2025-01-26T09:05:44.877+0000] {logging_mixin.py:190} INFO -  Previous state of the Task instance: queued
[2025-01-26T09:05:44.879+0000] {logging_mixin.py:190} INFO - Current task name:fetch_ebook_data state:running start_date:2025-01-26 09:05:42.009399+00:00
[2025-01-26T09:05:44.881+0000] {logging_mixin.py:190} INFO - Dag name:fetch_and_store_ebooks and current dag run status:running
[2025-01-26T09:05:44.890+0000] {taskinstance.py:731} INFO - ::endgroup::
[2025-01-26T09:05:53.877+0000] {python.py:240} INFO - Done. Returned value was: None
[2025-01-26T09:05:53.995+0000] {taskinstance.py:340} INFO - ::group::Post task execution logs
[2025-01-26T09:05:53.998+0000] {taskinstance.py:352} INFO - Marking task as SUCCESS. dag_id=fetch_and_store_ebooks, task_id=fetch_ebook_data, run_id=scheduled__2025-01-11T00:00:00+00:00, execution_date=20250111T000000, start_date=20250126T090542, end_date=20250126T090553
[2025-01-26T09:05:54.216+0000] {logging_mixin.py:190} INFO - Task instance in success state
[2025-01-26T09:05:54.220+0000] {logging_mixin.py:190} INFO -  Previous state of the Task instance: running
[2025-01-26T09:05:54.272+0000] {logging_mixin.py:190} INFO - Dag name:fetch_and_store_ebooks queued_at:2025-01-26 09:04:59.481301+00:00
[2025-01-26T09:05:54.277+0000] {logging_mixin.py:190} INFO - Task hostname:34edd304782d operator:PythonOperator
[2025-01-26T09:05:54.494+0000] {local_task_job_runner.py:266} INFO - Task exited with return code 0
[2025-01-26T09:05:54.877+0000] {taskinstance.py:3895} INFO - 1 downstream tasks scheduled from follow-on schedule check
[2025-01-26T09:05:54.897+0000] {local_task_job_runner.py:245} INFO - ::endgroup::
[2025-01-26T09:16:20.282+0000] {local_task_job_runner.py:123} INFO - ::group::Pre task execution logs
[2025-01-26T09:16:20.655+0000] {taskinstance.py:2613} INFO - Dependencies all met for dep_context=non-requeueable deps ti=<TaskInstance: fetch_and_store_ebooks.fetch_ebook_data scheduled__2025-01-11T00:00:00+00:00 [queued]>
[2025-01-26T09:16:20.855+0000] {taskinstance.py:2613} INFO - Dependencies all met for dep_context=requeueable deps ti=<TaskInstance: fetch_and_store_ebooks.fetch_ebook_data scheduled__2025-01-11T00:00:00+00:00 [queued]>
[2025-01-26T09:16:20.859+0000] {taskinstance.py:2866} INFO - Starting attempt 1 of 2
[2025-01-26T09:16:22.271+0000] {taskinstance.py:2889} INFO - Executing <Task(PythonOperator): fetch_ebook_data> on 2025-01-11 00:00:00+00:00
[2025-01-26T09:16:22.345+0000] {warnings.py:112} WARNING - /home/***/.local/lib/python3.12/site-packages/***/task/task_runner/standard_task_runner.py:70: DeprecationWarning: This process (pid=4015) is multi-threaded, use of fork() may lead to deadlocks in the child.
  pid = os.fork()

[2025-01-26T09:16:22.379+0000] {standard_task_runner.py:72} INFO - Started process 4052 to run task
[2025-01-26T09:16:22.431+0000] {standard_task_runner.py:104} INFO - Running: ['***', 'tasks', 'run', 'fetch_and_store_ebooks', 'fetch_ebook_data', 'scheduled__2025-01-11T00:00:00+00:00', '--job-id', '1011', '--raw', '--subdir', 'DAGS_FOLDER/app.py', '--cfg-path', '/tmp/tmpr2g5l981']
[2025-01-26T09:16:22.477+0000] {standard_task_runner.py:105} INFO - Job 1011: Subtask fetch_ebook_data
[2025-01-26T09:16:23.389+0000] {task_command.py:467} INFO - Running <TaskInstance: fetch_and_store_ebooks.fetch_ebook_data scheduled__2025-01-11T00:00:00+00:00 [running]> on host 34edd304782d
[2025-01-26T09:16:25.234+0000] {taskinstance.py:3132} INFO - Exporting env vars: AIRFLOW_CTX_DAG_OWNER='***' AIRFLOW_CTX_DAG_ID='fetch_and_store_ebooks' AIRFLOW_CTX_TASK_ID='fetch_ebook_data' AIRFLOW_CTX_EXECUTION_DATE='2025-01-11T00:00:00+00:00' AIRFLOW_CTX_TRY_NUMBER='1' AIRFLOW_CTX_DAG_RUN_ID='scheduled__2025-01-11T00:00:00+00:00'
[2025-01-26T09:16:25.279+0000] {logging_mixin.py:190} INFO - Task instance is in running state
[2025-01-26T09:16:25.294+0000] {logging_mixin.py:190} INFO -  Previous state of the Task instance: queued
[2025-01-26T09:16:25.310+0000] {logging_mixin.py:190} INFO - Current task name:fetch_ebook_data state:running start_date:2025-01-26 09:16:20.668160+00:00
[2025-01-26T09:16:25.328+0000] {logging_mixin.py:190} INFO - Dag name:fetch_and_store_ebooks and current dag run status:running
[2025-01-26T09:16:25.340+0000] {taskinstance.py:731} INFO - ::endgroup::
[2025-01-26T09:16:36.364+0000] {python.py:240} INFO - Done. Returned value was: None
[2025-01-26T09:16:36.504+0000] {taskinstance.py:340} INFO - ::group::Post task execution logs
[2025-01-26T09:16:36.510+0000] {taskinstance.py:352} INFO - Marking task as SUCCESS. dag_id=fetch_and_store_ebooks, task_id=fetch_ebook_data, run_id=scheduled__2025-01-11T00:00:00+00:00, execution_date=20250111T000000, start_date=20250126T091620, end_date=20250126T091636
[2025-01-26T09:16:36.611+0000] {logging_mixin.py:190} INFO - Task instance in success state
[2025-01-26T09:16:36.647+0000] {logging_mixin.py:190} INFO -  Previous state of the Task instance: running
[2025-01-26T09:16:36.652+0000] {logging_mixin.py:190} INFO - Dag name:fetch_and_store_ebooks queued_at:2025-01-26 09:15:49.684318+00:00
[2025-01-26T09:16:36.655+0000] {logging_mixin.py:190} INFO - Task hostname:34edd304782d operator:PythonOperator
[2025-01-26T09:16:36.769+0000] {local_task_job_runner.py:266} INFO - Task exited with return code 0
[2025-01-26T09:16:36.910+0000] {taskinstance.py:3895} INFO - 1 downstream tasks scheduled from follow-on schedule check
[2025-01-26T09:16:36.932+0000] {local_task_job_runner.py:245} INFO - ::endgroup::
[2025-01-26T09:27:16.552+0000] {local_task_job_runner.py:123} INFO - ::group::Pre task execution logs
[2025-01-26T09:27:17.182+0000] {taskinstance.py:2613} INFO - Dependencies all met for dep_context=non-requeueable deps ti=<TaskInstance: fetch_and_store_ebooks.fetch_ebook_data scheduled__2025-01-11T00:00:00+00:00 [queued]>
[2025-01-26T09:27:17.361+0000] {taskinstance.py:2613} INFO - Dependencies all met for dep_context=requeueable deps ti=<TaskInstance: fetch_and_store_ebooks.fetch_ebook_data scheduled__2025-01-11T00:00:00+00:00 [queued]>
[2025-01-26T09:27:17.370+0000] {taskinstance.py:2866} INFO - Starting attempt 1 of 2
[2025-01-26T09:27:18.190+0000] {taskinstance.py:2889} INFO - Executing <Task(PythonOperator): fetch_ebook_data> on 2025-01-11 00:00:00+00:00
[2025-01-26T09:27:18.248+0000] {warnings.py:112} WARNING - /home/***/.local/lib/python3.12/site-packages/***/task/task_runner/standard_task_runner.py:70: DeprecationWarning: This process (pid=4334) is multi-threaded, use of fork() may lead to deadlocks in the child.
  pid = os.fork()

[2025-01-26T09:27:18.302+0000] {standard_task_runner.py:72} INFO - Started process 4397 to run task
[2025-01-26T09:27:18.314+0000] {standard_task_runner.py:104} INFO - Running: ['***', 'tasks', 'run', 'fetch_and_store_ebooks', 'fetch_ebook_data', 'scheduled__2025-01-11T00:00:00+00:00', '--job-id', '1065', '--raw', '--subdir', 'DAGS_FOLDER/app.py', '--cfg-path', '/tmp/tmp6968xir1']
[2025-01-26T09:27:18.336+0000] {standard_task_runner.py:105} INFO - Job 1065: Subtask fetch_ebook_data
[2025-01-26T09:27:18.991+0000] {task_command.py:467} INFO - Running <TaskInstance: fetch_and_store_ebooks.fetch_ebook_data scheduled__2025-01-11T00:00:00+00:00 [running]> on host 34edd304782d
[2025-01-26T09:27:20.772+0000] {taskinstance.py:3132} INFO - Exporting env vars: AIRFLOW_CTX_DAG_OWNER='***' AIRFLOW_CTX_DAG_ID='fetch_and_store_ebooks' AIRFLOW_CTX_TASK_ID='fetch_ebook_data' AIRFLOW_CTX_EXECUTION_DATE='2025-01-11T00:00:00+00:00' AIRFLOW_CTX_TRY_NUMBER='1' AIRFLOW_CTX_DAG_RUN_ID='scheduled__2025-01-11T00:00:00+00:00'
[2025-01-26T09:27:20.806+0000] {logging_mixin.py:190} INFO - Task instance is in running state
[2025-01-26T09:27:20.808+0000] {logging_mixin.py:190} INFO -  Previous state of the Task instance: queued
[2025-01-26T09:27:20.810+0000] {logging_mixin.py:190} INFO - Current task name:fetch_ebook_data state:running start_date:2025-01-26 09:27:17.204487+00:00
[2025-01-26T09:27:20.812+0000] {logging_mixin.py:190} INFO - Dag name:fetch_and_store_ebooks and current dag run status:running
[2025-01-26T09:27:20.861+0000] {taskinstance.py:731} INFO - ::endgroup::
[2025-01-26T09:27:31.956+0000] {python.py:240} INFO - Done. Returned value was: None
[2025-01-26T09:27:32.088+0000] {taskinstance.py:340} INFO - ::group::Post task execution logs
[2025-01-26T09:27:32.097+0000] {taskinstance.py:352} INFO - Marking task as SUCCESS. dag_id=fetch_and_store_ebooks, task_id=fetch_ebook_data, run_id=scheduled__2025-01-11T00:00:00+00:00, execution_date=20250111T000000, start_date=20250126T092717, end_date=20250126T092732
[2025-01-26T09:27:32.307+0000] {logging_mixin.py:190} INFO - Task instance in success state
[2025-01-26T09:27:32.309+0000] {logging_mixin.py:190} INFO -  Previous state of the Task instance: running
[2025-01-26T09:27:32.310+0000] {logging_mixin.py:190} INFO - Dag name:fetch_and_store_ebooks queued_at:2025-01-26 09:26:22.601917+00:00
[2025-01-26T09:27:32.312+0000] {logging_mixin.py:190} INFO - Task hostname:34edd304782d operator:PythonOperator
[2025-01-26T09:27:32.417+0000] {local_task_job_runner.py:266} INFO - Task exited with return code 0
[2025-01-26T09:27:32.568+0000] {local_task_job_runner.py:245} INFO - ::endgroup::
