[2025-01-26T10:02:52.962+0000] {local_task_job_runner.py:123} INFO - ::group::Pre task execution logs
[2025-01-26T10:02:53.655+0000] {taskinstance.py:2613} INFO - Dependencies all met for dep_context=non-requeueable deps ti=<TaskInstance: fetch_and_store_ebooks.create_table scheduled__2020-03-01T00:00:00+00:00 [queued]>
[2025-01-26T10:02:54.146+0000] {taskinstance.py:2613} INFO - Dependencies all met for dep_context=requeueable deps ti=<TaskInstance: fetch_and_store_ebooks.create_table scheduled__2020-03-01T00:00:00+00:00 [queued]>
[2025-01-26T10:02:54.293+0000] {taskinstance.py:2866} INFO - Starting attempt 1 of 2
[2025-01-26T10:02:57.264+0000] {taskinstance.py:2889} INFO - Executing <Task(PostgresOperator): create_table> on 2020-03-01 00:00:00+00:00
[2025-01-26T10:02:57.596+0000] {warnings.py:112} WARNING - /home/***/.local/lib/python3.12/site-packages/***/task/task_runner/standard_task_runner.py:70: DeprecationWarning: This process (pid=5677) is multi-threaded, use of fork() may lead to deadlocks in the child.
  pid = os.fork()

[2025-01-26T10:02:57.631+0000] {standard_task_runner.py:72} INFO - Started process 5719 to run task
[2025-01-26T10:02:57.844+0000] {standard_task_runner.py:104} INFO - Running: ['***', 'tasks', 'run', 'fetch_and_store_ebooks', 'create_table', 'scheduled__2020-03-01T00:00:00+00:00', '--job-id', '1314', '--raw', '--subdir', 'DAGS_FOLDER/app.py', '--cfg-path', '/tmp/tmphcaf0lfk']
[2025-01-26T10:02:57.956+0000] {standard_task_runner.py:105} INFO - Job 1314: Subtask create_table
[2025-01-26T10:02:59.275+0000] {task_command.py:467} INFO - Running <TaskInstance: fetch_and_store_ebooks.create_table scheduled__2020-03-01T00:00:00+00:00 [running]> on host 34edd304782d
[2025-01-26T10:03:02.590+0000] {taskinstance.py:3132} INFO - Exporting env vars: AIRFLOW_CTX_DAG_OWNER='***' AIRFLOW_CTX_DAG_ID='fetch_and_store_ebooks' AIRFLOW_CTX_TASK_ID='create_table' AIRFLOW_CTX_EXECUTION_DATE='2020-03-01T00:00:00+00:00' AIRFLOW_CTX_TRY_NUMBER='1' AIRFLOW_CTX_DAG_RUN_ID='scheduled__2020-03-01T00:00:00+00:00'
[2025-01-26T10:03:02.734+0000] {logging_mixin.py:190} INFO - Task instance is in running state
[2025-01-26T10:03:02.764+0000] {logging_mixin.py:190} INFO -  Previous state of the Task instance: queued
[2025-01-26T10:03:02.779+0000] {logging_mixin.py:190} INFO - Current task name:create_table state:running start_date:2025-01-26 10:02:53.658082+00:00
[2025-01-26T10:03:02.842+0000] {logging_mixin.py:190} INFO - Dag name:fetch_and_store_ebooks and current dag run status:running
[2025-01-26T10:03:02.876+0000] {taskinstance.py:731} INFO - ::endgroup::
[2025-01-26T10:03:02.906+0000] {sql.py:278} INFO - Executing: 
    CREATE TABLE IF NOT EXISTS public.ebooks (
        id SERIAL PRIMARY KEY,
        judul TEXT NOT NULL,
        penulis TEXT,
        link TEXT
    );
    
[2025-01-26T10:03:03.089+0000] {base.py:84} INFO - Retrieving connection 'ebooks_connection'
[2025-01-26T10:03:03.195+0000] {base.py:84} INFO - Retrieving connection 'ebooks_connection'
[2025-01-26T10:03:03.381+0000] {job.py:229} INFO - Heartbeat recovered after 12.02 seconds
[2025-01-26T10:03:04.706+0000] {sql.py:553} INFO - Running statement: 
    CREATE TABLE IF NOT EXISTS public.ebooks (
        id SERIAL PRIMARY KEY,
        judul TEXT NOT NULL,
        penulis TEXT,
        link TEXT
    );
    , parameters: None
[2025-01-26T10:03:04.987+0000] {taskinstance.py:340} INFO - ::group::Post task execution logs
[2025-01-26T10:03:04.993+0000] {taskinstance.py:352} INFO - Marking task as SUCCESS. dag_id=fetch_and_store_ebooks, task_id=create_table, run_id=scheduled__2020-03-01T00:00:00+00:00, execution_date=20200301T000000, start_date=20250126T100253, end_date=20250126T100304
[2025-01-26T10:03:05.471+0000] {logging_mixin.py:190} INFO - Task instance in success state
[2025-01-26T10:03:05.474+0000] {logging_mixin.py:190} INFO -  Previous state of the Task instance: running
[2025-01-26T10:03:05.502+0000] {logging_mixin.py:190} INFO - Dag name:fetch_and_store_ebooks queued_at:2025-01-26 10:00:42.143625+00:00
[2025-01-26T10:03:05.506+0000] {logging_mixin.py:190} INFO - Task hostname:34edd304782d operator:PostgresOperator
[2025-01-26T10:03:05.939+0000] {local_task_job_runner.py:266} INFO - Task exited with return code 0
[2025-01-26T10:03:06.126+0000] {local_task_job_runner.py:245} INFO - ::endgroup::
