[2025-01-26T10:01:34.571+0000] {local_task_job_runner.py:123} INFO - ::group::Pre task execution logs
[2025-01-26T10:01:34.850+0000] {taskinstance.py:2613} INFO - Dependencies all met for dep_context=non-requeueable deps ti=<TaskInstance: fetch_and_store_ebooks.fetch_ebook_data scheduled__2020-02-29T00:00:00+00:00 [queued]>
[2025-01-26T10:01:35.021+0000] {taskinstance.py:2613} INFO - Dependencies all met for dep_context=requeueable deps ti=<TaskInstance: fetch_and_store_ebooks.fetch_ebook_data scheduled__2020-02-29T00:00:00+00:00 [queued]>
[2025-01-26T10:01:35.038+0000] {taskinstance.py:2866} INFO - Starting attempt 1 of 2
[2025-01-26T10:01:36.250+0000] {taskinstance.py:2889} INFO - Executing <Task(PythonOperator): fetch_ebook_data> on 2020-02-29 00:00:00+00:00
[2025-01-26T10:01:36.409+0000] {warnings.py:112} WARNING - /home/***/.local/lib/python3.12/site-packages/***/task/task_runner/standard_task_runner.py:70: DeprecationWarning: This process (pid=5602) is multi-threaded, use of fork() may lead to deadlocks in the child.
  pid = os.fork()

[2025-01-26T10:01:36.421+0000] {standard_task_runner.py:72} INFO - Started process 5645 to run task
[2025-01-26T10:01:36.445+0000] {standard_task_runner.py:104} INFO - Running: ['***', 'tasks', 'run', 'fetch_and_store_ebooks', 'fetch_ebook_data', 'scheduled__2020-02-29T00:00:00+00:00', '--job-id', '1300', '--raw', '--subdir', 'DAGS_FOLDER/app.py', '--cfg-path', '/tmp/tmpp03l47yo']
[2025-01-26T10:01:36.452+0000] {standard_task_runner.py:105} INFO - Job 1300: Subtask fetch_ebook_data
[2025-01-26T10:01:37.177+0000] {task_command.py:467} INFO - Running <TaskInstance: fetch_and_store_ebooks.fetch_ebook_data scheduled__2020-02-29T00:00:00+00:00 [running]> on host 34edd304782d
[2025-01-26T10:01:38.816+0000] {taskinstance.py:3132} INFO - Exporting env vars: AIRFLOW_CTX_DAG_OWNER='***' AIRFLOW_CTX_DAG_ID='fetch_and_store_ebooks' AIRFLOW_CTX_TASK_ID='fetch_ebook_data' AIRFLOW_CTX_EXECUTION_DATE='2020-02-29T00:00:00+00:00' AIRFLOW_CTX_TRY_NUMBER='1' AIRFLOW_CTX_DAG_RUN_ID='scheduled__2020-02-29T00:00:00+00:00'
[2025-01-26T10:01:38.846+0000] {logging_mixin.py:190} INFO - Task instance is in running state
[2025-01-26T10:01:38.851+0000] {logging_mixin.py:190} INFO -  Previous state of the Task instance: queued
[2025-01-26T10:01:38.857+0000] {logging_mixin.py:190} INFO - Current task name:fetch_ebook_data state:running start_date:2025-01-26 10:01:34.855839+00:00
[2025-01-26T10:01:38.861+0000] {logging_mixin.py:190} INFO - Dag name:fetch_and_store_ebooks and current dag run status:running
[2025-01-26T10:01:38.863+0000] {taskinstance.py:731} INFO - ::endgroup::
[2025-01-26T10:01:53.420+0000] {python.py:240} INFO - Done. Returned value was: None
[2025-01-26T10:01:53.733+0000] {taskinstance.py:340} INFO - ::group::Post task execution logs
[2025-01-26T10:01:53.745+0000] {taskinstance.py:352} INFO - Marking task as SUCCESS. dag_id=fetch_and_store_ebooks, task_id=fetch_ebook_data, run_id=scheduled__2020-02-29T00:00:00+00:00, execution_date=20200229T000000, start_date=20250126T100134, end_date=20250126T100153
[2025-01-26T10:01:54.349+0000] {logging_mixin.py:190} INFO - Task instance in success state
[2025-01-26T10:01:54.371+0000] {logging_mixin.py:190} INFO -  Previous state of the Task instance: running
[2025-01-26T10:01:54.373+0000] {logging_mixin.py:190} INFO - Dag name:fetch_and_store_ebooks queued_at:2025-01-26 10:00:39.591011+00:00
[2025-01-26T10:01:54.375+0000] {logging_mixin.py:190} INFO - Task hostname:34edd304782d operator:PythonOperator
[2025-01-26T10:01:54.555+0000] {local_task_job_runner.py:266} INFO - Task exited with return code 0
[2025-01-26T10:01:55.069+0000] {taskinstance.py:3895} INFO - 1 downstream tasks scheduled from follow-on schedule check
[2025-01-26T10:01:55.087+0000] {local_task_job_runner.py:245} INFO - ::endgroup::
