[2025-01-26T07:22:10.737+0000] {local_task_job_runner.py:123} INFO - ::group::Pre task execution logs
[2025-01-26T07:22:10.866+0000] {taskinstance.py:2613} INFO - Dependencies all met for dep_context=non-requeueable deps ti=<TaskInstance: fetch_and_store_ebooks.fetch_ebook_data manual__2025-01-26T07:21:36.628494+00:00 [queued]>
[2025-01-26T07:22:10.932+0000] {taskinstance.py:2613} INFO - Dependencies all met for dep_context=requeueable deps ti=<TaskInstance: fetch_and_store_ebooks.fetch_ebook_data manual__2025-01-26T07:21:36.628494+00:00 [queued]>
[2025-01-26T07:22:10.940+0000] {taskinstance.py:2866} INFO - Starting attempt 1 of 2
[2025-01-26T07:22:11.816+0000] {taskinstance.py:2889} INFO - Executing <Task(PythonOperator): fetch_ebook_data> on 2025-01-26 07:21:36.628494+00:00
[2025-01-26T07:22:11.925+0000] {warnings.py:112} WARNING - /home/***/.local/lib/python3.12/site-packages/***/task/task_runner/standard_task_runner.py:70: DeprecationWarning: This process (pid=1236) is multi-threaded, use of fork() may lead to deadlocks in the child.
  pid = os.fork()

[2025-01-26T07:22:11.936+0000] {standard_task_runner.py:72} INFO - Started process 1272 to run task
[2025-01-26T07:22:11.978+0000] {standard_task_runner.py:104} INFO - Running: ['***', 'tasks', 'run', 'fetch_and_store_ebooks', 'fetch_ebook_data', 'manual__2025-01-26T07:21:36.628494+00:00', '--job-id', '629', '--raw', '--subdir', 'DAGS_FOLDER/app.py', '--cfg-path', '/tmp/tmpc2glif74']
[2025-01-26T07:22:12.000+0000] {standard_task_runner.py:105} INFO - Job 629: Subtask fetch_ebook_data
[2025-01-26T07:22:12.691+0000] {task_command.py:467} INFO - Running <TaskInstance: fetch_and_store_ebooks.fetch_ebook_data manual__2025-01-26T07:21:36.628494+00:00 [running]> on host 34edd304782d
[2025-01-26T07:22:13.799+0000] {taskinstance.py:3132} INFO - Exporting env vars: AIRFLOW_CTX_DAG_OWNER='***' AIRFLOW_CTX_DAG_ID='fetch_and_store_ebooks' AIRFLOW_CTX_TASK_ID='fetch_ebook_data' AIRFLOW_CTX_EXECUTION_DATE='2025-01-26T07:21:36.628494+00:00' AIRFLOW_CTX_TRY_NUMBER='1' AIRFLOW_CTX_DAG_RUN_ID='manual__2025-01-26T07:21:36.628494+00:00'
[2025-01-26T07:22:13.816+0000] {logging_mixin.py:190} INFO - Task instance is in running state
[2025-01-26T07:22:13.819+0000] {logging_mixin.py:190} INFO -  Previous state of the Task instance: queued
[2025-01-26T07:22:13.827+0000] {logging_mixin.py:190} INFO - Current task name:fetch_ebook_data state:running start_date:2025-01-26 07:22:10.872406+00:00
[2025-01-26T07:22:13.844+0000] {logging_mixin.py:190} INFO - Dag name:fetch_and_store_ebooks and current dag run status:running
[2025-01-26T07:22:13.847+0000] {taskinstance.py:731} INFO - ::endgroup::
[2025-01-26T07:22:22.541+0000] {python.py:240} INFO - Done. Returned value was: None
[2025-01-26T07:22:22.669+0000] {taskinstance.py:340} INFO - ::group::Post task execution logs
[2025-01-26T07:22:22.677+0000] {taskinstance.py:352} INFO - Marking task as SUCCESS. dag_id=fetch_and_store_ebooks, task_id=fetch_ebook_data, run_id=manual__2025-01-26T07:21:36.628494+00:00, execution_date=20250126T072136, start_date=20250126T072210, end_date=20250126T072222
[2025-01-26T07:22:23.255+0000] {logging_mixin.py:190} INFO - Task instance in success state
[2025-01-26T07:22:23.260+0000] {logging_mixin.py:190} INFO -  Previous state of the Task instance: running
[2025-01-26T07:22:23.263+0000] {logging_mixin.py:190} INFO - Dag name:fetch_and_store_ebooks queued_at:2025-01-26 07:21:36.741097+00:00
[2025-01-26T07:22:23.276+0000] {logging_mixin.py:190} INFO - Task hostname:34edd304782d operator:PythonOperator
[2025-01-26T07:22:23.403+0000] {local_task_job_runner.py:266} INFO - Task exited with return code 0
[2025-01-26T07:22:23.736+0000] {taskinstance.py:3895} INFO - 1 downstream tasks scheduled from follow-on schedule check
[2025-01-26T07:22:23.756+0000] {local_task_job_runner.py:245} INFO - ::endgroup::
