[2025-01-26T10:23:11.344+0000] {local_task_job_runner.py:123} INFO - ::group::Pre task execution logs
[2025-01-26T10:23:11.764+0000] {taskinstance.py:2613} INFO - Dependencies all met for dep_context=non-requeueable deps ti=<TaskInstance: fetch_and_store_ebooks.fetch_ebook_data scheduled__2020-05-10T00:00:00+00:00 [queued]>
[2025-01-26T10:23:12.140+0000] {taskinstance.py:2613} INFO - Dependencies all met for dep_context=requeueable deps ti=<TaskInstance: fetch_and_store_ebooks.fetch_ebook_data scheduled__2020-05-10T00:00:00+00:00 [queued]>
[2025-01-26T10:23:12.195+0000] {taskinstance.py:2866} INFO - Starting attempt 1 of 2
[2025-01-26T10:23:12.565+0000] {taskinstance.py:2889} INFO - Executing <Task(PythonOperator): fetch_ebook_data> on 2020-05-10 00:00:00+00:00
[2025-01-26T10:23:12.723+0000] {warnings.py:112} WARNING - /home/***/.local/lib/python3.12/site-packages/***/task/task_runner/standard_task_runner.py:70: DeprecationWarning: This process (pid=6693) is multi-threaded, use of fork() may lead to deadlocks in the child.
  pid = os.fork()

[2025-01-26T10:23:12.805+0000] {standard_task_runner.py:72} INFO - Started process 6744 to run task
[2025-01-26T10:23:12.810+0000] {standard_task_runner.py:104} INFO - Running: ['***', 'tasks', 'run', 'fetch_and_store_ebooks', 'fetch_ebook_data', 'scheduled__2020-05-10T00:00:00+00:00', '--job-id', '1519', '--raw', '--subdir', 'DAGS_FOLDER/app.py', '--cfg-path', '/tmp/tmp0v3ctxlk']
[2025-01-26T10:23:12.930+0000] {standard_task_runner.py:105} INFO - Job 1519: Subtask fetch_ebook_data
[2025-01-26T10:23:14.409+0000] {task_command.py:467} INFO - Running <TaskInstance: fetch_and_store_ebooks.fetch_ebook_data scheduled__2020-05-10T00:00:00+00:00 [running]> on host 34edd304782d
[2025-01-26T10:23:16.569+0000] {taskinstance.py:3132} INFO - Exporting env vars: AIRFLOW_CTX_DAG_OWNER='***' AIRFLOW_CTX_DAG_ID='fetch_and_store_ebooks' AIRFLOW_CTX_TASK_ID='fetch_ebook_data' AIRFLOW_CTX_EXECUTION_DATE='2020-05-10T00:00:00+00:00' AIRFLOW_CTX_TRY_NUMBER='1' AIRFLOW_CTX_DAG_RUN_ID='scheduled__2020-05-10T00:00:00+00:00'
[2025-01-26T10:23:16.698+0000] {logging_mixin.py:190} INFO - Task instance is in running state
[2025-01-26T10:23:16.758+0000] {logging_mixin.py:190} INFO -  Previous state of the Task instance: queued
[2025-01-26T10:23:16.838+0000] {logging_mixin.py:190} INFO - Current task name:fetch_ebook_data state:running start_date:2025-01-26 10:23:11.843892+00:00
[2025-01-26T10:23:16.918+0000] {logging_mixin.py:190} INFO - Dag name:fetch_and_store_ebooks and current dag run status:running
[2025-01-26T10:23:17.147+0000] {taskinstance.py:731} INFO - ::endgroup::
[2025-01-26T10:23:32.376+0000] {python.py:240} INFO - Done. Returned value was: None
[2025-01-26T10:23:33.019+0000] {taskinstance.py:340} INFO - ::group::Post task execution logs
[2025-01-26T10:23:33.199+0000] {taskinstance.py:352} INFO - Marking task as SUCCESS. dag_id=fetch_and_store_ebooks, task_id=fetch_ebook_data, run_id=scheduled__2020-05-10T00:00:00+00:00, execution_date=20200510T000000, start_date=20250126T102311, end_date=20250126T102333
[2025-01-26T10:23:33.771+0000] {logging_mixin.py:190} INFO - Task instance in success state
[2025-01-26T10:23:33.810+0000] {logging_mixin.py:190} INFO -  Previous state of the Task instance: running
[2025-01-26T10:23:33.858+0000] {logging_mixin.py:190} INFO - Dag name:fetch_and_store_ebooks queued_at:2025-01-26 10:21:54.943265+00:00
[2025-01-26T10:23:33.876+0000] {logging_mixin.py:190} INFO - Task hostname:34edd304782d operator:PythonOperator
[2025-01-26T10:23:34.142+0000] {local_task_job_runner.py:266} INFO - Task exited with return code 0
[2025-01-26T10:23:34.516+0000] {taskinstance.py:3895} INFO - 1 downstream tasks scheduled from follow-on schedule check
[2025-01-26T10:23:34.759+0000] {local_task_job_runner.py:245} INFO - ::endgroup::
