[2025-01-25T16:05:33.786+0000] {local_task_job_runner.py:123} INFO - ::group::Pre task execution logs
[2025-01-25T16:05:33.852+0000] {taskinstance.py:2613} INFO - Dependencies all met for dep_context=non-requeueable deps ti=<TaskInstance: fetch_and_store_ebooks.fetch_ebook_data scheduled__2025-01-07T00:00:00+00:00 [queued]>
[2025-01-25T16:05:33.884+0000] {taskinstance.py:2613} INFO - Dependencies all met for dep_context=requeueable deps ti=<TaskInstance: fetch_and_store_ebooks.fetch_ebook_data scheduled__2025-01-07T00:00:00+00:00 [queued]>
[2025-01-25T16:05:33.887+0000] {taskinstance.py:2866} INFO - Starting attempt 1 of 2
[2025-01-25T16:05:33.948+0000] {taskinstance.py:2889} INFO - Executing <Task(PythonOperator): fetch_ebook_data> on 2025-01-07 00:00:00+00:00
[2025-01-25T16:05:33.966+0000] {warnings.py:112} WARNING - /home/***/.local/lib/python3.12/site-packages/***/task/task_runner/standard_task_runner.py:70: DeprecationWarning: This process (pid=2886) is multi-threaded, use of fork() may lead to deadlocks in the child.
  pid = os.fork()

[2025-01-25T16:05:33.970+0000] {standard_task_runner.py:72} INFO - Started process 2895 to run task
[2025-01-25T16:05:33.973+0000] {standard_task_runner.py:104} INFO - Running: ['***', 'tasks', 'run', 'fetch_and_store_ebooks', 'fetch_ebook_data', 'scheduled__2025-01-07T00:00:00+00:00', '--job-id', '391', '--raw', '--subdir', 'DAGS_FOLDER/app.py', '--cfg-path', '/tmp/tmpvt817mzc']
[2025-01-25T16:05:33.978+0000] {standard_task_runner.py:105} INFO - Job 391: Subtask fetch_ebook_data
[2025-01-25T16:05:34.755+0000] {task_command.py:467} INFO - Running <TaskInstance: fetch_and_store_ebooks.fetch_ebook_data scheduled__2025-01-07T00:00:00+00:00 [running]> on host 50ab235b552a
[2025-01-25T16:05:35.028+0000] {taskinstance.py:3132} INFO - Exporting env vars: AIRFLOW_CTX_DAG_OWNER='***' AIRFLOW_CTX_DAG_ID='fetch_and_store_ebooks' AIRFLOW_CTX_TASK_ID='fetch_ebook_data' AIRFLOW_CTX_EXECUTION_DATE='2025-01-07T00:00:00+00:00' AIRFLOW_CTX_TRY_NUMBER='1' AIRFLOW_CTX_DAG_RUN_ID='scheduled__2025-01-07T00:00:00+00:00'
[2025-01-25T16:05:35.031+0000] {logging_mixin.py:190} INFO - Task instance is in running state
[2025-01-25T16:05:35.033+0000] {logging_mixin.py:190} INFO -  Previous state of the Task instance: queued
[2025-01-25T16:05:35.034+0000] {logging_mixin.py:190} INFO - Current task name:fetch_ebook_data state:running start_date:2025-01-25 16:05:33.854021+00:00
[2025-01-25T16:05:35.036+0000] {logging_mixin.py:190} INFO - Dag name:fetch_and_store_ebooks and current dag run status:running
[2025-01-25T16:05:35.037+0000] {taskinstance.py:731} INFO - ::endgroup::
[2025-01-25T16:05:41.100+0000] {taskinstance.py:3311} ERROR - Task failed with exception
Traceback (most recent call last):
  File "/home/airflow/.local/lib/python3.12/site-packages/airflow/models/taskinstance.py", line 767, in _execute_task
    result = _execute_callable(context=context, **execute_callable_kwargs)
             ^^^^^^^^^^^^^^^^^^^^^^^^^^^^^^^^^^^^^^^^^^^^^^^^^^^^^^^^^^^^^
  File "/home/airflow/.local/lib/python3.12/site-packages/airflow/models/taskinstance.py", line 733, in _execute_callable
    return ExecutionCallableRunner(
           ^^^^^^^^^^^^^^^^^^^^^^^^
  File "/home/airflow/.local/lib/python3.12/site-packages/airflow/utils/operator_helpers.py", line 252, in run
    return self.func(*args, **kwargs)
           ^^^^^^^^^^^^^^^^^^^^^^^^^^
  File "/home/airflow/.local/lib/python3.12/site-packages/airflow/models/baseoperator.py", line 422, in wrapper
    return func(self, *args, **kwargs)
           ^^^^^^^^^^^^^^^^^^^^^^^^^^^
  File "/home/airflow/.local/lib/python3.12/site-packages/airflow/operators/python.py", line 238, in execute
    return_value = self.execute_callable()
                   ^^^^^^^^^^^^^^^^^^^^^^^
  File "/home/airflow/.local/lib/python3.12/site-packages/airflow/operators/python.py", line 256, in execute_callable
    return runner.run(*self.op_args, **self.op_kwargs)
           ^^^^^^^^^^^^^^^^^^^^^^^^^^^^^^^^^^^^^^^^^^^
  File "/home/airflow/.local/lib/python3.12/site-packages/airflow/utils/operator_helpers.py", line 252, in run
    return self.func(*args, **kwargs)
           ^^^^^^^^^^^^^^^^^^^^^^^^^^
  File "/opt/airflow/dags/app.py", line 42, in get_ebook_data
    df.drop_duplicates(subset="Title", inplace=True)
  File "/home/airflow/.local/lib/python3.12/site-packages/pandas/core/frame.py", line 6566, in drop_duplicates
    result = self[-self.duplicated(subset, keep=keep)]
                   ^^^^^^^^^^^^^^^^^^^^^^^^^^^^^^^^^^
  File "/home/airflow/.local/lib/python3.12/site-packages/pandas/core/frame.py", line 6698, in duplicated
    raise KeyError(Index(diff))
KeyError: Index(['Title'], dtype='object')
[2025-01-25T16:05:41.169+0000] {logging_mixin.py:190} INFO - Task instance in failure state
[2025-01-25T16:05:41.172+0000] {logging_mixin.py:190} INFO - Task start:2025-01-25 16:05:33.854021+00:00 end:2025-01-25 16:05:41.167472+00:00 duration:7.313451
[2025-01-25T16:05:41.174+0000] {logging_mixin.py:190} INFO - Task:<Task(PythonOperator): fetch_ebook_data> dag:<DAG: fetch_and_store_ebooks> dagrun:<DagRun fetch_and_store_ebooks @ 2025-01-07 00:00:00+00:00: scheduled__2025-01-07T00:00:00+00:00, state:running, queued_at: 2025-01-25 16:05:26.756211+00:00. externally triggered: False>
[2025-01-25T16:05:41.177+0000] {logging_mixin.py:190} INFO - Failure caused by Index(['Title'], dtype='object')
[2025-01-25T16:05:41.179+0000] {taskinstance.py:1225} INFO - Marking task as UP_FOR_RETRY. dag_id=fetch_and_store_ebooks, task_id=fetch_ebook_data, run_id=scheduled__2025-01-07T00:00:00+00:00, execution_date=20250107T000000, start_date=20250125T160533, end_date=20250125T160541
[2025-01-25T16:05:41.268+0000] {taskinstance.py:340} INFO - ::group::Post task execution logs
[2025-01-25T16:05:41.271+0000] {standard_task_runner.py:124} ERROR - Failed to execute job 391 for task fetch_ebook_data (Index(['Title'], dtype='object'); 2895)
Traceback (most recent call last):
  File "/home/airflow/.local/lib/python3.12/site-packages/airflow/task/task_runner/standard_task_runner.py", line 117, in _start_by_fork
    ret = args.func(args, dag=self.dag)
          ^^^^^^^^^^^^^^^^^^^^^^^^^^^^^
  File "/home/airflow/.local/lib/python3.12/site-packages/airflow/cli/cli_config.py", line 49, in command
    return func(*args, **kwargs)
           ^^^^^^^^^^^^^^^^^^^^^
  File "/home/airflow/.local/lib/python3.12/site-packages/airflow/utils/cli.py", line 116, in wrapper
    return f(*args, **kwargs)
           ^^^^^^^^^^^^^^^^^^
  File "/home/airflow/.local/lib/python3.12/site-packages/airflow/cli/commands/task_command.py", line 483, in task_run
    task_return_code = _run_task_by_selected_method(args, _dag, ti)
                       ^^^^^^^^^^^^^^^^^^^^^^^^^^^^^^^^^^^^^^^^^^^^
  File "/home/airflow/.local/lib/python3.12/site-packages/airflow/cli/commands/task_command.py", line 256, in _run_task_by_selected_method
    return _run_raw_task(args, ti)
           ^^^^^^^^^^^^^^^^^^^^^^^
  File "/home/airflow/.local/lib/python3.12/site-packages/airflow/cli/commands/task_command.py", line 341, in _run_raw_task
    return ti._run_raw_task(
           ^^^^^^^^^^^^^^^^^
  File "/home/airflow/.local/lib/python3.12/site-packages/airflow/utils/session.py", line 97, in wrapper
    return func(*args, session=session, **kwargs)
           ^^^^^^^^^^^^^^^^^^^^^^^^^^^^^^^^^^^^^^
  File "/home/airflow/.local/lib/python3.12/site-packages/airflow/models/taskinstance.py", line 3005, in _run_raw_task
    return _run_raw_task(
           ^^^^^^^^^^^^^^
  File "/home/airflow/.local/lib/python3.12/site-packages/airflow/models/taskinstance.py", line 273, in _run_raw_task
    TaskInstance._execute_task_with_callbacks(
  File "/home/airflow/.local/lib/python3.12/site-packages/airflow/models/taskinstance.py", line 3159, in _execute_task_with_callbacks
    result = self._execute_task(context, task_orig)
             ^^^^^^^^^^^^^^^^^^^^^^^^^^^^^^^^^^^^^^
  File "/home/airflow/.local/lib/python3.12/site-packages/airflow/models/taskinstance.py", line 3183, in _execute_task
    return _execute_task(self, context, task_orig)
           ^^^^^^^^^^^^^^^^^^^^^^^^^^^^^^^^^^^^^^^
  File "/home/airflow/.local/lib/python3.12/site-packages/airflow/models/taskinstance.py", line 767, in _execute_task
    result = _execute_callable(context=context, **execute_callable_kwargs)
             ^^^^^^^^^^^^^^^^^^^^^^^^^^^^^^^^^^^^^^^^^^^^^^^^^^^^^^^^^^^^^
  File "/home/airflow/.local/lib/python3.12/site-packages/airflow/models/taskinstance.py", line 733, in _execute_callable
    return ExecutionCallableRunner(
           ^^^^^^^^^^^^^^^^^^^^^^^^
  File "/home/airflow/.local/lib/python3.12/site-packages/airflow/utils/operator_helpers.py", line 252, in run
    return self.func(*args, **kwargs)
           ^^^^^^^^^^^^^^^^^^^^^^^^^^
  File "/home/airflow/.local/lib/python3.12/site-packages/airflow/models/baseoperator.py", line 422, in wrapper
    return func(self, *args, **kwargs)
           ^^^^^^^^^^^^^^^^^^^^^^^^^^^
  File "/home/airflow/.local/lib/python3.12/site-packages/airflow/operators/python.py", line 238, in execute
    return_value = self.execute_callable()
                   ^^^^^^^^^^^^^^^^^^^^^^^
  File "/home/airflow/.local/lib/python3.12/site-packages/airflow/operators/python.py", line 256, in execute_callable
    return runner.run(*self.op_args, **self.op_kwargs)
           ^^^^^^^^^^^^^^^^^^^^^^^^^^^^^^^^^^^^^^^^^^^
  File "/home/airflow/.local/lib/python3.12/site-packages/airflow/utils/operator_helpers.py", line 252, in run
    return self.func(*args, **kwargs)
           ^^^^^^^^^^^^^^^^^^^^^^^^^^
  File "/opt/airflow/dags/app.py", line 42, in get_ebook_data
    df.drop_duplicates(subset="Title", inplace=True)
  File "/home/airflow/.local/lib/python3.12/site-packages/pandas/core/frame.py", line 6566, in drop_duplicates
    result = self[-self.duplicated(subset, keep=keep)]
                   ^^^^^^^^^^^^^^^^^^^^^^^^^^^^^^^^^^
  File "/home/airflow/.local/lib/python3.12/site-packages/pandas/core/frame.py", line 6698, in duplicated
    raise KeyError(Index(diff))
KeyError: Index(['Title'], dtype='object')
[2025-01-25T16:05:41.385+0000] {local_task_job_runner.py:266} INFO - Task exited with return code 1
[2025-01-25T16:05:41.998+0000] {taskinstance.py:3895} INFO - 0 downstream tasks scheduled from follow-on schedule check
[2025-01-25T16:05:42.004+0000] {local_task_job_runner.py:245} INFO - ::endgroup::
[2025-01-25T17:02:40.177+0000] {local_task_job_runner.py:123} INFO - ::group::Pre task execution logs
[2025-01-25T17:02:40.604+0000] {taskinstance.py:2613} INFO - Dependencies all met for dep_context=non-requeueable deps ti=<TaskInstance: fetch_and_store_ebooks.fetch_ebook_data scheduled__2025-01-07T00:00:00+00:00 [queued]>
[2025-01-25T17:02:40.888+0000] {taskinstance.py:2613} INFO - Dependencies all met for dep_context=requeueable deps ti=<TaskInstance: fetch_and_store_ebooks.fetch_ebook_data scheduled__2025-01-07T00:00:00+00:00 [queued]>
[2025-01-25T17:02:40.933+0000] {taskinstance.py:2866} INFO - Starting attempt 1 of 2
[2025-01-25T17:02:42.174+0000] {taskinstance.py:2889} INFO - Executing <Task(PythonOperator): fetch_ebook_data> on 2025-01-07 00:00:00+00:00
[2025-01-25T17:02:42.352+0000] {warnings.py:112} WARNING - /home/***/.local/lib/python3.12/site-packages/***/task/task_runner/standard_task_runner.py:70: DeprecationWarning: This process (pid=3703) is multi-threaded, use of fork() may lead to deadlocks in the child.
  pid = os.fork()

[2025-01-25T17:02:42.396+0000] {standard_task_runner.py:104} INFO - Running: ['***', 'tasks', 'run', 'fetch_and_store_ebooks', 'fetch_ebook_data', 'scheduled__2025-01-07T00:00:00+00:00', '--job-id', '448', '--raw', '--subdir', 'DAGS_FOLDER/app.py', '--cfg-path', '/tmp/tmplcphlca3']
[2025-01-25T17:02:42.437+0000] {standard_task_runner.py:72} INFO - Started process 3743 to run task
[2025-01-25T17:02:42.462+0000] {standard_task_runner.py:105} INFO - Job 448: Subtask fetch_ebook_data
[2025-01-25T17:02:47.784+0000] {task_command.py:467} INFO - Running <TaskInstance: fetch_and_store_ebooks.fetch_ebook_data scheduled__2025-01-07T00:00:00+00:00 [running]> on host 50ab235b552a
[2025-01-25T17:02:49.774+0000] {taskinstance.py:3132} INFO - Exporting env vars: AIRFLOW_CTX_DAG_OWNER='***' AIRFLOW_CTX_DAG_ID='fetch_and_store_ebooks' AIRFLOW_CTX_TASK_ID='fetch_ebook_data' AIRFLOW_CTX_EXECUTION_DATE='2025-01-07T00:00:00+00:00' AIRFLOW_CTX_TRY_NUMBER='1' AIRFLOW_CTX_DAG_RUN_ID='scheduled__2025-01-07T00:00:00+00:00'
[2025-01-25T17:02:49.799+0000] {logging_mixin.py:190} INFO - Task instance is in running state
[2025-01-25T17:02:49.900+0000] {logging_mixin.py:190} INFO -  Previous state of the Task instance: queued
[2025-01-25T17:02:49.925+0000] {logging_mixin.py:190} INFO - Current task name:fetch_ebook_data state:running start_date:2025-01-25 17:02:40.607352+00:00
[2025-01-25T17:02:49.977+0000] {logging_mixin.py:190} INFO - Dag name:fetch_and_store_ebooks and current dag run status:running
[2025-01-25T17:02:49.984+0000] {taskinstance.py:731} INFO - ::endgroup::
[2025-01-25T17:03:15.474+0000] {python.py:240} INFO - Done. Returned value was: None
[2025-01-25T17:03:15.578+0000] {taskinstance.py:340} INFO - ::group::Post task execution logs
[2025-01-25T17:03:15.586+0000] {taskinstance.py:352} INFO - Marking task as SUCCESS. dag_id=fetch_and_store_ebooks, task_id=fetch_ebook_data, run_id=scheduled__2025-01-07T00:00:00+00:00, execution_date=20250107T000000, start_date=20250125T170240, end_date=20250125T170315
[2025-01-25T17:03:15.925+0000] {logging_mixin.py:190} INFO - Task instance in success state
[2025-01-25T17:03:15.957+0000] {logging_mixin.py:190} INFO -  Previous state of the Task instance: running
[2025-01-25T17:03:15.965+0000] {logging_mixin.py:190} INFO - Dag name:fetch_and_store_ebooks queued_at:2025-01-25 17:02:02.690322+00:00
[2025-01-25T17:03:15.967+0000] {logging_mixin.py:190} INFO - Task hostname:50ab235b552a operator:PythonOperator
[2025-01-25T17:03:16.210+0000] {local_task_job_runner.py:266} INFO - Task exited with return code 0
[2025-01-25T17:03:17.102+0000] {taskinstance.py:3895} INFO - 1 downstream tasks scheduled from follow-on schedule check
[2025-01-25T17:03:17.136+0000] {local_task_job_runner.py:245} INFO - ::endgroup::
[2025-01-26T06:34:07.730+0000] {local_task_job_runner.py:123} INFO - ::group::Pre task execution logs
[2025-01-26T06:34:08.201+0000] {taskinstance.py:2613} INFO - Dependencies all met for dep_context=non-requeueable deps ti=<TaskInstance: fetch_and_store_ebooks.fetch_ebook_data scheduled__2025-01-07T00:00:00+00:00 [queued]>
[2025-01-26T06:34:08.595+0000] {taskinstance.py:2613} INFO - Dependencies all met for dep_context=requeueable deps ti=<TaskInstance: fetch_and_store_ebooks.fetch_ebook_data scheduled__2025-01-07T00:00:00+00:00 [queued]>
[2025-01-26T06:34:08.611+0000] {taskinstance.py:2866} INFO - Starting attempt 1 of 2
[2025-01-26T06:34:10.385+0000] {taskinstance.py:2889} INFO - Executing <Task(PythonOperator): fetch_ebook_data> on 2025-01-07 00:00:00+00:00
[2025-01-26T06:34:10.431+0000] {warnings.py:112} WARNING - /home/***/.local/lib/python3.12/site-packages/***/task/task_runner/standard_task_runner.py:70: DeprecationWarning: This process (pid=380) is multi-threaded, use of fork() may lead to deadlocks in the child.
  pid = os.fork()

[2025-01-26T06:34:10.455+0000] {standard_task_runner.py:72} INFO - Started process 419 to run task
[2025-01-26T06:34:10.544+0000] {standard_task_runner.py:104} INFO - Running: ['***', 'tasks', 'run', 'fetch_and_store_ebooks', 'fetch_ebook_data', 'scheduled__2025-01-07T00:00:00+00:00', '--job-id', '539', '--raw', '--subdir', 'DAGS_FOLDER/app.py', '--cfg-path', '/tmp/tmp7yd6esqf']
[2025-01-26T06:34:10.591+0000] {standard_task_runner.py:105} INFO - Job 539: Subtask fetch_ebook_data
[2025-01-26T06:34:11.516+0000] {task_command.py:467} INFO - Running <TaskInstance: fetch_and_store_ebooks.fetch_ebook_data scheduled__2025-01-07T00:00:00+00:00 [running]> on host 34edd304782d
[2025-01-26T06:34:13.722+0000] {taskinstance.py:3132} INFO - Exporting env vars: AIRFLOW_CTX_DAG_OWNER='***' AIRFLOW_CTX_DAG_ID='fetch_and_store_ebooks' AIRFLOW_CTX_TASK_ID='fetch_ebook_data' AIRFLOW_CTX_EXECUTION_DATE='2025-01-07T00:00:00+00:00' AIRFLOW_CTX_TRY_NUMBER='1' AIRFLOW_CTX_DAG_RUN_ID='scheduled__2025-01-07T00:00:00+00:00'
[2025-01-26T06:34:13.735+0000] {logging_mixin.py:190} INFO - Task instance is in running state
[2025-01-26T06:34:13.744+0000] {logging_mixin.py:190} INFO -  Previous state of the Task instance: queued
[2025-01-26T06:34:13.758+0000] {logging_mixin.py:190} INFO - Current task name:fetch_ebook_data state:running start_date:2025-01-26 06:34:08.246882+00:00
[2025-01-26T06:34:13.761+0000] {logging_mixin.py:190} INFO - Dag name:fetch_and_store_ebooks and current dag run status:running
[2025-01-26T06:34:13.766+0000] {taskinstance.py:731} INFO - ::endgroup::
[2025-01-26T06:34:26.589+0000] {python.py:240} INFO - Done. Returned value was: None
[2025-01-26T06:34:26.643+0000] {taskinstance.py:340} INFO - ::group::Post task execution logs
[2025-01-26T06:34:26.646+0000] {taskinstance.py:352} INFO - Marking task as SUCCESS. dag_id=fetch_and_store_ebooks, task_id=fetch_ebook_data, run_id=scheduled__2025-01-07T00:00:00+00:00, execution_date=20250107T000000, start_date=20250126T063408, end_date=20250126T063426
[2025-01-26T06:34:27.027+0000] {logging_mixin.py:190} INFO - Task instance in success state
[2025-01-26T06:34:27.040+0000] {logging_mixin.py:190} INFO -  Previous state of the Task instance: running
[2025-01-26T06:34:27.042+0000] {logging_mixin.py:190} INFO - Dag name:fetch_and_store_ebooks queued_at:2025-01-26 06:33:31.265667+00:00
[2025-01-26T06:34:27.044+0000] {logging_mixin.py:190} INFO - Task hostname:34edd304782d operator:PythonOperator
[2025-01-26T06:34:27.181+0000] {local_task_job_runner.py:266} INFO - Task exited with return code 0
[2025-01-26T06:34:27.608+0000] {taskinstance.py:3895} INFO - 1 downstream tasks scheduled from follow-on schedule check
[2025-01-26T06:34:27.630+0000] {local_task_job_runner.py:245} INFO - ::endgroup::
[2025-01-26T07:22:02.117+0000] {local_task_job_runner.py:123} INFO - ::group::Pre task execution logs
[2025-01-26T07:22:02.409+0000] {taskinstance.py:2613} INFO - Dependencies all met for dep_context=non-requeueable deps ti=<TaskInstance: fetch_and_store_ebooks.fetch_ebook_data scheduled__2025-01-07T00:00:00+00:00 [queued]>
[2025-01-26T07:22:02.540+0000] {taskinstance.py:2613} INFO - Dependencies all met for dep_context=requeueable deps ti=<TaskInstance: fetch_and_store_ebooks.fetch_ebook_data scheduled__2025-01-07T00:00:00+00:00 [queued]>
[2025-01-26T07:22:02.547+0000] {taskinstance.py:2866} INFO - Starting attempt 1 of 2
[2025-01-26T07:22:04.484+0000] {taskinstance.py:2889} INFO - Executing <Task(PythonOperator): fetch_ebook_data> on 2025-01-07 00:00:00+00:00
[2025-01-26T07:22:04.562+0000] {standard_task_runner.py:104} INFO - Running: ['***', 'tasks', 'run', 'fetch_and_store_ebooks', 'fetch_ebook_data', 'scheduled__2025-01-07T00:00:00+00:00', '--job-id', '623', '--raw', '--subdir', 'DAGS_FOLDER/app.py', '--cfg-path', '/tmp/tmppaqef0hf']
[2025-01-26T07:22:04.579+0000] {warnings.py:112} WARNING - /home/***/.local/lib/python3.12/site-packages/***/task/task_runner/standard_task_runner.py:70: DeprecationWarning: This process (pid=1216) is multi-threaded, use of fork() may lead to deadlocks in the child.
  pid = os.fork()

[2025-01-26T07:22:04.586+0000] {standard_task_runner.py:72} INFO - Started process 1256 to run task
[2025-01-26T07:22:04.578+0000] {standard_task_runner.py:105} INFO - Job 623: Subtask fetch_ebook_data
[2025-01-26T07:22:05.076+0000] {task_command.py:467} INFO - Running <TaskInstance: fetch_and_store_ebooks.fetch_ebook_data scheduled__2025-01-07T00:00:00+00:00 [running]> on host 34edd304782d
[2025-01-26T07:22:05.995+0000] {taskinstance.py:3132} INFO - Exporting env vars: AIRFLOW_CTX_DAG_OWNER='***' AIRFLOW_CTX_DAG_ID='fetch_and_store_ebooks' AIRFLOW_CTX_TASK_ID='fetch_ebook_data' AIRFLOW_CTX_EXECUTION_DATE='2025-01-07T00:00:00+00:00' AIRFLOW_CTX_TRY_NUMBER='1' AIRFLOW_CTX_DAG_RUN_ID='scheduled__2025-01-07T00:00:00+00:00'
[2025-01-26T07:22:06.002+0000] {logging_mixin.py:190} INFO - Task instance is in running state
[2025-01-26T07:22:06.004+0000] {logging_mixin.py:190} INFO -  Previous state of the Task instance: queued
[2025-01-26T07:22:06.010+0000] {logging_mixin.py:190} INFO - Current task name:fetch_ebook_data state:running start_date:2025-01-26 07:22:02.413447+00:00
[2025-01-26T07:22:06.013+0000] {logging_mixin.py:190} INFO - Dag name:fetch_and_store_ebooks and current dag run status:running
[2025-01-26T07:22:06.035+0000] {taskinstance.py:731} INFO - ::endgroup::
[2025-01-26T07:22:15.662+0000] {python.py:240} INFO - Done. Returned value was: None
[2025-01-26T07:22:15.789+0000] {taskinstance.py:340} INFO - ::group::Post task execution logs
[2025-01-26T07:22:15.793+0000] {taskinstance.py:352} INFO - Marking task as SUCCESS. dag_id=fetch_and_store_ebooks, task_id=fetch_ebook_data, run_id=scheduled__2025-01-07T00:00:00+00:00, execution_date=20250107T000000, start_date=20250126T072202, end_date=20250126T072215
[2025-01-26T07:22:15.927+0000] {logging_mixin.py:190} INFO - Task instance in success state
[2025-01-26T07:22:15.940+0000] {logging_mixin.py:190} INFO -  Previous state of the Task instance: running
[2025-01-26T07:22:15.960+0000] {logging_mixin.py:190} INFO - Dag name:fetch_and_store_ebooks queued_at:2025-01-26 07:21:31.746784+00:00
[2025-01-26T07:22:15.964+0000] {logging_mixin.py:190} INFO - Task hostname:34edd304782d operator:PythonOperator
[2025-01-26T07:22:16.074+0000] {local_task_job_runner.py:266} INFO - Task exited with return code 0
[2025-01-26T07:22:16.302+0000] {taskinstance.py:3895} INFO - 1 downstream tasks scheduled from follow-on schedule check
[2025-01-26T07:22:16.315+0000] {local_task_job_runner.py:245} INFO - ::endgroup::
[2025-01-26T07:47:28.112+0000] {local_task_job_runner.py:123} INFO - ::group::Pre task execution logs
[2025-01-26T07:47:28.526+0000] {taskinstance.py:2613} INFO - Dependencies all met for dep_context=non-requeueable deps ti=<TaskInstance: fetch_and_store_ebooks.fetch_ebook_data scheduled__2025-01-07T00:00:00+00:00 [queued]>
[2025-01-26T07:47:28.587+0000] {taskinstance.py:2613} INFO - Dependencies all met for dep_context=requeueable deps ti=<TaskInstance: fetch_and_store_ebooks.fetch_ebook_data scheduled__2025-01-07T00:00:00+00:00 [queued]>
[2025-01-26T07:47:28.605+0000] {taskinstance.py:2866} INFO - Starting attempt 1 of 2
[2025-01-26T07:47:29.045+0000] {taskinstance.py:2889} INFO - Executing <Task(PythonOperator): fetch_ebook_data> on 2025-01-07 00:00:00+00:00
[2025-01-26T07:47:29.095+0000] {warnings.py:112} WARNING - /home/***/.local/lib/python3.12/site-packages/***/task/task_runner/standard_task_runner.py:70: DeprecationWarning: This process (pid=1889) is multi-threaded, use of fork() may lead to deadlocks in the child.
  pid = os.fork()

[2025-01-26T07:47:29.135+0000] {standard_task_runner.py:72} INFO - Started process 1926 to run task
[2025-01-26T07:47:29.139+0000] {standard_task_runner.py:104} INFO - Running: ['***', 'tasks', 'run', 'fetch_and_store_ebooks', 'fetch_ebook_data', 'scheduled__2025-01-07T00:00:00+00:00', '--job-id', '716', '--raw', '--subdir', 'DAGS_FOLDER/app.py', '--cfg-path', '/tmp/tmp4mcjgb38']
[2025-01-26T07:47:29.204+0000] {standard_task_runner.py:105} INFO - Job 716: Subtask fetch_ebook_data
[2025-01-26T07:47:29.800+0000] {task_command.py:467} INFO - Running <TaskInstance: fetch_and_store_ebooks.fetch_ebook_data scheduled__2025-01-07T00:00:00+00:00 [running]> on host 34edd304782d
[2025-01-26T07:47:31.222+0000] {taskinstance.py:3132} INFO - Exporting env vars: AIRFLOW_CTX_DAG_OWNER='***' AIRFLOW_CTX_DAG_ID='fetch_and_store_ebooks' AIRFLOW_CTX_TASK_ID='fetch_ebook_data' AIRFLOW_CTX_EXECUTION_DATE='2025-01-07T00:00:00+00:00' AIRFLOW_CTX_TRY_NUMBER='1' AIRFLOW_CTX_DAG_RUN_ID='scheduled__2025-01-07T00:00:00+00:00'
[2025-01-26T07:47:31.248+0000] {logging_mixin.py:190} INFO - Task instance is in running state
[2025-01-26T07:47:31.265+0000] {logging_mixin.py:190} INFO -  Previous state of the Task instance: queued
[2025-01-26T07:47:31.269+0000] {logging_mixin.py:190} INFO - Current task name:fetch_ebook_data state:running start_date:2025-01-26 07:47:28.544241+00:00
[2025-01-26T07:47:31.271+0000] {logging_mixin.py:190} INFO - Dag name:fetch_and_store_ebooks and current dag run status:running
[2025-01-26T07:47:31.273+0000] {taskinstance.py:731} INFO - ::endgroup::
[2025-01-26T07:47:39.795+0000] {python.py:240} INFO - Done. Returned value was: None
[2025-01-26T07:47:39.918+0000] {taskinstance.py:340} INFO - ::group::Post task execution logs
[2025-01-26T07:47:39.927+0000] {taskinstance.py:352} INFO - Marking task as SUCCESS. dag_id=fetch_and_store_ebooks, task_id=fetch_ebook_data, run_id=scheduled__2025-01-07T00:00:00+00:00, execution_date=20250107T000000, start_date=20250126T074728, end_date=20250126T074739
[2025-01-26T07:47:40.467+0000] {logging_mixin.py:190} INFO - Task instance in success state
[2025-01-26T07:47:40.481+0000] {logging_mixin.py:190} INFO -  Previous state of the Task instance: running
[2025-01-26T07:47:40.490+0000] {logging_mixin.py:190} INFO - Dag name:fetch_and_store_ebooks queued_at:2025-01-26 07:46:52.355425+00:00
[2025-01-26T07:47:40.497+0000] {logging_mixin.py:190} INFO - Task hostname:34edd304782d operator:PythonOperator
[2025-01-26T07:47:40.638+0000] {local_task_job_runner.py:266} INFO - Task exited with return code 0
[2025-01-26T07:47:40.882+0000] {taskinstance.py:3895} INFO - 1 downstream tasks scheduled from follow-on schedule check
[2025-01-26T07:47:40.908+0000] {local_task_job_runner.py:245} INFO - ::endgroup::
[2025-01-26T08:51:22.244+0000] {local_task_job_runner.py:123} INFO - ::group::Pre task execution logs
[2025-01-26T08:51:22.410+0000] {taskinstance.py:2613} INFO - Dependencies all met for dep_context=non-requeueable deps ti=<TaskInstance: fetch_and_store_ebooks.fetch_ebook_data scheduled__2025-01-07T00:00:00+00:00 [queued]>
[2025-01-26T08:51:22.543+0000] {taskinstance.py:2613} INFO - Dependencies all met for dep_context=requeueable deps ti=<TaskInstance: fetch_and_store_ebooks.fetch_ebook_data scheduled__2025-01-07T00:00:00+00:00 [queued]>
[2025-01-26T08:51:22.550+0000] {taskinstance.py:2866} INFO - Starting attempt 1 of 2
[2025-01-26T08:51:22.805+0000] {taskinstance.py:2889} INFO - Executing <Task(PythonOperator): fetch_ebook_data> on 2025-01-07 00:00:00+00:00
[2025-01-26T08:51:22.880+0000] {warnings.py:112} WARNING - /home/***/.local/lib/python3.12/site-packages/***/task/task_runner/standard_task_runner.py:70: DeprecationWarning: This process (pid=3195) is multi-threaded, use of fork() may lead to deadlocks in the child.
  pid = os.fork()

[2025-01-26T08:51:22.881+0000] {standard_task_runner.py:104} INFO - Running: ['***', 'tasks', 'run', 'fetch_and_store_ebooks', 'fetch_ebook_data', 'scheduled__2025-01-07T00:00:00+00:00', '--job-id', '871', '--raw', '--subdir', 'DAGS_FOLDER/app.py', '--cfg-path', '/tmp/tmpw92estrn']
[2025-01-26T08:51:22.899+0000] {standard_task_runner.py:72} INFO - Started process 3217 to run task
[2025-01-26T08:51:22.899+0000] {standard_task_runner.py:105} INFO - Job 871: Subtask fetch_ebook_data
[2025-01-26T08:51:23.431+0000] {task_command.py:467} INFO - Running <TaskInstance: fetch_and_store_ebooks.fetch_ebook_data scheduled__2025-01-07T00:00:00+00:00 [running]> on host 34edd304782d
[2025-01-26T08:51:24.737+0000] {taskinstance.py:3132} INFO - Exporting env vars: AIRFLOW_CTX_DAG_OWNER='***' AIRFLOW_CTX_DAG_ID='fetch_and_store_ebooks' AIRFLOW_CTX_TASK_ID='fetch_ebook_data' AIRFLOW_CTX_EXECUTION_DATE='2025-01-07T00:00:00+00:00' AIRFLOW_CTX_TRY_NUMBER='1' AIRFLOW_CTX_DAG_RUN_ID='scheduled__2025-01-07T00:00:00+00:00'
[2025-01-26T08:51:24.742+0000] {logging_mixin.py:190} INFO - Task instance is in running state
[2025-01-26T08:51:24.762+0000] {logging_mixin.py:190} INFO -  Previous state of the Task instance: queued
[2025-01-26T08:51:24.773+0000] {logging_mixin.py:190} INFO - Current task name:fetch_ebook_data state:running start_date:2025-01-26 08:51:22.419939+00:00
[2025-01-26T08:51:24.782+0000] {logging_mixin.py:190} INFO - Dag name:fetch_and_store_ebooks and current dag run status:running
[2025-01-26T08:51:24.784+0000] {taskinstance.py:731} INFO - ::endgroup::
[2025-01-26T08:51:33.864+0000] {python.py:240} INFO - Done. Returned value was: None
[2025-01-26T08:51:34.027+0000] {taskinstance.py:340} INFO - ::group::Post task execution logs
[2025-01-26T08:51:34.036+0000] {taskinstance.py:352} INFO - Marking task as SUCCESS. dag_id=fetch_and_store_ebooks, task_id=fetch_ebook_data, run_id=scheduled__2025-01-07T00:00:00+00:00, execution_date=20250107T000000, start_date=20250126T085122, end_date=20250126T085134
[2025-01-26T08:51:34.402+0000] {logging_mixin.py:190} INFO - Task instance in success state
[2025-01-26T08:51:34.404+0000] {logging_mixin.py:190} INFO -  Previous state of the Task instance: running
[2025-01-26T08:51:34.409+0000] {logging_mixin.py:190} INFO - Dag name:fetch_and_store_ebooks queued_at:2025-01-26 08:50:53.201776+00:00
[2025-01-26T08:51:34.411+0000] {logging_mixin.py:190} INFO - Task hostname:34edd304782d operator:PythonOperator
[2025-01-26T08:51:34.536+0000] {local_task_job_runner.py:266} INFO - Task exited with return code 0
[2025-01-26T08:51:34.761+0000] {taskinstance.py:3895} INFO - 1 downstream tasks scheduled from follow-on schedule check
[2025-01-26T08:51:34.776+0000] {local_task_job_runner.py:245} INFO - ::endgroup::
[2025-01-26T08:58:26.689+0000] {local_task_job_runner.py:123} INFO - ::group::Pre task execution logs
[2025-01-26T08:58:27.541+0000] {taskinstance.py:2613} INFO - Dependencies all met for dep_context=non-requeueable deps ti=<TaskInstance: fetch_and_store_ebooks.fetch_ebook_data scheduled__2025-01-07T00:00:00+00:00 [queued]>
[2025-01-26T08:58:27.723+0000] {taskinstance.py:2613} INFO - Dependencies all met for dep_context=requeueable deps ti=<TaskInstance: fetch_and_store_ebooks.fetch_ebook_data scheduled__2025-01-07T00:00:00+00:00 [queued]>
[2025-01-26T08:58:27.737+0000] {taskinstance.py:2866} INFO - Starting attempt 1 of 2
[2025-01-26T08:58:28.000+0000] {taskinstance.py:2889} INFO - Executing <Task(PythonOperator): fetch_ebook_data> on 2025-01-07 00:00:00+00:00
[2025-01-26T08:58:28.107+0000] {warnings.py:112} WARNING - /home/***/.local/lib/python3.12/site-packages/***/task/task_runner/standard_task_runner.py:70: DeprecationWarning: This process (pid=3397) is multi-threaded, use of fork() may lead to deadlocks in the child.
  pid = os.fork()

[2025-01-26T08:58:28.127+0000] {standard_task_runner.py:104} INFO - Running: ['***', 'tasks', 'run', 'fetch_and_store_ebooks', 'fetch_ebook_data', 'scheduled__2025-01-07T00:00:00+00:00', '--job-id', '909', '--raw', '--subdir', 'DAGS_FOLDER/app.py', '--cfg-path', '/tmp/tmp5sl32ain']
[2025-01-26T08:58:28.224+0000] {standard_task_runner.py:72} INFO - Started process 3440 to run task
[2025-01-26T08:58:28.224+0000] {standard_task_runner.py:105} INFO - Job 909: Subtask fetch_ebook_data
[2025-01-26T08:58:29.228+0000] {task_command.py:467} INFO - Running <TaskInstance: fetch_and_store_ebooks.fetch_ebook_data scheduled__2025-01-07T00:00:00+00:00 [running]> on host 34edd304782d
[2025-01-26T08:58:30.923+0000] {taskinstance.py:3132} INFO - Exporting env vars: AIRFLOW_CTX_DAG_OWNER='***' AIRFLOW_CTX_DAG_ID='fetch_and_store_ebooks' AIRFLOW_CTX_TASK_ID='fetch_ebook_data' AIRFLOW_CTX_EXECUTION_DATE='2025-01-07T00:00:00+00:00' AIRFLOW_CTX_TRY_NUMBER='1' AIRFLOW_CTX_DAG_RUN_ID='scheduled__2025-01-07T00:00:00+00:00'
[2025-01-26T08:58:30.947+0000] {logging_mixin.py:190} INFO - Task instance is in running state
[2025-01-26T08:58:30.962+0000] {logging_mixin.py:190} INFO -  Previous state of the Task instance: queued
[2025-01-26T08:58:30.964+0000] {logging_mixin.py:190} INFO - Current task name:fetch_ebook_data state:running start_date:2025-01-26 08:58:27.543934+00:00
[2025-01-26T08:58:30.966+0000] {logging_mixin.py:190} INFO - Dag name:fetch_and_store_ebooks and current dag run status:running
[2025-01-26T08:58:31.002+0000] {taskinstance.py:731} INFO - ::endgroup::
[2025-01-26T08:58:40.433+0000] {python.py:240} INFO - Done. Returned value was: None
[2025-01-26T08:58:40.756+0000] {taskinstance.py:340} INFO - ::group::Post task execution logs
[2025-01-26T08:58:40.820+0000] {taskinstance.py:352} INFO - Marking task as SUCCESS. dag_id=fetch_and_store_ebooks, task_id=fetch_ebook_data, run_id=scheduled__2025-01-07T00:00:00+00:00, execution_date=20250107T000000, start_date=20250126T085827, end_date=20250126T085840
[2025-01-26T08:58:41.261+0000] {logging_mixin.py:190} INFO - Task instance in success state
[2025-01-26T08:58:41.277+0000] {logging_mixin.py:190} INFO -  Previous state of the Task instance: running
[2025-01-26T08:58:41.282+0000] {logging_mixin.py:190} INFO - Dag name:fetch_and_store_ebooks queued_at:2025-01-26 08:57:48.047775+00:00
[2025-01-26T08:58:41.297+0000] {logging_mixin.py:190} INFO - Task hostname:34edd304782d operator:PythonOperator
[2025-01-26T08:58:41.460+0000] {local_task_job_runner.py:266} INFO - Task exited with return code 0
[2025-01-26T08:58:42.042+0000] {taskinstance.py:3895} INFO - 1 downstream tasks scheduled from follow-on schedule check
[2025-01-26T08:58:42.105+0000] {local_task_job_runner.py:245} INFO - ::endgroup::
[2025-01-26T09:05:34.004+0000] {local_task_job_runner.py:123} INFO - ::group::Pre task execution logs
[2025-01-26T09:05:34.279+0000] {taskinstance.py:2613} INFO - Dependencies all met for dep_context=non-requeueable deps ti=<TaskInstance: fetch_and_store_ebooks.fetch_ebook_data scheduled__2025-01-07T00:00:00+00:00 [queued]>
[2025-01-26T09:05:34.541+0000] {taskinstance.py:2613} INFO - Dependencies all met for dep_context=requeueable deps ti=<TaskInstance: fetch_and_store_ebooks.fetch_ebook_data scheduled__2025-01-07T00:00:00+00:00 [queued]>
[2025-01-26T09:05:34.611+0000] {taskinstance.py:2866} INFO - Starting attempt 1 of 2
[2025-01-26T09:05:36.391+0000] {taskinstance.py:2889} INFO - Executing <Task(PythonOperator): fetch_ebook_data> on 2025-01-07 00:00:00+00:00
[2025-01-26T09:05:36.535+0000] {warnings.py:112} WARNING - /home/***/.local/lib/python3.12/site-packages/***/task/task_runner/standard_task_runner.py:70: DeprecationWarning: This process (pid=3602) is multi-threaded, use of fork() may lead to deadlocks in the child.
  pid = os.fork()

[2025-01-26T09:05:36.583+0000] {standard_task_runner.py:72} INFO - Started process 3641 to run task
[2025-01-26T09:05:36.568+0000] {standard_task_runner.py:104} INFO - Running: ['***', 'tasks', 'run', 'fetch_and_store_ebooks', 'fetch_ebook_data', 'scheduled__2025-01-07T00:00:00+00:00', '--job-id', '939', '--raw', '--subdir', 'DAGS_FOLDER/app.py', '--cfg-path', '/tmp/tmpoal44gfs']
[2025-01-26T09:05:36.646+0000] {standard_task_runner.py:105} INFO - Job 939: Subtask fetch_ebook_data
[2025-01-26T09:05:38.161+0000] {task_command.py:467} INFO - Running <TaskInstance: fetch_and_store_ebooks.fetch_ebook_data scheduled__2025-01-07T00:00:00+00:00 [running]> on host 34edd304782d
[2025-01-26T09:05:40.049+0000] {taskinstance.py:3132} INFO - Exporting env vars: AIRFLOW_CTX_DAG_OWNER='***' AIRFLOW_CTX_DAG_ID='fetch_and_store_ebooks' AIRFLOW_CTX_TASK_ID='fetch_ebook_data' AIRFLOW_CTX_EXECUTION_DATE='2025-01-07T00:00:00+00:00' AIRFLOW_CTX_TRY_NUMBER='1' AIRFLOW_CTX_DAG_RUN_ID='scheduled__2025-01-07T00:00:00+00:00'
[2025-01-26T09:05:40.063+0000] {logging_mixin.py:190} INFO - Task instance is in running state
[2025-01-26T09:05:40.075+0000] {logging_mixin.py:190} INFO -  Previous state of the Task instance: queued
[2025-01-26T09:05:40.091+0000] {logging_mixin.py:190} INFO - Current task name:fetch_ebook_data state:running start_date:2025-01-26 09:05:34.333967+00:00
[2025-01-26T09:05:40.107+0000] {logging_mixin.py:190} INFO - Dag name:fetch_and_store_ebooks and current dag run status:running
[2025-01-26T09:05:40.112+0000] {taskinstance.py:731} INFO - ::endgroup::
[2025-01-26T09:05:49.097+0000] {python.py:240} INFO - Done. Returned value was: None
[2025-01-26T09:05:49.186+0000] {taskinstance.py:340} INFO - ::group::Post task execution logs
[2025-01-26T09:05:49.195+0000] {taskinstance.py:352} INFO - Marking task as SUCCESS. dag_id=fetch_and_store_ebooks, task_id=fetch_ebook_data, run_id=scheduled__2025-01-07T00:00:00+00:00, execution_date=20250107T000000, start_date=20250126T090534, end_date=20250126T090549
[2025-01-26T09:05:49.333+0000] {logging_mixin.py:190} INFO - Task instance in success state
[2025-01-26T09:05:49.336+0000] {logging_mixin.py:190} INFO -  Previous state of the Task instance: running
[2025-01-26T09:05:49.337+0000] {logging_mixin.py:190} INFO - Dag name:fetch_and_store_ebooks queued_at:2025-01-26 09:04:54.315924+00:00
[2025-01-26T09:05:49.339+0000] {logging_mixin.py:190} INFO - Task hostname:34edd304782d operator:PythonOperator
[2025-01-26T09:05:49.393+0000] {local_task_job_runner.py:266} INFO - Task exited with return code 0
[2025-01-26T09:05:49.522+0000] {taskinstance.py:3895} INFO - 1 downstream tasks scheduled from follow-on schedule check
[2025-01-26T09:05:49.556+0000] {local_task_job_runner.py:245} INFO - ::endgroup::
[2025-01-26T09:16:14.932+0000] {local_task_job_runner.py:123} INFO - ::group::Pre task execution logs
[2025-01-26T09:16:15.398+0000] {taskinstance.py:2613} INFO - Dependencies all met for dep_context=non-requeueable deps ti=<TaskInstance: fetch_and_store_ebooks.fetch_ebook_data scheduled__2025-01-07T00:00:00+00:00 [queued]>
[2025-01-26T09:16:15.830+0000] {taskinstance.py:2613} INFO - Dependencies all met for dep_context=requeueable deps ti=<TaskInstance: fetch_and_store_ebooks.fetch_ebook_data scheduled__2025-01-07T00:00:00+00:00 [queued]>
[2025-01-26T09:16:15.852+0000] {taskinstance.py:2866} INFO - Starting attempt 1 of 2
[2025-01-26T09:16:16.416+0000] {taskinstance.py:2889} INFO - Executing <Task(PythonOperator): fetch_ebook_data> on 2025-01-07 00:00:00+00:00
[2025-01-26T09:16:16.510+0000] {warnings.py:112} WARNING - /home/***/.local/lib/python3.12/site-packages/***/task/task_runner/standard_task_runner.py:70: DeprecationWarning: This process (pid=4008) is multi-threaded, use of fork() may lead to deadlocks in the child.
  pid = os.fork()

[2025-01-26T09:16:16.566+0000] {standard_task_runner.py:72} INFO - Started process 4046 to run task
[2025-01-26T09:16:16.568+0000] {standard_task_runner.py:104} INFO - Running: ['***', 'tasks', 'run', 'fetch_and_store_ebooks', 'fetch_ebook_data', 'scheduled__2025-01-07T00:00:00+00:00', '--job-id', '1008', '--raw', '--subdir', 'DAGS_FOLDER/app.py', '--cfg-path', '/tmp/tmpup6dqhd0']
[2025-01-26T09:16:16.613+0000] {standard_task_runner.py:105} INFO - Job 1008: Subtask fetch_ebook_data
[2025-01-26T09:16:17.505+0000] {task_command.py:467} INFO - Running <TaskInstance: fetch_and_store_ebooks.fetch_ebook_data scheduled__2025-01-07T00:00:00+00:00 [running]> on host 34edd304782d
[2025-01-26T09:16:18.847+0000] {taskinstance.py:3132} INFO - Exporting env vars: AIRFLOW_CTX_DAG_OWNER='***' AIRFLOW_CTX_DAG_ID='fetch_and_store_ebooks' AIRFLOW_CTX_TASK_ID='fetch_ebook_data' AIRFLOW_CTX_EXECUTION_DATE='2025-01-07T00:00:00+00:00' AIRFLOW_CTX_TRY_NUMBER='1' AIRFLOW_CTX_DAG_RUN_ID='scheduled__2025-01-07T00:00:00+00:00'
[2025-01-26T09:16:18.869+0000] {logging_mixin.py:190} INFO - Task instance is in running state
[2025-01-26T09:16:18.922+0000] {logging_mixin.py:190} INFO -  Previous state of the Task instance: queued
[2025-01-26T09:16:18.943+0000] {logging_mixin.py:190} INFO - Current task name:fetch_ebook_data state:running start_date:2025-01-26 09:16:15.411963+00:00
[2025-01-26T09:16:18.951+0000] {logging_mixin.py:190} INFO - Dag name:fetch_and_store_ebooks and current dag run status:running
[2025-01-26T09:16:19.032+0000] {taskinstance.py:731} INFO - ::endgroup::
[2025-01-26T09:16:31.389+0000] {python.py:240} INFO - Done. Returned value was: None
[2025-01-26T09:16:31.532+0000] {taskinstance.py:340} INFO - ::group::Post task execution logs
[2025-01-26T09:16:31.542+0000] {taskinstance.py:352} INFO - Marking task as SUCCESS. dag_id=fetch_and_store_ebooks, task_id=fetch_ebook_data, run_id=scheduled__2025-01-07T00:00:00+00:00, execution_date=20250107T000000, start_date=20250126T091615, end_date=20250126T091631
[2025-01-26T09:16:31.741+0000] {logging_mixin.py:190} INFO - Task instance in success state
[2025-01-26T09:16:31.743+0000] {logging_mixin.py:190} INFO -  Previous state of the Task instance: running
[2025-01-26T09:16:31.756+0000] {logging_mixin.py:190} INFO - Dag name:fetch_and_store_ebooks queued_at:2025-01-26 09:15:46.301260+00:00
[2025-01-26T09:16:31.761+0000] {logging_mixin.py:190} INFO - Task hostname:34edd304782d operator:PythonOperator
[2025-01-26T09:16:31.936+0000] {local_task_job_runner.py:266} INFO - Task exited with return code 0
[2025-01-26T09:16:32.257+0000] {taskinstance.py:3895} INFO - 1 downstream tasks scheduled from follow-on schedule check
[2025-01-26T09:16:32.285+0000] {local_task_job_runner.py:245} INFO - ::endgroup::
[2025-01-26T09:26:50.100+0000] {local_task_job_runner.py:123} INFO - ::group::Pre task execution logs
[2025-01-26T09:26:50.423+0000] {taskinstance.py:2613} INFO - Dependencies all met for dep_context=non-requeueable deps ti=<TaskInstance: fetch_and_store_ebooks.fetch_ebook_data scheduled__2025-01-07T00:00:00+00:00 [queued]>
[2025-01-26T09:26:50.576+0000] {taskinstance.py:2613} INFO - Dependencies all met for dep_context=requeueable deps ti=<TaskInstance: fetch_and_store_ebooks.fetch_ebook_data scheduled__2025-01-07T00:00:00+00:00 [queued]>
[2025-01-26T09:26:50.615+0000] {taskinstance.py:2866} INFO - Starting attempt 1 of 2
[2025-01-26T09:26:51.667+0000] {taskinstance.py:2889} INFO - Executing <Task(PythonOperator): fetch_ebook_data> on 2025-01-07 00:00:00+00:00
[2025-01-26T09:26:51.793+0000] {standard_task_runner.py:104} INFO - Running: ['***', 'tasks', 'run', 'fetch_and_store_ebooks', 'fetch_ebook_data', 'scheduled__2025-01-07T00:00:00+00:00', '--job-id', '1060', '--raw', '--subdir', 'DAGS_FOLDER/app.py', '--cfg-path', '/tmp/tmp0q8kwt88']
[2025-01-26T09:26:51.812+0000] {standard_task_runner.py:105} INFO - Job 1060: Subtask fetch_ebook_data
[2025-01-26T09:26:51.807+0000] {warnings.py:112} WARNING - /home/***/.local/lib/python3.12/site-packages/***/task/task_runner/standard_task_runner.py:70: DeprecationWarning: This process (pid=4319) is multi-threaded, use of fork() may lead to deadlocks in the child.
  pid = os.fork()

[2025-01-26T09:26:51.825+0000] {standard_task_runner.py:72} INFO - Started process 4360 to run task
[2025-01-26T09:26:52.163+0000] {task_command.py:467} INFO - Running <TaskInstance: fetch_and_store_ebooks.fetch_ebook_data scheduled__2025-01-07T00:00:00+00:00 [running]> on host 34edd304782d
[2025-01-26T09:26:53.206+0000] {taskinstance.py:3132} INFO - Exporting env vars: AIRFLOW_CTX_DAG_OWNER='***' AIRFLOW_CTX_DAG_ID='fetch_and_store_ebooks' AIRFLOW_CTX_TASK_ID='fetch_ebook_data' AIRFLOW_CTX_EXECUTION_DATE='2025-01-07T00:00:00+00:00' AIRFLOW_CTX_TRY_NUMBER='1' AIRFLOW_CTX_DAG_RUN_ID='scheduled__2025-01-07T00:00:00+00:00'
[2025-01-26T09:26:53.225+0000] {logging_mixin.py:190} INFO - Task instance is in running state
[2025-01-26T09:26:53.243+0000] {logging_mixin.py:190} INFO -  Previous state of the Task instance: queued
[2025-01-26T09:26:53.251+0000] {logging_mixin.py:190} INFO - Current task name:fetch_ebook_data state:running start_date:2025-01-26 09:26:50.427660+00:00
[2025-01-26T09:26:53.253+0000] {logging_mixin.py:190} INFO - Dag name:fetch_and_store_ebooks and current dag run status:running
[2025-01-26T09:26:53.256+0000] {taskinstance.py:731} INFO - ::endgroup::
[2025-01-26T09:27:06.016+0000] {python.py:240} INFO - Done. Returned value was: None
[2025-01-26T09:27:06.087+0000] {taskinstance.py:340} INFO - ::group::Post task execution logs
[2025-01-26T09:27:06.091+0000] {taskinstance.py:352} INFO - Marking task as SUCCESS. dag_id=fetch_and_store_ebooks, task_id=fetch_ebook_data, run_id=scheduled__2025-01-07T00:00:00+00:00, execution_date=20250107T000000, start_date=20250126T092650, end_date=20250126T092706
[2025-01-26T09:27:06.223+0000] {logging_mixin.py:190} INFO - Task instance in success state
[2025-01-26T09:27:06.234+0000] {logging_mixin.py:190} INFO -  Previous state of the Task instance: running
[2025-01-26T09:27:06.253+0000] {logging_mixin.py:190} INFO - Dag name:fetch_and_store_ebooks queued_at:2025-01-26 09:26:17.800136+00:00
[2025-01-26T09:27:06.255+0000] {logging_mixin.py:190} INFO - Task hostname:34edd304782d operator:PythonOperator
[2025-01-26T09:27:06.404+0000] {local_task_job_runner.py:266} INFO - Task exited with return code 0
[2025-01-26T09:27:06.714+0000] {taskinstance.py:3895} INFO - 1 downstream tasks scheduled from follow-on schedule check
[2025-01-26T09:27:06.792+0000] {local_task_job_runner.py:245} INFO - ::endgroup::
[2025-01-26T09:27:06.882+0000] {standard_task_runner.py:217} INFO - Process not found (most likely exited), stop collecting metrics
