[2025-01-26T07:47:32.395+0000] {local_task_job_runner.py:123} INFO - ::group::Pre task execution logs
[2025-01-26T07:47:32.529+0000] {taskinstance.py:2613} INFO - Dependencies all met for dep_context=non-requeueable deps ti=<TaskInstance: fetch_and_store_ebooks.fetch_ebook_data manual__2025-01-26T07:46:56.726335+00:00 [queued]>
[2025-01-26T07:47:32.636+0000] {taskinstance.py:2613} INFO - Dependencies all met for dep_context=requeueable deps ti=<TaskInstance: fetch_and_store_ebooks.fetch_ebook_data manual__2025-01-26T07:46:56.726335+00:00 [queued]>
[2025-01-26T07:47:32.640+0000] {taskinstance.py:2866} INFO - Starting attempt 1 of 2
[2025-01-26T07:47:32.991+0000] {taskinstance.py:2889} INFO - Executing <Task(PythonOperator): fetch_ebook_data> on 2025-01-26 07:46:56.726335+00:00
[2025-01-26T07:47:33.141+0000] {warnings.py:112} WARNING - /home/***/.local/lib/python3.12/site-packages/***/task/task_runner/standard_task_runner.py:70: DeprecationWarning: This process (pid=1900) is multi-threaded, use of fork() may lead to deadlocks in the child.
  pid = os.fork()

[2025-01-26T07:47:33.195+0000] {standard_task_runner.py:72} INFO - Started process 1937 to run task
[2025-01-26T07:47:33.167+0000] {standard_task_runner.py:104} INFO - Running: ['***', 'tasks', 'run', 'fetch_and_store_ebooks', 'fetch_ebook_data', 'manual__2025-01-26T07:46:56.726335+00:00', '--job-id', '720', '--raw', '--subdir', 'DAGS_FOLDER/app.py', '--cfg-path', '/tmp/tmpwy5qlf7l']
[2025-01-26T07:47:33.208+0000] {standard_task_runner.py:105} INFO - Job 720: Subtask fetch_ebook_data
[2025-01-26T07:47:33.561+0000] {task_command.py:467} INFO - Running <TaskInstance: fetch_and_store_ebooks.fetch_ebook_data manual__2025-01-26T07:46:56.726335+00:00 [running]> on host 34edd304782d
[2025-01-26T07:47:34.520+0000] {taskinstance.py:3132} INFO - Exporting env vars: AIRFLOW_CTX_DAG_OWNER='***' AIRFLOW_CTX_DAG_ID='fetch_and_store_ebooks' AIRFLOW_CTX_TASK_ID='fetch_ebook_data' AIRFLOW_CTX_EXECUTION_DATE='2025-01-26T07:46:56.726335+00:00' AIRFLOW_CTX_TRY_NUMBER='1' AIRFLOW_CTX_DAG_RUN_ID='manual__2025-01-26T07:46:56.726335+00:00'
[2025-01-26T07:47:34.538+0000] {logging_mixin.py:190} INFO - Task instance is in running state
[2025-01-26T07:47:34.545+0000] {logging_mixin.py:190} INFO -  Previous state of the Task instance: queued
[2025-01-26T07:47:34.555+0000] {logging_mixin.py:190} INFO - Current task name:fetch_ebook_data state:running start_date:2025-01-26 07:47:32.531593+00:00
[2025-01-26T07:47:34.558+0000] {logging_mixin.py:190} INFO - Dag name:fetch_and_store_ebooks and current dag run status:running
[2025-01-26T07:47:34.566+0000] {taskinstance.py:731} INFO - ::endgroup::
[2025-01-26T07:47:42.844+0000] {python.py:240} INFO - Done. Returned value was: None
[2025-01-26T07:47:42.934+0000] {taskinstance.py:340} INFO - ::group::Post task execution logs
[2025-01-26T07:47:42.947+0000] {taskinstance.py:352} INFO - Marking task as SUCCESS. dag_id=fetch_and_store_ebooks, task_id=fetch_ebook_data, run_id=manual__2025-01-26T07:46:56.726335+00:00, execution_date=20250126T074656, start_date=20250126T074732, end_date=20250126T074742
[2025-01-26T07:47:43.511+0000] {logging_mixin.py:190} INFO - Task instance in success state
[2025-01-26T07:47:43.515+0000] {logging_mixin.py:190} INFO -  Previous state of the Task instance: running
[2025-01-26T07:47:43.517+0000] {logging_mixin.py:190} INFO - Dag name:fetch_and_store_ebooks queued_at:2025-01-26 07:46:56.814382+00:00
[2025-01-26T07:47:43.525+0000] {logging_mixin.py:190} INFO - Task hostname:34edd304782d operator:PythonOperator
[2025-01-26T07:47:43.663+0000] {local_task_job_runner.py:266} INFO - Task exited with return code 0
[2025-01-26T07:47:43.921+0000] {taskinstance.py:3895} INFO - 1 downstream tasks scheduled from follow-on schedule check
[2025-01-26T07:47:43.943+0000] {local_task_job_runner.py:245} INFO - ::endgroup::
