[2025-01-26T10:23:30.169+0000] {local_task_job_runner.py:123} INFO - ::group::Pre task execution logs
[2025-01-26T10:23:31.174+0000] {taskinstance.py:2613} INFO - Dependencies all met for dep_context=non-requeueable deps ti=<TaskInstance: fetch_and_store_ebooks.fetch_ebook_data scheduled__2020-05-13T00:00:00+00:00 [queued]>
[2025-01-26T10:23:31.404+0000] {taskinstance.py:2613} INFO - Dependencies all met for dep_context=requeueable deps ti=<TaskInstance: fetch_and_store_ebooks.fetch_ebook_data scheduled__2020-05-13T00:00:00+00:00 [queued]>
[2025-01-26T10:23:31.453+0000] {taskinstance.py:2866} INFO - Starting attempt 1 of 2
[2025-01-26T10:23:31.908+0000] {taskinstance.py:2889} INFO - Executing <Task(PythonOperator): fetch_ebook_data> on 2020-05-13 00:00:00+00:00
[2025-01-26T10:23:32.241+0000] {warnings.py:112} WARNING - /home/***/.local/lib/python3.12/site-packages/***/task/task_runner/standard_task_runner.py:70: DeprecationWarning: This process (pid=6713) is multi-threaded, use of fork() may lead to deadlocks in the child.
  pid = os.fork()

[2025-01-26T10:23:32.255+0000] {standard_task_runner.py:72} INFO - Started process 6754 to run task
[2025-01-26T10:23:32.712+0000] {standard_task_runner.py:104} INFO - Running: ['***', 'tasks', 'run', 'fetch_and_store_ebooks', 'fetch_ebook_data', 'scheduled__2020-05-13T00:00:00+00:00', '--job-id', '1523', '--raw', '--subdir', 'DAGS_FOLDER/app.py', '--cfg-path', '/tmp/tmp_1z2ip3h']
[2025-01-26T10:23:32.928+0000] {standard_task_runner.py:105} INFO - Job 1523: Subtask fetch_ebook_data
[2025-01-26T10:23:35.642+0000] {task_command.py:467} INFO - Running <TaskInstance: fetch_and_store_ebooks.fetch_ebook_data scheduled__2020-05-13T00:00:00+00:00 [running]> on host 34edd304782d
[2025-01-26T10:23:38.266+0000] {job.py:229} INFO - Heartbeat recovered after 10.51 seconds
[2025-01-26T10:23:39.411+0000] {taskinstance.py:3132} INFO - Exporting env vars: AIRFLOW_CTX_DAG_OWNER='***' AIRFLOW_CTX_DAG_ID='fetch_and_store_ebooks' AIRFLOW_CTX_TASK_ID='fetch_ebook_data' AIRFLOW_CTX_EXECUTION_DATE='2020-05-13T00:00:00+00:00' AIRFLOW_CTX_TRY_NUMBER='1' AIRFLOW_CTX_DAG_RUN_ID='scheduled__2020-05-13T00:00:00+00:00'
[2025-01-26T10:23:39.459+0000] {logging_mixin.py:190} INFO - Task instance is in running state
[2025-01-26T10:23:39.523+0000] {logging_mixin.py:190} INFO -  Previous state of the Task instance: queued
[2025-01-26T10:23:39.668+0000] {logging_mixin.py:190} INFO - Current task name:fetch_ebook_data state:running start_date:2025-01-26 10:23:31.185644+00:00
[2025-01-26T10:23:39.763+0000] {logging_mixin.py:190} INFO - Dag name:fetch_and_store_ebooks and current dag run status:running
[2025-01-26T10:23:39.885+0000] {taskinstance.py:731} INFO - ::endgroup::
[2025-01-26T10:24:33.626+0000] {python.py:240} INFO - Done. Returned value was: None
[2025-01-26T10:24:33.769+0000] {taskinstance.py:340} INFO - ::group::Post task execution logs
[2025-01-26T10:24:33.782+0000] {taskinstance.py:352} INFO - Marking task as SUCCESS. dag_id=fetch_and_store_ebooks, task_id=fetch_ebook_data, run_id=scheduled__2020-05-13T00:00:00+00:00, execution_date=20200513T000000, start_date=20250126T102331, end_date=20250126T102433
[2025-01-26T10:24:35.061+0000] {logging_mixin.py:190} INFO - Task instance in success state
[2025-01-26T10:24:35.082+0000] {logging_mixin.py:190} INFO -  Previous state of the Task instance: running
[2025-01-26T10:24:35.084+0000] {logging_mixin.py:190} INFO - Dag name:fetch_and_store_ebooks queued_at:2025-01-26 10:22:14.591898+00:00
[2025-01-26T10:24:35.114+0000] {logging_mixin.py:190} INFO - Task hostname:34edd304782d operator:PythonOperator
[2025-01-26T10:24:35.807+0000] {local_task_job_runner.py:266} INFO - Task exited with return code 0
[2025-01-26T10:24:36.597+0000] {taskinstance.py:3895} INFO - 1 downstream tasks scheduled from follow-on schedule check
[2025-01-26T10:24:36.644+0000] {local_task_job_runner.py:245} INFO - ::endgroup::
