[2025-01-25T16:04:32.359+0000] {local_task_job_runner.py:123} INFO - ::group::Pre task execution logs
[2025-01-25T16:04:32.550+0000] {taskinstance.py:2613} INFO - Dependencies all met for dep_context=non-requeueable deps ti=<TaskInstance: fetch_and_store_ebooks.fetch_ebook_data scheduled__2025-01-01T00:00:00+00:00 [queued]>
[2025-01-25T16:04:32.614+0000] {taskinstance.py:2613} INFO - Dependencies all met for dep_context=requeueable deps ti=<TaskInstance: fetch_and_store_ebooks.fetch_ebook_data scheduled__2025-01-01T00:00:00+00:00 [queued]>
[2025-01-25T16:04:32.642+0000] {taskinstance.py:2866} INFO - Starting attempt 1 of 2
[2025-01-25T16:04:32.829+0000] {taskinstance.py:2889} INFO - Executing <Task(PythonOperator): fetch_ebook_data> on 2025-01-01 00:00:00+00:00
[2025-01-25T16:04:32.856+0000] {warnings.py:112} WARNING - /home/***/.local/lib/python3.12/site-packages/***/task/task_runner/standard_task_runner.py:70: DeprecationWarning: This process (pid=2845) is multi-threaded, use of fork() may lead to deadlocks in the child.
  pid = os.fork()

[2025-01-25T16:04:32.878+0000] {standard_task_runner.py:72} INFO - Started process 2859 to run task
[2025-01-25T16:04:32.942+0000] {standard_task_runner.py:104} INFO - Running: ['***', 'tasks', 'run', 'fetch_and_store_ebooks', 'fetch_ebook_data', 'scheduled__2025-01-01T00:00:00+00:00', '--job-id', '383', '--raw', '--subdir', 'DAGS_FOLDER/app.py', '--cfg-path', '/tmp/tmpoiwe1oyc']
[2025-01-25T16:04:32.995+0000] {standard_task_runner.py:105} INFO - Job 383: Subtask fetch_ebook_data
[2025-01-25T16:04:34.357+0000] {task_command.py:467} INFO - Running <TaskInstance: fetch_and_store_ebooks.fetch_ebook_data scheduled__2025-01-01T00:00:00+00:00 [running]> on host 50ab235b552a
[2025-01-25T16:04:34.874+0000] {taskinstance.py:3132} INFO - Exporting env vars: AIRFLOW_CTX_DAG_OWNER='***' AIRFLOW_CTX_DAG_ID='fetch_and_store_ebooks' AIRFLOW_CTX_TASK_ID='fetch_ebook_data' AIRFLOW_CTX_EXECUTION_DATE='2025-01-01T00:00:00+00:00' AIRFLOW_CTX_TRY_NUMBER='1' AIRFLOW_CTX_DAG_RUN_ID='scheduled__2025-01-01T00:00:00+00:00'
[2025-01-25T16:04:34.896+0000] {logging_mixin.py:190} INFO - Task instance is in running state
[2025-01-25T16:04:34.907+0000] {logging_mixin.py:190} INFO -  Previous state of the Task instance: queued
[2025-01-25T16:04:34.913+0000] {logging_mixin.py:190} INFO - Current task name:fetch_ebook_data state:running start_date:2025-01-25 16:04:32.566904+00:00
[2025-01-25T16:04:34.917+0000] {logging_mixin.py:190} INFO - Dag name:fetch_and_store_ebooks and current dag run status:running
[2025-01-25T16:04:34.919+0000] {taskinstance.py:731} INFO - ::endgroup::
[2025-01-25T16:04:42.946+0000] {taskinstance.py:3311} ERROR - Task failed with exception
Traceback (most recent call last):
  File "/home/airflow/.local/lib/python3.12/site-packages/airflow/models/taskinstance.py", line 767, in _execute_task
    result = _execute_callable(context=context, **execute_callable_kwargs)
             ^^^^^^^^^^^^^^^^^^^^^^^^^^^^^^^^^^^^^^^^^^^^^^^^^^^^^^^^^^^^^
  File "/home/airflow/.local/lib/python3.12/site-packages/airflow/models/taskinstance.py", line 733, in _execute_callable
    return ExecutionCallableRunner(
           ^^^^^^^^^^^^^^^^^^^^^^^^
  File "/home/airflow/.local/lib/python3.12/site-packages/airflow/utils/operator_helpers.py", line 252, in run
    return self.func(*args, **kwargs)
           ^^^^^^^^^^^^^^^^^^^^^^^^^^
  File "/home/airflow/.local/lib/python3.12/site-packages/airflow/models/baseoperator.py", line 422, in wrapper
    return func(self, *args, **kwargs)
           ^^^^^^^^^^^^^^^^^^^^^^^^^^^
  File "/home/airflow/.local/lib/python3.12/site-packages/airflow/operators/python.py", line 238, in execute
    return_value = self.execute_callable()
                   ^^^^^^^^^^^^^^^^^^^^^^^
  File "/home/airflow/.local/lib/python3.12/site-packages/airflow/operators/python.py", line 256, in execute_callable
    return runner.run(*self.op_args, **self.op_kwargs)
           ^^^^^^^^^^^^^^^^^^^^^^^^^^^^^^^^^^^^^^^^^^^
  File "/home/airflow/.local/lib/python3.12/site-packages/airflow/utils/operator_helpers.py", line 252, in run
    return self.func(*args, **kwargs)
           ^^^^^^^^^^^^^^^^^^^^^^^^^^
  File "/opt/airflow/dags/app.py", line 42, in get_ebook_data
    df.drop_duplicates(subset="Title", inplace=True)
  File "/home/airflow/.local/lib/python3.12/site-packages/pandas/core/frame.py", line 6566, in drop_duplicates
    result = self[-self.duplicated(subset, keep=keep)]
                   ^^^^^^^^^^^^^^^^^^^^^^^^^^^^^^^^^^
  File "/home/airflow/.local/lib/python3.12/site-packages/pandas/core/frame.py", line 6698, in duplicated
    raise KeyError(Index(diff))
KeyError: Index(['Title'], dtype='object')
[2025-01-25T16:04:43.029+0000] {logging_mixin.py:190} INFO - Task instance in failure state
[2025-01-25T16:04:43.035+0000] {logging_mixin.py:190} INFO - Task start:2025-01-25 16:04:32.566904+00:00 end:2025-01-25 16:04:43.027070+00:00 duration:10.460166
[2025-01-25T16:04:43.038+0000] {logging_mixin.py:190} INFO - Task:<Task(PythonOperator): fetch_ebook_data> dag:<DAG: fetch_and_store_ebooks> dagrun:<DagRun fetch_and_store_ebooks @ 2025-01-01 00:00:00+00:00: scheduled__2025-01-01T00:00:00+00:00, state:running, queued_at: 2025-01-25 16:04:18.386733+00:00. externally triggered: False>
[2025-01-25T16:04:43.040+0000] {logging_mixin.py:190} INFO - Failure caused by Index(['Title'], dtype='object')
[2025-01-25T16:04:43.045+0000] {taskinstance.py:1225} INFO - Marking task as UP_FOR_RETRY. dag_id=fetch_and_store_ebooks, task_id=fetch_ebook_data, run_id=scheduled__2025-01-01T00:00:00+00:00, execution_date=20250101T000000, start_date=20250125T160432, end_date=20250125T160443
[2025-01-25T16:04:43.158+0000] {taskinstance.py:340} INFO - ::group::Post task execution logs
[2025-01-25T16:04:43.162+0000] {standard_task_runner.py:124} ERROR - Failed to execute job 383 for task fetch_ebook_data (Index(['Title'], dtype='object'); 2859)
Traceback (most recent call last):
  File "/home/airflow/.local/lib/python3.12/site-packages/airflow/task/task_runner/standard_task_runner.py", line 117, in _start_by_fork
    ret = args.func(args, dag=self.dag)
          ^^^^^^^^^^^^^^^^^^^^^^^^^^^^^
  File "/home/airflow/.local/lib/python3.12/site-packages/airflow/cli/cli_config.py", line 49, in command
    return func(*args, **kwargs)
           ^^^^^^^^^^^^^^^^^^^^^
  File "/home/airflow/.local/lib/python3.12/site-packages/airflow/utils/cli.py", line 116, in wrapper
    return f(*args, **kwargs)
           ^^^^^^^^^^^^^^^^^^
  File "/home/airflow/.local/lib/python3.12/site-packages/airflow/cli/commands/task_command.py", line 483, in task_run
    task_return_code = _run_task_by_selected_method(args, _dag, ti)
                       ^^^^^^^^^^^^^^^^^^^^^^^^^^^^^^^^^^^^^^^^^^^^
  File "/home/airflow/.local/lib/python3.12/site-packages/airflow/cli/commands/task_command.py", line 256, in _run_task_by_selected_method
    return _run_raw_task(args, ti)
           ^^^^^^^^^^^^^^^^^^^^^^^
  File "/home/airflow/.local/lib/python3.12/site-packages/airflow/cli/commands/task_command.py", line 341, in _run_raw_task
    return ti._run_raw_task(
           ^^^^^^^^^^^^^^^^^
  File "/home/airflow/.local/lib/python3.12/site-packages/airflow/utils/session.py", line 97, in wrapper
    return func(*args, session=session, **kwargs)
           ^^^^^^^^^^^^^^^^^^^^^^^^^^^^^^^^^^^^^^
  File "/home/airflow/.local/lib/python3.12/site-packages/airflow/models/taskinstance.py", line 3005, in _run_raw_task
    return _run_raw_task(
           ^^^^^^^^^^^^^^
  File "/home/airflow/.local/lib/python3.12/site-packages/airflow/models/taskinstance.py", line 273, in _run_raw_task
    TaskInstance._execute_task_with_callbacks(
  File "/home/airflow/.local/lib/python3.12/site-packages/airflow/models/taskinstance.py", line 3159, in _execute_task_with_callbacks
    result = self._execute_task(context, task_orig)
             ^^^^^^^^^^^^^^^^^^^^^^^^^^^^^^^^^^^^^^
  File "/home/airflow/.local/lib/python3.12/site-packages/airflow/models/taskinstance.py", line 3183, in _execute_task
    return _execute_task(self, context, task_orig)
           ^^^^^^^^^^^^^^^^^^^^^^^^^^^^^^^^^^^^^^^
  File "/home/airflow/.local/lib/python3.12/site-packages/airflow/models/taskinstance.py", line 767, in _execute_task
    result = _execute_callable(context=context, **execute_callable_kwargs)
             ^^^^^^^^^^^^^^^^^^^^^^^^^^^^^^^^^^^^^^^^^^^^^^^^^^^^^^^^^^^^^
  File "/home/airflow/.local/lib/python3.12/site-packages/airflow/models/taskinstance.py", line 733, in _execute_callable
    return ExecutionCallableRunner(
           ^^^^^^^^^^^^^^^^^^^^^^^^
  File "/home/airflow/.local/lib/python3.12/site-packages/airflow/utils/operator_helpers.py", line 252, in run
    return self.func(*args, **kwargs)
           ^^^^^^^^^^^^^^^^^^^^^^^^^^
  File "/home/airflow/.local/lib/python3.12/site-packages/airflow/models/baseoperator.py", line 422, in wrapper
    return func(self, *args, **kwargs)
           ^^^^^^^^^^^^^^^^^^^^^^^^^^^
  File "/home/airflow/.local/lib/python3.12/site-packages/airflow/operators/python.py", line 238, in execute
    return_value = self.execute_callable()
                   ^^^^^^^^^^^^^^^^^^^^^^^
  File "/home/airflow/.local/lib/python3.12/site-packages/airflow/operators/python.py", line 256, in execute_callable
    return runner.run(*self.op_args, **self.op_kwargs)
           ^^^^^^^^^^^^^^^^^^^^^^^^^^^^^^^^^^^^^^^^^^^
  File "/home/airflow/.local/lib/python3.12/site-packages/airflow/utils/operator_helpers.py", line 252, in run
    return self.func(*args, **kwargs)
           ^^^^^^^^^^^^^^^^^^^^^^^^^^
  File "/opt/airflow/dags/app.py", line 42, in get_ebook_data
    df.drop_duplicates(subset="Title", inplace=True)
  File "/home/airflow/.local/lib/python3.12/site-packages/pandas/core/frame.py", line 6566, in drop_duplicates
    result = self[-self.duplicated(subset, keep=keep)]
                   ^^^^^^^^^^^^^^^^^^^^^^^^^^^^^^^^^^
  File "/home/airflow/.local/lib/python3.12/site-packages/pandas/core/frame.py", line 6698, in duplicated
    raise KeyError(Index(diff))
KeyError: Index(['Title'], dtype='object')
[2025-01-25T16:04:43.703+0000] {local_task_job_runner.py:266} INFO - Task exited with return code 1
[2025-01-25T16:04:43.790+0000] {taskinstance.py:3895} INFO - 0 downstream tasks scheduled from follow-on schedule check
[2025-01-25T16:04:43.795+0000] {local_task_job_runner.py:245} INFO - ::endgroup::
[2025-01-25T17:02:22.829+0000] {local_task_job_runner.py:123} INFO - ::group::Pre task execution logs
[2025-01-25T17:02:23.159+0000] {taskinstance.py:2613} INFO - Dependencies all met for dep_context=non-requeueable deps ti=<TaskInstance: fetch_and_store_ebooks.fetch_ebook_data scheduled__2025-01-01T00:00:00+00:00 [queued]>
[2025-01-25T17:02:23.338+0000] {taskinstance.py:2613} INFO - Dependencies all met for dep_context=requeueable deps ti=<TaskInstance: fetch_and_store_ebooks.fetch_ebook_data scheduled__2025-01-01T00:00:00+00:00 [queued]>
[2025-01-25T17:02:23.355+0000] {taskinstance.py:2866} INFO - Starting attempt 1 of 2
[2025-01-25T17:02:23.568+0000] {taskinstance.py:2889} INFO - Executing <Task(PythonOperator): fetch_ebook_data> on 2025-01-01 00:00:00+00:00
[2025-01-25T17:02:23.865+0000] {standard_task_runner.py:104} INFO - Running: ['***', 'tasks', 'run', 'fetch_and_store_ebooks', 'fetch_ebook_data', 'scheduled__2025-01-01T00:00:00+00:00', '--job-id', '442', '--raw', '--subdir', 'DAGS_FOLDER/app.py', '--cfg-path', '/tmp/tmp_t9bsj43']
[2025-01-25T17:02:23.912+0000] {standard_task_runner.py:105} INFO - Job 442: Subtask fetch_ebook_data
[2025-01-25T17:02:23.865+0000] {warnings.py:112} WARNING - /home/***/.local/lib/python3.12/site-packages/***/task/task_runner/standard_task_runner.py:70: DeprecationWarning: This process (pid=3691) is multi-threaded, use of fork() may lead to deadlocks in the child.
  pid = os.fork()

[2025-01-25T17:02:23.965+0000] {standard_task_runner.py:72} INFO - Started process 3719 to run task
[2025-01-25T17:02:26.878+0000] {task_command.py:467} INFO - Running <TaskInstance: fetch_and_store_ebooks.fetch_ebook_data scheduled__2025-01-01T00:00:00+00:00 [running]> on host 50ab235b552a
[2025-01-25T17:02:28.428+0000] {taskinstance.py:3132} INFO - Exporting env vars: AIRFLOW_CTX_DAG_OWNER='***' AIRFLOW_CTX_DAG_ID='fetch_and_store_ebooks' AIRFLOW_CTX_TASK_ID='fetch_ebook_data' AIRFLOW_CTX_EXECUTION_DATE='2025-01-01T00:00:00+00:00' AIRFLOW_CTX_TRY_NUMBER='1' AIRFLOW_CTX_DAG_RUN_ID='scheduled__2025-01-01T00:00:00+00:00'
[2025-01-25T17:02:28.433+0000] {logging_mixin.py:190} INFO - Task instance is in running state
[2025-01-25T17:02:28.444+0000] {logging_mixin.py:190} INFO -  Previous state of the Task instance: queued
[2025-01-25T17:02:28.451+0000] {logging_mixin.py:190} INFO - Current task name:fetch_ebook_data state:running start_date:2025-01-25 17:02:23.175260+00:00
[2025-01-25T17:02:28.464+0000] {logging_mixin.py:190} INFO - Dag name:fetch_and_store_ebooks and current dag run status:running
[2025-01-25T17:02:28.493+0000] {taskinstance.py:731} INFO - ::endgroup::
[2025-01-25T17:03:13.474+0000] {python.py:240} INFO - Done. Returned value was: None
[2025-01-25T17:03:13.530+0000] {taskinstance.py:340} INFO - ::group::Post task execution logs
[2025-01-25T17:03:13.533+0000] {taskinstance.py:352} INFO - Marking task as SUCCESS. dag_id=fetch_and_store_ebooks, task_id=fetch_ebook_data, run_id=scheduled__2025-01-01T00:00:00+00:00, execution_date=20250101T000000, start_date=20250125T170223, end_date=20250125T170313
[2025-01-25T17:03:13.583+0000] {logging_mixin.py:190} INFO - Task instance in success state
[2025-01-25T17:03:13.592+0000] {logging_mixin.py:190} INFO -  Previous state of the Task instance: running
[2025-01-25T17:03:13.595+0000] {logging_mixin.py:190} INFO - Dag name:fetch_and_store_ebooks queued_at:2025-01-25 17:01:59.829171+00:00
[2025-01-25T17:03:13.596+0000] {logging_mixin.py:190} INFO - Task hostname:50ab235b552a operator:PythonOperator
[2025-01-25T17:03:13.690+0000] {local_task_job_runner.py:266} INFO - Task exited with return code 0
[2025-01-25T17:03:13.938+0000] {taskinstance.py:3895} INFO - 1 downstream tasks scheduled from follow-on schedule check
[2025-01-25T17:03:13.951+0000] {local_task_job_runner.py:245} INFO - ::endgroup::
[2025-01-26T06:33:56.860+0000] {local_task_job_runner.py:123} INFO - ::group::Pre task execution logs
[2025-01-26T06:33:57.422+0000] {taskinstance.py:2613} INFO - Dependencies all met for dep_context=non-requeueable deps ti=<TaskInstance: fetch_and_store_ebooks.fetch_ebook_data scheduled__2025-01-01T00:00:00+00:00 [queued]>
[2025-01-26T06:33:57.620+0000] {taskinstance.py:2613} INFO - Dependencies all met for dep_context=requeueable deps ti=<TaskInstance: fetch_and_store_ebooks.fetch_ebook_data scheduled__2025-01-01T00:00:00+00:00 [queued]>
[2025-01-26T06:33:57.643+0000] {taskinstance.py:2866} INFO - Starting attempt 1 of 2
[2025-01-26T06:33:59.294+0000] {taskinstance.py:2889} INFO - Executing <Task(PythonOperator): fetch_ebook_data> on 2025-01-01 00:00:00+00:00
[2025-01-26T06:33:59.382+0000] {warnings.py:112} WARNING - /home/***/.local/lib/python3.12/site-packages/***/task/task_runner/standard_task_runner.py:70: DeprecationWarning: This process (pid=368) is multi-threaded, use of fork() may lead to deadlocks in the child.
  pid = os.fork()

[2025-01-26T06:33:59.402+0000] {standard_task_runner.py:72} INFO - Started process 402 to run task
[2025-01-26T06:33:59.413+0000] {standard_task_runner.py:104} INFO - Running: ['***', 'tasks', 'run', 'fetch_and_store_ebooks', 'fetch_ebook_data', 'scheduled__2025-01-01T00:00:00+00:00', '--job-id', '534', '--raw', '--subdir', 'DAGS_FOLDER/app.py', '--cfg-path', '/tmp/tmpx9ahd2x_']
[2025-01-26T06:33:59.422+0000] {standard_task_runner.py:105} INFO - Job 534: Subtask fetch_ebook_data
[2025-01-26T06:33:59.973+0000] {task_command.py:467} INFO - Running <TaskInstance: fetch_and_store_ebooks.fetch_ebook_data scheduled__2025-01-01T00:00:00+00:00 [running]> on host 34edd304782d
[2025-01-26T06:34:01.594+0000] {taskinstance.py:3132} INFO - Exporting env vars: AIRFLOW_CTX_DAG_OWNER='***' AIRFLOW_CTX_DAG_ID='fetch_and_store_ebooks' AIRFLOW_CTX_TASK_ID='fetch_ebook_data' AIRFLOW_CTX_EXECUTION_DATE='2025-01-01T00:00:00+00:00' AIRFLOW_CTX_TRY_NUMBER='1' AIRFLOW_CTX_DAG_RUN_ID='scheduled__2025-01-01T00:00:00+00:00'
[2025-01-26T06:34:01.613+0000] {logging_mixin.py:190} INFO - Task instance is in running state
[2025-01-26T06:34:01.620+0000] {logging_mixin.py:190} INFO -  Previous state of the Task instance: queued
[2025-01-26T06:34:01.639+0000] {logging_mixin.py:190} INFO - Current task name:fetch_ebook_data state:running start_date:2025-01-26 06:33:57.451882+00:00
[2025-01-26T06:34:01.699+0000] {logging_mixin.py:190} INFO - Dag name:fetch_and_store_ebooks and current dag run status:running
[2025-01-26T06:34:01.779+0000] {taskinstance.py:731} INFO - ::endgroup::
[2025-01-26T06:34:16.309+0000] {python.py:240} INFO - Done. Returned value was: None
[2025-01-26T06:34:16.408+0000] {taskinstance.py:340} INFO - ::group::Post task execution logs
[2025-01-26T06:34:16.411+0000] {taskinstance.py:352} INFO - Marking task as SUCCESS. dag_id=fetch_and_store_ebooks, task_id=fetch_ebook_data, run_id=scheduled__2025-01-01T00:00:00+00:00, execution_date=20250101T000000, start_date=20250126T063357, end_date=20250126T063416
[2025-01-26T06:34:17.353+0000] {logging_mixin.py:190} INFO - Task instance in success state
[2025-01-26T06:34:17.359+0000] {logging_mixin.py:190} INFO -  Previous state of the Task instance: running
[2025-01-26T06:34:17.361+0000] {logging_mixin.py:190} INFO - Dag name:fetch_and_store_ebooks queued_at:2025-01-26 06:33:28.650942+00:00
[2025-01-26T06:34:17.363+0000] {logging_mixin.py:190} INFO - Task hostname:34edd304782d operator:PythonOperator
[2025-01-26T06:34:17.480+0000] {local_task_job_runner.py:266} INFO - Task exited with return code 0
[2025-01-26T06:34:17.725+0000] {taskinstance.py:3895} INFO - 1 downstream tasks scheduled from follow-on schedule check
[2025-01-26T06:34:17.753+0000] {local_task_job_runner.py:245} INFO - ::endgroup::
[2025-01-26T07:21:46.182+0000] {local_task_job_runner.py:123} INFO - ::group::Pre task execution logs
[2025-01-26T07:21:46.416+0000] {taskinstance.py:2613} INFO - Dependencies all met for dep_context=non-requeueable deps ti=<TaskInstance: fetch_and_store_ebooks.fetch_ebook_data scheduled__2025-01-01T00:00:00+00:00 [queued]>
[2025-01-26T07:21:46.495+0000] {taskinstance.py:2613} INFO - Dependencies all met for dep_context=requeueable deps ti=<TaskInstance: fetch_and_store_ebooks.fetch_ebook_data scheduled__2025-01-01T00:00:00+00:00 [queued]>
[2025-01-26T07:21:46.497+0000] {taskinstance.py:2866} INFO - Starting attempt 1 of 2
[2025-01-26T07:21:48.550+0000] {taskinstance.py:2889} INFO - Executing <Task(PythonOperator): fetch_ebook_data> on 2025-01-01 00:00:00+00:00
[2025-01-26T07:21:48.616+0000] {warnings.py:112} WARNING - /home/***/.local/lib/python3.12/site-packages/***/task/task_runner/standard_task_runner.py:70: DeprecationWarning: This process (pid=1204) is multi-threaded, use of fork() may lead to deadlocks in the child.
  pid = os.fork()

[2025-01-26T07:21:48.633+0000] {standard_task_runner.py:72} INFO - Started process 1243 to run task
[2025-01-26T07:21:48.746+0000] {standard_task_runner.py:104} INFO - Running: ['***', 'tasks', 'run', 'fetch_and_store_ebooks', 'fetch_ebook_data', 'scheduled__2025-01-01T00:00:00+00:00', '--job-id', '617', '--raw', '--subdir', 'DAGS_FOLDER/app.py', '--cfg-path', '/tmp/tmpz_j05lmu']
[2025-01-26T07:21:48.802+0000] {standard_task_runner.py:105} INFO - Job 617: Subtask fetch_ebook_data
[2025-01-26T07:21:49.232+0000] {task_command.py:467} INFO - Running <TaskInstance: fetch_and_store_ebooks.fetch_ebook_data scheduled__2025-01-01T00:00:00+00:00 [running]> on host 34edd304782d
[2025-01-26T07:21:50.870+0000] {taskinstance.py:3132} INFO - Exporting env vars: AIRFLOW_CTX_DAG_OWNER='***' AIRFLOW_CTX_DAG_ID='fetch_and_store_ebooks' AIRFLOW_CTX_TASK_ID='fetch_ebook_data' AIRFLOW_CTX_EXECUTION_DATE='2025-01-01T00:00:00+00:00' AIRFLOW_CTX_TRY_NUMBER='1' AIRFLOW_CTX_DAG_RUN_ID='scheduled__2025-01-01T00:00:00+00:00'
[2025-01-26T07:21:50.877+0000] {logging_mixin.py:190} INFO - Task instance is in running state
[2025-01-26T07:21:50.882+0000] {logging_mixin.py:190} INFO -  Previous state of the Task instance: queued
[2025-01-26T07:21:50.889+0000] {logging_mixin.py:190} INFO - Current task name:fetch_ebook_data state:running start_date:2025-01-26 07:21:46.431396+00:00
[2025-01-26T07:21:50.908+0000] {logging_mixin.py:190} INFO - Dag name:fetch_and_store_ebooks and current dag run status:running
[2025-01-26T07:21:50.915+0000] {taskinstance.py:731} INFO - ::endgroup::
[2025-01-26T07:22:01.316+0000] {python.py:240} INFO - Done. Returned value was: None
[2025-01-26T07:22:01.428+0000] {taskinstance.py:340} INFO - ::group::Post task execution logs
[2025-01-26T07:22:01.431+0000] {taskinstance.py:352} INFO - Marking task as SUCCESS. dag_id=fetch_and_store_ebooks, task_id=fetch_ebook_data, run_id=scheduled__2025-01-01T00:00:00+00:00, execution_date=20250101T000000, start_date=20250126T072146, end_date=20250126T072201
[2025-01-26T07:22:01.553+0000] {logging_mixin.py:190} INFO - Task instance in success state
[2025-01-26T07:22:01.560+0000] {logging_mixin.py:190} INFO -  Previous state of the Task instance: running
[2025-01-26T07:22:01.563+0000] {logging_mixin.py:190} INFO - Dag name:fetch_and_store_ebooks queued_at:2025-01-26 07:21:27.246712+00:00
[2025-01-26T07:22:01.568+0000] {logging_mixin.py:190} INFO - Task hostname:34edd304782d operator:PythonOperator
[2025-01-26T07:22:01.771+0000] {local_task_job_runner.py:266} INFO - Task exited with return code 0
[2025-01-26T07:22:02.021+0000] {taskinstance.py:3895} INFO - 1 downstream tasks scheduled from follow-on schedule check
[2025-01-26T07:22:02.048+0000] {local_task_job_runner.py:245} INFO - ::endgroup::
[2025-01-26T07:47:16.491+0000] {local_task_job_runner.py:123} INFO - ::group::Pre task execution logs
[2025-01-26T07:47:16.671+0000] {taskinstance.py:2613} INFO - Dependencies all met for dep_context=non-requeueable deps ti=<TaskInstance: fetch_and_store_ebooks.fetch_ebook_data scheduled__2025-01-01T00:00:00+00:00 [queued]>
[2025-01-26T07:47:16.866+0000] {taskinstance.py:2613} INFO - Dependencies all met for dep_context=requeueable deps ti=<TaskInstance: fetch_and_store_ebooks.fetch_ebook_data scheduled__2025-01-01T00:00:00+00:00 [queued]>
[2025-01-26T07:47:16.885+0000] {taskinstance.py:2866} INFO - Starting attempt 1 of 2
[2025-01-26T07:47:17.521+0000] {taskinstance.py:2889} INFO - Executing <Task(PythonOperator): fetch_ebook_data> on 2025-01-01 00:00:00+00:00
[2025-01-26T07:47:17.616+0000] {warnings.py:112} WARNING - /home/***/.local/lib/python3.12/site-packages/***/task/task_runner/standard_task_runner.py:70: DeprecationWarning: This process (pid=1877) is multi-threaded, use of fork() may lead to deadlocks in the child.
  pid = os.fork()

[2025-01-26T07:47:17.635+0000] {standard_task_runner.py:72} INFO - Started process 1916 to run task
[2025-01-26T07:47:17.676+0000] {standard_task_runner.py:104} INFO - Running: ['***', 'tasks', 'run', 'fetch_and_store_ebooks', 'fetch_ebook_data', 'scheduled__2025-01-01T00:00:00+00:00', '--job-id', '711', '--raw', '--subdir', 'DAGS_FOLDER/app.py', '--cfg-path', '/tmp/tmptsc55nsg']
[2025-01-26T07:47:17.745+0000] {standard_task_runner.py:105} INFO - Job 711: Subtask fetch_ebook_data
[2025-01-26T07:47:18.799+0000] {task_command.py:467} INFO - Running <TaskInstance: fetch_and_store_ebooks.fetch_ebook_data scheduled__2025-01-01T00:00:00+00:00 [running]> on host 34edd304782d
[2025-01-26T07:47:21.075+0000] {taskinstance.py:3132} INFO - Exporting env vars: AIRFLOW_CTX_DAG_OWNER='***' AIRFLOW_CTX_DAG_ID='fetch_and_store_ebooks' AIRFLOW_CTX_TASK_ID='fetch_ebook_data' AIRFLOW_CTX_EXECUTION_DATE='2025-01-01T00:00:00+00:00' AIRFLOW_CTX_TRY_NUMBER='1' AIRFLOW_CTX_DAG_RUN_ID='scheduled__2025-01-01T00:00:00+00:00'
[2025-01-26T07:47:21.081+0000] {logging_mixin.py:190} INFO - Task instance is in running state
[2025-01-26T07:47:21.085+0000] {logging_mixin.py:190} INFO -  Previous state of the Task instance: queued
[2025-01-26T07:47:21.087+0000] {logging_mixin.py:190} INFO - Current task name:fetch_ebook_data state:running start_date:2025-01-26 07:47:16.704884+00:00
[2025-01-26T07:47:21.100+0000] {logging_mixin.py:190} INFO - Dag name:fetch_and_store_ebooks and current dag run status:running
[2025-01-26T07:47:21.104+0000] {taskinstance.py:731} INFO - ::endgroup::
[2025-01-26T07:47:31.323+0000] {python.py:240} INFO - Done. Returned value was: None
[2025-01-26T07:47:31.402+0000] {taskinstance.py:340} INFO - ::group::Post task execution logs
[2025-01-26T07:47:31.405+0000] {taskinstance.py:352} INFO - Marking task as SUCCESS. dag_id=fetch_and_store_ebooks, task_id=fetch_ebook_data, run_id=scheduled__2025-01-01T00:00:00+00:00, execution_date=20250101T000000, start_date=20250126T074716, end_date=20250126T074731
[2025-01-26T07:47:31.515+0000] {logging_mixin.py:190} INFO - Task instance in success state
[2025-01-26T07:47:31.524+0000] {logging_mixin.py:190} INFO -  Previous state of the Task instance: running
[2025-01-26T07:47:31.542+0000] {logging_mixin.py:190} INFO - Dag name:fetch_and_store_ebooks queued_at:2025-01-26 07:46:48.438844+00:00
[2025-01-26T07:47:31.569+0000] {logging_mixin.py:190} INFO - Task hostname:34edd304782d operator:PythonOperator
[2025-01-26T07:47:31.737+0000] {local_task_job_runner.py:266} INFO - Task exited with return code 0
[2025-01-26T07:47:31.795+0000] {local_task_job_runner.py:245} INFO - ::endgroup::
[2025-01-26T08:51:16.273+0000] {local_task_job_runner.py:123} INFO - ::group::Pre task execution logs
[2025-01-26T08:51:16.487+0000] {taskinstance.py:2613} INFO - Dependencies all met for dep_context=non-requeueable deps ti=<TaskInstance: fetch_and_store_ebooks.fetch_ebook_data scheduled__2025-01-01T00:00:00+00:00 [queued]>
[2025-01-26T08:51:16.647+0000] {taskinstance.py:2613} INFO - Dependencies all met for dep_context=requeueable deps ti=<TaskInstance: fetch_and_store_ebooks.fetch_ebook_data scheduled__2025-01-01T00:00:00+00:00 [queued]>
[2025-01-26T08:51:16.719+0000] {taskinstance.py:2866} INFO - Starting attempt 1 of 2
[2025-01-26T08:51:17.053+0000] {taskinstance.py:2889} INFO - Executing <Task(PythonOperator): fetch_ebook_data> on 2025-01-01 00:00:00+00:00
[2025-01-26T08:51:17.114+0000] {warnings.py:112} WARNING - /home/***/.local/lib/python3.12/site-packages/***/task/task_runner/standard_task_runner.py:70: DeprecationWarning: This process (pid=3183) is multi-threaded, use of fork() may lead to deadlocks in the child.
  pid = os.fork()

[2025-01-26T08:51:17.179+0000] {standard_task_runner.py:72} INFO - Started process 3215 to run task
[2025-01-26T08:51:17.203+0000] {standard_task_runner.py:104} INFO - Running: ['***', 'tasks', 'run', 'fetch_and_store_ebooks', 'fetch_ebook_data', 'scheduled__2025-01-01T00:00:00+00:00', '--job-id', '869', '--raw', '--subdir', 'DAGS_FOLDER/app.py', '--cfg-path', '/tmp/tmpqqn0xugv']
[2025-01-26T08:51:17.250+0000] {standard_task_runner.py:105} INFO - Job 869: Subtask fetch_ebook_data
[2025-01-26T08:51:17.925+0000] {task_command.py:467} INFO - Running <TaskInstance: fetch_and_store_ebooks.fetch_ebook_data scheduled__2025-01-01T00:00:00+00:00 [running]> on host 34edd304782d
[2025-01-26T08:51:19.898+0000] {taskinstance.py:3132} INFO - Exporting env vars: AIRFLOW_CTX_DAG_OWNER='***' AIRFLOW_CTX_DAG_ID='fetch_and_store_ebooks' AIRFLOW_CTX_TASK_ID='fetch_ebook_data' AIRFLOW_CTX_EXECUTION_DATE='2025-01-01T00:00:00+00:00' AIRFLOW_CTX_TRY_NUMBER='1' AIRFLOW_CTX_DAG_RUN_ID='scheduled__2025-01-01T00:00:00+00:00'
[2025-01-26T08:51:19.905+0000] {logging_mixin.py:190} INFO - Task instance is in running state
[2025-01-26T08:51:19.907+0000] {logging_mixin.py:190} INFO -  Previous state of the Task instance: queued
[2025-01-26T08:51:19.925+0000] {logging_mixin.py:190} INFO - Current task name:fetch_ebook_data state:running start_date:2025-01-26 08:51:16.507868+00:00
[2025-01-26T08:51:19.927+0000] {logging_mixin.py:190} INFO - Dag name:fetch_and_store_ebooks and current dag run status:running
[2025-01-26T08:51:19.949+0000] {taskinstance.py:731} INFO - ::endgroup::
[2025-01-26T08:51:29.608+0000] {python.py:240} INFO - Done. Returned value was: None
[2025-01-26T08:51:29.707+0000] {taskinstance.py:340} INFO - ::group::Post task execution logs
[2025-01-26T08:51:29.713+0000] {taskinstance.py:352} INFO - Marking task as SUCCESS. dag_id=fetch_and_store_ebooks, task_id=fetch_ebook_data, run_id=scheduled__2025-01-01T00:00:00+00:00, execution_date=20250101T000000, start_date=20250126T085116, end_date=20250126T085129
[2025-01-26T08:51:30.425+0000] {logging_mixin.py:190} INFO - Task instance in success state
[2025-01-26T08:51:30.436+0000] {logging_mixin.py:190} INFO -  Previous state of the Task instance: running
[2025-01-26T08:51:30.443+0000] {logging_mixin.py:190} INFO - Dag name:fetch_and_store_ebooks queued_at:2025-01-26 08:50:50.837371+00:00
[2025-01-26T08:51:30.461+0000] {logging_mixin.py:190} INFO - Task hostname:34edd304782d operator:PythonOperator
[2025-01-26T08:51:30.576+0000] {local_task_job_runner.py:266} INFO - Task exited with return code 0
[2025-01-26T08:51:30.959+0000] {taskinstance.py:3895} INFO - 1 downstream tasks scheduled from follow-on schedule check
[2025-01-26T08:51:30.975+0000] {local_task_job_runner.py:245} INFO - ::endgroup::
[2025-01-26T08:58:07.722+0000] {local_task_job_runner.py:123} INFO - ::group::Pre task execution logs
[2025-01-26T08:58:08.067+0000] {taskinstance.py:2613} INFO - Dependencies all met for dep_context=non-requeueable deps ti=<TaskInstance: fetch_and_store_ebooks.fetch_ebook_data scheduled__2025-01-01T00:00:00+00:00 [queued]>
[2025-01-26T08:58:08.423+0000] {taskinstance.py:2613} INFO - Dependencies all met for dep_context=requeueable deps ti=<TaskInstance: fetch_and_store_ebooks.fetch_ebook_data scheduled__2025-01-01T00:00:00+00:00 [queued]>
[2025-01-26T08:58:08.439+0000] {taskinstance.py:2866} INFO - Starting attempt 1 of 2
[2025-01-26T08:58:09.259+0000] {taskinstance.py:2889} INFO - Executing <Task(PythonOperator): fetch_ebook_data> on 2025-01-01 00:00:00+00:00
[2025-01-26T08:58:09.319+0000] {warnings.py:112} WARNING - /home/***/.local/lib/python3.12/site-packages/***/task/task_runner/standard_task_runner.py:70: DeprecationWarning: This process (pid=3384) is multi-threaded, use of fork() may lead to deadlocks in the child.
  pid = os.fork()

[2025-01-26T08:58:09.369+0000] {standard_task_runner.py:72} INFO - Started process 3423 to run task
[2025-01-26T08:58:09.416+0000] {standard_task_runner.py:104} INFO - Running: ['***', 'tasks', 'run', 'fetch_and_store_ebooks', 'fetch_ebook_data', 'scheduled__2025-01-01T00:00:00+00:00', '--job-id', '902', '--raw', '--subdir', 'DAGS_FOLDER/app.py', '--cfg-path', '/tmp/tmpoa1kr8wf']
[2025-01-26T08:58:09.424+0000] {standard_task_runner.py:105} INFO - Job 902: Subtask fetch_ebook_data
[2025-01-26T08:58:09.863+0000] {task_command.py:467} INFO - Running <TaskInstance: fetch_and_store_ebooks.fetch_ebook_data scheduled__2025-01-01T00:00:00+00:00 [running]> on host 34edd304782d
[2025-01-26T08:58:11.040+0000] {taskinstance.py:3132} INFO - Exporting env vars: AIRFLOW_CTX_DAG_OWNER='***' AIRFLOW_CTX_DAG_ID='fetch_and_store_ebooks' AIRFLOW_CTX_TASK_ID='fetch_ebook_data' AIRFLOW_CTX_EXECUTION_DATE='2025-01-01T00:00:00+00:00' AIRFLOW_CTX_TRY_NUMBER='1' AIRFLOW_CTX_DAG_RUN_ID='scheduled__2025-01-01T00:00:00+00:00'
[2025-01-26T08:58:11.052+0000] {logging_mixin.py:190} INFO - Task instance is in running state
[2025-01-26T08:58:11.075+0000] {logging_mixin.py:190} INFO -  Previous state of the Task instance: queued
[2025-01-26T08:58:11.077+0000] {logging_mixin.py:190} INFO - Current task name:fetch_ebook_data state:running start_date:2025-01-26 08:58:08.093845+00:00
[2025-01-26T08:58:11.080+0000] {logging_mixin.py:190} INFO - Dag name:fetch_and_store_ebooks and current dag run status:running
[2025-01-26T08:58:11.094+0000] {taskinstance.py:731} INFO - ::endgroup::
[2025-01-26T08:58:23.403+0000] {python.py:240} INFO - Done. Returned value was: None
[2025-01-26T08:58:23.562+0000] {taskinstance.py:340} INFO - ::group::Post task execution logs
[2025-01-26T08:58:23.581+0000] {taskinstance.py:352} INFO - Marking task as SUCCESS. dag_id=fetch_and_store_ebooks, task_id=fetch_ebook_data, run_id=scheduled__2025-01-01T00:00:00+00:00, execution_date=20250101T000000, start_date=20250126T085808, end_date=20250126T085823
[2025-01-26T08:58:23.804+0000] {logging_mixin.py:190} INFO - Task instance in success state
[2025-01-26T08:58:23.806+0000] {logging_mixin.py:190} INFO -  Previous state of the Task instance: running
[2025-01-26T08:58:23.822+0000] {logging_mixin.py:190} INFO - Dag name:fetch_and_store_ebooks queued_at:2025-01-26 08:57:43.716656+00:00
[2025-01-26T08:58:23.838+0000] {logging_mixin.py:190} INFO - Task hostname:34edd304782d operator:PythonOperator
[2025-01-26T08:58:24.177+0000] {local_task_job_runner.py:266} INFO - Task exited with return code 0
[2025-01-26T08:58:24.422+0000] {local_task_job_runner.py:245} INFO - ::endgroup::
[2025-01-26T08:58:24.626+0000] {standard_task_runner.py:217} INFO - Process not found (most likely exited), stop collecting metrics
[2025-01-26T09:05:18.298+0000] {local_task_job_runner.py:123} INFO - ::group::Pre task execution logs
[2025-01-26T09:05:18.729+0000] {taskinstance.py:2613} INFO - Dependencies all met for dep_context=non-requeueable deps ti=<TaskInstance: fetch_and_store_ebooks.fetch_ebook_data scheduled__2025-01-01T00:00:00+00:00 [queued]>
[2025-01-26T09:05:18.881+0000] {taskinstance.py:2613} INFO - Dependencies all met for dep_context=requeueable deps ti=<TaskInstance: fetch_and_store_ebooks.fetch_ebook_data scheduled__2025-01-01T00:00:00+00:00 [queued]>
[2025-01-26T09:05:18.887+0000] {taskinstance.py:2866} INFO - Starting attempt 1 of 2
[2025-01-26T09:05:19.204+0000] {taskinstance.py:2889} INFO - Executing <Task(PythonOperator): fetch_ebook_data> on 2025-01-01 00:00:00+00:00
[2025-01-26T09:05:19.309+0000] {warnings.py:112} WARNING - /home/***/.local/lib/python3.12/site-packages/***/task/task_runner/standard_task_runner.py:70: DeprecationWarning: This process (pid=3590) is multi-threaded, use of fork() may lead to deadlocks in the child.
  pid = os.fork()

[2025-01-26T09:05:19.338+0000] {standard_task_runner.py:72} INFO - Started process 3622 to run task
[2025-01-26T09:05:19.343+0000] {standard_task_runner.py:104} INFO - Running: ['***', 'tasks', 'run', 'fetch_and_store_ebooks', 'fetch_ebook_data', 'scheduled__2025-01-01T00:00:00+00:00', '--job-id', '933', '--raw', '--subdir', 'DAGS_FOLDER/app.py', '--cfg-path', '/tmp/tmpsa6dq31k']
[2025-01-26T09:05:19.366+0000] {standard_task_runner.py:105} INFO - Job 933: Subtask fetch_ebook_data
[2025-01-26T09:05:19.937+0000] {task_command.py:467} INFO - Running <TaskInstance: fetch_and_store_ebooks.fetch_ebook_data scheduled__2025-01-01T00:00:00+00:00 [running]> on host 34edd304782d
[2025-01-26T09:05:21.680+0000] {taskinstance.py:3132} INFO - Exporting env vars: AIRFLOW_CTX_DAG_OWNER='***' AIRFLOW_CTX_DAG_ID='fetch_and_store_ebooks' AIRFLOW_CTX_TASK_ID='fetch_ebook_data' AIRFLOW_CTX_EXECUTION_DATE='2025-01-01T00:00:00+00:00' AIRFLOW_CTX_TRY_NUMBER='1' AIRFLOW_CTX_DAG_RUN_ID='scheduled__2025-01-01T00:00:00+00:00'
[2025-01-26T09:05:21.686+0000] {logging_mixin.py:190} INFO - Task instance is in running state
[2025-01-26T09:05:21.700+0000] {logging_mixin.py:190} INFO -  Previous state of the Task instance: queued
[2025-01-26T09:05:21.702+0000] {logging_mixin.py:190} INFO - Current task name:fetch_ebook_data state:running start_date:2025-01-26 09:05:18.762303+00:00
[2025-01-26T09:05:21.704+0000] {logging_mixin.py:190} INFO - Dag name:fetch_and_store_ebooks and current dag run status:running
[2025-01-26T09:05:21.706+0000] {taskinstance.py:731} INFO - ::endgroup::
[2025-01-26T09:05:32.649+0000] {python.py:240} INFO - Done. Returned value was: None
[2025-01-26T09:05:32.714+0000] {taskinstance.py:340} INFO - ::group::Post task execution logs
[2025-01-26T09:05:32.717+0000] {taskinstance.py:352} INFO - Marking task as SUCCESS. dag_id=fetch_and_store_ebooks, task_id=fetch_ebook_data, run_id=scheduled__2025-01-01T00:00:00+00:00, execution_date=20250101T000000, start_date=20250126T090518, end_date=20250126T090532
[2025-01-26T09:05:33.442+0000] {logging_mixin.py:190} INFO - Task instance in success state
[2025-01-26T09:05:33.479+0000] {logging_mixin.py:190} INFO -  Previous state of the Task instance: running
[2025-01-26T09:05:33.490+0000] {logging_mixin.py:190} INFO - Dag name:fetch_and_store_ebooks queued_at:2025-01-26 09:04:51.179477+00:00
[2025-01-26T09:05:33.499+0000] {logging_mixin.py:190} INFO - Task hostname:34edd304782d operator:PythonOperator
[2025-01-26T09:05:33.793+0000] {local_task_job_runner.py:266} INFO - Task exited with return code 0
[2025-01-26T09:05:34.219+0000] {taskinstance.py:3895} INFO - 1 downstream tasks scheduled from follow-on schedule check
[2025-01-26T09:05:34.239+0000] {local_task_job_runner.py:245} INFO - ::endgroup::
[2025-01-26T09:05:34.392+0000] {standard_task_runner.py:217} INFO - Process not found (most likely exited), stop collecting metrics
[2025-01-26T09:16:05.256+0000] {local_task_job_runner.py:123} INFO - ::group::Pre task execution logs
[2025-01-26T09:16:05.613+0000] {taskinstance.py:2613} INFO - Dependencies all met for dep_context=non-requeueable deps ti=<TaskInstance: fetch_and_store_ebooks.fetch_ebook_data scheduled__2025-01-01T00:00:00+00:00 [queued]>
[2025-01-26T09:16:05.895+0000] {taskinstance.py:2613} INFO - Dependencies all met for dep_context=requeueable deps ti=<TaskInstance: fetch_and_store_ebooks.fetch_ebook_data scheduled__2025-01-01T00:00:00+00:00 [queued]>
[2025-01-26T09:16:05.906+0000] {taskinstance.py:2866} INFO - Starting attempt 1 of 2
[2025-01-26T09:16:06.177+0000] {taskinstance.py:2889} INFO - Executing <Task(PythonOperator): fetch_ebook_data> on 2025-01-01 00:00:00+00:00
[2025-01-26T09:16:06.340+0000] {warnings.py:112} WARNING - /home/***/.local/lib/python3.12/site-packages/***/task/task_runner/standard_task_runner.py:70: DeprecationWarning: This process (pid=3995) is multi-threaded, use of fork() may lead to deadlocks in the child.
  pid = os.fork()

[2025-01-26T09:16:06.365+0000] {standard_task_runner.py:72} INFO - Started process 4026 to run task
[2025-01-26T09:16:06.328+0000] {standard_task_runner.py:104} INFO - Running: ['***', 'tasks', 'run', 'fetch_and_store_ebooks', 'fetch_ebook_data', 'scheduled__2025-01-01T00:00:00+00:00', '--job-id', '1001', '--raw', '--subdir', 'DAGS_FOLDER/app.py', '--cfg-path', '/tmp/tmpxxnezd_o']
[2025-01-26T09:16:06.440+0000] {standard_task_runner.py:105} INFO - Job 1001: Subtask fetch_ebook_data
[2025-01-26T09:16:06.850+0000] {task_command.py:467} INFO - Running <TaskInstance: fetch_and_store_ebooks.fetch_ebook_data scheduled__2025-01-01T00:00:00+00:00 [running]> on host 34edd304782d
[2025-01-26T09:16:07.799+0000] {taskinstance.py:3132} INFO - Exporting env vars: AIRFLOW_CTX_DAG_OWNER='***' AIRFLOW_CTX_DAG_ID='fetch_and_store_ebooks' AIRFLOW_CTX_TASK_ID='fetch_ebook_data' AIRFLOW_CTX_EXECUTION_DATE='2025-01-01T00:00:00+00:00' AIRFLOW_CTX_TRY_NUMBER='1' AIRFLOW_CTX_DAG_RUN_ID='scheduled__2025-01-01T00:00:00+00:00'
[2025-01-26T09:16:07.816+0000] {logging_mixin.py:190} INFO - Task instance is in running state
[2025-01-26T09:16:07.837+0000] {logging_mixin.py:190} INFO -  Previous state of the Task instance: queued
[2025-01-26T09:16:07.852+0000] {logging_mixin.py:190} INFO - Current task name:fetch_ebook_data state:running start_date:2025-01-26 09:16:05.688730+00:00
[2025-01-26T09:16:07.854+0000] {logging_mixin.py:190} INFO - Dag name:fetch_and_store_ebooks and current dag run status:running
[2025-01-26T09:16:07.856+0000] {taskinstance.py:731} INFO - ::endgroup::
[2025-01-26T09:16:21.579+0000] {python.py:240} INFO - Done. Returned value was: None
[2025-01-26T09:16:21.704+0000] {taskinstance.py:340} INFO - ::group::Post task execution logs
[2025-01-26T09:16:21.713+0000] {taskinstance.py:352} INFO - Marking task as SUCCESS. dag_id=fetch_and_store_ebooks, task_id=fetch_ebook_data, run_id=scheduled__2025-01-01T00:00:00+00:00, execution_date=20250101T000000, start_date=20250126T091605, end_date=20250126T091621
[2025-01-26T09:16:22.186+0000] {logging_mixin.py:190} INFO - Task instance in success state
[2025-01-26T09:16:22.188+0000] {logging_mixin.py:190} INFO -  Previous state of the Task instance: running
[2025-01-26T09:16:22.190+0000] {logging_mixin.py:190} INFO - Dag name:fetch_and_store_ebooks queued_at:2025-01-26 09:15:42.312129+00:00
[2025-01-26T09:16:22.194+0000] {logging_mixin.py:190} INFO - Task hostname:34edd304782d operator:PythonOperator
[2025-01-26T09:16:22.352+0000] {local_task_job_runner.py:266} INFO - Task exited with return code 0
[2025-01-26T09:16:22.756+0000] {taskinstance.py:3895} INFO - 1 downstream tasks scheduled from follow-on schedule check
[2025-01-26T09:16:22.786+0000] {local_task_job_runner.py:245} INFO - ::endgroup::
[2025-01-26T09:26:39.687+0000] {local_task_job_runner.py:123} INFO - ::group::Pre task execution logs
[2025-01-26T09:26:39.863+0000] {taskinstance.py:2613} INFO - Dependencies all met for dep_context=non-requeueable deps ti=<TaskInstance: fetch_and_store_ebooks.fetch_ebook_data scheduled__2025-01-01T00:00:00+00:00 [queued]>
[2025-01-26T09:26:40.236+0000] {taskinstance.py:2613} INFO - Dependencies all met for dep_context=requeueable deps ti=<TaskInstance: fetch_and_store_ebooks.fetch_ebook_data scheduled__2025-01-01T00:00:00+00:00 [queued]>
[2025-01-26T09:26:40.300+0000] {taskinstance.py:2866} INFO - Starting attempt 1 of 2
[2025-01-26T09:26:40.725+0000] {taskinstance.py:2889} INFO - Executing <Task(PythonOperator): fetch_ebook_data> on 2025-01-01 00:00:00+00:00
[2025-01-26T09:26:40.926+0000] {warnings.py:112} WARNING - /home/***/.local/lib/python3.12/site-packages/***/task/task_runner/standard_task_runner.py:70: DeprecationWarning: This process (pid=4305) is multi-threaded, use of fork() may lead to deadlocks in the child.
  pid = os.fork()

[2025-01-26T09:26:40.946+0000] {standard_task_runner.py:72} INFO - Started process 4347 to run task
[2025-01-26T09:26:40.983+0000] {standard_task_runner.py:104} INFO - Running: ['***', 'tasks', 'run', 'fetch_and_store_ebooks', 'fetch_ebook_data', 'scheduled__2025-01-01T00:00:00+00:00', '--job-id', '1054', '--raw', '--subdir', 'DAGS_FOLDER/app.py', '--cfg-path', '/tmp/tmp7t324vtp']
[2025-01-26T09:26:41.006+0000] {standard_task_runner.py:105} INFO - Job 1054: Subtask fetch_ebook_data
[2025-01-26T09:26:41.945+0000] {task_command.py:467} INFO - Running <TaskInstance: fetch_and_store_ebooks.fetch_ebook_data scheduled__2025-01-01T00:00:00+00:00 [running]> on host 34edd304782d
[2025-01-26T09:26:44.298+0000] {taskinstance.py:3132} INFO - Exporting env vars: AIRFLOW_CTX_DAG_OWNER='***' AIRFLOW_CTX_DAG_ID='fetch_and_store_ebooks' AIRFLOW_CTX_TASK_ID='fetch_ebook_data' AIRFLOW_CTX_EXECUTION_DATE='2025-01-01T00:00:00+00:00' AIRFLOW_CTX_TRY_NUMBER='1' AIRFLOW_CTX_DAG_RUN_ID='scheduled__2025-01-01T00:00:00+00:00'
[2025-01-26T09:26:44.338+0000] {logging_mixin.py:190} INFO - Task instance is in running state
[2025-01-26T09:26:44.340+0000] {logging_mixin.py:190} INFO -  Previous state of the Task instance: queued
[2025-01-26T09:26:44.343+0000] {logging_mixin.py:190} INFO - Current task name:fetch_ebook_data state:running start_date:2025-01-26 09:26:39.878668+00:00
[2025-01-26T09:26:44.350+0000] {logging_mixin.py:190} INFO - Dag name:fetch_and_store_ebooks and current dag run status:running
[2025-01-26T09:26:44.354+0000] {taskinstance.py:731} INFO - ::endgroup::
[2025-01-26T09:26:54.728+0000] {python.py:240} INFO - Done. Returned value was: None
[2025-01-26T09:26:54.781+0000] {taskinstance.py:340} INFO - ::group::Post task execution logs
[2025-01-26T09:26:54.788+0000] {taskinstance.py:352} INFO - Marking task as SUCCESS. dag_id=fetch_and_store_ebooks, task_id=fetch_ebook_data, run_id=scheduled__2025-01-01T00:00:00+00:00, execution_date=20250101T000000, start_date=20250126T092639, end_date=20250126T092654
[2025-01-26T09:26:54.854+0000] {logging_mixin.py:190} INFO - Task instance in success state
[2025-01-26T09:26:54.857+0000] {logging_mixin.py:190} INFO -  Previous state of the Task instance: running
[2025-01-26T09:26:54.859+0000] {logging_mixin.py:190} INFO - Dag name:fetch_and_store_ebooks queued_at:2025-01-26 09:26:14.320007+00:00
[2025-01-26T09:26:54.868+0000] {logging_mixin.py:190} INFO - Task hostname:34edd304782d operator:PythonOperator
[2025-01-26T09:26:54.951+0000] {local_task_job_runner.py:266} INFO - Task exited with return code 0
[2025-01-26T09:26:55.084+0000] {taskinstance.py:3895} INFO - 1 downstream tasks scheduled from follow-on schedule check
[2025-01-26T09:26:55.093+0000] {local_task_job_runner.py:245} INFO - ::endgroup::
