[2025-01-26T10:02:49.928+0000] {local_task_job_runner.py:123} INFO - ::group::Pre task execution logs
[2025-01-26T10:02:51.029+0000] {taskinstance.py:2613} INFO - Dependencies all met for dep_context=non-requeueable deps ti=<TaskInstance: fetch_and_store_ebooks.create_table scheduled__2020-02-26T00:00:00+00:00 [queued]>
[2025-01-26T10:02:51.265+0000] {taskinstance.py:2613} INFO - Dependencies all met for dep_context=requeueable deps ti=<TaskInstance: fetch_and_store_ebooks.create_table scheduled__2020-02-26T00:00:00+00:00 [queued]>
[2025-01-26T10:02:51.279+0000] {taskinstance.py:2866} INFO - Starting attempt 1 of 2
[2025-01-26T10:02:52.810+0000] {taskinstance.py:2889} INFO - Executing <Task(PostgresOperator): create_table> on 2020-02-26 00:00:00+00:00
[2025-01-26T10:02:52.937+0000] {warnings.py:112} WARNING - /home/***/.local/lib/python3.12/site-packages/***/task/task_runner/standard_task_runner.py:70: DeprecationWarning: This process (pid=5661) is multi-threaded, use of fork() may lead to deadlocks in the child.
  pid = os.fork()

[2025-01-26T10:02:53.037+0000] {standard_task_runner.py:104} INFO - Running: ['***', 'tasks', 'run', 'fetch_and_store_ebooks', 'create_table', 'scheduled__2020-02-26T00:00:00+00:00', '--job-id', '1313', '--raw', '--subdir', 'DAGS_FOLDER/app.py', '--cfg-path', '/tmp/tmp29pcqi_4']
[2025-01-26T10:02:53.052+0000] {standard_task_runner.py:72} INFO - Started process 5715 to run task
[2025-01-26T10:02:53.054+0000] {standard_task_runner.py:105} INFO - Job 1313: Subtask create_table
[2025-01-26T10:02:54.577+0000] {task_command.py:467} INFO - Running <TaskInstance: fetch_and_store_ebooks.create_table scheduled__2020-02-26T00:00:00+00:00 [running]> on host 34edd304782d
[2025-01-26T10:02:58.486+0000] {job.py:229} INFO - Heartbeat recovered after 11.73 seconds
[2025-01-26T10:02:58.620+0000] {taskinstance.py:3132} INFO - Exporting env vars: AIRFLOW_CTX_DAG_OWNER='***' AIRFLOW_CTX_DAG_ID='fetch_and_store_ebooks' AIRFLOW_CTX_TASK_ID='create_table' AIRFLOW_CTX_EXECUTION_DATE='2020-02-26T00:00:00+00:00' AIRFLOW_CTX_TRY_NUMBER='1' AIRFLOW_CTX_DAG_RUN_ID='scheduled__2020-02-26T00:00:00+00:00'
[2025-01-26T10:02:58.686+0000] {logging_mixin.py:190} INFO - Task instance is in running state
[2025-01-26T10:02:58.731+0000] {logging_mixin.py:190} INFO -  Previous state of the Task instance: queued
[2025-01-26T10:02:58.747+0000] {logging_mixin.py:190} INFO - Current task name:create_table state:running start_date:2025-01-26 10:02:51.044033+00:00
[2025-01-26T10:02:58.762+0000] {logging_mixin.py:190} INFO - Dag name:fetch_and_store_ebooks and current dag run status:running
[2025-01-26T10:02:58.779+0000] {taskinstance.py:731} INFO - ::endgroup::
[2025-01-26T10:02:58.829+0000] {sql.py:278} INFO - Executing: 
    CREATE TABLE IF NOT EXISTS public.ebooks (
        id SERIAL PRIMARY KEY,
        judul TEXT NOT NULL,
        penulis TEXT,
        link TEXT
    );
    
[2025-01-26T10:02:59.279+0000] {base.py:84} INFO - Retrieving connection 'ebooks_connection'
[2025-01-26T10:02:59.612+0000] {base.py:84} INFO - Retrieving connection 'ebooks_connection'
[2025-01-26T10:03:00.472+0000] {sql.py:553} INFO - Running statement: 
    CREATE TABLE IF NOT EXISTS public.ebooks (
        id SERIAL PRIMARY KEY,
        judul TEXT NOT NULL,
        penulis TEXT,
        link TEXT
    );
    , parameters: None
[2025-01-26T10:03:00.908+0000] {taskinstance.py:340} INFO - ::group::Post task execution logs
[2025-01-26T10:03:00.921+0000] {taskinstance.py:352} INFO - Marking task as SUCCESS. dag_id=fetch_and_store_ebooks, task_id=create_table, run_id=scheduled__2020-02-26T00:00:00+00:00, execution_date=20200226T000000, start_date=20250126T100251, end_date=20250126T100300
[2025-01-26T10:03:01.274+0000] {logging_mixin.py:190} INFO - Task instance in success state
[2025-01-26T10:03:01.292+0000] {logging_mixin.py:190} INFO -  Previous state of the Task instance: running
[2025-01-26T10:03:01.307+0000] {logging_mixin.py:190} INFO - Dag name:fetch_and_store_ebooks queued_at:2025-01-26 10:00:34.366099+00:00
[2025-01-26T10:03:01.310+0000] {logging_mixin.py:190} INFO - Task hostname:34edd304782d operator:PostgresOperator
[2025-01-26T10:03:01.976+0000] {local_task_job_runner.py:266} INFO - Task exited with return code 0
[2025-01-26T10:03:02.550+0000] {taskinstance.py:3895} INFO - 1 downstream tasks scheduled from follow-on schedule check
[2025-01-26T10:03:02.617+0000] {local_task_job_runner.py:245} INFO - ::endgroup::
