[2025-01-26T10:24:41.367+0000] {local_task_job_runner.py:123} INFO - ::group::Pre task execution logs
[2025-01-26T10:24:41.860+0000] {taskinstance.py:2613} INFO - Dependencies all met for dep_context=non-requeueable deps ti=<TaskInstance: fetch_and_store_ebooks.create_table scheduled__2020-05-08T00:00:00+00:00 [queued]>
[2025-01-26T10:24:42.236+0000] {taskinstance.py:2613} INFO - Dependencies all met for dep_context=requeueable deps ti=<TaskInstance: fetch_and_store_ebooks.create_table scheduled__2020-05-08T00:00:00+00:00 [queued]>
[2025-01-26T10:24:42.299+0000] {taskinstance.py:2866} INFO - Starting attempt 1 of 2
[2025-01-26T10:24:42.693+0000] {taskinstance.py:2889} INFO - Executing <Task(PostgresOperator): create_table> on 2020-05-08 00:00:00+00:00
[2025-01-26T10:24:43.249+0000] {warnings.py:112} WARNING - /home/***/.local/lib/python3.12/site-packages/***/task/task_runner/standard_task_runner.py:70: DeprecationWarning: This process (pid=6777) is multi-threaded, use of fork() may lead to deadlocks in the child.
  pid = os.fork()

[2025-01-26T10:24:43.366+0000] {standard_task_runner.py:72} INFO - Started process 6819 to run task
[2025-01-26T10:24:43.390+0000] {standard_task_runner.py:104} INFO - Running: ['***', 'tasks', 'run', 'fetch_and_store_ebooks', 'create_table', 'scheduled__2020-05-08T00:00:00+00:00', '--job-id', '1533', '--raw', '--subdir', 'DAGS_FOLDER/app.py', '--cfg-path', '/tmp/tmpm8byiz2x']
[2025-01-26T10:24:43.420+0000] {standard_task_runner.py:105} INFO - Job 1533: Subtask create_table
[2025-01-26T10:24:45.390+0000] {task_command.py:467} INFO - Running <TaskInstance: fetch_and_store_ebooks.create_table scheduled__2020-05-08T00:00:00+00:00 [running]> on host 34edd304782d
[2025-01-26T10:24:48.669+0000] {taskinstance.py:3132} INFO - Exporting env vars: AIRFLOW_CTX_DAG_OWNER='***' AIRFLOW_CTX_DAG_ID='fetch_and_store_ebooks' AIRFLOW_CTX_TASK_ID='create_table' AIRFLOW_CTX_EXECUTION_DATE='2020-05-08T00:00:00+00:00' AIRFLOW_CTX_TRY_NUMBER='1' AIRFLOW_CTX_DAG_RUN_ID='scheduled__2020-05-08T00:00:00+00:00'
[2025-01-26T10:24:48.675+0000] {logging_mixin.py:190} INFO - Task instance is in running state
[2025-01-26T10:24:48.694+0000] {logging_mixin.py:190} INFO -  Previous state of the Task instance: queued
[2025-01-26T10:24:48.801+0000] {logging_mixin.py:190} INFO - Current task name:create_table state:running start_date:2025-01-26 10:24:41.875711+00:00
[2025-01-26T10:24:48.817+0000] {logging_mixin.py:190} INFO - Dag name:fetch_and_store_ebooks and current dag run status:running
[2025-01-26T10:24:48.833+0000] {taskinstance.py:731} INFO - ::endgroup::
[2025-01-26T10:24:48.855+0000] {sql.py:278} INFO - Executing: 
    CREATE TABLE IF NOT EXISTS public.ebooks (
        id SERIAL PRIMARY KEY,
        judul TEXT NOT NULL,
        penulis TEXT,
        link TEXT
    );
    
[2025-01-26T10:24:49.203+0000] {base.py:84} INFO - Retrieving connection 'ebooks_connection'
[2025-01-26T10:24:49.327+0000] {base.py:84} INFO - Retrieving connection 'ebooks_connection'
[2025-01-26T10:24:50.083+0000] {sql.py:553} INFO - Running statement: 
    CREATE TABLE IF NOT EXISTS public.ebooks (
        id SERIAL PRIMARY KEY,
        judul TEXT NOT NULL,
        penulis TEXT,
        link TEXT
    );
    , parameters: None
[2025-01-26T10:24:50.248+0000] {taskinstance.py:340} INFO - ::group::Post task execution logs
[2025-01-26T10:24:50.266+0000] {taskinstance.py:352} INFO - Marking task as SUCCESS. dag_id=fetch_and_store_ebooks, task_id=create_table, run_id=scheduled__2020-05-08T00:00:00+00:00, execution_date=20200508T000000, start_date=20250126T102441, end_date=20250126T102450
[2025-01-26T10:24:50.417+0000] {logging_mixin.py:190} INFO - Task instance in success state
[2025-01-26T10:24:50.436+0000] {logging_mixin.py:190} INFO -  Previous state of the Task instance: running
[2025-01-26T10:24:50.452+0000] {logging_mixin.py:190} INFO - Dag name:fetch_and_store_ebooks queued_at:2025-01-26 10:21:51.210014+00:00
[2025-01-26T10:24:50.469+0000] {logging_mixin.py:190} INFO - Task hostname:34edd304782d operator:PostgresOperator
[2025-01-26T10:24:50.784+0000] {local_task_job_runner.py:266} INFO - Task exited with return code 0
[2025-01-26T10:24:51.086+0000] {local_task_job_runner.py:245} INFO - ::endgroup::
