[2025-01-26T09:33:37.219+0000] {local_task_job_runner.py:123} INFO - ::group::Pre task execution logs
[2025-01-26T09:33:37.526+0000] {taskinstance.py:2613} INFO - Dependencies all met for dep_context=non-requeueable deps ti=<TaskInstance: fetch_and_store_ebooks.create_table scheduled__2020-01-06T00:00:00+00:00 [queued]>
[2025-01-26T09:33:37.883+0000] {taskinstance.py:2613} INFO - Dependencies all met for dep_context=requeueable deps ti=<TaskInstance: fetch_and_store_ebooks.create_table scheduled__2020-01-06T00:00:00+00:00 [queued]>
[2025-01-26T09:33:37.901+0000] {taskinstance.py:2866} INFO - Starting attempt 1 of 2
[2025-01-26T09:33:38.658+0000] {taskinstance.py:2889} INFO - Executing <Task(PostgresOperator): create_table> on 2020-01-06 00:00:00+00:00
[2025-01-26T09:33:38.880+0000] {warnings.py:112} WARNING - /home/***/.local/lib/python3.12/site-packages/***/task/task_runner/standard_task_runner.py:70: DeprecationWarning: This process (pid=4746) is multi-threaded, use of fork() may lead to deadlocks in the child.
  pid = os.fork()

[2025-01-26T09:33:38.901+0000] {standard_task_runner.py:72} INFO - Started process 4790 to run task
[2025-01-26T09:33:38.987+0000] {standard_task_runner.py:104} INFO - Running: ['***', 'tasks', 'run', 'fetch_and_store_ebooks', 'create_table', 'scheduled__2020-01-06T00:00:00+00:00', '--job-id', '1144', '--raw', '--subdir', 'DAGS_FOLDER/app.py', '--cfg-path', '/tmp/tmpn6dfgsk2']
[2025-01-26T09:33:39.152+0000] {standard_task_runner.py:105} INFO - Job 1144: Subtask create_table
[2025-01-26T09:33:40.632+0000] {task_command.py:467} INFO - Running <TaskInstance: fetch_and_store_ebooks.create_table scheduled__2020-01-06T00:00:00+00:00 [running]> on host 34edd304782d
[2025-01-26T09:33:44.519+0000] {taskinstance.py:3132} INFO - Exporting env vars: AIRFLOW_CTX_DAG_OWNER='***' AIRFLOW_CTX_DAG_ID='fetch_and_store_ebooks' AIRFLOW_CTX_TASK_ID='create_table' AIRFLOW_CTX_EXECUTION_DATE='2020-01-06T00:00:00+00:00' AIRFLOW_CTX_TRY_NUMBER='1' AIRFLOW_CTX_DAG_RUN_ID='scheduled__2020-01-06T00:00:00+00:00'
[2025-01-26T09:33:44.531+0000] {logging_mixin.py:190} INFO - Task instance is in running state
[2025-01-26T09:33:44.568+0000] {logging_mixin.py:190} INFO -  Previous state of the Task instance: queued
[2025-01-26T09:33:44.570+0000] {logging_mixin.py:190} INFO - Current task name:create_table state:running start_date:2025-01-26 09:33:37.592919+00:00
[2025-01-26T09:33:44.572+0000] {logging_mixin.py:190} INFO - Dag name:fetch_and_store_ebooks and current dag run status:running
[2025-01-26T09:33:44.580+0000] {taskinstance.py:731} INFO - ::endgroup::
[2025-01-26T09:33:44.604+0000] {sql.py:278} INFO - Executing: 
    CREATE TABLE IF NOT EXISTS public.ebooks (
        id SERIAL PRIMARY KEY,
        judul TEXT NOT NULL,
        penulis TEXT,
        link TEXT
    );
    
[2025-01-26T09:33:44.677+0000] {base.py:84} INFO - Retrieving connection 'ebooks_connection'
[2025-01-26T09:33:44.714+0000] {base.py:84} INFO - Retrieving connection 'ebooks_connection'
[2025-01-26T09:33:45.041+0000] {sql.py:553} INFO - Running statement: 
    CREATE TABLE IF NOT EXISTS public.ebooks (
        id SERIAL PRIMARY KEY,
        judul TEXT NOT NULL,
        penulis TEXT,
        link TEXT
    );
    , parameters: None
[2025-01-26T09:33:45.162+0000] {taskinstance.py:340} INFO - ::group::Post task execution logs
[2025-01-26T09:33:45.181+0000] {taskinstance.py:352} INFO - Marking task as SUCCESS. dag_id=fetch_and_store_ebooks, task_id=create_table, run_id=scheduled__2020-01-06T00:00:00+00:00, execution_date=20200106T000000, start_date=20250126T093337, end_date=20250126T093345
[2025-01-26T09:33:45.272+0000] {logging_mixin.py:190} INFO - Task instance in success state
[2025-01-26T09:33:45.309+0000] {logging_mixin.py:190} INFO -  Previous state of the Task instance: running
[2025-01-26T09:33:45.316+0000] {logging_mixin.py:190} INFO - Dag name:fetch_and_store_ebooks queued_at:2025-01-26 09:31:54.964524+00:00
[2025-01-26T09:33:45.348+0000] {logging_mixin.py:190} INFO - Task hostname:34edd304782d operator:PostgresOperator
[2025-01-26T09:33:45.469+0000] {local_task_job_runner.py:266} INFO - Task exited with return code 0
[2025-01-26T09:33:45.519+0000] {local_task_job_runner.py:245} INFO - ::endgroup::
