[2025-01-26T08:41:23.654+0000] {local_task_job_runner.py:123} INFO - ::group::Pre task execution logs
[2025-01-26T08:41:23.980+0000] {taskinstance.py:2613} INFO - Dependencies all met for dep_context=non-requeueable deps ti=<TaskInstance: fetch_and_store_ebooks.fetch_ebook_data manual__2025-01-26T07:46:56.726335+00:00 [queued]>
[2025-01-26T08:41:24.101+0000] {taskinstance.py:2613} INFO - Dependencies all met for dep_context=requeueable deps ti=<TaskInstance: fetch_and_store_ebooks.fetch_ebook_data manual__2025-01-26T07:46:56.726335+00:00 [queued]>
[2025-01-26T08:41:24.116+0000] {taskinstance.py:2866} INFO - Starting attempt 2 of 3
[2025-01-26T08:41:24.974+0000] {taskinstance.py:2889} INFO - Executing <Task(PythonOperator): fetch_ebook_data> on 2025-01-26 07:46:56.726335+00:00
[2025-01-26T08:41:24.997+0000] {warnings.py:112} WARNING - /home/***/.local/lib/python3.12/site-packages/***/task/task_runner/standard_task_runner.py:70: DeprecationWarning: This process (pid=2963) is multi-threaded, use of fork() may lead to deadlocks in the child.
  pid = os.fork()

[2025-01-26T08:41:25.011+0000] {standard_task_runner.py:72} INFO - Started process 3001 to run task
[2025-01-26T08:41:25.101+0000] {standard_task_runner.py:104} INFO - Running: ['***', 'tasks', 'run', 'fetch_and_store_ebooks', 'fetch_ebook_data', 'manual__2025-01-26T07:46:56.726335+00:00', '--job-id', '845', '--raw', '--subdir', 'DAGS_FOLDER/app.py', '--cfg-path', '/tmp/tmpm5psj27d']
[2025-01-26T08:41:25.129+0000] {standard_task_runner.py:105} INFO - Job 845: Subtask fetch_ebook_data
[2025-01-26T08:41:25.517+0000] {task_command.py:467} INFO - Running <TaskInstance: fetch_and_store_ebooks.fetch_ebook_data manual__2025-01-26T07:46:56.726335+00:00 [running]> on host 34edd304782d
[2025-01-26T08:41:26.281+0000] {taskinstance.py:3132} INFO - Exporting env vars: AIRFLOW_CTX_DAG_OWNER='***' AIRFLOW_CTX_DAG_ID='fetch_and_store_ebooks' AIRFLOW_CTX_TASK_ID='fetch_ebook_data' AIRFLOW_CTX_EXECUTION_DATE='2025-01-26T07:46:56.726335+00:00' AIRFLOW_CTX_TRY_NUMBER='2' AIRFLOW_CTX_DAG_RUN_ID='manual__2025-01-26T07:46:56.726335+00:00'
[2025-01-26T08:41:26.301+0000] {logging_mixin.py:190} INFO - Task instance is in running state
[2025-01-26T08:41:26.319+0000] {logging_mixin.py:190} INFO -  Previous state of the Task instance: queued
[2025-01-26T08:41:26.321+0000] {logging_mixin.py:190} INFO - Current task name:fetch_ebook_data state:running start_date:2025-01-26 08:41:23.995049+00:00
[2025-01-26T08:41:26.322+0000] {logging_mixin.py:190} INFO - Dag name:fetch_and_store_ebooks and current dag run status:running
[2025-01-26T08:41:26.327+0000] {taskinstance.py:731} INFO - ::endgroup::
[2025-01-26T08:41:35.691+0000] {python.py:240} INFO - Done. Returned value was: None
[2025-01-26T08:41:35.811+0000] {taskinstance.py:340} INFO - ::group::Post task execution logs
[2025-01-26T08:41:35.822+0000] {taskinstance.py:352} INFO - Marking task as SUCCESS. dag_id=fetch_and_store_ebooks, task_id=fetch_ebook_data, run_id=manual__2025-01-26T07:46:56.726335+00:00, execution_date=20250126T074656, start_date=20250126T084123, end_date=20250126T084135
[2025-01-26T08:41:35.990+0000] {logging_mixin.py:190} INFO - Task instance in success state
[2025-01-26T08:41:35.996+0000] {logging_mixin.py:190} INFO -  Previous state of the Task instance: running
[2025-01-26T08:41:35.998+0000] {logging_mixin.py:190} INFO - Dag name:fetch_and_store_ebooks queued_at:2025-01-26 08:32:12.137000+00:00
[2025-01-26T08:41:36.009+0000] {logging_mixin.py:190} INFO - Task hostname:34edd304782d operator:PythonOperator
[2025-01-26T08:41:36.160+0000] {local_task_job_runner.py:266} INFO - Task exited with return code 0
[2025-01-26T08:41:36.397+0000] {taskinstance.py:3895} INFO - 1 downstream tasks scheduled from follow-on schedule check
[2025-01-26T08:41:36.474+0000] {local_task_job_runner.py:245} INFO - ::endgroup::
