[2025-01-25T16:07:13.883+0000] {local_task_job_runner.py:123} INFO - ::group::Pre task execution logs
[2025-01-25T16:07:14.071+0000] {taskinstance.py:2613} INFO - Dependencies all met for dep_context=non-requeueable deps ti=<TaskInstance: fetch_and_store_ebooks.fetch_ebook_data scheduled__2025-01-09T00:00:00+00:00 [queued]>
[2025-01-25T16:07:14.163+0000] {taskinstance.py:2613} INFO - Dependencies all met for dep_context=requeueable deps ti=<TaskInstance: fetch_and_store_ebooks.fetch_ebook_data scheduled__2025-01-09T00:00:00+00:00 [queued]>
[2025-01-25T16:07:14.166+0000] {taskinstance.py:2866} INFO - Starting attempt 1 of 2
[2025-01-25T16:07:14.255+0000] {taskinstance.py:2889} INFO - Executing <Task(PythonOperator): fetch_ebook_data> on 2025-01-09 00:00:00+00:00
[2025-01-25T16:07:14.279+0000] {warnings.py:112} WARNING - /home/***/.local/lib/python3.12/site-packages/***/task/task_runner/standard_task_runner.py:70: DeprecationWarning: This process (pid=2945) is multi-threaded, use of fork() may lead to deadlocks in the child.
  pid = os.fork()

[2025-01-25T16:07:14.284+0000] {standard_task_runner.py:72} INFO - Started process 2959 to run task
[2025-01-25T16:07:14.290+0000] {standard_task_runner.py:104} INFO - Running: ['***', 'tasks', 'run', 'fetch_and_store_ebooks', 'fetch_ebook_data', 'scheduled__2025-01-09T00:00:00+00:00', '--job-id', '401', '--raw', '--subdir', 'DAGS_FOLDER/app.py', '--cfg-path', '/tmp/tmppyt25hr8']
[2025-01-25T16:07:14.314+0000] {standard_task_runner.py:105} INFO - Job 401: Subtask fetch_ebook_data
[2025-01-25T16:07:15.762+0000] {task_command.py:467} INFO - Running <TaskInstance: fetch_and_store_ebooks.fetch_ebook_data scheduled__2025-01-09T00:00:00+00:00 [running]> on host 50ab235b552a
[2025-01-25T16:07:16.367+0000] {taskinstance.py:3132} INFO - Exporting env vars: AIRFLOW_CTX_DAG_OWNER='***' AIRFLOW_CTX_DAG_ID='fetch_and_store_ebooks' AIRFLOW_CTX_TASK_ID='fetch_ebook_data' AIRFLOW_CTX_EXECUTION_DATE='2025-01-09T00:00:00+00:00' AIRFLOW_CTX_TRY_NUMBER='1' AIRFLOW_CTX_DAG_RUN_ID='scheduled__2025-01-09T00:00:00+00:00'
[2025-01-25T16:07:16.375+0000] {logging_mixin.py:190} INFO - Task instance is in running state
[2025-01-25T16:07:16.378+0000] {logging_mixin.py:190} INFO -  Previous state of the Task instance: queued
[2025-01-25T16:07:16.380+0000] {logging_mixin.py:190} INFO - Current task name:fetch_ebook_data state:running start_date:2025-01-25 16:07:14.074327+00:00
[2025-01-25T16:07:16.385+0000] {logging_mixin.py:190} INFO - Dag name:fetch_and_store_ebooks and current dag run status:running
[2025-01-25T16:07:16.397+0000] {taskinstance.py:731} INFO - ::endgroup::
[2025-01-25T16:07:24.315+0000] {taskinstance.py:3311} ERROR - Task failed with exception
Traceback (most recent call last):
  File "/home/airflow/.local/lib/python3.12/site-packages/airflow/models/taskinstance.py", line 767, in _execute_task
    result = _execute_callable(context=context, **execute_callable_kwargs)
             ^^^^^^^^^^^^^^^^^^^^^^^^^^^^^^^^^^^^^^^^^^^^^^^^^^^^^^^^^^^^^
  File "/home/airflow/.local/lib/python3.12/site-packages/airflow/models/taskinstance.py", line 733, in _execute_callable
    return ExecutionCallableRunner(
           ^^^^^^^^^^^^^^^^^^^^^^^^
  File "/home/airflow/.local/lib/python3.12/site-packages/airflow/utils/operator_helpers.py", line 252, in run
    return self.func(*args, **kwargs)
           ^^^^^^^^^^^^^^^^^^^^^^^^^^
  File "/home/airflow/.local/lib/python3.12/site-packages/airflow/models/baseoperator.py", line 422, in wrapper
    return func(self, *args, **kwargs)
           ^^^^^^^^^^^^^^^^^^^^^^^^^^^
  File "/home/airflow/.local/lib/python3.12/site-packages/airflow/operators/python.py", line 238, in execute
    return_value = self.execute_callable()
                   ^^^^^^^^^^^^^^^^^^^^^^^
  File "/home/airflow/.local/lib/python3.12/site-packages/airflow/operators/python.py", line 256, in execute_callable
    return runner.run(*self.op_args, **self.op_kwargs)
           ^^^^^^^^^^^^^^^^^^^^^^^^^^^^^^^^^^^^^^^^^^^
  File "/home/airflow/.local/lib/python3.12/site-packages/airflow/utils/operator_helpers.py", line 252, in run
    return self.func(*args, **kwargs)
           ^^^^^^^^^^^^^^^^^^^^^^^^^^
  File "/opt/airflow/dags/app.py", line 42, in get_ebook_data
    df.drop_duplicates(subset="Title", inplace=True)
  File "/home/airflow/.local/lib/python3.12/site-packages/pandas/core/frame.py", line 6566, in drop_duplicates
    result = self[-self.duplicated(subset, keep=keep)]
                   ^^^^^^^^^^^^^^^^^^^^^^^^^^^^^^^^^^
  File "/home/airflow/.local/lib/python3.12/site-packages/pandas/core/frame.py", line 6698, in duplicated
    raise KeyError(Index(diff))
KeyError: Index(['Title'], dtype='object')
[2025-01-25T16:07:24.400+0000] {logging_mixin.py:190} INFO - Task instance in failure state
[2025-01-25T16:07:24.402+0000] {logging_mixin.py:190} INFO - Task start:2025-01-25 16:07:14.074327+00:00 end:2025-01-25 16:07:24.399686+00:00 duration:10.325359
[2025-01-25T16:07:24.405+0000] {logging_mixin.py:190} INFO - Task:<Task(PythonOperator): fetch_ebook_data> dag:<DAG: fetch_and_store_ebooks> dagrun:<DagRun fetch_and_store_ebooks @ 2025-01-09 00:00:00+00:00: scheduled__2025-01-09T00:00:00+00:00, state:running, queued_at: 2025-01-25 16:06:59.549479+00:00. externally triggered: False>
[2025-01-25T16:07:24.407+0000] {logging_mixin.py:190} INFO - Failure caused by Index(['Title'], dtype='object')
[2025-01-25T16:07:24.409+0000] {taskinstance.py:1225} INFO - Marking task as UP_FOR_RETRY. dag_id=fetch_and_store_ebooks, task_id=fetch_ebook_data, run_id=scheduled__2025-01-09T00:00:00+00:00, execution_date=20250109T000000, start_date=20250125T160714, end_date=20250125T160724
[2025-01-25T16:07:24.740+0000] {taskinstance.py:340} INFO - ::group::Post task execution logs
[2025-01-25T16:07:24.742+0000] {standard_task_runner.py:124} ERROR - Failed to execute job 401 for task fetch_ebook_data (Index(['Title'], dtype='object'); 2959)
Traceback (most recent call last):
  File "/home/airflow/.local/lib/python3.12/site-packages/airflow/task/task_runner/standard_task_runner.py", line 117, in _start_by_fork
    ret = args.func(args, dag=self.dag)
          ^^^^^^^^^^^^^^^^^^^^^^^^^^^^^
  File "/home/airflow/.local/lib/python3.12/site-packages/airflow/cli/cli_config.py", line 49, in command
    return func(*args, **kwargs)
           ^^^^^^^^^^^^^^^^^^^^^
  File "/home/airflow/.local/lib/python3.12/site-packages/airflow/utils/cli.py", line 116, in wrapper
    return f(*args, **kwargs)
           ^^^^^^^^^^^^^^^^^^
  File "/home/airflow/.local/lib/python3.12/site-packages/airflow/cli/commands/task_command.py", line 483, in task_run
    task_return_code = _run_task_by_selected_method(args, _dag, ti)
                       ^^^^^^^^^^^^^^^^^^^^^^^^^^^^^^^^^^^^^^^^^^^^
  File "/home/airflow/.local/lib/python3.12/site-packages/airflow/cli/commands/task_command.py", line 256, in _run_task_by_selected_method
    return _run_raw_task(args, ti)
           ^^^^^^^^^^^^^^^^^^^^^^^
  File "/home/airflow/.local/lib/python3.12/site-packages/airflow/cli/commands/task_command.py", line 341, in _run_raw_task
    return ti._run_raw_task(
           ^^^^^^^^^^^^^^^^^
  File "/home/airflow/.local/lib/python3.12/site-packages/airflow/utils/session.py", line 97, in wrapper
    return func(*args, session=session, **kwargs)
           ^^^^^^^^^^^^^^^^^^^^^^^^^^^^^^^^^^^^^^
  File "/home/airflow/.local/lib/python3.12/site-packages/airflow/models/taskinstance.py", line 3005, in _run_raw_task
    return _run_raw_task(
           ^^^^^^^^^^^^^^
  File "/home/airflow/.local/lib/python3.12/site-packages/airflow/models/taskinstance.py", line 273, in _run_raw_task
    TaskInstance._execute_task_with_callbacks(
  File "/home/airflow/.local/lib/python3.12/site-packages/airflow/models/taskinstance.py", line 3159, in _execute_task_with_callbacks
    result = self._execute_task(context, task_orig)
             ^^^^^^^^^^^^^^^^^^^^^^^^^^^^^^^^^^^^^^
  File "/home/airflow/.local/lib/python3.12/site-packages/airflow/models/taskinstance.py", line 3183, in _execute_task
    return _execute_task(self, context, task_orig)
           ^^^^^^^^^^^^^^^^^^^^^^^^^^^^^^^^^^^^^^^
  File "/home/airflow/.local/lib/python3.12/site-packages/airflow/models/taskinstance.py", line 767, in _execute_task
    result = _execute_callable(context=context, **execute_callable_kwargs)
             ^^^^^^^^^^^^^^^^^^^^^^^^^^^^^^^^^^^^^^^^^^^^^^^^^^^^^^^^^^^^^
  File "/home/airflow/.local/lib/python3.12/site-packages/airflow/models/taskinstance.py", line 733, in _execute_callable
    return ExecutionCallableRunner(
           ^^^^^^^^^^^^^^^^^^^^^^^^
  File "/home/airflow/.local/lib/python3.12/site-packages/airflow/utils/operator_helpers.py", line 252, in run
    return self.func(*args, **kwargs)
           ^^^^^^^^^^^^^^^^^^^^^^^^^^
  File "/home/airflow/.local/lib/python3.12/site-packages/airflow/models/baseoperator.py", line 422, in wrapper
    return func(self, *args, **kwargs)
           ^^^^^^^^^^^^^^^^^^^^^^^^^^^
  File "/home/airflow/.local/lib/python3.12/site-packages/airflow/operators/python.py", line 238, in execute
    return_value = self.execute_callable()
                   ^^^^^^^^^^^^^^^^^^^^^^^
  File "/home/airflow/.local/lib/python3.12/site-packages/airflow/operators/python.py", line 256, in execute_callable
    return runner.run(*self.op_args, **self.op_kwargs)
           ^^^^^^^^^^^^^^^^^^^^^^^^^^^^^^^^^^^^^^^^^^^
  File "/home/airflow/.local/lib/python3.12/site-packages/airflow/utils/operator_helpers.py", line 252, in run
    return self.func(*args, **kwargs)
           ^^^^^^^^^^^^^^^^^^^^^^^^^^
  File "/opt/airflow/dags/app.py", line 42, in get_ebook_data
    df.drop_duplicates(subset="Title", inplace=True)
  File "/home/airflow/.local/lib/python3.12/site-packages/pandas/core/frame.py", line 6566, in drop_duplicates
    result = self[-self.duplicated(subset, keep=keep)]
                   ^^^^^^^^^^^^^^^^^^^^^^^^^^^^^^^^^^
  File "/home/airflow/.local/lib/python3.12/site-packages/pandas/core/frame.py", line 6698, in duplicated
    raise KeyError(Index(diff))
KeyError: Index(['Title'], dtype='object')
[2025-01-25T16:07:25.174+0000] {local_task_job_runner.py:266} INFO - Task exited with return code 1
[2025-01-25T16:07:25.265+0000] {taskinstance.py:3895} INFO - 0 downstream tasks scheduled from follow-on schedule check
[2025-01-25T16:07:25.270+0000] {local_task_job_runner.py:245} INFO - ::endgroup::
[2025-01-25T17:02:45.008+0000] {local_task_job_runner.py:123} INFO - ::group::Pre task execution logs
[2025-01-25T17:02:45.441+0000] {taskinstance.py:2613} INFO - Dependencies all met for dep_context=non-requeueable deps ti=<TaskInstance: fetch_and_store_ebooks.fetch_ebook_data scheduled__2025-01-09T00:00:00+00:00 [queued]>
[2025-01-25T17:02:45.687+0000] {taskinstance.py:2613} INFO - Dependencies all met for dep_context=requeueable deps ti=<TaskInstance: fetch_and_store_ebooks.fetch_ebook_data scheduled__2025-01-09T00:00:00+00:00 [queued]>
[2025-01-25T17:02:45.691+0000] {taskinstance.py:2866} INFO - Starting attempt 1 of 2
[2025-01-25T17:02:46.065+0000] {taskinstance.py:2889} INFO - Executing <Task(PythonOperator): fetch_ebook_data> on 2025-01-09 00:00:00+00:00
[2025-01-25T17:02:46.152+0000] {warnings.py:112} WARNING - /home/***/.local/lib/python3.12/site-packages/***/task/task_runner/standard_task_runner.py:70: DeprecationWarning: This process (pid=3707) is multi-threaded, use of fork() may lead to deadlocks in the child.
  pid = os.fork()

[2025-01-25T17:02:46.281+0000] {standard_task_runner.py:72} INFO - Started process 3746 to run task
[2025-01-25T17:02:46.371+0000] {standard_task_runner.py:104} INFO - Running: ['***', 'tasks', 'run', 'fetch_and_store_ebooks', 'fetch_ebook_data', 'scheduled__2025-01-09T00:00:00+00:00', '--job-id', '449', '--raw', '--subdir', 'DAGS_FOLDER/app.py', '--cfg-path', '/tmp/tmpxjwwnwlq']
[2025-01-25T17:02:46.408+0000] {standard_task_runner.py:105} INFO - Job 449: Subtask fetch_ebook_data
[2025-01-25T17:02:51.926+0000] {task_command.py:467} INFO - Running <TaskInstance: fetch_and_store_ebooks.fetch_ebook_data scheduled__2025-01-09T00:00:00+00:00 [running]> on host 50ab235b552a
[2025-01-25T17:02:53.376+0000] {taskinstance.py:3132} INFO - Exporting env vars: AIRFLOW_CTX_DAG_OWNER='***' AIRFLOW_CTX_DAG_ID='fetch_and_store_ebooks' AIRFLOW_CTX_TASK_ID='fetch_ebook_data' AIRFLOW_CTX_EXECUTION_DATE='2025-01-09T00:00:00+00:00' AIRFLOW_CTX_TRY_NUMBER='1' AIRFLOW_CTX_DAG_RUN_ID='scheduled__2025-01-09T00:00:00+00:00'
[2025-01-25T17:02:53.390+0000] {logging_mixin.py:190} INFO - Task instance is in running state
[2025-01-25T17:02:53.392+0000] {logging_mixin.py:190} INFO -  Previous state of the Task instance: queued
[2025-01-25T17:02:53.395+0000] {logging_mixin.py:190} INFO - Current task name:fetch_ebook_data state:running start_date:2025-01-25 17:02:45.458745+00:00
[2025-01-25T17:02:53.398+0000] {logging_mixin.py:190} INFO - Dag name:fetch_and_store_ebooks and current dag run status:running
[2025-01-25T17:02:53.404+0000] {taskinstance.py:731} INFO - ::endgroup::
[2025-01-25T17:03:13.142+0000] {python.py:240} INFO - Done. Returned value was: None
[2025-01-25T17:03:13.254+0000] {taskinstance.py:340} INFO - ::group::Post task execution logs
[2025-01-25T17:03:13.260+0000] {taskinstance.py:352} INFO - Marking task as SUCCESS. dag_id=fetch_and_store_ebooks, task_id=fetch_ebook_data, run_id=scheduled__2025-01-09T00:00:00+00:00, execution_date=20250109T000000, start_date=20250125T170245, end_date=20250125T170313
[2025-01-25T17:03:13.349+0000] {logging_mixin.py:190} INFO - Task instance in success state
[2025-01-25T17:03:13.352+0000] {logging_mixin.py:190} INFO -  Previous state of the Task instance: running
[2025-01-25T17:03:13.358+0000] {logging_mixin.py:190} INFO - Dag name:fetch_and_store_ebooks queued_at:2025-01-25 17:02:04.660460+00:00
[2025-01-25T17:03:13.361+0000] {logging_mixin.py:190} INFO - Task hostname:50ab235b552a operator:PythonOperator
[2025-01-25T17:03:13.458+0000] {local_task_job_runner.py:266} INFO - Task exited with return code 0
[2025-01-25T17:03:13.639+0000] {taskinstance.py:3895} INFO - 1 downstream tasks scheduled from follow-on schedule check
[2025-01-25T17:03:13.659+0000] {local_task_job_runner.py:245} INFO - ::endgroup::
[2025-01-26T06:34:11.714+0000] {local_task_job_runner.py:123} INFO - ::group::Pre task execution logs
[2025-01-26T06:34:11.976+0000] {taskinstance.py:2613} INFO - Dependencies all met for dep_context=non-requeueable deps ti=<TaskInstance: fetch_and_store_ebooks.fetch_ebook_data scheduled__2025-01-09T00:00:00+00:00 [queued]>
[2025-01-26T06:34:12.422+0000] {taskinstance.py:2613} INFO - Dependencies all met for dep_context=requeueable deps ti=<TaskInstance: fetch_and_store_ebooks.fetch_ebook_data scheduled__2025-01-09T00:00:00+00:00 [queued]>
[2025-01-26T06:34:12.427+0000] {taskinstance.py:2866} INFO - Starting attempt 1 of 2
[2025-01-26T06:34:14.079+0000] {taskinstance.py:2889} INFO - Executing <Task(PythonOperator): fetch_ebook_data> on 2025-01-09 00:00:00+00:00
[2025-01-26T06:34:14.195+0000] {warnings.py:112} WARNING - /home/***/.local/lib/python3.12/site-packages/***/task/task_runner/standard_task_runner.py:70: DeprecationWarning: This process (pid=384) is multi-threaded, use of fork() may lead to deadlocks in the child.
  pid = os.fork()

[2025-01-26T06:34:14.278+0000] {standard_task_runner.py:72} INFO - Started process 423 to run task
[2025-01-26T06:34:14.289+0000] {standard_task_runner.py:104} INFO - Running: ['***', 'tasks', 'run', 'fetch_and_store_ebooks', 'fetch_ebook_data', 'scheduled__2025-01-09T00:00:00+00:00', '--job-id', '541', '--raw', '--subdir', 'DAGS_FOLDER/app.py', '--cfg-path', '/tmp/tmpc33jb2qv']
[2025-01-26T06:34:14.319+0000] {standard_task_runner.py:105} INFO - Job 541: Subtask fetch_ebook_data
[2025-01-26T06:34:15.076+0000] {task_command.py:467} INFO - Running <TaskInstance: fetch_and_store_ebooks.fetch_ebook_data scheduled__2025-01-09T00:00:00+00:00 [running]> on host 34edd304782d
[2025-01-26T06:34:16.420+0000] {taskinstance.py:3132} INFO - Exporting env vars: AIRFLOW_CTX_DAG_OWNER='***' AIRFLOW_CTX_DAG_ID='fetch_and_store_ebooks' AIRFLOW_CTX_TASK_ID='fetch_ebook_data' AIRFLOW_CTX_EXECUTION_DATE='2025-01-09T00:00:00+00:00' AIRFLOW_CTX_TRY_NUMBER='1' AIRFLOW_CTX_DAG_RUN_ID='scheduled__2025-01-09T00:00:00+00:00'
[2025-01-26T06:34:16.429+0000] {logging_mixin.py:190} INFO - Task instance is in running state
[2025-01-26T06:34:16.431+0000] {logging_mixin.py:190} INFO -  Previous state of the Task instance: queued
[2025-01-26T06:34:16.435+0000] {logging_mixin.py:190} INFO - Current task name:fetch_ebook_data state:running start_date:2025-01-26 06:34:12.005210+00:00
[2025-01-26T06:34:16.440+0000] {logging_mixin.py:190} INFO - Dag name:fetch_and_store_ebooks and current dag run status:running
[2025-01-26T06:34:16.448+0000] {taskinstance.py:731} INFO - ::endgroup::
[2025-01-26T06:34:29.249+0000] {python.py:240} INFO - Done. Returned value was: None
[2025-01-26T06:34:29.320+0000] {taskinstance.py:340} INFO - ::group::Post task execution logs
[2025-01-26T06:34:29.333+0000] {taskinstance.py:352} INFO - Marking task as SUCCESS. dag_id=fetch_and_store_ebooks, task_id=fetch_ebook_data, run_id=scheduled__2025-01-09T00:00:00+00:00, execution_date=20250109T000000, start_date=20250126T063412, end_date=20250126T063429
[2025-01-26T06:34:29.449+0000] {logging_mixin.py:190} INFO - Task instance in success state
[2025-01-26T06:34:29.458+0000] {logging_mixin.py:190} INFO -  Previous state of the Task instance: running
[2025-01-26T06:34:29.460+0000] {logging_mixin.py:190} INFO - Dag name:fetch_and_store_ebooks queued_at:2025-01-26 06:33:32.964523+00:00
[2025-01-26T06:34:29.461+0000] {logging_mixin.py:190} INFO - Task hostname:34edd304782d operator:PythonOperator
[2025-01-26T06:34:29.589+0000] {local_task_job_runner.py:266} INFO - Task exited with return code 0
[2025-01-26T06:34:29.729+0000] {local_task_job_runner.py:245} INFO - ::endgroup::
[2025-01-26T07:22:06.621+0000] {local_task_job_runner.py:123} INFO - ::group::Pre task execution logs
[2025-01-26T07:22:06.754+0000] {taskinstance.py:2613} INFO - Dependencies all met for dep_context=non-requeueable deps ti=<TaskInstance: fetch_and_store_ebooks.fetch_ebook_data scheduled__2025-01-09T00:00:00+00:00 [queued]>
[2025-01-26T07:22:06.836+0000] {taskinstance.py:2613} INFO - Dependencies all met for dep_context=requeueable deps ti=<TaskInstance: fetch_and_store_ebooks.fetch_ebook_data scheduled__2025-01-09T00:00:00+00:00 [queued]>
[2025-01-26T07:22:06.858+0000] {taskinstance.py:2866} INFO - Starting attempt 1 of 2
[2025-01-26T07:22:07.939+0000] {taskinstance.py:2889} INFO - Executing <Task(PythonOperator): fetch_ebook_data> on 2025-01-09 00:00:00+00:00
[2025-01-26T07:22:08.067+0000] {warnings.py:112} WARNING - /home/***/.local/lib/python3.12/site-packages/***/task/task_runner/standard_task_runner.py:70: DeprecationWarning: This process (pid=1220) is multi-threaded, use of fork() may lead to deadlocks in the child.
  pid = os.fork()

[2025-01-26T07:22:08.081+0000] {standard_task_runner.py:72} INFO - Started process 1265 to run task
[2025-01-26T07:22:08.106+0000] {standard_task_runner.py:104} INFO - Running: ['***', 'tasks', 'run', 'fetch_and_store_ebooks', 'fetch_ebook_data', 'scheduled__2025-01-09T00:00:00+00:00', '--job-id', '626', '--raw', '--subdir', 'DAGS_FOLDER/app.py', '--cfg-path', '/tmp/tmpyzifeeio']
[2025-01-26T07:22:08.112+0000] {standard_task_runner.py:105} INFO - Job 626: Subtask fetch_ebook_data
[2025-01-26T07:22:09.121+0000] {task_command.py:467} INFO - Running <TaskInstance: fetch_and_store_ebooks.fetch_ebook_data scheduled__2025-01-09T00:00:00+00:00 [running]> on host 34edd304782d
[2025-01-26T07:22:10.059+0000] {taskinstance.py:3132} INFO - Exporting env vars: AIRFLOW_CTX_DAG_OWNER='***' AIRFLOW_CTX_DAG_ID='fetch_and_store_ebooks' AIRFLOW_CTX_TASK_ID='fetch_ebook_data' AIRFLOW_CTX_EXECUTION_DATE='2025-01-09T00:00:00+00:00' AIRFLOW_CTX_TRY_NUMBER='1' AIRFLOW_CTX_DAG_RUN_ID='scheduled__2025-01-09T00:00:00+00:00'
[2025-01-26T07:22:10.073+0000] {logging_mixin.py:190} INFO - Task instance is in running state
[2025-01-26T07:22:10.075+0000] {logging_mixin.py:190} INFO -  Previous state of the Task instance: queued
[2025-01-26T07:22:10.082+0000] {logging_mixin.py:190} INFO - Current task name:fetch_ebook_data state:running start_date:2025-01-26 07:22:06.756829+00:00
[2025-01-26T07:22:10.084+0000] {logging_mixin.py:190} INFO - Dag name:fetch_and_store_ebooks and current dag run status:running
[2025-01-26T07:22:10.086+0000] {taskinstance.py:731} INFO - ::endgroup::
[2025-01-26T07:22:18.197+0000] {python.py:240} INFO - Done. Returned value was: None
[2025-01-26T07:22:18.275+0000] {taskinstance.py:340} INFO - ::group::Post task execution logs
[2025-01-26T07:22:18.283+0000] {taskinstance.py:352} INFO - Marking task as SUCCESS. dag_id=fetch_and_store_ebooks, task_id=fetch_ebook_data, run_id=scheduled__2025-01-09T00:00:00+00:00, execution_date=20250109T000000, start_date=20250126T072206, end_date=20250126T072218
[2025-01-26T07:22:18.745+0000] {logging_mixin.py:190} INFO - Task instance in success state
[2025-01-26T07:22:18.762+0000] {logging_mixin.py:190} INFO -  Previous state of the Task instance: running
[2025-01-26T07:22:18.765+0000] {logging_mixin.py:190} INFO - Dag name:fetch_and_store_ebooks queued_at:2025-01-26 07:21:33.356898+00:00
[2025-01-26T07:22:18.770+0000] {logging_mixin.py:190} INFO - Task hostname:34edd304782d operator:PythonOperator
[2025-01-26T07:22:19.012+0000] {local_task_job_runner.py:266} INFO - Task exited with return code 0
[2025-01-26T07:22:19.774+0000] {taskinstance.py:3895} INFO - 1 downstream tasks scheduled from follow-on schedule check
[2025-01-26T07:22:19.804+0000] {local_task_job_runner.py:245} INFO - ::endgroup::
[2025-01-26T07:47:30.477+0000] {local_task_job_runner.py:123} INFO - ::group::Pre task execution logs
[2025-01-26T07:47:30.653+0000] {taskinstance.py:2613} INFO - Dependencies all met for dep_context=non-requeueable deps ti=<TaskInstance: fetch_and_store_ebooks.fetch_ebook_data scheduled__2025-01-09T00:00:00+00:00 [queued]>
[2025-01-26T07:47:30.821+0000] {taskinstance.py:2613} INFO - Dependencies all met for dep_context=requeueable deps ti=<TaskInstance: fetch_and_store_ebooks.fetch_ebook_data scheduled__2025-01-09T00:00:00+00:00 [queued]>
[2025-01-26T07:47:30.836+0000] {taskinstance.py:2866} INFO - Starting attempt 1 of 2
[2025-01-26T07:47:31.001+0000] {taskinstance.py:2889} INFO - Executing <Task(PythonOperator): fetch_ebook_data> on 2025-01-09 00:00:00+00:00
[2025-01-26T07:47:31.068+0000] {warnings.py:112} WARNING - /home/***/.local/lib/python3.12/site-packages/***/task/task_runner/standard_task_runner.py:70: DeprecationWarning: This process (pid=1893) is multi-threaded, use of fork() may lead to deadlocks in the child.
  pid = os.fork()

[2025-01-26T07:47:31.099+0000] {standard_task_runner.py:72} INFO - Started process 1932 to run task
[2025-01-26T07:47:31.104+0000] {standard_task_runner.py:104} INFO - Running: ['***', 'tasks', 'run', 'fetch_and_store_ebooks', 'fetch_ebook_data', 'scheduled__2025-01-09T00:00:00+00:00', '--job-id', '719', '--raw', '--subdir', 'DAGS_FOLDER/app.py', '--cfg-path', '/tmp/tmp9n6x73wl']
[2025-01-26T07:47:31.127+0000] {standard_task_runner.py:105} INFO - Job 719: Subtask fetch_ebook_data
[2025-01-26T07:47:31.495+0000] {task_command.py:467} INFO - Running <TaskInstance: fetch_and_store_ebooks.fetch_ebook_data scheduled__2025-01-09T00:00:00+00:00 [running]> on host 34edd304782d
[2025-01-26T07:47:32.563+0000] {taskinstance.py:3132} INFO - Exporting env vars: AIRFLOW_CTX_DAG_OWNER='***' AIRFLOW_CTX_DAG_ID='fetch_and_store_ebooks' AIRFLOW_CTX_TASK_ID='fetch_ebook_data' AIRFLOW_CTX_EXECUTION_DATE='2025-01-09T00:00:00+00:00' AIRFLOW_CTX_TRY_NUMBER='1' AIRFLOW_CTX_DAG_RUN_ID='scheduled__2025-01-09T00:00:00+00:00'
[2025-01-26T07:47:32.603+0000] {logging_mixin.py:190} INFO - Task instance is in running state
[2025-01-26T07:47:32.674+0000] {logging_mixin.py:190} INFO -  Previous state of the Task instance: queued
[2025-01-26T07:47:32.676+0000] {logging_mixin.py:190} INFO - Current task name:fetch_ebook_data state:running start_date:2025-01-26 07:47:30.656989+00:00
[2025-01-26T07:47:32.690+0000] {logging_mixin.py:190} INFO - Dag name:fetch_and_store_ebooks and current dag run status:running
[2025-01-26T07:47:32.705+0000] {taskinstance.py:731} INFO - ::endgroup::
[2025-01-26T07:47:41.494+0000] {python.py:240} INFO - Done. Returned value was: None
[2025-01-26T07:47:41.539+0000] {taskinstance.py:340} INFO - ::group::Post task execution logs
[2025-01-26T07:47:41.542+0000] {taskinstance.py:352} INFO - Marking task as SUCCESS. dag_id=fetch_and_store_ebooks, task_id=fetch_ebook_data, run_id=scheduled__2025-01-09T00:00:00+00:00, execution_date=20250109T000000, start_date=20250126T074730, end_date=20250126T074741
[2025-01-26T07:47:41.865+0000] {logging_mixin.py:190} INFO - Task instance in success state
[2025-01-26T07:47:41.872+0000] {logging_mixin.py:190} INFO -  Previous state of the Task instance: running
[2025-01-26T07:47:41.874+0000] {logging_mixin.py:190} INFO - Dag name:fetch_and_store_ebooks queued_at:2025-01-26 07:46:54.115918+00:00
[2025-01-26T07:47:41.889+0000] {logging_mixin.py:190} INFO - Task hostname:34edd304782d operator:PythonOperator
[2025-01-26T07:47:42.018+0000] {local_task_job_runner.py:266} INFO - Task exited with return code 0
[2025-01-26T07:47:42.285+0000] {taskinstance.py:3895} INFO - 1 downstream tasks scheduled from follow-on schedule check
[2025-01-26T07:47:42.375+0000] {local_task_job_runner.py:245} INFO - ::endgroup::
[2025-01-26T08:51:30.523+0000] {local_task_job_runner.py:123} INFO - ::group::Pre task execution logs
[2025-01-26T08:51:30.689+0000] {taskinstance.py:2613} INFO - Dependencies all met for dep_context=non-requeueable deps ti=<TaskInstance: fetch_and_store_ebooks.fetch_ebook_data scheduled__2025-01-09T00:00:00+00:00 [queued]>
[2025-01-26T08:51:30.899+0000] {taskinstance.py:2613} INFO - Dependencies all met for dep_context=requeueable deps ti=<TaskInstance: fetch_and_store_ebooks.fetch_ebook_data scheduled__2025-01-09T00:00:00+00:00 [queued]>
[2025-01-26T08:51:30.905+0000] {taskinstance.py:2866} INFO - Starting attempt 1 of 2
[2025-01-26T08:51:31.023+0000] {taskinstance.py:2889} INFO - Executing <Task(PythonOperator): fetch_ebook_data> on 2025-01-09 00:00:00+00:00
[2025-01-26T08:51:31.054+0000] {warnings.py:112} WARNING - /home/***/.local/lib/python3.12/site-packages/***/task/task_runner/standard_task_runner.py:70: DeprecationWarning: This process (pid=3199) is multi-threaded, use of fork() may lead to deadlocks in the child.
  pid = os.fork()

[2025-01-26T08:51:31.060+0000] {standard_task_runner.py:72} INFO - Started process 3238 to run task
[2025-01-26T08:51:31.222+0000] {standard_task_runner.py:104} INFO - Running: ['***', 'tasks', 'run', 'fetch_and_store_ebooks', 'fetch_ebook_data', 'scheduled__2025-01-09T00:00:00+00:00', '--job-id', '877', '--raw', '--subdir', 'DAGS_FOLDER/app.py', '--cfg-path', '/tmp/tmp9ma7o724']
[2025-01-26T08:51:31.233+0000] {standard_task_runner.py:105} INFO - Job 877: Subtask fetch_ebook_data
[2025-01-26T08:51:31.679+0000] {task_command.py:467} INFO - Running <TaskInstance: fetch_and_store_ebooks.fetch_ebook_data scheduled__2025-01-09T00:00:00+00:00 [running]> on host 34edd304782d
[2025-01-26T08:51:32.602+0000] {taskinstance.py:3132} INFO - Exporting env vars: AIRFLOW_CTX_DAG_OWNER='***' AIRFLOW_CTX_DAG_ID='fetch_and_store_ebooks' AIRFLOW_CTX_TASK_ID='fetch_ebook_data' AIRFLOW_CTX_EXECUTION_DATE='2025-01-09T00:00:00+00:00' AIRFLOW_CTX_TRY_NUMBER='1' AIRFLOW_CTX_DAG_RUN_ID='scheduled__2025-01-09T00:00:00+00:00'
[2025-01-26T08:51:32.613+0000] {logging_mixin.py:190} INFO - Task instance is in running state
[2025-01-26T08:51:32.634+0000] {logging_mixin.py:190} INFO -  Previous state of the Task instance: queued
[2025-01-26T08:51:32.644+0000] {logging_mixin.py:190} INFO - Current task name:fetch_ebook_data state:running start_date:2025-01-26 08:51:30.691226+00:00
[2025-01-26T08:51:32.647+0000] {logging_mixin.py:190} INFO - Dag name:fetch_and_store_ebooks and current dag run status:running
[2025-01-26T08:51:32.669+0000] {taskinstance.py:731} INFO - ::endgroup::
[2025-01-26T08:51:46.990+0000] {python.py:240} INFO - Done. Returned value was: None
[2025-01-26T08:51:47.288+0000] {taskinstance.py:340} INFO - ::group::Post task execution logs
[2025-01-26T08:51:47.337+0000] {taskinstance.py:352} INFO - Marking task as SUCCESS. dag_id=fetch_and_store_ebooks, task_id=fetch_ebook_data, run_id=scheduled__2025-01-09T00:00:00+00:00, execution_date=20250109T000000, start_date=20250126T085130, end_date=20250126T085147
[2025-01-26T08:51:47.532+0000] {logging_mixin.py:190} INFO - Task instance in success state
[2025-01-26T08:51:47.547+0000] {logging_mixin.py:190} INFO -  Previous state of the Task instance: running
[2025-01-26T08:51:47.563+0000] {logging_mixin.py:190} INFO - Dag name:fetch_and_store_ebooks queued_at:2025-01-26 08:50:54.928916+00:00
[2025-01-26T08:51:47.579+0000] {logging_mixin.py:190} INFO - Task hostname:34edd304782d operator:PythonOperator
[2025-01-26T08:51:48.041+0000] {local_task_job_runner.py:266} INFO - Task exited with return code 0
[2025-01-26T08:51:48.259+0000] {local_task_job_runner.py:245} INFO - ::endgroup::
[2025-01-26T08:58:33.315+0000] {local_task_job_runner.py:123} INFO - ::group::Pre task execution logs
[2025-01-26T08:58:33.620+0000] {taskinstance.py:2613} INFO - Dependencies all met for dep_context=non-requeueable deps ti=<TaskInstance: fetch_and_store_ebooks.fetch_ebook_data scheduled__2025-01-09T00:00:00+00:00 [queued]>
[2025-01-26T08:58:33.941+0000] {taskinstance.py:2613} INFO - Dependencies all met for dep_context=requeueable deps ti=<TaskInstance: fetch_and_store_ebooks.fetch_ebook_data scheduled__2025-01-09T00:00:00+00:00 [queued]>
[2025-01-26T08:58:33.944+0000] {taskinstance.py:2866} INFO - Starting attempt 1 of 2
[2025-01-26T08:58:34.775+0000] {taskinstance.py:2889} INFO - Executing <Task(PythonOperator): fetch_ebook_data> on 2025-01-09 00:00:00+00:00
[2025-01-26T08:58:34.849+0000] {warnings.py:112} WARNING - /home/***/.local/lib/python3.12/site-packages/***/task/task_runner/standard_task_runner.py:70: DeprecationWarning: This process (pid=3400) is multi-threaded, use of fork() may lead to deadlocks in the child.
  pid = os.fork()

[2025-01-26T08:58:34.871+0000] {standard_task_runner.py:72} INFO - Started process 3449 to run task
[2025-01-26T08:58:34.867+0000] {standard_task_runner.py:104} INFO - Running: ['***', 'tasks', 'run', 'fetch_and_store_ebooks', 'fetch_ebook_data', 'scheduled__2025-01-09T00:00:00+00:00', '--job-id', '911', '--raw', '--subdir', 'DAGS_FOLDER/app.py', '--cfg-path', '/tmp/tmp6swli54l']
[2025-01-26T08:58:34.889+0000] {standard_task_runner.py:105} INFO - Job 911: Subtask fetch_ebook_data
[2025-01-26T08:58:35.445+0000] {task_command.py:467} INFO - Running <TaskInstance: fetch_and_store_ebooks.fetch_ebook_data scheduled__2025-01-09T00:00:00+00:00 [running]> on host 34edd304782d
[2025-01-26T08:58:36.874+0000] {taskinstance.py:3132} INFO - Exporting env vars: AIRFLOW_CTX_DAG_OWNER='***' AIRFLOW_CTX_DAG_ID='fetch_and_store_ebooks' AIRFLOW_CTX_TASK_ID='fetch_ebook_data' AIRFLOW_CTX_EXECUTION_DATE='2025-01-09T00:00:00+00:00' AIRFLOW_CTX_TRY_NUMBER='1' AIRFLOW_CTX_DAG_RUN_ID='scheduled__2025-01-09T00:00:00+00:00'
[2025-01-26T08:58:36.896+0000] {logging_mixin.py:190} INFO - Task instance is in running state
[2025-01-26T08:58:36.902+0000] {logging_mixin.py:190} INFO -  Previous state of the Task instance: queued
[2025-01-26T08:58:36.911+0000] {logging_mixin.py:190} INFO - Current task name:fetch_ebook_data state:running start_date:2025-01-26 08:58:33.642466+00:00
[2025-01-26T08:58:36.964+0000] {logging_mixin.py:190} INFO - Dag name:fetch_and_store_ebooks and current dag run status:running
[2025-01-26T08:58:37.072+0000] {taskinstance.py:731} INFO - ::endgroup::
[2025-01-26T08:58:46.700+0000] {python.py:240} INFO - Done. Returned value was: None
[2025-01-26T08:58:46.766+0000] {taskinstance.py:340} INFO - ::group::Post task execution logs
[2025-01-26T08:58:46.769+0000] {taskinstance.py:352} INFO - Marking task as SUCCESS. dag_id=fetch_and_store_ebooks, task_id=fetch_ebook_data, run_id=scheduled__2025-01-09T00:00:00+00:00, execution_date=20250109T000000, start_date=20250126T085833, end_date=20250126T085846
[2025-01-26T08:58:47.470+0000] {logging_mixin.py:190} INFO - Task instance in success state
[2025-01-26T08:58:47.476+0000] {logging_mixin.py:190} INFO -  Previous state of the Task instance: running
[2025-01-26T08:58:47.480+0000] {logging_mixin.py:190} INFO - Dag name:fetch_and_store_ebooks queued_at:2025-01-26 08:57:49.516657+00:00
[2025-01-26T08:58:47.482+0000] {logging_mixin.py:190} INFO - Task hostname:34edd304782d operator:PythonOperator
[2025-01-26T08:58:47.668+0000] {local_task_job_runner.py:266} INFO - Task exited with return code 0
[2025-01-26T08:58:48.005+0000] {taskinstance.py:3895} INFO - 1 downstream tasks scheduled from follow-on schedule check
[2025-01-26T08:58:48.025+0000] {local_task_job_runner.py:245} INFO - ::endgroup::
[2025-01-26T09:05:38.721+0000] {local_task_job_runner.py:123} INFO - ::group::Pre task execution logs
[2025-01-26T09:05:39.237+0000] {taskinstance.py:2613} INFO - Dependencies all met for dep_context=non-requeueable deps ti=<TaskInstance: fetch_and_store_ebooks.fetch_ebook_data scheduled__2025-01-09T00:00:00+00:00 [queued]>
[2025-01-26T09:05:39.344+0000] {taskinstance.py:2613} INFO - Dependencies all met for dep_context=requeueable deps ti=<TaskInstance: fetch_and_store_ebooks.fetch_ebook_data scheduled__2025-01-09T00:00:00+00:00 [queued]>
[2025-01-26T09:05:39.405+0000] {taskinstance.py:2866} INFO - Starting attempt 1 of 2
[2025-01-26T09:05:40.396+0000] {taskinstance.py:2889} INFO - Executing <Task(PythonOperator): fetch_ebook_data> on 2025-01-09 00:00:00+00:00
[2025-01-26T09:05:40.433+0000] {warnings.py:112} WARNING - /home/***/.local/lib/python3.12/site-packages/***/task/task_runner/standard_task_runner.py:70: DeprecationWarning: This process (pid=3608) is multi-threaded, use of fork() may lead to deadlocks in the child.
  pid = os.fork()

[2025-01-26T09:05:40.473+0000] {standard_task_runner.py:72} INFO - Started process 3648 to run task
[2025-01-26T09:05:40.500+0000] {standard_task_runner.py:104} INFO - Running: ['***', 'tasks', 'run', 'fetch_and_store_ebooks', 'fetch_ebook_data', 'scheduled__2025-01-09T00:00:00+00:00', '--job-id', '941', '--raw', '--subdir', 'DAGS_FOLDER/app.py', '--cfg-path', '/tmp/tmpfxdrhbru']
[2025-01-26T09:05:40.529+0000] {standard_task_runner.py:105} INFO - Job 941: Subtask fetch_ebook_data
[2025-01-26T09:05:41.745+0000] {task_command.py:467} INFO - Running <TaskInstance: fetch_and_store_ebooks.fetch_ebook_data scheduled__2025-01-09T00:00:00+00:00 [running]> on host 34edd304782d
[2025-01-26T09:05:42.785+0000] {taskinstance.py:3132} INFO - Exporting env vars: AIRFLOW_CTX_DAG_OWNER='***' AIRFLOW_CTX_DAG_ID='fetch_and_store_ebooks' AIRFLOW_CTX_TASK_ID='fetch_ebook_data' AIRFLOW_CTX_EXECUTION_DATE='2025-01-09T00:00:00+00:00' AIRFLOW_CTX_TRY_NUMBER='1' AIRFLOW_CTX_DAG_RUN_ID='scheduled__2025-01-09T00:00:00+00:00'
[2025-01-26T09:05:42.793+0000] {logging_mixin.py:190} INFO - Task instance is in running state
[2025-01-26T09:05:42.799+0000] {logging_mixin.py:190} INFO -  Previous state of the Task instance: queued
[2025-01-26T09:05:42.808+0000] {logging_mixin.py:190} INFO - Current task name:fetch_ebook_data state:running start_date:2025-01-26 09:05:39.246120+00:00
[2025-01-26T09:05:42.819+0000] {logging_mixin.py:190} INFO - Dag name:fetch_and_store_ebooks and current dag run status:running
[2025-01-26T09:05:42.822+0000] {taskinstance.py:731} INFO - ::endgroup::
[2025-01-26T09:05:50.426+0000] {python.py:240} INFO - Done. Returned value was: None
[2025-01-26T09:05:50.510+0000] {taskinstance.py:340} INFO - ::group::Post task execution logs
[2025-01-26T09:05:50.519+0000] {taskinstance.py:352} INFO - Marking task as SUCCESS. dag_id=fetch_and_store_ebooks, task_id=fetch_ebook_data, run_id=scheduled__2025-01-09T00:00:00+00:00, execution_date=20250109T000000, start_date=20250126T090539, end_date=20250126T090550
[2025-01-26T09:05:50.986+0000] {logging_mixin.py:190} INFO - Task instance in success state
[2025-01-26T09:05:50.997+0000] {logging_mixin.py:190} INFO -  Previous state of the Task instance: running
[2025-01-26T09:05:51.008+0000] {logging_mixin.py:190} INFO - Dag name:fetch_and_store_ebooks queued_at:2025-01-26 09:04:57.133863+00:00
[2025-01-26T09:05:51.019+0000] {logging_mixin.py:190} INFO - Task hostname:34edd304782d operator:PythonOperator
[2025-01-26T09:05:51.279+0000] {local_task_job_runner.py:266} INFO - Task exited with return code 0
[2025-01-26T09:05:51.448+0000] {local_task_job_runner.py:245} INFO - ::endgroup::
[2025-01-26T09:16:17.060+0000] {local_task_job_runner.py:123} INFO - ::group::Pre task execution logs
[2025-01-26T09:16:17.258+0000] {taskinstance.py:2613} INFO - Dependencies all met for dep_context=non-requeueable deps ti=<TaskInstance: fetch_and_store_ebooks.fetch_ebook_data scheduled__2025-01-09T00:00:00+00:00 [queued]>
[2025-01-26T09:16:17.404+0000] {taskinstance.py:2613} INFO - Dependencies all met for dep_context=requeueable deps ti=<TaskInstance: fetch_and_store_ebooks.fetch_ebook_data scheduled__2025-01-09T00:00:00+00:00 [queued]>
[2025-01-26T09:16:17.407+0000] {taskinstance.py:2866} INFO - Starting attempt 1 of 2
[2025-01-26T09:16:17.929+0000] {taskinstance.py:2889} INFO - Executing <Task(PythonOperator): fetch_ebook_data> on 2025-01-09 00:00:00+00:00
[2025-01-26T09:16:18.008+0000] {standard_task_runner.py:104} INFO - Running: ['***', 'tasks', 'run', 'fetch_and_store_ebooks', 'fetch_ebook_data', 'scheduled__2025-01-09T00:00:00+00:00', '--job-id', '1009', '--raw', '--subdir', 'DAGS_FOLDER/app.py', '--cfg-path', '/tmp/tmpwdh8yjqn']
[2025-01-26T09:16:18.036+0000] {standard_task_runner.py:105} INFO - Job 1009: Subtask fetch_ebook_data
[2025-01-26T09:16:18.034+0000] {warnings.py:112} WARNING - /home/***/.local/lib/python3.12/site-packages/***/task/task_runner/standard_task_runner.py:70: DeprecationWarning: This process (pid=4012) is multi-threaded, use of fork() may lead to deadlocks in the child.
  pid = os.fork()

[2025-01-26T09:16:18.063+0000] {standard_task_runner.py:72} INFO - Started process 4048 to run task
[2025-01-26T09:16:18.919+0000] {task_command.py:467} INFO - Running <TaskInstance: fetch_and_store_ebooks.fetch_ebook_data scheduled__2025-01-09T00:00:00+00:00 [running]> on host 34edd304782d
[2025-01-26T09:16:21.686+0000] {taskinstance.py:3132} INFO - Exporting env vars: AIRFLOW_CTX_DAG_OWNER='***' AIRFLOW_CTX_DAG_ID='fetch_and_store_ebooks' AIRFLOW_CTX_TASK_ID='fetch_ebook_data' AIRFLOW_CTX_EXECUTION_DATE='2025-01-09T00:00:00+00:00' AIRFLOW_CTX_TRY_NUMBER='1' AIRFLOW_CTX_DAG_RUN_ID='scheduled__2025-01-09T00:00:00+00:00'
[2025-01-26T09:16:21.692+0000] {logging_mixin.py:190} INFO - Task instance is in running state
[2025-01-26T09:16:21.724+0000] {logging_mixin.py:190} INFO -  Previous state of the Task instance: queued
[2025-01-26T09:16:21.726+0000] {logging_mixin.py:190} INFO - Current task name:fetch_ebook_data state:running start_date:2025-01-26 09:16:17.284662+00:00
[2025-01-26T09:16:21.728+0000] {logging_mixin.py:190} INFO - Dag name:fetch_and_store_ebooks and current dag run status:running
[2025-01-26T09:16:21.730+0000] {taskinstance.py:731} INFO - ::endgroup::
[2025-01-26T09:16:32.539+0000] {python.py:240} INFO - Done. Returned value was: None
[2025-01-26T09:16:32.644+0000] {taskinstance.py:340} INFO - ::group::Post task execution logs
[2025-01-26T09:16:32.663+0000] {taskinstance.py:352} INFO - Marking task as SUCCESS. dag_id=fetch_and_store_ebooks, task_id=fetch_ebook_data, run_id=scheduled__2025-01-09T00:00:00+00:00, execution_date=20250109T000000, start_date=20250126T091617, end_date=20250126T091632
[2025-01-26T09:16:33.665+0000] {logging_mixin.py:190} INFO - Task instance in success state
[2025-01-26T09:16:33.675+0000] {logging_mixin.py:190} INFO -  Previous state of the Task instance: running
[2025-01-26T09:16:33.685+0000] {logging_mixin.py:190} INFO - Dag name:fetch_and_store_ebooks queued_at:2025-01-26 09:15:47.809471+00:00
[2025-01-26T09:16:33.706+0000] {logging_mixin.py:190} INFO - Task hostname:34edd304782d operator:PythonOperator
[2025-01-26T09:16:33.959+0000] {local_task_job_runner.py:266} INFO - Task exited with return code 0
[2025-01-26T09:16:34.291+0000] {taskinstance.py:3895} INFO - 1 downstream tasks scheduled from follow-on schedule check
[2025-01-26T09:16:34.306+0000] {local_task_job_runner.py:245} INFO - ::endgroup::
[2025-01-26T09:26:52.419+0000] {local_task_job_runner.py:123} INFO - ::group::Pre task execution logs
[2025-01-26T09:26:52.701+0000] {taskinstance.py:2613} INFO - Dependencies all met for dep_context=non-requeueable deps ti=<TaskInstance: fetch_and_store_ebooks.fetch_ebook_data scheduled__2025-01-09T00:00:00+00:00 [queued]>
[2025-01-26T09:26:52.790+0000] {taskinstance.py:2613} INFO - Dependencies all met for dep_context=requeueable deps ti=<TaskInstance: fetch_and_store_ebooks.fetch_ebook_data scheduled__2025-01-09T00:00:00+00:00 [queued]>
[2025-01-26T09:26:52.792+0000] {taskinstance.py:2866} INFO - Starting attempt 1 of 2
[2025-01-26T09:26:52.964+0000] {taskinstance.py:2889} INFO - Executing <Task(PythonOperator): fetch_ebook_data> on 2025-01-09 00:00:00+00:00
[2025-01-26T09:26:53.047+0000] {warnings.py:112} WARNING - /home/***/.local/lib/python3.12/site-packages/***/task/task_runner/standard_task_runner.py:70: DeprecationWarning: This process (pid=4323) is multi-threaded, use of fork() may lead to deadlocks in the child.
  pid = os.fork()

[2025-01-26T09:26:53.061+0000] {standard_task_runner.py:72} INFO - Started process 4363 to run task
[2025-01-26T09:26:53.063+0000] {standard_task_runner.py:104} INFO - Running: ['***', 'tasks', 'run', 'fetch_and_store_ebooks', 'fetch_ebook_data', 'scheduled__2025-01-09T00:00:00+00:00', '--job-id', '1062', '--raw', '--subdir', 'DAGS_FOLDER/app.py', '--cfg-path', '/tmp/tmpb6mrad2p']
[2025-01-26T09:26:53.123+0000] {standard_task_runner.py:105} INFO - Job 1062: Subtask fetch_ebook_data
[2025-01-26T09:26:53.566+0000] {task_command.py:467} INFO - Running <TaskInstance: fetch_and_store_ebooks.fetch_ebook_data scheduled__2025-01-09T00:00:00+00:00 [running]> on host 34edd304782d
[2025-01-26T09:26:54.302+0000] {taskinstance.py:3132} INFO - Exporting env vars: AIRFLOW_CTX_DAG_OWNER='***' AIRFLOW_CTX_DAG_ID='fetch_and_store_ebooks' AIRFLOW_CTX_TASK_ID='fetch_ebook_data' AIRFLOW_CTX_EXECUTION_DATE='2025-01-09T00:00:00+00:00' AIRFLOW_CTX_TRY_NUMBER='1' AIRFLOW_CTX_DAG_RUN_ID='scheduled__2025-01-09T00:00:00+00:00'
[2025-01-26T09:26:54.311+0000] {logging_mixin.py:190} INFO - Task instance is in running state
[2025-01-26T09:26:54.314+0000] {logging_mixin.py:190} INFO -  Previous state of the Task instance: queued
[2025-01-26T09:26:54.316+0000] {logging_mixin.py:190} INFO - Current task name:fetch_ebook_data state:running start_date:2025-01-26 09:26:52.709774+00:00
[2025-01-26T09:26:54.318+0000] {logging_mixin.py:190} INFO - Dag name:fetch_and_store_ebooks and current dag run status:running
[2025-01-26T09:26:54.320+0000] {taskinstance.py:731} INFO - ::endgroup::
[2025-01-26T09:27:04.505+0000] {python.py:240} INFO - Done. Returned value was: None
[2025-01-26T09:27:04.675+0000] {taskinstance.py:340} INFO - ::group::Post task execution logs
[2025-01-26T09:27:04.696+0000] {taskinstance.py:352} INFO - Marking task as SUCCESS. dag_id=fetch_and_store_ebooks, task_id=fetch_ebook_data, run_id=scheduled__2025-01-09T00:00:00+00:00, execution_date=20250109T000000, start_date=20250126T092652, end_date=20250126T092704
[2025-01-26T09:27:04.818+0000] {logging_mixin.py:190} INFO - Task instance in success state
[2025-01-26T09:27:04.876+0000] {logging_mixin.py:190} INFO -  Previous state of the Task instance: running
[2025-01-26T09:27:04.878+0000] {logging_mixin.py:190} INFO - Dag name:fetch_and_store_ebooks queued_at:2025-01-26 09:26:19.898859+00:00
[2025-01-26T09:27:04.880+0000] {logging_mixin.py:190} INFO - Task hostname:34edd304782d operator:PythonOperator
[2025-01-26T09:27:04.995+0000] {local_task_job_runner.py:266} INFO - Task exited with return code 0
[2025-01-26T09:27:05.297+0000] {taskinstance.py:3895} INFO - 1 downstream tasks scheduled from follow-on schedule check
[2025-01-26T09:27:05.364+0000] {local_task_job_runner.py:245} INFO - ::endgroup::
