[2025-01-26T09:55:49.933+0000] {local_task_job_runner.py:123} INFO - ::group::Pre task execution logs
[2025-01-26T09:55:50.598+0000] {taskinstance.py:2613} INFO - Dependencies all met for dep_context=non-requeueable deps ti=<TaskInstance: fetch_and_store_ebooks.fetch_ebook_data scheduled__2020-02-08T00:00:00+00:00 [queued]>
[2025-01-26T09:55:51.179+0000] {taskinstance.py:2613} INFO - Dependencies all met for dep_context=requeueable deps ti=<TaskInstance: fetch_and_store_ebooks.fetch_ebook_data scheduled__2020-02-08T00:00:00+00:00 [queued]>
[2025-01-26T09:55:51.186+0000] {taskinstance.py:2866} INFO - Starting attempt 1 of 2
[2025-01-26T09:55:52.291+0000] {taskinstance.py:2889} INFO - Executing <Task(PythonOperator): fetch_ebook_data> on 2020-02-08 00:00:00+00:00
[2025-01-26T09:55:52.361+0000] {warnings.py:112} WARNING - /home/***/.local/lib/python3.12/site-packages/***/task/task_runner/standard_task_runner.py:70: DeprecationWarning: This process (pid=5331) is multi-threaded, use of fork() may lead to deadlocks in the child.
  pid = os.fork()

[2025-01-26T09:55:52.395+0000] {standard_task_runner.py:72} INFO - Started process 5372 to run task
[2025-01-26T09:55:52.452+0000] {standard_task_runner.py:104} INFO - Running: ['***', 'tasks', 'run', 'fetch_and_store_ebooks', 'fetch_ebook_data', 'scheduled__2020-02-08T00:00:00+00:00', '--job-id', '1243', '--raw', '--subdir', 'DAGS_FOLDER/app.py', '--cfg-path', '/tmp/tmpoy42la9m']
[2025-01-26T09:55:52.514+0000] {standard_task_runner.py:105} INFO - Job 1243: Subtask fetch_ebook_data
[2025-01-26T09:55:53.274+0000] {task_command.py:467} INFO - Running <TaskInstance: fetch_and_store_ebooks.fetch_ebook_data scheduled__2020-02-08T00:00:00+00:00 [running]> on host 34edd304782d
[2025-01-26T09:55:57.248+0000] {taskinstance.py:3132} INFO - Exporting env vars: AIRFLOW_CTX_DAG_OWNER='***' AIRFLOW_CTX_DAG_ID='fetch_and_store_ebooks' AIRFLOW_CTX_TASK_ID='fetch_ebook_data' AIRFLOW_CTX_EXECUTION_DATE='2020-02-08T00:00:00+00:00' AIRFLOW_CTX_TRY_NUMBER='1' AIRFLOW_CTX_DAG_RUN_ID='scheduled__2020-02-08T00:00:00+00:00'
[2025-01-26T09:55:57.285+0000] {logging_mixin.py:190} INFO - Task instance is in running state
[2025-01-26T09:55:57.376+0000] {logging_mixin.py:190} INFO -  Previous state of the Task instance: queued
[2025-01-26T09:55:57.428+0000] {logging_mixin.py:190} INFO - Current task name:fetch_ebook_data state:running start_date:2025-01-26 09:55:50.611416+00:00
[2025-01-26T09:55:57.461+0000] {logging_mixin.py:190} INFO - Dag name:fetch_and_store_ebooks and current dag run status:running
[2025-01-26T09:55:57.491+0000] {taskinstance.py:731} INFO - ::endgroup::
[2025-01-26T09:56:23.854+0000] {python.py:240} INFO - Done. Returned value was: None
[2025-01-26T09:56:24.959+0000] {taskinstance.py:340} INFO - ::group::Post task execution logs
[2025-01-26T09:56:25.180+0000] {taskinstance.py:352} INFO - Marking task as SUCCESS. dag_id=fetch_and_store_ebooks, task_id=fetch_ebook_data, run_id=scheduled__2020-02-08T00:00:00+00:00, execution_date=20200208T000000, start_date=20250126T095550, end_date=20250126T095625
[2025-01-26T09:56:26.252+0000] {logging_mixin.py:190} INFO - Task instance in success state
[2025-01-26T09:56:26.268+0000] {logging_mixin.py:190} INFO -  Previous state of the Task instance: running
[2025-01-26T09:56:26.316+0000] {logging_mixin.py:190} INFO - Dag name:fetch_and_store_ebooks queued_at:2025-01-26 09:55:07.638578+00:00
[2025-01-26T09:56:26.380+0000] {logging_mixin.py:190} INFO - Task hostname:34edd304782d operator:PythonOperator
[2025-01-26T09:56:27.090+0000] {local_task_job_runner.py:266} INFO - Task exited with return code 0
[2025-01-26T09:56:27.580+0000] {standard_task_runner.py:217} INFO - Process not found (most likely exited), stop collecting metrics
[2025-01-26T09:56:27.763+0000] {taskinstance.py:3895} INFO - 1 downstream tasks scheduled from follow-on schedule check
[2025-01-26T09:56:27.880+0000] {local_task_job_runner.py:245} INFO - ::endgroup::
