[2025-01-25T16:06:33.636+0000] {local_task_job_runner.py:123} INFO - ::group::Pre task execution logs
[2025-01-25T16:06:33.715+0000] {taskinstance.py:2613} INFO - Dependencies all met for dep_context=non-requeueable deps ti=<TaskInstance: fetch_and_store_ebooks.fetch_ebook_data scheduled__2025-01-08T00:00:00+00:00 [queued]>
[2025-01-25T16:06:33.758+0000] {taskinstance.py:2613} INFO - Dependencies all met for dep_context=requeueable deps ti=<TaskInstance: fetch_and_store_ebooks.fetch_ebook_data scheduled__2025-01-08T00:00:00+00:00 [queued]>
[2025-01-25T16:06:33.760+0000] {taskinstance.py:2866} INFO - Starting attempt 1 of 2
[2025-01-25T16:06:33.834+0000] {taskinstance.py:2889} INFO - Executing <Task(PythonOperator): fetch_ebook_data> on 2025-01-08 00:00:00+00:00
[2025-01-25T16:06:33.857+0000] {warnings.py:112} WARNING - /home/***/.local/lib/python3.12/site-packages/***/task/task_runner/standard_task_runner.py:70: DeprecationWarning: This process (pid=2922) is multi-threaded, use of fork() may lead to deadlocks in the child.
  pid = os.fork()

[2025-01-25T16:06:33.863+0000] {standard_task_runner.py:72} INFO - Started process 2934 to run task
[2025-01-25T16:06:33.867+0000] {standard_task_runner.py:104} INFO - Running: ['***', 'tasks', 'run', 'fetch_and_store_ebooks', 'fetch_ebook_data', 'scheduled__2025-01-08T00:00:00+00:00', '--job-id', '399', '--raw', '--subdir', 'DAGS_FOLDER/app.py', '--cfg-path', '/tmp/tmpbbt9p6n6']
[2025-01-25T16:06:33.871+0000] {standard_task_runner.py:105} INFO - Job 399: Subtask fetch_ebook_data
[2025-01-25T16:06:34.962+0000] {task_command.py:467} INFO - Running <TaskInstance: fetch_and_store_ebooks.fetch_ebook_data scheduled__2025-01-08T00:00:00+00:00 [running]> on host 50ab235b552a
[2025-01-25T16:06:35.925+0000] {taskinstance.py:3132} INFO - Exporting env vars: AIRFLOW_CTX_DAG_OWNER='***' AIRFLOW_CTX_DAG_ID='fetch_and_store_ebooks' AIRFLOW_CTX_TASK_ID='fetch_ebook_data' AIRFLOW_CTX_EXECUTION_DATE='2025-01-08T00:00:00+00:00' AIRFLOW_CTX_TRY_NUMBER='1' AIRFLOW_CTX_DAG_RUN_ID='scheduled__2025-01-08T00:00:00+00:00'
[2025-01-25T16:06:35.931+0000] {logging_mixin.py:190} INFO - Task instance is in running state
[2025-01-25T16:06:35.933+0000] {logging_mixin.py:190} INFO -  Previous state of the Task instance: queued
[2025-01-25T16:06:35.935+0000] {logging_mixin.py:190} INFO - Current task name:fetch_ebook_data state:running start_date:2025-01-25 16:06:33.718051+00:00
[2025-01-25T16:06:35.942+0000] {logging_mixin.py:190} INFO - Dag name:fetch_and_store_ebooks and current dag run status:running
[2025-01-25T16:06:35.954+0000] {taskinstance.py:731} INFO - ::endgroup::
[2025-01-25T16:06:43.224+0000] {taskinstance.py:3311} ERROR - Task failed with exception
Traceback (most recent call last):
  File "/home/airflow/.local/lib/python3.12/site-packages/airflow/models/taskinstance.py", line 767, in _execute_task
    result = _execute_callable(context=context, **execute_callable_kwargs)
             ^^^^^^^^^^^^^^^^^^^^^^^^^^^^^^^^^^^^^^^^^^^^^^^^^^^^^^^^^^^^^
  File "/home/airflow/.local/lib/python3.12/site-packages/airflow/models/taskinstance.py", line 733, in _execute_callable
    return ExecutionCallableRunner(
           ^^^^^^^^^^^^^^^^^^^^^^^^
  File "/home/airflow/.local/lib/python3.12/site-packages/airflow/utils/operator_helpers.py", line 252, in run
    return self.func(*args, **kwargs)
           ^^^^^^^^^^^^^^^^^^^^^^^^^^
  File "/home/airflow/.local/lib/python3.12/site-packages/airflow/models/baseoperator.py", line 422, in wrapper
    return func(self, *args, **kwargs)
           ^^^^^^^^^^^^^^^^^^^^^^^^^^^
  File "/home/airflow/.local/lib/python3.12/site-packages/airflow/operators/python.py", line 238, in execute
    return_value = self.execute_callable()
                   ^^^^^^^^^^^^^^^^^^^^^^^
  File "/home/airflow/.local/lib/python3.12/site-packages/airflow/operators/python.py", line 256, in execute_callable
    return runner.run(*self.op_args, **self.op_kwargs)
           ^^^^^^^^^^^^^^^^^^^^^^^^^^^^^^^^^^^^^^^^^^^
  File "/home/airflow/.local/lib/python3.12/site-packages/airflow/utils/operator_helpers.py", line 252, in run
    return self.func(*args, **kwargs)
           ^^^^^^^^^^^^^^^^^^^^^^^^^^
  File "/opt/airflow/dags/app.py", line 42, in get_ebook_data
    df.drop_duplicates(subset="Title", inplace=True)
  File "/home/airflow/.local/lib/python3.12/site-packages/pandas/core/frame.py", line 6566, in drop_duplicates
    result = self[-self.duplicated(subset, keep=keep)]
                   ^^^^^^^^^^^^^^^^^^^^^^^^^^^^^^^^^^
  File "/home/airflow/.local/lib/python3.12/site-packages/pandas/core/frame.py", line 6698, in duplicated
    raise KeyError(Index(diff))
KeyError: Index(['Title'], dtype='object')
[2025-01-25T16:06:43.308+0000] {logging_mixin.py:190} INFO - Task instance in failure state
[2025-01-25T16:06:43.310+0000] {logging_mixin.py:190} INFO - Task start:2025-01-25 16:06:33.718051+00:00 end:2025-01-25 16:06:43.306776+00:00 duration:9.588725
[2025-01-25T16:06:43.312+0000] {logging_mixin.py:190} INFO - Task:<Task(PythonOperator): fetch_ebook_data> dag:<DAG: fetch_and_store_ebooks> dagrun:<DagRun fetch_and_store_ebooks @ 2025-01-08 00:00:00+00:00: scheduled__2025-01-08T00:00:00+00:00, state:running, queued_at: 2025-01-25 16:06:19.040839+00:00. externally triggered: False>
[2025-01-25T16:06:43.315+0000] {logging_mixin.py:190} INFO - Failure caused by Index(['Title'], dtype='object')
[2025-01-25T16:06:43.321+0000] {taskinstance.py:1225} INFO - Marking task as UP_FOR_RETRY. dag_id=fetch_and_store_ebooks, task_id=fetch_ebook_data, run_id=scheduled__2025-01-08T00:00:00+00:00, execution_date=20250108T000000, start_date=20250125T160633, end_date=20250125T160643
[2025-01-25T16:06:43.399+0000] {taskinstance.py:340} INFO - ::group::Post task execution logs
[2025-01-25T16:06:43.402+0000] {standard_task_runner.py:124} ERROR - Failed to execute job 399 for task fetch_ebook_data (Index(['Title'], dtype='object'); 2934)
Traceback (most recent call last):
  File "/home/airflow/.local/lib/python3.12/site-packages/airflow/task/task_runner/standard_task_runner.py", line 117, in _start_by_fork
    ret = args.func(args, dag=self.dag)
          ^^^^^^^^^^^^^^^^^^^^^^^^^^^^^
  File "/home/airflow/.local/lib/python3.12/site-packages/airflow/cli/cli_config.py", line 49, in command
    return func(*args, **kwargs)
           ^^^^^^^^^^^^^^^^^^^^^
  File "/home/airflow/.local/lib/python3.12/site-packages/airflow/utils/cli.py", line 116, in wrapper
    return f(*args, **kwargs)
           ^^^^^^^^^^^^^^^^^^
  File "/home/airflow/.local/lib/python3.12/site-packages/airflow/cli/commands/task_command.py", line 483, in task_run
    task_return_code = _run_task_by_selected_method(args, _dag, ti)
                       ^^^^^^^^^^^^^^^^^^^^^^^^^^^^^^^^^^^^^^^^^^^^
  File "/home/airflow/.local/lib/python3.12/site-packages/airflow/cli/commands/task_command.py", line 256, in _run_task_by_selected_method
    return _run_raw_task(args, ti)
           ^^^^^^^^^^^^^^^^^^^^^^^
  File "/home/airflow/.local/lib/python3.12/site-packages/airflow/cli/commands/task_command.py", line 341, in _run_raw_task
    return ti._run_raw_task(
           ^^^^^^^^^^^^^^^^^
  File "/home/airflow/.local/lib/python3.12/site-packages/airflow/utils/session.py", line 97, in wrapper
    return func(*args, session=session, **kwargs)
           ^^^^^^^^^^^^^^^^^^^^^^^^^^^^^^^^^^^^^^
  File "/home/airflow/.local/lib/python3.12/site-packages/airflow/models/taskinstance.py", line 3005, in _run_raw_task
    return _run_raw_task(
           ^^^^^^^^^^^^^^
  File "/home/airflow/.local/lib/python3.12/site-packages/airflow/models/taskinstance.py", line 273, in _run_raw_task
    TaskInstance._execute_task_with_callbacks(
  File "/home/airflow/.local/lib/python3.12/site-packages/airflow/models/taskinstance.py", line 3159, in _execute_task_with_callbacks
    result = self._execute_task(context, task_orig)
             ^^^^^^^^^^^^^^^^^^^^^^^^^^^^^^^^^^^^^^
  File "/home/airflow/.local/lib/python3.12/site-packages/airflow/models/taskinstance.py", line 3183, in _execute_task
    return _execute_task(self, context, task_orig)
           ^^^^^^^^^^^^^^^^^^^^^^^^^^^^^^^^^^^^^^^
  File "/home/airflow/.local/lib/python3.12/site-packages/airflow/models/taskinstance.py", line 767, in _execute_task
    result = _execute_callable(context=context, **execute_callable_kwargs)
             ^^^^^^^^^^^^^^^^^^^^^^^^^^^^^^^^^^^^^^^^^^^^^^^^^^^^^^^^^^^^^
  File "/home/airflow/.local/lib/python3.12/site-packages/airflow/models/taskinstance.py", line 733, in _execute_callable
    return ExecutionCallableRunner(
           ^^^^^^^^^^^^^^^^^^^^^^^^
  File "/home/airflow/.local/lib/python3.12/site-packages/airflow/utils/operator_helpers.py", line 252, in run
    return self.func(*args, **kwargs)
           ^^^^^^^^^^^^^^^^^^^^^^^^^^
  File "/home/airflow/.local/lib/python3.12/site-packages/airflow/models/baseoperator.py", line 422, in wrapper
    return func(self, *args, **kwargs)
           ^^^^^^^^^^^^^^^^^^^^^^^^^^^
  File "/home/airflow/.local/lib/python3.12/site-packages/airflow/operators/python.py", line 238, in execute
    return_value = self.execute_callable()
                   ^^^^^^^^^^^^^^^^^^^^^^^
  File "/home/airflow/.local/lib/python3.12/site-packages/airflow/operators/python.py", line 256, in execute_callable
    return runner.run(*self.op_args, **self.op_kwargs)
           ^^^^^^^^^^^^^^^^^^^^^^^^^^^^^^^^^^^^^^^^^^^
  File "/home/airflow/.local/lib/python3.12/site-packages/airflow/utils/operator_helpers.py", line 252, in run
    return self.func(*args, **kwargs)
           ^^^^^^^^^^^^^^^^^^^^^^^^^^
  File "/opt/airflow/dags/app.py", line 42, in get_ebook_data
    df.drop_duplicates(subset="Title", inplace=True)
  File "/home/airflow/.local/lib/python3.12/site-packages/pandas/core/frame.py", line 6566, in drop_duplicates
    result = self[-self.duplicated(subset, keep=keep)]
                   ^^^^^^^^^^^^^^^^^^^^^^^^^^^^^^^^^^
  File "/home/airflow/.local/lib/python3.12/site-packages/pandas/core/frame.py", line 6698, in duplicated
    raise KeyError(Index(diff))
KeyError: Index(['Title'], dtype='object')
[2025-01-25T16:06:43.501+0000] {local_task_job_runner.py:266} INFO - Task exited with return code 1
[2025-01-25T16:06:43.915+0000] {standard_task_runner.py:217} INFO - Process not found (most likely exited), stop collecting metrics
[2025-01-25T16:06:43.967+0000] {taskinstance.py:3895} INFO - 0 downstream tasks scheduled from follow-on schedule check
[2025-01-25T16:06:43.973+0000] {local_task_job_runner.py:245} INFO - ::endgroup::
[2025-01-25T17:02:46.349+0000] {local_task_job_runner.py:123} INFO - ::group::Pre task execution logs
[2025-01-25T17:02:46.714+0000] {taskinstance.py:2613} INFO - Dependencies all met for dep_context=non-requeueable deps ti=<TaskInstance: fetch_and_store_ebooks.fetch_ebook_data scheduled__2025-01-08T00:00:00+00:00 [queued]>
[2025-01-25T17:02:47.083+0000] {taskinstance.py:2613} INFO - Dependencies all met for dep_context=requeueable deps ti=<TaskInstance: fetch_and_store_ebooks.fetch_ebook_data scheduled__2025-01-08T00:00:00+00:00 [queued]>
[2025-01-25T17:02:47.104+0000] {taskinstance.py:2866} INFO - Starting attempt 1 of 2
[2025-01-25T17:02:47.506+0000] {taskinstance.py:2889} INFO - Executing <Task(PythonOperator): fetch_ebook_data> on 2025-01-08 00:00:00+00:00
[2025-01-25T17:02:47.565+0000] {warnings.py:112} WARNING - /home/***/.local/lib/python3.12/site-packages/***/task/task_runner/standard_task_runner.py:70: DeprecationWarning: This process (pid=3705) is multi-threaded, use of fork() may lead to deadlocks in the child.
  pid = os.fork()

[2025-01-25T17:02:47.609+0000] {standard_task_runner.py:72} INFO - Started process 3749 to run task
[2025-01-25T17:02:47.626+0000] {standard_task_runner.py:104} INFO - Running: ['***', 'tasks', 'run', 'fetch_and_store_ebooks', 'fetch_ebook_data', 'scheduled__2025-01-08T00:00:00+00:00', '--job-id', '451', '--raw', '--subdir', 'DAGS_FOLDER/app.py', '--cfg-path', '/tmp/tmp9bev8zjd']
[2025-01-25T17:02:47.641+0000] {standard_task_runner.py:105} INFO - Job 451: Subtask fetch_ebook_data
[2025-01-25T17:02:48.581+0000] {task_command.py:467} INFO - Running <TaskInstance: fetch_and_store_ebooks.fetch_ebook_data scheduled__2025-01-08T00:00:00+00:00 [running]> on host 50ab235b552a
[2025-01-25T17:02:50.641+0000] {taskinstance.py:3132} INFO - Exporting env vars: AIRFLOW_CTX_DAG_OWNER='***' AIRFLOW_CTX_DAG_ID='fetch_and_store_ebooks' AIRFLOW_CTX_TASK_ID='fetch_ebook_data' AIRFLOW_CTX_EXECUTION_DATE='2025-01-08T00:00:00+00:00' AIRFLOW_CTX_TRY_NUMBER='1' AIRFLOW_CTX_DAG_RUN_ID='scheduled__2025-01-08T00:00:00+00:00'
[2025-01-25T17:02:50.775+0000] {logging_mixin.py:190} INFO - Task instance is in running state
[2025-01-25T17:02:50.785+0000] {logging_mixin.py:190} INFO -  Previous state of the Task instance: queued
[2025-01-25T17:02:50.798+0000] {logging_mixin.py:190} INFO - Current task name:fetch_ebook_data state:running start_date:2025-01-25 17:02:46.744603+00:00
[2025-01-25T17:02:50.813+0000] {logging_mixin.py:190} INFO - Dag name:fetch_and_store_ebooks and current dag run status:running
[2025-01-25T17:02:50.817+0000] {taskinstance.py:731} INFO - ::endgroup::
[2025-01-25T17:03:15.383+0000] {python.py:240} INFO - Done. Returned value was: None
[2025-01-25T17:03:15.529+0000] {taskinstance.py:340} INFO - ::group::Post task execution logs
[2025-01-25T17:03:15.549+0000] {taskinstance.py:352} INFO - Marking task as SUCCESS. dag_id=fetch_and_store_ebooks, task_id=fetch_ebook_data, run_id=scheduled__2025-01-08T00:00:00+00:00, execution_date=20250108T000000, start_date=20250125T170246, end_date=20250125T170315
[2025-01-25T17:03:15.918+0000] {logging_mixin.py:190} INFO - Task instance in success state
[2025-01-25T17:03:15.948+0000] {logging_mixin.py:190} INFO -  Previous state of the Task instance: running
[2025-01-25T17:03:15.951+0000] {logging_mixin.py:190} INFO - Dag name:fetch_and_store_ebooks queued_at:2025-01-25 17:02:03.672913+00:00
[2025-01-25T17:03:15.970+0000] {logging_mixin.py:190} INFO - Task hostname:50ab235b552a operator:PythonOperator
[2025-01-25T17:03:16.122+0000] {local_task_job_runner.py:266} INFO - Task exited with return code 0
[2025-01-25T17:03:16.423+0000] {taskinstance.py:3895} INFO - 1 downstream tasks scheduled from follow-on schedule check
[2025-01-25T17:03:16.441+0000] {local_task_job_runner.py:245} INFO - ::endgroup::
[2025-01-26T06:34:09.389+0000] {local_task_job_runner.py:123} INFO - ::group::Pre task execution logs
[2025-01-26T06:34:09.734+0000] {taskinstance.py:2613} INFO - Dependencies all met for dep_context=non-requeueable deps ti=<TaskInstance: fetch_and_store_ebooks.fetch_ebook_data scheduled__2025-01-08T00:00:00+00:00 [queued]>
[2025-01-26T06:34:09.869+0000] {taskinstance.py:2613} INFO - Dependencies all met for dep_context=requeueable deps ti=<TaskInstance: fetch_and_store_ebooks.fetch_ebook_data scheduled__2025-01-08T00:00:00+00:00 [queued]>
[2025-01-26T06:34:09.903+0000] {taskinstance.py:2866} INFO - Starting attempt 1 of 2
[2025-01-26T06:34:13.215+0000] {taskinstance.py:2889} INFO - Executing <Task(PythonOperator): fetch_ebook_data> on 2025-01-08 00:00:00+00:00
[2025-01-26T06:34:13.368+0000] {warnings.py:112} WARNING - /home/***/.local/lib/python3.12/site-packages/***/task/task_runner/standard_task_runner.py:70: DeprecationWarning: This process (pid=382) is multi-threaded, use of fork() may lead to deadlocks in the child.
  pid = os.fork()

[2025-01-26T06:34:13.438+0000] {standard_task_runner.py:72} INFO - Started process 421 to run task
[2025-01-26T06:34:13.429+0000] {standard_task_runner.py:104} INFO - Running: ['***', 'tasks', 'run', 'fetch_and_store_ebooks', 'fetch_ebook_data', 'scheduled__2025-01-08T00:00:00+00:00', '--job-id', '540', '--raw', '--subdir', 'DAGS_FOLDER/app.py', '--cfg-path', '/tmp/tmpt9mta3_y']
[2025-01-26T06:34:13.500+0000] {standard_task_runner.py:105} INFO - Job 540: Subtask fetch_ebook_data
[2025-01-26T06:34:14.102+0000] {task_command.py:467} INFO - Running <TaskInstance: fetch_and_store_ebooks.fetch_ebook_data scheduled__2025-01-08T00:00:00+00:00 [running]> on host 34edd304782d
[2025-01-26T06:34:15.385+0000] {taskinstance.py:3132} INFO - Exporting env vars: AIRFLOW_CTX_DAG_OWNER='***' AIRFLOW_CTX_DAG_ID='fetch_and_store_ebooks' AIRFLOW_CTX_TASK_ID='fetch_ebook_data' AIRFLOW_CTX_EXECUTION_DATE='2025-01-08T00:00:00+00:00' AIRFLOW_CTX_TRY_NUMBER='1' AIRFLOW_CTX_DAG_RUN_ID='scheduled__2025-01-08T00:00:00+00:00'
[2025-01-26T06:34:15.424+0000] {logging_mixin.py:190} INFO - Task instance is in running state
[2025-01-26T06:34:15.438+0000] {logging_mixin.py:190} INFO -  Previous state of the Task instance: queued
[2025-01-26T06:34:15.451+0000] {logging_mixin.py:190} INFO - Current task name:fetch_ebook_data state:running start_date:2025-01-26 06:34:09.745407+00:00
[2025-01-26T06:34:15.462+0000] {logging_mixin.py:190} INFO - Dag name:fetch_and_store_ebooks and current dag run status:running
[2025-01-26T06:34:15.468+0000] {taskinstance.py:731} INFO - ::endgroup::
[2025-01-26T06:34:28.171+0000] {python.py:240} INFO - Done. Returned value was: None
[2025-01-26T06:34:28.211+0000] {taskinstance.py:340} INFO - ::group::Post task execution logs
[2025-01-26T06:34:28.214+0000] {taskinstance.py:352} INFO - Marking task as SUCCESS. dag_id=fetch_and_store_ebooks, task_id=fetch_ebook_data, run_id=scheduled__2025-01-08T00:00:00+00:00, execution_date=20250108T000000, start_date=20250126T063409, end_date=20250126T063428
[2025-01-26T06:34:28.303+0000] {logging_mixin.py:190} INFO - Task instance in success state
[2025-01-26T06:34:28.315+0000] {logging_mixin.py:190} INFO -  Previous state of the Task instance: running
[2025-01-26T06:34:28.319+0000] {logging_mixin.py:190} INFO - Dag name:fetch_and_store_ebooks queued_at:2025-01-26 06:33:32.082105+00:00
[2025-01-26T06:34:28.322+0000] {logging_mixin.py:190} INFO - Task hostname:34edd304782d operator:PythonOperator
[2025-01-26T06:34:28.398+0000] {local_task_job_runner.py:266} INFO - Task exited with return code 0
[2025-01-26T06:34:28.585+0000] {standard_task_runner.py:217} INFO - Process not found (most likely exited), stop collecting metrics
[2025-01-26T06:34:28.666+0000] {taskinstance.py:3895} INFO - 1 downstream tasks scheduled from follow-on schedule check
[2025-01-26T06:34:28.722+0000] {local_task_job_runner.py:245} INFO - ::endgroup::
[2025-01-26T07:22:05.097+0000] {local_task_job_runner.py:123} INFO - ::group::Pre task execution logs
[2025-01-26T07:22:05.375+0000] {taskinstance.py:2613} INFO - Dependencies all met for dep_context=non-requeueable deps ti=<TaskInstance: fetch_and_store_ebooks.fetch_ebook_data scheduled__2025-01-08T00:00:00+00:00 [queued]>
[2025-01-26T07:22:05.500+0000] {taskinstance.py:2613} INFO - Dependencies all met for dep_context=requeueable deps ti=<TaskInstance: fetch_and_store_ebooks.fetch_ebook_data scheduled__2025-01-08T00:00:00+00:00 [queued]>
[2025-01-26T07:22:05.507+0000] {taskinstance.py:2866} INFO - Starting attempt 1 of 2
[2025-01-26T07:22:06.897+0000] {taskinstance.py:2889} INFO - Executing <Task(PythonOperator): fetch_ebook_data> on 2025-01-08 00:00:00+00:00
[2025-01-26T07:22:07.077+0000] {warnings.py:112} WARNING - /home/***/.local/lib/python3.12/site-packages/***/task/task_runner/standard_task_runner.py:70: DeprecationWarning: This process (pid=1218) is multi-threaded, use of fork() may lead to deadlocks in the child.
  pid = os.fork()

[2025-01-26T07:22:07.132+0000] {standard_task_runner.py:72} INFO - Started process 1261 to run task
[2025-01-26T07:22:07.140+0000] {standard_task_runner.py:104} INFO - Running: ['***', 'tasks', 'run', 'fetch_and_store_ebooks', 'fetch_ebook_data', 'scheduled__2025-01-08T00:00:00+00:00', '--job-id', '624', '--raw', '--subdir', 'DAGS_FOLDER/app.py', '--cfg-path', '/tmp/tmp2cn548nm']
[2025-01-26T07:22:07.222+0000] {standard_task_runner.py:105} INFO - Job 624: Subtask fetch_ebook_data
[2025-01-26T07:22:07.564+0000] {task_command.py:467} INFO - Running <TaskInstance: fetch_and_store_ebooks.fetch_ebook_data scheduled__2025-01-08T00:00:00+00:00 [running]> on host 34edd304782d
[2025-01-26T07:22:08.744+0000] {taskinstance.py:3132} INFO - Exporting env vars: AIRFLOW_CTX_DAG_OWNER='***' AIRFLOW_CTX_DAG_ID='fetch_and_store_ebooks' AIRFLOW_CTX_TASK_ID='fetch_ebook_data' AIRFLOW_CTX_EXECUTION_DATE='2025-01-08T00:00:00+00:00' AIRFLOW_CTX_TRY_NUMBER='1' AIRFLOW_CTX_DAG_RUN_ID='scheduled__2025-01-08T00:00:00+00:00'
[2025-01-26T07:22:08.775+0000] {logging_mixin.py:190} INFO - Task instance is in running state
[2025-01-26T07:22:08.797+0000] {logging_mixin.py:190} INFO -  Previous state of the Task instance: queued
[2025-01-26T07:22:08.808+0000] {logging_mixin.py:190} INFO - Current task name:fetch_ebook_data state:running start_date:2025-01-26 07:22:05.382029+00:00
[2025-01-26T07:22:08.813+0000] {logging_mixin.py:190} INFO - Dag name:fetch_and_store_ebooks and current dag run status:running
[2025-01-26T07:22:08.816+0000] {taskinstance.py:731} INFO - ::endgroup::
[2025-01-26T07:22:18.618+0000] {python.py:240} INFO - Done. Returned value was: None
[2025-01-26T07:22:18.773+0000] {taskinstance.py:340} INFO - ::group::Post task execution logs
[2025-01-26T07:22:18.795+0000] {taskinstance.py:352} INFO - Marking task as SUCCESS. dag_id=fetch_and_store_ebooks, task_id=fetch_ebook_data, run_id=scheduled__2025-01-08T00:00:00+00:00, execution_date=20250108T000000, start_date=20250126T072205, end_date=20250126T072218
[2025-01-26T07:22:19.018+0000] {logging_mixin.py:190} INFO - Task instance in success state
[2025-01-26T07:22:19.046+0000] {logging_mixin.py:190} INFO -  Previous state of the Task instance: running
[2025-01-26T07:22:19.048+0000] {logging_mixin.py:190} INFO - Dag name:fetch_and_store_ebooks queued_at:2025-01-26 07:21:32.697906+00:00
[2025-01-26T07:22:19.059+0000] {logging_mixin.py:190} INFO - Task hostname:34edd304782d operator:PythonOperator
[2025-01-26T07:22:19.436+0000] {local_task_job_runner.py:266} INFO - Task exited with return code 0
[2025-01-26T07:22:20.028+0000] {taskinstance.py:3895} INFO - 1 downstream tasks scheduled from follow-on schedule check
[2025-01-26T07:22:20.063+0000] {local_task_job_runner.py:245} INFO - ::endgroup::
[2025-01-26T07:47:28.608+0000] {local_task_job_runner.py:123} INFO - ::group::Pre task execution logs
[2025-01-26T07:47:28.903+0000] {taskinstance.py:2613} INFO - Dependencies all met for dep_context=non-requeueable deps ti=<TaskInstance: fetch_and_store_ebooks.fetch_ebook_data scheduled__2025-01-08T00:00:00+00:00 [queued]>
[2025-01-26T07:47:29.028+0000] {taskinstance.py:2613} INFO - Dependencies all met for dep_context=requeueable deps ti=<TaskInstance: fetch_and_store_ebooks.fetch_ebook_data scheduled__2025-01-08T00:00:00+00:00 [queued]>
[2025-01-26T07:47:29.040+0000] {taskinstance.py:2866} INFO - Starting attempt 1 of 2
[2025-01-26T07:47:29.279+0000] {taskinstance.py:2889} INFO - Executing <Task(PythonOperator): fetch_ebook_data> on 2025-01-08 00:00:00+00:00
[2025-01-26T07:47:29.324+0000] {warnings.py:112} WARNING - /home/***/.local/lib/python3.12/site-packages/***/task/task_runner/standard_task_runner.py:70: DeprecationWarning: This process (pid=1891) is multi-threaded, use of fork() may lead to deadlocks in the child.
  pid = os.fork()

[2025-01-26T07:47:29.368+0000] {standard_task_runner.py:72} INFO - Started process 1930 to run task
[2025-01-26T07:47:29.383+0000] {standard_task_runner.py:104} INFO - Running: ['***', 'tasks', 'run', 'fetch_and_store_ebooks', 'fetch_ebook_data', 'scheduled__2025-01-08T00:00:00+00:00', '--job-id', '718', '--raw', '--subdir', 'DAGS_FOLDER/app.py', '--cfg-path', '/tmp/tmpmii5mx7u']
[2025-01-26T07:47:29.409+0000] {standard_task_runner.py:105} INFO - Job 718: Subtask fetch_ebook_data
[2025-01-26T07:47:29.892+0000] {task_command.py:467} INFO - Running <TaskInstance: fetch_and_store_ebooks.fetch_ebook_data scheduled__2025-01-08T00:00:00+00:00 [running]> on host 34edd304782d
[2025-01-26T07:47:31.382+0000] {taskinstance.py:3132} INFO - Exporting env vars: AIRFLOW_CTX_DAG_OWNER='***' AIRFLOW_CTX_DAG_ID='fetch_and_store_ebooks' AIRFLOW_CTX_TASK_ID='fetch_ebook_data' AIRFLOW_CTX_EXECUTION_DATE='2025-01-08T00:00:00+00:00' AIRFLOW_CTX_TRY_NUMBER='1' AIRFLOW_CTX_DAG_RUN_ID='scheduled__2025-01-08T00:00:00+00:00'
[2025-01-26T07:47:31.394+0000] {logging_mixin.py:190} INFO - Task instance is in running state
[2025-01-26T07:47:31.406+0000] {logging_mixin.py:190} INFO -  Previous state of the Task instance: queued
[2025-01-26T07:47:31.409+0000] {logging_mixin.py:190} INFO - Current task name:fetch_ebook_data state:running start_date:2025-01-26 07:47:28.919528+00:00
[2025-01-26T07:47:31.411+0000] {logging_mixin.py:190} INFO - Dag name:fetch_and_store_ebooks and current dag run status:running
[2025-01-26T07:47:31.425+0000] {taskinstance.py:731} INFO - ::endgroup::
[2025-01-26T07:47:41.402+0000] {python.py:240} INFO - Done. Returned value was: None
[2025-01-26T07:47:41.463+0000] {taskinstance.py:340} INFO - ::group::Post task execution logs
[2025-01-26T07:47:41.467+0000] {taskinstance.py:352} INFO - Marking task as SUCCESS. dag_id=fetch_and_store_ebooks, task_id=fetch_ebook_data, run_id=scheduled__2025-01-08T00:00:00+00:00, execution_date=20250108T000000, start_date=20250126T074728, end_date=20250126T074741
[2025-01-26T07:47:41.904+0000] {logging_mixin.py:190} INFO - Task instance in success state
[2025-01-26T07:47:41.907+0000] {logging_mixin.py:190} INFO -  Previous state of the Task instance: running
[2025-01-26T07:47:41.915+0000] {logging_mixin.py:190} INFO - Dag name:fetch_and_store_ebooks queued_at:2025-01-26 07:46:53.313504+00:00
[2025-01-26T07:47:41.920+0000] {logging_mixin.py:190} INFO - Task hostname:34edd304782d operator:PythonOperator
[2025-01-26T07:47:42.038+0000] {local_task_job_runner.py:266} INFO - Task exited with return code 0
[2025-01-26T07:47:42.203+0000] {taskinstance.py:3895} INFO - 1 downstream tasks scheduled from follow-on schedule check
[2025-01-26T07:47:42.211+0000] {local_task_job_runner.py:245} INFO - ::endgroup::
[2025-01-26T08:51:28.254+0000] {local_task_job_runner.py:123} INFO - ::group::Pre task execution logs
[2025-01-26T08:51:28.453+0000] {taskinstance.py:2613} INFO - Dependencies all met for dep_context=non-requeueable deps ti=<TaskInstance: fetch_and_store_ebooks.fetch_ebook_data scheduled__2025-01-08T00:00:00+00:00 [queued]>
[2025-01-26T08:51:28.581+0000] {taskinstance.py:2613} INFO - Dependencies all met for dep_context=requeueable deps ti=<TaskInstance: fetch_and_store_ebooks.fetch_ebook_data scheduled__2025-01-08T00:00:00+00:00 [queued]>
[2025-01-26T08:51:28.589+0000] {taskinstance.py:2866} INFO - Starting attempt 1 of 2
[2025-01-26T08:51:28.800+0000] {taskinstance.py:2889} INFO - Executing <Task(PythonOperator): fetch_ebook_data> on 2025-01-08 00:00:00+00:00
[2025-01-26T08:51:28.903+0000] {warnings.py:112} WARNING - /home/***/.local/lib/python3.12/site-packages/***/task/task_runner/standard_task_runner.py:70: DeprecationWarning: This process (pid=3197) is multi-threaded, use of fork() may lead to deadlocks in the child.
  pid = os.fork()

[2025-01-26T08:51:28.939+0000] {standard_task_runner.py:72} INFO - Started process 3236 to run task
[2025-01-26T08:51:28.932+0000] {standard_task_runner.py:104} INFO - Running: ['***', 'tasks', 'run', 'fetch_and_store_ebooks', 'fetch_ebook_data', 'scheduled__2025-01-08T00:00:00+00:00', '--job-id', '876', '--raw', '--subdir', 'DAGS_FOLDER/app.py', '--cfg-path', '/tmp/tmprjrn08s0']
[2025-01-26T08:51:28.956+0000] {standard_task_runner.py:105} INFO - Job 876: Subtask fetch_ebook_data
[2025-01-26T08:51:29.637+0000] {task_command.py:467} INFO - Running <TaskInstance: fetch_and_store_ebooks.fetch_ebook_data scheduled__2025-01-08T00:00:00+00:00 [running]> on host 34edd304782d
[2025-01-26T08:51:30.902+0000] {taskinstance.py:3132} INFO - Exporting env vars: AIRFLOW_CTX_DAG_OWNER='***' AIRFLOW_CTX_DAG_ID='fetch_and_store_ebooks' AIRFLOW_CTX_TASK_ID='fetch_ebook_data' AIRFLOW_CTX_EXECUTION_DATE='2025-01-08T00:00:00+00:00' AIRFLOW_CTX_TRY_NUMBER='1' AIRFLOW_CTX_DAG_RUN_ID='scheduled__2025-01-08T00:00:00+00:00'
[2025-01-26T08:51:30.925+0000] {logging_mixin.py:190} INFO - Task instance is in running state
[2025-01-26T08:51:30.927+0000] {logging_mixin.py:190} INFO -  Previous state of the Task instance: queued
[2025-01-26T08:51:30.929+0000] {logging_mixin.py:190} INFO - Current task name:fetch_ebook_data state:running start_date:2025-01-26 08:51:28.469160+00:00
[2025-01-26T08:51:30.932+0000] {logging_mixin.py:190} INFO - Dag name:fetch_and_store_ebooks and current dag run status:running
[2025-01-26T08:51:30.940+0000] {taskinstance.py:731} INFO - ::endgroup::
[2025-01-26T08:51:38.471+0000] {python.py:240} INFO - Done. Returned value was: None
[2025-01-26T08:51:38.775+0000] {taskinstance.py:340} INFO - ::group::Post task execution logs
[2025-01-26T08:51:38.809+0000] {taskinstance.py:352} INFO - Marking task as SUCCESS. dag_id=fetch_and_store_ebooks, task_id=fetch_ebook_data, run_id=scheduled__2025-01-08T00:00:00+00:00, execution_date=20250108T000000, start_date=20250126T085128, end_date=20250126T085138
[2025-01-26T08:51:39.274+0000] {logging_mixin.py:190} INFO - Task instance in success state
[2025-01-26T08:51:39.294+0000] {logging_mixin.py:190} INFO -  Previous state of the Task instance: running
[2025-01-26T08:51:39.304+0000] {logging_mixin.py:190} INFO - Dag name:fetch_and_store_ebooks queued_at:2025-01-26 08:50:54.004414+00:00
[2025-01-26T08:51:39.307+0000] {logging_mixin.py:190} INFO - Task hostname:34edd304782d operator:PythonOperator
[2025-01-26T08:51:39.641+0000] {local_task_job_runner.py:266} INFO - Task exited with return code 0
[2025-01-26T08:51:39.901+0000] {local_task_job_runner.py:245} INFO - ::endgroup::
[2025-01-26T08:58:24.889+0000] {local_task_job_runner.py:123} INFO - ::group::Pre task execution logs
[2025-01-26T08:58:25.731+0000] {taskinstance.py:2613} INFO - Dependencies all met for dep_context=non-requeueable deps ti=<TaskInstance: fetch_and_store_ebooks.fetch_ebook_data scheduled__2025-01-08T00:00:00+00:00 [queued]>
[2025-01-26T08:58:26.169+0000] {taskinstance.py:2613} INFO - Dependencies all met for dep_context=requeueable deps ti=<TaskInstance: fetch_and_store_ebooks.fetch_ebook_data scheduled__2025-01-08T00:00:00+00:00 [queued]>
[2025-01-26T08:58:26.174+0000] {taskinstance.py:2866} INFO - Starting attempt 1 of 2
[2025-01-26T08:58:27.640+0000] {taskinstance.py:2889} INFO - Executing <Task(PythonOperator): fetch_ebook_data> on 2025-01-08 00:00:00+00:00
[2025-01-26T08:58:27.701+0000] {warnings.py:112} WARNING - /home/***/.local/lib/python3.12/site-packages/***/task/task_runner/standard_task_runner.py:70: DeprecationWarning: This process (pid=3399) is multi-threaded, use of fork() may lead to deadlocks in the child.
  pid = os.fork()

[2025-01-26T08:58:27.721+0000] {standard_task_runner.py:72} INFO - Started process 3438 to run task
[2025-01-26T08:58:27.728+0000] {standard_task_runner.py:104} INFO - Running: ['***', 'tasks', 'run', 'fetch_and_store_ebooks', 'fetch_ebook_data', 'scheduled__2025-01-08T00:00:00+00:00', '--job-id', '908', '--raw', '--subdir', 'DAGS_FOLDER/app.py', '--cfg-path', '/tmp/tmp80db2zsm']
[2025-01-26T08:58:27.740+0000] {standard_task_runner.py:105} INFO - Job 908: Subtask fetch_ebook_data
[2025-01-26T08:58:28.287+0000] {task_command.py:467} INFO - Running <TaskInstance: fetch_and_store_ebooks.fetch_ebook_data scheduled__2025-01-08T00:00:00+00:00 [running]> on host 34edd304782d
[2025-01-26T08:58:30.020+0000] {taskinstance.py:3132} INFO - Exporting env vars: AIRFLOW_CTX_DAG_OWNER='***' AIRFLOW_CTX_DAG_ID='fetch_and_store_ebooks' AIRFLOW_CTX_TASK_ID='fetch_ebook_data' AIRFLOW_CTX_EXECUTION_DATE='2025-01-08T00:00:00+00:00' AIRFLOW_CTX_TRY_NUMBER='1' AIRFLOW_CTX_DAG_RUN_ID='scheduled__2025-01-08T00:00:00+00:00'
[2025-01-26T08:58:30.029+0000] {logging_mixin.py:190} INFO - Task instance is in running state
[2025-01-26T08:58:30.065+0000] {logging_mixin.py:190} INFO -  Previous state of the Task instance: queued
[2025-01-26T08:58:30.086+0000] {logging_mixin.py:190} INFO - Current task name:fetch_ebook_data state:running start_date:2025-01-26 08:58:25.822607+00:00
[2025-01-26T08:58:30.102+0000] {logging_mixin.py:190} INFO - Dag name:fetch_and_store_ebooks and current dag run status:running
[2025-01-26T08:58:30.120+0000] {taskinstance.py:731} INFO - ::endgroup::
[2025-01-26T08:58:40.456+0000] {python.py:240} INFO - Done. Returned value was: None
[2025-01-26T08:58:40.574+0000] {taskinstance.py:340} INFO - ::group::Post task execution logs
[2025-01-26T08:58:40.584+0000] {taskinstance.py:352} INFO - Marking task as SUCCESS. dag_id=fetch_and_store_ebooks, task_id=fetch_ebook_data, run_id=scheduled__2025-01-08T00:00:00+00:00, execution_date=20250108T000000, start_date=20250126T085825, end_date=20250126T085840
[2025-01-26T08:58:41.383+0000] {logging_mixin.py:190} INFO - Task instance in success state
[2025-01-26T08:58:41.392+0000] {logging_mixin.py:190} INFO -  Previous state of the Task instance: running
[2025-01-26T08:58:41.403+0000] {logging_mixin.py:190} INFO - Dag name:fetch_and_store_ebooks queued_at:2025-01-26 08:57:48.796975+00:00
[2025-01-26T08:58:41.409+0000] {logging_mixin.py:190} INFO - Task hostname:34edd304782d operator:PythonOperator
[2025-01-26T08:58:41.603+0000] {local_task_job_runner.py:266} INFO - Task exited with return code 0
[2025-01-26T08:58:42.218+0000] {taskinstance.py:3895} INFO - 1 downstream tasks scheduled from follow-on schedule check
[2025-01-26T08:58:42.249+0000] {local_task_job_runner.py:245} INFO - ::endgroup::
[2025-01-26T09:05:39.261+0000] {local_task_job_runner.py:123} INFO - ::group::Pre task execution logs
[2025-01-26T09:05:39.597+0000] {taskinstance.py:2613} INFO - Dependencies all met for dep_context=non-requeueable deps ti=<TaskInstance: fetch_and_store_ebooks.fetch_ebook_data scheduled__2025-01-08T00:00:00+00:00 [queued]>
[2025-01-26T09:05:39.751+0000] {taskinstance.py:2613} INFO - Dependencies all met for dep_context=requeueable deps ti=<TaskInstance: fetch_and_store_ebooks.fetch_ebook_data scheduled__2025-01-08T00:00:00+00:00 [queued]>
[2025-01-26T09:05:39.769+0000] {taskinstance.py:2866} INFO - Starting attempt 1 of 2
[2025-01-26T09:05:40.378+0000] {taskinstance.py:2889} INFO - Executing <Task(PythonOperator): fetch_ebook_data> on 2025-01-08 00:00:00+00:00
[2025-01-26T09:05:40.408+0000] {warnings.py:112} WARNING - /home/***/.local/lib/python3.12/site-packages/***/task/task_runner/standard_task_runner.py:70: DeprecationWarning: This process (pid=3606) is multi-threaded, use of fork() may lead to deadlocks in the child.
  pid = os.fork()

[2025-01-26T09:05:40.438+0000] {standard_task_runner.py:72} INFO - Started process 3647 to run task
[2025-01-26T09:05:40.472+0000] {standard_task_runner.py:104} INFO - Running: ['***', 'tasks', 'run', 'fetch_and_store_ebooks', 'fetch_ebook_data', 'scheduled__2025-01-08T00:00:00+00:00', '--job-id', '942', '--raw', '--subdir', 'DAGS_FOLDER/app.py', '--cfg-path', '/tmp/tmpfeyvlyef']
[2025-01-26T09:05:40.515+0000] {standard_task_runner.py:105} INFO - Job 942: Subtask fetch_ebook_data
[2025-01-26T09:05:41.402+0000] {task_command.py:467} INFO - Running <TaskInstance: fetch_and_store_ebooks.fetch_ebook_data scheduled__2025-01-08T00:00:00+00:00 [running]> on host 34edd304782d
[2025-01-26T09:05:42.771+0000] {taskinstance.py:3132} INFO - Exporting env vars: AIRFLOW_CTX_DAG_OWNER='***' AIRFLOW_CTX_DAG_ID='fetch_and_store_ebooks' AIRFLOW_CTX_TASK_ID='fetch_ebook_data' AIRFLOW_CTX_EXECUTION_DATE='2025-01-08T00:00:00+00:00' AIRFLOW_CTX_TRY_NUMBER='1' AIRFLOW_CTX_DAG_RUN_ID='scheduled__2025-01-08T00:00:00+00:00'
[2025-01-26T09:05:42.784+0000] {logging_mixin.py:190} INFO - Task instance is in running state
[2025-01-26T09:05:42.793+0000] {logging_mixin.py:190} INFO -  Previous state of the Task instance: queued
[2025-01-26T09:05:42.798+0000] {logging_mixin.py:190} INFO - Current task name:fetch_ebook_data state:running start_date:2025-01-26 09:05:39.612928+00:00
[2025-01-26T09:05:42.819+0000] {logging_mixin.py:190} INFO - Dag name:fetch_and_store_ebooks and current dag run status:running
[2025-01-26T09:05:42.823+0000] {taskinstance.py:731} INFO - ::endgroup::
[2025-01-26T09:05:51.635+0000] {python.py:240} INFO - Done. Returned value was: None
[2025-01-26T09:05:51.825+0000] {taskinstance.py:340} INFO - ::group::Post task execution logs
[2025-01-26T09:05:51.830+0000] {taskinstance.py:352} INFO - Marking task as SUCCESS. dag_id=fetch_and_store_ebooks, task_id=fetch_ebook_data, run_id=scheduled__2025-01-08T00:00:00+00:00, execution_date=20250108T000000, start_date=20250126T090539, end_date=20250126T090551
[2025-01-26T09:05:52.169+0000] {logging_mixin.py:190} INFO - Task instance in success state
[2025-01-26T09:05:52.178+0000] {logging_mixin.py:190} INFO -  Previous state of the Task instance: running
[2025-01-26T09:05:52.185+0000] {logging_mixin.py:190} INFO - Dag name:fetch_and_store_ebooks queued_at:2025-01-26 09:04:55.852833+00:00
[2025-01-26T09:05:52.195+0000] {logging_mixin.py:190} INFO - Task hostname:34edd304782d operator:PythonOperator
[2025-01-26T09:05:52.317+0000] {local_task_job_runner.py:266} INFO - Task exited with return code 0
[2025-01-26T09:05:52.684+0000] {taskinstance.py:3895} INFO - 1 downstream tasks scheduled from follow-on schedule check
[2025-01-26T09:05:52.708+0000] {local_task_job_runner.py:245} INFO - ::endgroup::
[2025-01-26T09:16:17.711+0000] {local_task_job_runner.py:123} INFO - ::group::Pre task execution logs
[2025-01-26T09:16:17.980+0000] {taskinstance.py:2613} INFO - Dependencies all met for dep_context=non-requeueable deps ti=<TaskInstance: fetch_and_store_ebooks.fetch_ebook_data scheduled__2025-01-08T00:00:00+00:00 [queued]>
[2025-01-26T09:16:18.084+0000] {taskinstance.py:2613} INFO - Dependencies all met for dep_context=requeueable deps ti=<TaskInstance: fetch_and_store_ebooks.fetch_ebook_data scheduled__2025-01-08T00:00:00+00:00 [queued]>
[2025-01-26T09:16:18.087+0000] {taskinstance.py:2866} INFO - Starting attempt 1 of 2
[2025-01-26T09:16:18.285+0000] {taskinstance.py:2889} INFO - Executing <Task(PythonOperator): fetch_ebook_data> on 2025-01-08 00:00:00+00:00
[2025-01-26T09:16:18.359+0000] {warnings.py:112} WARNING - /home/***/.local/lib/python3.12/site-packages/***/task/task_runner/standard_task_runner.py:70: DeprecationWarning: This process (pid=4010) is multi-threaded, use of fork() may lead to deadlocks in the child.
  pid = os.fork()

[2025-01-26T09:16:18.425+0000] {standard_task_runner.py:72} INFO - Started process 4050 to run task
[2025-01-26T09:16:18.471+0000] {standard_task_runner.py:104} INFO - Running: ['***', 'tasks', 'run', 'fetch_and_store_ebooks', 'fetch_ebook_data', 'scheduled__2025-01-08T00:00:00+00:00', '--job-id', '1010', '--raw', '--subdir', 'DAGS_FOLDER/app.py', '--cfg-path', '/tmp/tmpx_ewzziz']
[2025-01-26T09:16:18.476+0000] {standard_task_runner.py:105} INFO - Job 1010: Subtask fetch_ebook_data
[2025-01-26T09:16:20.106+0000] {task_command.py:467} INFO - Running <TaskInstance: fetch_and_store_ebooks.fetch_ebook_data scheduled__2025-01-08T00:00:00+00:00 [running]> on host 34edd304782d
[2025-01-26T09:16:22.975+0000] {taskinstance.py:3132} INFO - Exporting env vars: AIRFLOW_CTX_DAG_OWNER='***' AIRFLOW_CTX_DAG_ID='fetch_and_store_ebooks' AIRFLOW_CTX_TASK_ID='fetch_ebook_data' AIRFLOW_CTX_EXECUTION_DATE='2025-01-08T00:00:00+00:00' AIRFLOW_CTX_TRY_NUMBER='1' AIRFLOW_CTX_DAG_RUN_ID='scheduled__2025-01-08T00:00:00+00:00'
[2025-01-26T09:16:23.012+0000] {logging_mixin.py:190} INFO - Task instance is in running state
[2025-01-26T09:16:23.066+0000] {logging_mixin.py:190} INFO -  Previous state of the Task instance: queued
[2025-01-26T09:16:23.111+0000] {logging_mixin.py:190} INFO - Current task name:fetch_ebook_data state:running start_date:2025-01-26 09:16:17.993777+00:00
[2025-01-26T09:16:23.141+0000] {logging_mixin.py:190} INFO - Dag name:fetch_and_store_ebooks and current dag run status:running
[2025-01-26T09:16:23.159+0000] {taskinstance.py:731} INFO - ::endgroup::
[2025-01-26T09:16:33.064+0000] {python.py:240} INFO - Done. Returned value was: None
[2025-01-26T09:16:33.121+0000] {taskinstance.py:340} INFO - ::group::Post task execution logs
[2025-01-26T09:16:33.125+0000] {taskinstance.py:352} INFO - Marking task as SUCCESS. dag_id=fetch_and_store_ebooks, task_id=fetch_ebook_data, run_id=scheduled__2025-01-08T00:00:00+00:00, execution_date=20250108T000000, start_date=20250126T091617, end_date=20250126T091633
[2025-01-26T09:16:33.710+0000] {logging_mixin.py:190} INFO - Task instance in success state
[2025-01-26T09:16:33.722+0000] {logging_mixin.py:190} INFO -  Previous state of the Task instance: running
[2025-01-26T09:16:33.818+0000] {logging_mixin.py:190} INFO - Dag name:fetch_and_store_ebooks queued_at:2025-01-26 09:15:47.050874+00:00
[2025-01-26T09:16:33.931+0000] {logging_mixin.py:190} INFO - Task hostname:34edd304782d operator:PythonOperator
[2025-01-26T09:16:34.263+0000] {local_task_job_runner.py:266} INFO - Task exited with return code 0
[2025-01-26T09:16:34.332+0000] {local_task_job_runner.py:245} INFO - ::endgroup::
[2025-01-26T09:26:51.109+0000] {local_task_job_runner.py:123} INFO - ::group::Pre task execution logs
[2025-01-26T09:26:51.433+0000] {taskinstance.py:2613} INFO - Dependencies all met for dep_context=non-requeueable deps ti=<TaskInstance: fetch_and_store_ebooks.fetch_ebook_data scheduled__2025-01-08T00:00:00+00:00 [queued]>
[2025-01-26T09:26:51.515+0000] {taskinstance.py:2613} INFO - Dependencies all met for dep_context=requeueable deps ti=<TaskInstance: fetch_and_store_ebooks.fetch_ebook_data scheduled__2025-01-08T00:00:00+00:00 [queued]>
[2025-01-26T09:26:51.517+0000] {taskinstance.py:2866} INFO - Starting attempt 1 of 2
[2025-01-26T09:26:51.617+0000] {taskinstance.py:2889} INFO - Executing <Task(PythonOperator): fetch_ebook_data> on 2025-01-08 00:00:00+00:00
[2025-01-26T09:26:51.705+0000] {warnings.py:112} WARNING - /home/***/.local/lib/python3.12/site-packages/***/task/task_runner/standard_task_runner.py:70: DeprecationWarning: This process (pid=4321) is multi-threaded, use of fork() may lead to deadlocks in the child.
  pid = os.fork()

[2025-01-26T09:26:51.716+0000] {standard_task_runner.py:72} INFO - Started process 4357 to run task
[2025-01-26T09:26:51.779+0000] {standard_task_runner.py:104} INFO - Running: ['***', 'tasks', 'run', 'fetch_and_store_ebooks', 'fetch_ebook_data', 'scheduled__2025-01-08T00:00:00+00:00', '--job-id', '1061', '--raw', '--subdir', 'DAGS_FOLDER/app.py', '--cfg-path', '/tmp/tmppl789vf9']
[2025-01-26T09:26:51.785+0000] {standard_task_runner.py:105} INFO - Job 1061: Subtask fetch_ebook_data
[2025-01-26T09:26:52.361+0000] {task_command.py:467} INFO - Running <TaskInstance: fetch_and_store_ebooks.fetch_ebook_data scheduled__2025-01-08T00:00:00+00:00 [running]> on host 34edd304782d
[2025-01-26T09:26:53.492+0000] {taskinstance.py:3132} INFO - Exporting env vars: AIRFLOW_CTX_DAG_OWNER='***' AIRFLOW_CTX_DAG_ID='fetch_and_store_ebooks' AIRFLOW_CTX_TASK_ID='fetch_ebook_data' AIRFLOW_CTX_EXECUTION_DATE='2025-01-08T00:00:00+00:00' AIRFLOW_CTX_TRY_NUMBER='1' AIRFLOW_CTX_DAG_RUN_ID='scheduled__2025-01-08T00:00:00+00:00'
[2025-01-26T09:26:53.501+0000] {logging_mixin.py:190} INFO - Task instance is in running state
[2025-01-26T09:26:53.505+0000] {logging_mixin.py:190} INFO -  Previous state of the Task instance: queued
[2025-01-26T09:26:53.507+0000] {logging_mixin.py:190} INFO - Current task name:fetch_ebook_data state:running start_date:2025-01-26 09:26:51.439896+00:00
[2025-01-26T09:26:53.511+0000] {logging_mixin.py:190} INFO - Dag name:fetch_and_store_ebooks and current dag run status:running
[2025-01-26T09:26:53.515+0000] {taskinstance.py:731} INFO - ::endgroup::
[2025-01-26T09:27:02.972+0000] {python.py:240} INFO - Done. Returned value was: None
[2025-01-26T09:27:03.099+0000] {taskinstance.py:340} INFO - ::group::Post task execution logs
[2025-01-26T09:27:03.115+0000] {taskinstance.py:352} INFO - Marking task as SUCCESS. dag_id=fetch_and_store_ebooks, task_id=fetch_ebook_data, run_id=scheduled__2025-01-08T00:00:00+00:00, execution_date=20250108T000000, start_date=20250126T092651, end_date=20250126T092703
[2025-01-26T09:27:03.645+0000] {logging_mixin.py:190} INFO - Task instance in success state
[2025-01-26T09:27:03.659+0000] {logging_mixin.py:190} INFO -  Previous state of the Task instance: running
[2025-01-26T09:27:03.665+0000] {logging_mixin.py:190} INFO - Dag name:fetch_and_store_ebooks queued_at:2025-01-26 09:26:18.485561+00:00
[2025-01-26T09:27:03.667+0000] {logging_mixin.py:190} INFO - Task hostname:34edd304782d operator:PythonOperator
[2025-01-26T09:27:03.834+0000] {local_task_job_runner.py:266} INFO - Task exited with return code 0
[2025-01-26T09:27:04.335+0000] {taskinstance.py:3895} INFO - 1 downstream tasks scheduled from follow-on schedule check
[2025-01-26T09:27:04.364+0000] {local_task_job_runner.py:245} INFO - ::endgroup::
