[2025-01-26T09:39:54.952+0000] {local_task_job_runner.py:123} INFO - ::group::Pre task execution logs
[2025-01-26T09:39:55.191+0000] {taskinstance.py:2613} INFO - Dependencies all met for dep_context=non-requeueable deps ti=<TaskInstance: fetch_and_store_ebooks.create_table scheduled__2020-01-30T00:00:00+00:00 [queued]>
[2025-01-26T09:39:55.480+0000] {taskinstance.py:2613} INFO - Dependencies all met for dep_context=requeueable deps ti=<TaskInstance: fetch_and_store_ebooks.create_table scheduled__2020-01-30T00:00:00+00:00 [queued]>
[2025-01-26T09:39:55.508+0000] {taskinstance.py:2866} INFO - Starting attempt 1 of 2
[2025-01-26T09:39:56.092+0000] {taskinstance.py:2889} INFO - Executing <Task(PostgresOperator): create_table> on 2020-01-30 00:00:00+00:00
[2025-01-26T09:39:56.339+0000] {warnings.py:112} WARNING - /home/***/.local/lib/python3.12/site-packages/***/task/task_runner/standard_task_runner.py:70: DeprecationWarning: This process (pid=5010) is multi-threaded, use of fork() may lead to deadlocks in the child.
  pid = os.fork()

[2025-01-26T09:39:56.388+0000] {standard_task_runner.py:72} INFO - Started process 5077 to run task
[2025-01-26T09:39:56.414+0000] {standard_task_runner.py:104} INFO - Running: ['***', 'tasks', 'run', 'fetch_and_store_ebooks', 'create_table', 'scheduled__2020-01-30T00:00:00+00:00', '--job-id', '1198', '--raw', '--subdir', 'DAGS_FOLDER/app.py', '--cfg-path', '/tmp/tmpuf5du8v2']
[2025-01-26T09:39:56.457+0000] {standard_task_runner.py:105} INFO - Job 1198: Subtask create_table
[2025-01-26T09:39:57.310+0000] {task_command.py:467} INFO - Running <TaskInstance: fetch_and_store_ebooks.create_table scheduled__2020-01-30T00:00:00+00:00 [running]> on host 34edd304782d
[2025-01-26T09:39:59.203+0000] {taskinstance.py:3132} INFO - Exporting env vars: AIRFLOW_CTX_DAG_OWNER='***' AIRFLOW_CTX_DAG_ID='fetch_and_store_ebooks' AIRFLOW_CTX_TASK_ID='create_table' AIRFLOW_CTX_EXECUTION_DATE='2020-01-30T00:00:00+00:00' AIRFLOW_CTX_TRY_NUMBER='1' AIRFLOW_CTX_DAG_RUN_ID='scheduled__2020-01-30T00:00:00+00:00'
[2025-01-26T09:39:59.216+0000] {logging_mixin.py:190} INFO - Task instance is in running state
[2025-01-26T09:39:59.238+0000] {logging_mixin.py:190} INFO -  Previous state of the Task instance: queued
[2025-01-26T09:39:59.240+0000] {logging_mixin.py:190} INFO - Current task name:create_table state:running start_date:2025-01-26 09:39:55.206623+00:00
[2025-01-26T09:39:59.242+0000] {logging_mixin.py:190} INFO - Dag name:fetch_and_store_ebooks and current dag run status:running
[2025-01-26T09:39:59.244+0000] {taskinstance.py:731} INFO - ::endgroup::
[2025-01-26T09:39:59.246+0000] {sql.py:278} INFO - Executing: 
    CREATE TABLE IF NOT EXISTS public.ebooks (
        id SERIAL PRIMARY KEY,
        judul TEXT NOT NULL,
        penulis TEXT,
        link TEXT
    );
    
[2025-01-26T09:39:59.318+0000] {base.py:84} INFO - Retrieving connection 'ebooks_connection'
[2025-01-26T09:39:59.409+0000] {base.py:84} INFO - Retrieving connection 'ebooks_connection'
[2025-01-26T09:39:59.623+0000] {sql.py:553} INFO - Running statement: 
    CREATE TABLE IF NOT EXISTS public.ebooks (
        id SERIAL PRIMARY KEY,
        judul TEXT NOT NULL,
        penulis TEXT,
        link TEXT
    );
    , parameters: None
[2025-01-26T09:39:59.745+0000] {taskinstance.py:340} INFO - ::group::Post task execution logs
[2025-01-26T09:39:59.749+0000] {taskinstance.py:352} INFO - Marking task as SUCCESS. dag_id=fetch_and_store_ebooks, task_id=create_table, run_id=scheduled__2020-01-30T00:00:00+00:00, execution_date=20200130T000000, start_date=20250126T093955, end_date=20250126T093959
[2025-01-26T09:39:59.894+0000] {logging_mixin.py:190} INFO - Task instance in success state
[2025-01-26T09:39:59.896+0000] {logging_mixin.py:190} INFO -  Previous state of the Task instance: running
[2025-01-26T09:39:59.897+0000] {logging_mixin.py:190} INFO - Dag name:fetch_and_store_ebooks queued_at:2025-01-26 09:37:21.850322+00:00
[2025-01-26T09:39:59.899+0000] {logging_mixin.py:190} INFO - Task hostname:34edd304782d operator:PostgresOperator
[2025-01-26T09:40:00.012+0000] {local_task_job_runner.py:266} INFO - Task exited with return code 0
[2025-01-26T09:40:00.184+0000] {taskinstance.py:3895} INFO - 1 downstream tasks scheduled from follow-on schedule check
[2025-01-26T09:40:00.190+0000] {local_task_job_runner.py:245} INFO - ::endgroup::
