[2025-01-26T10:20:19.223+0000] {local_task_job_runner.py:123} INFO - ::group::Pre task execution logs
[2025-01-26T10:20:20.039+0000] {taskinstance.py:2613} INFO - Dependencies all met for dep_context=non-requeueable deps ti=<TaskInstance: fetch_and_store_ebooks.fetch_ebook_data scheduled__2020-04-30T00:00:00+00:00 [queued]>
[2025-01-26T10:20:20.395+0000] {taskinstance.py:2613} INFO - Dependencies all met for dep_context=requeueable deps ti=<TaskInstance: fetch_and_store_ebooks.fetch_ebook_data scheduled__2020-04-30T00:00:00+00:00 [queued]>
[2025-01-26T10:20:20.469+0000] {taskinstance.py:2866} INFO - Starting attempt 1 of 2
[2025-01-26T10:20:22.631+0000] {taskinstance.py:2889} INFO - Executing <Task(PythonOperator): fetch_ebook_data> on 2020-04-30 00:00:00+00:00
[2025-01-26T10:20:22.741+0000] {warnings.py:112} WARNING - /home/***/.local/lib/python3.12/site-packages/***/task/task_runner/standard_task_runner.py:70: DeprecationWarning: This process (pid=6568) is multi-threaded, use of fork() may lead to deadlocks in the child.
  pid = os.fork()

[2025-01-26T10:20:22.814+0000] {standard_task_runner.py:104} INFO - Running: ['***', 'tasks', 'run', 'fetch_and_store_ebooks', 'fetch_ebook_data', 'scheduled__2020-04-30T00:00:00+00:00', '--job-id', '1496', '--raw', '--subdir', 'DAGS_FOLDER/app.py', '--cfg-path', '/tmp/tmprmny53xn']
[2025-01-26T10:20:22.897+0000] {standard_task_runner.py:105} INFO - Job 1496: Subtask fetch_ebook_data
[2025-01-26T10:20:22.880+0000] {standard_task_runner.py:72} INFO - Started process 6621 to run task
[2025-01-26T10:20:24.279+0000] {task_command.py:467} INFO - Running <TaskInstance: fetch_and_store_ebooks.fetch_ebook_data scheduled__2020-04-30T00:00:00+00:00 [running]> on host 34edd304782d
[2025-01-26T10:20:26.129+0000] {taskinstance.py:3132} INFO - Exporting env vars: AIRFLOW_CTX_DAG_OWNER='***' AIRFLOW_CTX_DAG_ID='fetch_and_store_ebooks' AIRFLOW_CTX_TASK_ID='fetch_ebook_data' AIRFLOW_CTX_EXECUTION_DATE='2020-04-30T00:00:00+00:00' AIRFLOW_CTX_TRY_NUMBER='1' AIRFLOW_CTX_DAG_RUN_ID='scheduled__2020-04-30T00:00:00+00:00'
[2025-01-26T10:20:26.186+0000] {logging_mixin.py:190} INFO - Task instance is in running state
[2025-01-26T10:20:26.221+0000] {logging_mixin.py:190} INFO -  Previous state of the Task instance: queued
[2025-01-26T10:20:26.255+0000] {logging_mixin.py:190} INFO - Current task name:fetch_ebook_data state:running start_date:2025-01-26 10:20:20.045858+00:00
[2025-01-26T10:20:26.362+0000] {logging_mixin.py:190} INFO - Dag name:fetch_and_store_ebooks and current dag run status:running
[2025-01-26T10:20:26.396+0000] {taskinstance.py:731} INFO - ::endgroup::
[2025-01-26T10:20:28.196+0000] {job.py:229} INFO - Heartbeat recovered after 12.02 seconds
[2025-01-26T10:20:42.554+0000] {python.py:240} INFO - Done. Returned value was: None
[2025-01-26T10:20:42.746+0000] {taskinstance.py:340} INFO - ::group::Post task execution logs
[2025-01-26T10:20:42.761+0000] {taskinstance.py:352} INFO - Marking task as SUCCESS. dag_id=fetch_and_store_ebooks, task_id=fetch_ebook_data, run_id=scheduled__2020-04-30T00:00:00+00:00, execution_date=20200430T000000, start_date=20250126T102020, end_date=20250126T102042
[2025-01-26T10:20:43.073+0000] {logging_mixin.py:190} INFO - Task instance in success state
[2025-01-26T10:20:43.082+0000] {logging_mixin.py:190} INFO -  Previous state of the Task instance: running
[2025-01-26T10:20:43.085+0000] {logging_mixin.py:190} INFO - Dag name:fetch_and_store_ebooks queued_at:2025-01-26 10:19:17.848021+00:00
[2025-01-26T10:20:43.097+0000] {logging_mixin.py:190} INFO - Task hostname:34edd304782d operator:PythonOperator
[2025-01-26T10:20:43.229+0000] {local_task_job_runner.py:266} INFO - Task exited with return code 0
[2025-01-26T10:20:43.931+0000] {taskinstance.py:3895} INFO - 1 downstream tasks scheduled from follow-on schedule check
[2025-01-26T10:20:43.956+0000] {local_task_job_runner.py:245} INFO - ::endgroup::
