[2025-01-26T08:51:32.395+0000] {local_task_job_runner.py:123} INFO - ::group::Pre task execution logs
[2025-01-26T08:51:32.794+0000] {taskinstance.py:2613} INFO - Dependencies all met for dep_context=non-requeueable deps ti=<TaskInstance: fetch_and_store_ebooks.fetch_ebook_data manual__2025-01-26T08:50:54.837155+00:00 [queued]>
[2025-01-26T08:51:32.935+0000] {taskinstance.py:2613} INFO - Dependencies all met for dep_context=requeueable deps ti=<TaskInstance: fetch_and_store_ebooks.fetch_ebook_data manual__2025-01-26T08:50:54.837155+00:00 [queued]>
[2025-01-26T08:51:32.941+0000] {taskinstance.py:2866} INFO - Starting attempt 1 of 2
[2025-01-26T08:51:34.437+0000] {taskinstance.py:2889} INFO - Executing <Task(PythonOperator): fetch_ebook_data> on 2025-01-26 08:50:54.837155+00:00
[2025-01-26T08:51:34.471+0000] {warnings.py:112} WARNING - /home/***/.local/lib/python3.12/site-packages/***/task/task_runner/standard_task_runner.py:70: DeprecationWarning: This process (pid=3202) is multi-threaded, use of fork() may lead to deadlocks in the child.
  pid = os.fork()

[2025-01-26T08:51:34.509+0000] {standard_task_runner.py:72} INFO - Started process 3245 to run task
[2025-01-26T08:51:34.501+0000] {standard_task_runner.py:104} INFO - Running: ['***', 'tasks', 'run', 'fetch_and_store_ebooks', 'fetch_ebook_data', 'manual__2025-01-26T08:50:54.837155+00:00', '--job-id', '879', '--raw', '--subdir', 'DAGS_FOLDER/app.py', '--cfg-path', '/tmp/tmpdwio7ng5']
[2025-01-26T08:51:34.519+0000] {standard_task_runner.py:105} INFO - Job 879: Subtask fetch_ebook_data
[2025-01-26T08:51:35.001+0000] {task_command.py:467} INFO - Running <TaskInstance: fetch_and_store_ebooks.fetch_ebook_data manual__2025-01-26T08:50:54.837155+00:00 [running]> on host 34edd304782d
[2025-01-26T08:51:35.997+0000] {taskinstance.py:3132} INFO - Exporting env vars: AIRFLOW_CTX_DAG_OWNER='***' AIRFLOW_CTX_DAG_ID='fetch_and_store_ebooks' AIRFLOW_CTX_TASK_ID='fetch_ebook_data' AIRFLOW_CTX_EXECUTION_DATE='2025-01-26T08:50:54.837155+00:00' AIRFLOW_CTX_TRY_NUMBER='1' AIRFLOW_CTX_DAG_RUN_ID='manual__2025-01-26T08:50:54.837155+00:00'
[2025-01-26T08:51:36.012+0000] {logging_mixin.py:190} INFO - Task instance is in running state
[2025-01-26T08:51:36.013+0000] {logging_mixin.py:190} INFO -  Previous state of the Task instance: queued
[2025-01-26T08:51:36.018+0000] {logging_mixin.py:190} INFO - Current task name:fetch_ebook_data state:running start_date:2025-01-26 08:51:32.805834+00:00
[2025-01-26T08:51:36.023+0000] {logging_mixin.py:190} INFO - Dag name:fetch_and_store_ebooks and current dag run status:running
[2025-01-26T08:51:36.025+0000] {taskinstance.py:731} INFO - ::endgroup::
[2025-01-26T08:51:48.291+0000] {python.py:240} INFO - Done. Returned value was: None
[2025-01-26T08:51:48.732+0000] {taskinstance.py:340} INFO - ::group::Post task execution logs
[2025-01-26T08:51:48.777+0000] {taskinstance.py:352} INFO - Marking task as SUCCESS. dag_id=fetch_and_store_ebooks, task_id=fetch_ebook_data, run_id=manual__2025-01-26T08:50:54.837155+00:00, execution_date=20250126T085054, start_date=20250126T085132, end_date=20250126T085148
[2025-01-26T08:51:49.208+0000] {logging_mixin.py:190} INFO - Task instance in success state
[2025-01-26T08:51:49.217+0000] {logging_mixin.py:190} INFO -  Previous state of the Task instance: running
[2025-01-26T08:51:49.219+0000] {logging_mixin.py:190} INFO - Dag name:fetch_and_store_ebooks queued_at:2025-01-26 08:50:55.042577+00:00
[2025-01-26T08:51:49.221+0000] {logging_mixin.py:190} INFO - Task hostname:34edd304782d operator:PythonOperator
[2025-01-26T08:51:49.405+0000] {local_task_job_runner.py:266} INFO - Task exited with return code 0
[2025-01-26T08:51:49.631+0000] {standard_task_runner.py:217} INFO - Process not found (most likely exited), stop collecting metrics
[2025-01-26T08:51:49.880+0000] {taskinstance.py:3895} INFO - 1 downstream tasks scheduled from follow-on schedule check
[2025-01-26T08:51:49.918+0000] {local_task_job_runner.py:245} INFO - ::endgroup::
