[2025-01-26T06:34:16.130+0000] {local_task_job_runner.py:123} INFO - ::group::Pre task execution logs
[2025-01-26T06:34:16.383+0000] {taskinstance.py:2613} INFO - Dependencies all met for dep_context=non-requeueable deps ti=<TaskInstance: fetch_and_store_ebooks.fetch_ebook_data manual__2025-01-26T06:33:36.948047+00:00 [queued]>
[2025-01-26T06:34:16.466+0000] {taskinstance.py:2613} INFO - Dependencies all met for dep_context=requeueable deps ti=<TaskInstance: fetch_and_store_ebooks.fetch_ebook_data manual__2025-01-26T06:33:36.948047+00:00 [queued]>
[2025-01-26T06:34:16.478+0000] {taskinstance.py:2866} INFO - Starting attempt 1 of 2
[2025-01-26T06:34:17.458+0000] {taskinstance.py:2889} INFO - Executing <Task(PythonOperator): fetch_ebook_data> on 2025-01-26 06:33:36.948047+00:00
[2025-01-26T06:34:17.514+0000] {standard_task_runner.py:104} INFO - Running: ['***', 'tasks', 'run', 'fetch_and_store_ebooks', 'fetch_ebook_data', 'manual__2025-01-26T06:33:36.948047+00:00', '--job-id', '545', '--raw', '--subdir', 'DAGS_FOLDER/app.py', '--cfg-path', '/tmp/tmpgpobwqsl']
[2025-01-26T06:34:17.539+0000] {standard_task_runner.py:105} INFO - Job 545: Subtask fetch_ebook_data
[2025-01-26T06:34:17.495+0000] {warnings.py:112} WARNING - /home/***/.local/lib/python3.12/site-packages/***/task/task_runner/standard_task_runner.py:70: DeprecationWarning: This process (pid=395) is multi-threaded, use of fork() may lead to deadlocks in the child.
  pid = os.fork()

[2025-01-26T06:34:17.573+0000] {standard_task_runner.py:72} INFO - Started process 430 to run task
[2025-01-26T06:34:17.984+0000] {task_command.py:467} INFO - Running <TaskInstance: fetch_and_store_ebooks.fetch_ebook_data manual__2025-01-26T06:33:36.948047+00:00 [running]> on host 34edd304782d
[2025-01-26T06:34:18.730+0000] {taskinstance.py:3132} INFO - Exporting env vars: AIRFLOW_CTX_DAG_OWNER='***' AIRFLOW_CTX_DAG_ID='fetch_and_store_ebooks' AIRFLOW_CTX_TASK_ID='fetch_ebook_data' AIRFLOW_CTX_EXECUTION_DATE='2025-01-26T06:33:36.948047+00:00' AIRFLOW_CTX_TRY_NUMBER='1' AIRFLOW_CTX_DAG_RUN_ID='manual__2025-01-26T06:33:36.948047+00:00'
[2025-01-26T06:34:18.750+0000] {logging_mixin.py:190} INFO - Task instance is in running state
[2025-01-26T06:34:18.755+0000] {logging_mixin.py:190} INFO -  Previous state of the Task instance: queued
[2025-01-26T06:34:18.767+0000] {logging_mixin.py:190} INFO - Current task name:fetch_ebook_data state:running start_date:2025-01-26 06:34:16.389924+00:00
[2025-01-26T06:34:18.769+0000] {logging_mixin.py:190} INFO - Dag name:fetch_and_store_ebooks and current dag run status:running
[2025-01-26T06:34:18.774+0000] {taskinstance.py:731} INFO - ::endgroup::
[2025-01-26T06:34:30.779+0000] {python.py:240} INFO - Done. Returned value was: None
[2025-01-26T06:34:30.884+0000] {taskinstance.py:340} INFO - ::group::Post task execution logs
[2025-01-26T06:34:30.889+0000] {taskinstance.py:352} INFO - Marking task as SUCCESS. dag_id=fetch_and_store_ebooks, task_id=fetch_ebook_data, run_id=manual__2025-01-26T06:33:36.948047+00:00, execution_date=20250126T063336, start_date=20250126T063416, end_date=20250126T063430
[2025-01-26T06:34:30.971+0000] {logging_mixin.py:190} INFO - Task instance in success state
[2025-01-26T06:34:30.975+0000] {logging_mixin.py:190} INFO -  Previous state of the Task instance: running
[2025-01-26T06:34:30.977+0000] {logging_mixin.py:190} INFO - Dag name:fetch_and_store_ebooks queued_at:2025-01-26 06:33:37.021448+00:00
[2025-01-26T06:34:30.984+0000] {logging_mixin.py:190} INFO - Task hostname:34edd304782d operator:PythonOperator
[2025-01-26T06:34:31.079+0000] {local_task_job_runner.py:266} INFO - Task exited with return code 0
[2025-01-26T06:34:31.325+0000] {taskinstance.py:3895} INFO - 1 downstream tasks scheduled from follow-on schedule check
[2025-01-26T06:34:31.361+0000] {local_task_job_runner.py:245} INFO - ::endgroup::
