[2025-01-26T09:32:46.781+0000] {local_task_job_runner.py:123} INFO - ::group::Pre task execution logs
[2025-01-26T09:32:47.078+0000] {taskinstance.py:2613} INFO - Dependencies all met for dep_context=non-requeueable deps ti=<TaskInstance: fetch_and_store_ebooks.fetch_ebook_data scheduled__2020-01-15T00:00:00+00:00 [queued]>
[2025-01-26T09:32:47.233+0000] {taskinstance.py:2613} INFO - Dependencies all met for dep_context=requeueable deps ti=<TaskInstance: fetch_and_store_ebooks.fetch_ebook_data scheduled__2020-01-15T00:00:00+00:00 [queued]>
[2025-01-26T09:32:47.237+0000] {taskinstance.py:2866} INFO - Starting attempt 1 of 2
[2025-01-26T09:32:47.564+0000] {taskinstance.py:2889} INFO - Executing <Task(PythonOperator): fetch_ebook_data> on 2020-01-15 00:00:00+00:00
[2025-01-26T09:32:47.597+0000] {warnings.py:112} WARNING - /home/***/.local/lib/python3.12/site-packages/***/task/task_runner/standard_task_runner.py:70: DeprecationWarning: This process (pid=4691) is multi-threaded, use of fork() may lead to deadlocks in the child.
  pid = os.fork()

[2025-01-26T09:32:47.617+0000] {standard_task_runner.py:72} INFO - Started process 4730 to run task
[2025-01-26T09:32:47.701+0000] {standard_task_runner.py:104} INFO - Running: ['***', 'tasks', 'run', 'fetch_and_store_ebooks', 'fetch_ebook_data', 'scheduled__2020-01-15T00:00:00+00:00', '--job-id', '1136', '--raw', '--subdir', 'DAGS_FOLDER/app.py', '--cfg-path', '/tmp/tmp322lti2z']
[2025-01-26T09:32:47.712+0000] {standard_task_runner.py:105} INFO - Job 1136: Subtask fetch_ebook_data
[2025-01-26T09:32:48.243+0000] {task_command.py:467} INFO - Running <TaskInstance: fetch_and_store_ebooks.fetch_ebook_data scheduled__2020-01-15T00:00:00+00:00 [running]> on host 34edd304782d
[2025-01-26T09:32:49.155+0000] {taskinstance.py:3132} INFO - Exporting env vars: AIRFLOW_CTX_DAG_OWNER='***' AIRFLOW_CTX_DAG_ID='fetch_and_store_ebooks' AIRFLOW_CTX_TASK_ID='fetch_ebook_data' AIRFLOW_CTX_EXECUTION_DATE='2020-01-15T00:00:00+00:00' AIRFLOW_CTX_TRY_NUMBER='1' AIRFLOW_CTX_DAG_RUN_ID='scheduled__2020-01-15T00:00:00+00:00'
[2025-01-26T09:32:49.168+0000] {logging_mixin.py:190} INFO - Task instance is in running state
[2025-01-26T09:32:49.175+0000] {logging_mixin.py:190} INFO -  Previous state of the Task instance: queued
[2025-01-26T09:32:49.180+0000] {logging_mixin.py:190} INFO - Current task name:fetch_ebook_data state:running start_date:2025-01-26 09:32:47.084621+00:00
[2025-01-26T09:32:49.183+0000] {logging_mixin.py:190} INFO - Dag name:fetch_and_store_ebooks and current dag run status:running
[2025-01-26T09:32:49.187+0000] {taskinstance.py:731} INFO - ::endgroup::
[2025-01-26T09:32:59.364+0000] {python.py:240} INFO - Done. Returned value was: None
[2025-01-26T09:32:59.464+0000] {taskinstance.py:340} INFO - ::group::Post task execution logs
[2025-01-26T09:32:59.484+0000] {taskinstance.py:352} INFO - Marking task as SUCCESS. dag_id=fetch_and_store_ebooks, task_id=fetch_ebook_data, run_id=scheduled__2020-01-15T00:00:00+00:00, execution_date=20200115T000000, start_date=20250126T093247, end_date=20250126T093259
[2025-01-26T09:33:00.218+0000] {logging_mixin.py:190} INFO - Task instance in success state
[2025-01-26T09:33:00.230+0000] {logging_mixin.py:190} INFO -  Previous state of the Task instance: running
[2025-01-26T09:33:00.234+0000] {logging_mixin.py:190} INFO - Dag name:fetch_and_store_ebooks queued_at:2025-01-26 09:32:05.542792+00:00
[2025-01-26T09:33:00.237+0000] {logging_mixin.py:190} INFO - Task hostname:34edd304782d operator:PythonOperator
[2025-01-26T09:33:00.438+0000] {local_task_job_runner.py:266} INFO - Task exited with return code 0
[2025-01-26T09:33:00.741+0000] {taskinstance.py:3895} INFO - 1 downstream tasks scheduled from follow-on schedule check
[2025-01-26T09:33:00.780+0000] {local_task_job_runner.py:245} INFO - ::endgroup::
