[2025-01-26T06:25:09.914+0000] {local_task_job_runner.py:123} INFO - ::group::Pre task execution logs
[2025-01-26T06:25:09.978+0000] {taskinstance.py:2613} INFO - Dependencies all met for dep_context=non-requeueable deps ti=<TaskInstance: fetch_and_store_ebooks.fetch_ebook_data manual__2025-01-26T06:24:15.002026+00:00 [queued]>
[2025-01-26T06:25:10.007+0000] {taskinstance.py:2613} INFO - Dependencies all met for dep_context=requeueable deps ti=<TaskInstance: fetch_and_store_ebooks.fetch_ebook_data manual__2025-01-26T06:24:15.002026+00:00 [queued]>
[2025-01-26T06:25:10.009+0000] {taskinstance.py:2866} INFO - Starting attempt 2 of 3
[2025-01-26T06:25:10.075+0000] {taskinstance.py:2889} INFO - Executing <Task(PythonOperator): fetch_ebook_data> on 2025-01-26 06:24:15.002026+00:00
[2025-01-26T06:25:10.094+0000] {warnings.py:112} WARNING - /home/***/.local/lib/python3.12/site-packages/***/task/task_runner/standard_task_runner.py:70: DeprecationWarning: This process (pid=196) is multi-threaded, use of fork() may lead to deadlocks in the child.
  pid = os.fork()

[2025-01-26T06:25:10.102+0000] {standard_task_runner.py:72} INFO - Started process 198 to run task
[2025-01-26T06:25:10.105+0000] {standard_task_runner.py:104} INFO - Running: ['***', 'tasks', 'run', 'fetch_and_store_ebooks', 'fetch_ebook_data', 'manual__2025-01-26T06:24:15.002026+00:00', '--job-id', '529', '--raw', '--subdir', 'DAGS_FOLDER/app.py', '--cfg-path', '/tmp/tmpy1_qimqd']
[2025-01-26T06:25:10.110+0000] {standard_task_runner.py:105} INFO - Job 529: Subtask fetch_ebook_data
[2025-01-26T06:25:10.295+0000] {task_command.py:467} INFO - Running <TaskInstance: fetch_and_store_ebooks.fetch_ebook_data manual__2025-01-26T06:24:15.002026+00:00 [running]> on host 34edd304782d
[2025-01-26T06:25:10.566+0000] {taskinstance.py:3132} INFO - Exporting env vars: AIRFLOW_CTX_DAG_OWNER='***' AIRFLOW_CTX_DAG_ID='fetch_and_store_ebooks' AIRFLOW_CTX_TASK_ID='fetch_ebook_data' AIRFLOW_CTX_EXECUTION_DATE='2025-01-26T06:24:15.002026+00:00' AIRFLOW_CTX_TRY_NUMBER='2' AIRFLOW_CTX_DAG_RUN_ID='manual__2025-01-26T06:24:15.002026+00:00'
[2025-01-26T06:25:10.571+0000] {logging_mixin.py:190} INFO - Task instance is in running state
[2025-01-26T06:25:10.573+0000] {logging_mixin.py:190} INFO -  Previous state of the Task instance: queued
[2025-01-26T06:25:10.575+0000] {logging_mixin.py:190} INFO - Current task name:fetch_ebook_data state:running start_date:2025-01-26 06:25:09.980642+00:00
[2025-01-26T06:25:10.576+0000] {logging_mixin.py:190} INFO - Dag name:fetch_and_store_ebooks and current dag run status:running
[2025-01-26T06:25:10.578+0000] {taskinstance.py:731} INFO - ::endgroup::
[2025-01-26T06:25:18.105+0000] {python.py:240} INFO - Done. Returned value was: None
[2025-01-26T06:25:18.138+0000] {taskinstance.py:340} INFO - ::group::Post task execution logs
[2025-01-26T06:25:18.141+0000] {taskinstance.py:352} INFO - Marking task as SUCCESS. dag_id=fetch_and_store_ebooks, task_id=fetch_ebook_data, run_id=manual__2025-01-26T06:24:15.002026+00:00, execution_date=20250126T062415, start_date=20250126T062509, end_date=20250126T062518
[2025-01-26T06:25:18.193+0000] {logging_mixin.py:190} INFO - Task instance in success state
[2025-01-26T06:25:18.196+0000] {logging_mixin.py:190} INFO -  Previous state of the Task instance: running
[2025-01-26T06:25:18.198+0000] {logging_mixin.py:190} INFO - Dag name:fetch_and_store_ebooks queued_at:2025-01-26 06:24:15.183105+00:00
[2025-01-26T06:25:18.199+0000] {logging_mixin.py:190} INFO - Task hostname:34edd304782d operator:PythonOperator
[2025-01-26T06:25:18.281+0000] {local_task_job_runner.py:266} INFO - Task exited with return code 0
[2025-01-26T06:25:18.384+0000] {taskinstance.py:3895} INFO - 1 downstream tasks scheduled from follow-on schedule check
[2025-01-26T06:25:18.390+0000] {local_task_job_runner.py:245} INFO - ::endgroup::
