[2025-01-25T16:10:54.533+0000] {local_task_job_runner.py:123} INFO - ::group::Pre task execution logs
[2025-01-25T16:10:54.627+0000] {taskinstance.py:2613} INFO - Dependencies all met for dep_context=non-requeueable deps ti=<TaskInstance: fetch_and_store_ebooks.fetch_ebook_data scheduled__2025-01-20T00:00:00+00:00 [queued]>
[2025-01-25T16:10:54.701+0000] {taskinstance.py:2613} INFO - Dependencies all met for dep_context=requeueable deps ti=<TaskInstance: fetch_and_store_ebooks.fetch_ebook_data scheduled__2025-01-20T00:00:00+00:00 [queued]>
[2025-01-25T16:10:54.706+0000] {taskinstance.py:2866} INFO - Starting attempt 1 of 2
[2025-01-25T16:10:54.849+0000] {taskinstance.py:2889} INFO - Executing <Task(PythonOperator): fetch_ebook_data> on 2025-01-20 00:00:00+00:00
[2025-01-25T16:10:54.907+0000] {warnings.py:112} WARNING - /home/***/.local/lib/python3.12/site-packages/***/task/task_runner/standard_task_runner.py:70: DeprecationWarning: This process (pid=3047) is multi-threaded, use of fork() may lead to deadlocks in the child.
  pid = os.fork()

[2025-01-25T16:10:54.922+0000] {standard_task_runner.py:72} INFO - Started process 3063 to run task
[2025-01-25T16:10:54.929+0000] {standard_task_runner.py:104} INFO - Running: ['***', 'tasks', 'run', 'fetch_and_store_ebooks', 'fetch_ebook_data', 'scheduled__2025-01-20T00:00:00+00:00', '--job-id', '419', '--raw', '--subdir', 'DAGS_FOLDER/app.py', '--cfg-path', '/tmp/tmpig4fifyx']
[2025-01-25T16:10:54.952+0000] {standard_task_runner.py:105} INFO - Job 419: Subtask fetch_ebook_data
[2025-01-25T16:10:55.894+0000] {task_command.py:467} INFO - Running <TaskInstance: fetch_and_store_ebooks.fetch_ebook_data scheduled__2025-01-20T00:00:00+00:00 [running]> on host 50ab235b552a
[2025-01-25T16:10:56.400+0000] {taskinstance.py:3132} INFO - Exporting env vars: AIRFLOW_CTX_DAG_OWNER='***' AIRFLOW_CTX_DAG_ID='fetch_and_store_ebooks' AIRFLOW_CTX_TASK_ID='fetch_ebook_data' AIRFLOW_CTX_EXECUTION_DATE='2025-01-20T00:00:00+00:00' AIRFLOW_CTX_TRY_NUMBER='1' AIRFLOW_CTX_DAG_RUN_ID='scheduled__2025-01-20T00:00:00+00:00'
[2025-01-25T16:10:56.409+0000] {logging_mixin.py:190} INFO - Task instance is in running state
[2025-01-25T16:10:56.423+0000] {logging_mixin.py:190} INFO -  Previous state of the Task instance: queued
[2025-01-25T16:10:56.429+0000] {logging_mixin.py:190} INFO - Current task name:fetch_ebook_data state:running start_date:2025-01-25 16:10:54.629870+00:00
[2025-01-25T16:10:56.441+0000] {logging_mixin.py:190} INFO - Dag name:fetch_and_store_ebooks and current dag run status:running
[2025-01-25T16:10:56.457+0000] {taskinstance.py:731} INFO - ::endgroup::
[2025-01-25T16:11:04.718+0000] {taskinstance.py:3311} ERROR - Task failed with exception
Traceback (most recent call last):
  File "/home/airflow/.local/lib/python3.12/site-packages/airflow/models/taskinstance.py", line 767, in _execute_task
    result = _execute_callable(context=context, **execute_callable_kwargs)
             ^^^^^^^^^^^^^^^^^^^^^^^^^^^^^^^^^^^^^^^^^^^^^^^^^^^^^^^^^^^^^
  File "/home/airflow/.local/lib/python3.12/site-packages/airflow/models/taskinstance.py", line 733, in _execute_callable
    return ExecutionCallableRunner(
           ^^^^^^^^^^^^^^^^^^^^^^^^
  File "/home/airflow/.local/lib/python3.12/site-packages/airflow/utils/operator_helpers.py", line 252, in run
    return self.func(*args, **kwargs)
           ^^^^^^^^^^^^^^^^^^^^^^^^^^
  File "/home/airflow/.local/lib/python3.12/site-packages/airflow/models/baseoperator.py", line 422, in wrapper
    return func(self, *args, **kwargs)
           ^^^^^^^^^^^^^^^^^^^^^^^^^^^
  File "/home/airflow/.local/lib/python3.12/site-packages/airflow/operators/python.py", line 238, in execute
    return_value = self.execute_callable()
                   ^^^^^^^^^^^^^^^^^^^^^^^
  File "/home/airflow/.local/lib/python3.12/site-packages/airflow/operators/python.py", line 256, in execute_callable
    return runner.run(*self.op_args, **self.op_kwargs)
           ^^^^^^^^^^^^^^^^^^^^^^^^^^^^^^^^^^^^^^^^^^^
  File "/home/airflow/.local/lib/python3.12/site-packages/airflow/utils/operator_helpers.py", line 252, in run
    return self.func(*args, **kwargs)
           ^^^^^^^^^^^^^^^^^^^^^^^^^^
  File "/opt/airflow/dags/app.py", line 42, in get_ebook_data
    df.drop_duplicates(subset="Title", inplace=True)
  File "/home/airflow/.local/lib/python3.12/site-packages/pandas/core/frame.py", line 6566, in drop_duplicates
    result = self[-self.duplicated(subset, keep=keep)]
                   ^^^^^^^^^^^^^^^^^^^^^^^^^^^^^^^^^^
  File "/home/airflow/.local/lib/python3.12/site-packages/pandas/core/frame.py", line 6698, in duplicated
    raise KeyError(Index(diff))
KeyError: Index(['Title'], dtype='object')
[2025-01-25T16:11:04.796+0000] {logging_mixin.py:190} INFO - Task instance in failure state
[2025-01-25T16:11:04.798+0000] {logging_mixin.py:190} INFO - Task start:2025-01-25 16:10:54.629870+00:00 end:2025-01-25 16:11:04.794507+00:00 duration:10.164637
[2025-01-25T16:11:04.800+0000] {logging_mixin.py:190} INFO - Task:<Task(PythonOperator): fetch_ebook_data> dag:<DAG: fetch_and_store_ebooks> dagrun:<DagRun fetch_and_store_ebooks @ 2025-01-20 00:00:00+00:00: scheduled__2025-01-20T00:00:00+00:00, state:running, queued_at: 2025-01-25 16:10:39.475451+00:00. externally triggered: False>
[2025-01-25T16:11:04.802+0000] {logging_mixin.py:190} INFO - Failure caused by Index(['Title'], dtype='object')
[2025-01-25T16:11:04.804+0000] {taskinstance.py:1225} INFO - Marking task as UP_FOR_RETRY. dag_id=fetch_and_store_ebooks, task_id=fetch_ebook_data, run_id=scheduled__2025-01-20T00:00:00+00:00, execution_date=20250120T000000, start_date=20250125T161054, end_date=20250125T161104
[2025-01-25T16:11:04.877+0000] {taskinstance.py:340} INFO - ::group::Post task execution logs
[2025-01-25T16:11:04.879+0000] {standard_task_runner.py:124} ERROR - Failed to execute job 419 for task fetch_ebook_data (Index(['Title'], dtype='object'); 3063)
Traceback (most recent call last):
  File "/home/airflow/.local/lib/python3.12/site-packages/airflow/task/task_runner/standard_task_runner.py", line 117, in _start_by_fork
    ret = args.func(args, dag=self.dag)
          ^^^^^^^^^^^^^^^^^^^^^^^^^^^^^
  File "/home/airflow/.local/lib/python3.12/site-packages/airflow/cli/cli_config.py", line 49, in command
    return func(*args, **kwargs)
           ^^^^^^^^^^^^^^^^^^^^^
  File "/home/airflow/.local/lib/python3.12/site-packages/airflow/utils/cli.py", line 116, in wrapper
    return f(*args, **kwargs)
           ^^^^^^^^^^^^^^^^^^
  File "/home/airflow/.local/lib/python3.12/site-packages/airflow/cli/commands/task_command.py", line 483, in task_run
    task_return_code = _run_task_by_selected_method(args, _dag, ti)
                       ^^^^^^^^^^^^^^^^^^^^^^^^^^^^^^^^^^^^^^^^^^^^
  File "/home/airflow/.local/lib/python3.12/site-packages/airflow/cli/commands/task_command.py", line 256, in _run_task_by_selected_method
    return _run_raw_task(args, ti)
           ^^^^^^^^^^^^^^^^^^^^^^^
  File "/home/airflow/.local/lib/python3.12/site-packages/airflow/cli/commands/task_command.py", line 341, in _run_raw_task
    return ti._run_raw_task(
           ^^^^^^^^^^^^^^^^^
  File "/home/airflow/.local/lib/python3.12/site-packages/airflow/utils/session.py", line 97, in wrapper
    return func(*args, session=session, **kwargs)
           ^^^^^^^^^^^^^^^^^^^^^^^^^^^^^^^^^^^^^^
  File "/home/airflow/.local/lib/python3.12/site-packages/airflow/models/taskinstance.py", line 3005, in _run_raw_task
    return _run_raw_task(
           ^^^^^^^^^^^^^^
  File "/home/airflow/.local/lib/python3.12/site-packages/airflow/models/taskinstance.py", line 273, in _run_raw_task
    TaskInstance._execute_task_with_callbacks(
  File "/home/airflow/.local/lib/python3.12/site-packages/airflow/models/taskinstance.py", line 3159, in _execute_task_with_callbacks
    result = self._execute_task(context, task_orig)
             ^^^^^^^^^^^^^^^^^^^^^^^^^^^^^^^^^^^^^^
  File "/home/airflow/.local/lib/python3.12/site-packages/airflow/models/taskinstance.py", line 3183, in _execute_task
    return _execute_task(self, context, task_orig)
           ^^^^^^^^^^^^^^^^^^^^^^^^^^^^^^^^^^^^^^^
  File "/home/airflow/.local/lib/python3.12/site-packages/airflow/models/taskinstance.py", line 767, in _execute_task
    result = _execute_callable(context=context, **execute_callable_kwargs)
             ^^^^^^^^^^^^^^^^^^^^^^^^^^^^^^^^^^^^^^^^^^^^^^^^^^^^^^^^^^^^^
  File "/home/airflow/.local/lib/python3.12/site-packages/airflow/models/taskinstance.py", line 733, in _execute_callable
    return ExecutionCallableRunner(
           ^^^^^^^^^^^^^^^^^^^^^^^^
  File "/home/airflow/.local/lib/python3.12/site-packages/airflow/utils/operator_helpers.py", line 252, in run
    return self.func(*args, **kwargs)
           ^^^^^^^^^^^^^^^^^^^^^^^^^^
  File "/home/airflow/.local/lib/python3.12/site-packages/airflow/models/baseoperator.py", line 422, in wrapper
    return func(self, *args, **kwargs)
           ^^^^^^^^^^^^^^^^^^^^^^^^^^^
  File "/home/airflow/.local/lib/python3.12/site-packages/airflow/operators/python.py", line 238, in execute
    return_value = self.execute_callable()
                   ^^^^^^^^^^^^^^^^^^^^^^^
  File "/home/airflow/.local/lib/python3.12/site-packages/airflow/operators/python.py", line 256, in execute_callable
    return runner.run(*self.op_args, **self.op_kwargs)
           ^^^^^^^^^^^^^^^^^^^^^^^^^^^^^^^^^^^^^^^^^^^
  File "/home/airflow/.local/lib/python3.12/site-packages/airflow/utils/operator_helpers.py", line 252, in run
    return self.func(*args, **kwargs)
           ^^^^^^^^^^^^^^^^^^^^^^^^^^
  File "/opt/airflow/dags/app.py", line 42, in get_ebook_data
    df.drop_duplicates(subset="Title", inplace=True)
  File "/home/airflow/.local/lib/python3.12/site-packages/pandas/core/frame.py", line 6566, in drop_duplicates
    result = self[-self.duplicated(subset, keep=keep)]
                   ^^^^^^^^^^^^^^^^^^^^^^^^^^^^^^^^^^
  File "/home/airflow/.local/lib/python3.12/site-packages/pandas/core/frame.py", line 6698, in duplicated
    raise KeyError(Index(diff))
KeyError: Index(['Title'], dtype='object')
[2025-01-25T16:11:04.967+0000] {local_task_job_runner.py:266} INFO - Task exited with return code 1
[2025-01-25T16:11:05.428+0000] {standard_task_runner.py:217} INFO - Process not found (most likely exited), stop collecting metrics
[2025-01-25T16:11:05.504+0000] {taskinstance.py:3895} INFO - 0 downstream tasks scheduled from follow-on schedule check
[2025-01-25T16:11:05.510+0000] {local_task_job_runner.py:245} INFO - ::endgroup::
[2025-01-25T17:10:23.119+0000] {local_task_job_runner.py:123} INFO - ::group::Pre task execution logs
[2025-01-25T17:10:23.262+0000] {taskinstance.py:2613} INFO - Dependencies all met for dep_context=non-requeueable deps ti=<TaskInstance: fetch_and_store_ebooks.fetch_ebook_data scheduled__2025-01-20T00:00:00+00:00 [queued]>
[2025-01-25T17:10:23.349+0000] {taskinstance.py:2613} INFO - Dependencies all met for dep_context=requeueable deps ti=<TaskInstance: fetch_and_store_ebooks.fetch_ebook_data scheduled__2025-01-20T00:00:00+00:00 [queued]>
[2025-01-25T17:10:23.353+0000] {taskinstance.py:2866} INFO - Starting attempt 1 of 2
[2025-01-25T17:10:23.465+0000] {taskinstance.py:2889} INFO - Executing <Task(PythonOperator): fetch_ebook_data> on 2025-01-20 00:00:00+00:00
[2025-01-25T17:10:23.518+0000] {warnings.py:112} WARNING - /home/***/.local/lib/python3.12/site-packages/***/task/task_runner/standard_task_runner.py:70: DeprecationWarning: This process (pid=3948) is multi-threaded, use of fork() may lead to deadlocks in the child.
  pid = os.fork()

[2025-01-25T17:10:23.556+0000] {standard_task_runner.py:72} INFO - Started process 3989 to run task
[2025-01-25T17:10:23.606+0000] {standard_task_runner.py:104} INFO - Running: ['***', 'tasks', 'run', 'fetch_and_store_ebooks', 'fetch_ebook_data', 'scheduled__2025-01-20T00:00:00+00:00', '--job-id', '493', '--raw', '--subdir', 'DAGS_FOLDER/app.py', '--cfg-path', '/tmp/tmp8wfgbw0y']
[2025-01-25T17:10:23.612+0000] {standard_task_runner.py:105} INFO - Job 493: Subtask fetch_ebook_data
[2025-01-25T17:10:24.155+0000] {task_command.py:467} INFO - Running <TaskInstance: fetch_and_store_ebooks.fetch_ebook_data scheduled__2025-01-20T00:00:00+00:00 [running]> on host 50ab235b552a
[2025-01-25T17:10:25.314+0000] {taskinstance.py:3132} INFO - Exporting env vars: AIRFLOW_CTX_DAG_OWNER='***' AIRFLOW_CTX_DAG_ID='fetch_and_store_ebooks' AIRFLOW_CTX_TASK_ID='fetch_ebook_data' AIRFLOW_CTX_EXECUTION_DATE='2025-01-20T00:00:00+00:00' AIRFLOW_CTX_TRY_NUMBER='1' AIRFLOW_CTX_DAG_RUN_ID='scheduled__2025-01-20T00:00:00+00:00'
[2025-01-25T17:10:25.362+0000] {logging_mixin.py:190} INFO - Task instance is in running state
[2025-01-25T17:10:25.407+0000] {logging_mixin.py:190} INFO -  Previous state of the Task instance: queued
[2025-01-25T17:10:25.423+0000] {logging_mixin.py:190} INFO - Current task name:fetch_ebook_data state:running start_date:2025-01-25 17:10:23.269530+00:00
[2025-01-25T17:10:25.454+0000] {logging_mixin.py:190} INFO - Dag name:fetch_and_store_ebooks and current dag run status:running
[2025-01-25T17:10:25.470+0000] {taskinstance.py:731} INFO - ::endgroup::
[2025-01-25T17:10:42.622+0000] {python.py:240} INFO - Done. Returned value was: None
[2025-01-25T17:10:42.688+0000] {taskinstance.py:340} INFO - ::group::Post task execution logs
[2025-01-25T17:10:42.691+0000] {taskinstance.py:352} INFO - Marking task as SUCCESS. dag_id=fetch_and_store_ebooks, task_id=fetch_ebook_data, run_id=scheduled__2025-01-20T00:00:00+00:00, execution_date=20250120T000000, start_date=20250125T171023, end_date=20250125T171042
[2025-01-25T17:10:42.752+0000] {logging_mixin.py:190} INFO - Task instance in success state
[2025-01-25T17:10:42.754+0000] {logging_mixin.py:190} INFO -  Previous state of the Task instance: running
[2025-01-25T17:10:42.757+0000] {logging_mixin.py:190} INFO - Dag name:fetch_and_store_ebooks queued_at:2025-01-25 17:09:41.838467+00:00
[2025-01-25T17:10:42.762+0000] {logging_mixin.py:190} INFO - Task hostname:50ab235b552a operator:PythonOperator
[2025-01-25T17:10:42.840+0000] {local_task_job_runner.py:266} INFO - Task exited with return code 0
[2025-01-25T17:10:43.033+0000] {taskinstance.py:3895} INFO - 1 downstream tasks scheduled from follow-on schedule check
[2025-01-25T17:10:43.061+0000] {local_task_job_runner.py:245} INFO - ::endgroup::
[2025-01-26T06:40:41.603+0000] {local_task_job_runner.py:123} INFO - ::group::Pre task execution logs
[2025-01-26T06:40:41.809+0000] {taskinstance.py:2613} INFO - Dependencies all met for dep_context=non-requeueable deps ti=<TaskInstance: fetch_and_store_ebooks.fetch_ebook_data scheduled__2025-01-20T00:00:00+00:00 [queued]>
[2025-01-26T06:40:41.884+0000] {taskinstance.py:2613} INFO - Dependencies all met for dep_context=requeueable deps ti=<TaskInstance: fetch_and_store_ebooks.fetch_ebook_data scheduled__2025-01-20T00:00:00+00:00 [queued]>
[2025-01-26T06:40:41.892+0000] {taskinstance.py:2866} INFO - Starting attempt 1 of 2
[2025-01-26T06:40:43.437+0000] {taskinstance.py:2889} INFO - Executing <Task(PythonOperator): fetch_ebook_data> on 2025-01-20 00:00:00+00:00
[2025-01-26T06:40:43.516+0000] {warnings.py:112} WARNING - /home/***/.local/lib/python3.12/site-packages/***/task/task_runner/standard_task_runner.py:70: DeprecationWarning: This process (pid=612) is multi-threaded, use of fork() may lead to deadlocks in the child.
  pid = os.fork()

[2025-01-26T06:40:43.526+0000] {standard_task_runner.py:72} INFO - Started process 656 to run task
[2025-01-26T06:40:43.576+0000] {standard_task_runner.py:104} INFO - Running: ['***', 'tasks', 'run', 'fetch_and_store_ebooks', 'fetch_ebook_data', 'scheduled__2025-01-20T00:00:00+00:00', '--job-id', '583', '--raw', '--subdir', 'DAGS_FOLDER/app.py', '--cfg-path', '/tmp/tmpa5qe0lr8']
[2025-01-26T06:40:43.589+0000] {standard_task_runner.py:105} INFO - Job 583: Subtask fetch_ebook_data
[2025-01-26T06:40:44.144+0000] {task_command.py:467} INFO - Running <TaskInstance: fetch_and_store_ebooks.fetch_ebook_data scheduled__2025-01-20T00:00:00+00:00 [running]> on host 34edd304782d
[2025-01-26T06:40:45.088+0000] {taskinstance.py:3132} INFO - Exporting env vars: AIRFLOW_CTX_DAG_OWNER='***' AIRFLOW_CTX_DAG_ID='fetch_and_store_ebooks' AIRFLOW_CTX_TASK_ID='fetch_ebook_data' AIRFLOW_CTX_EXECUTION_DATE='2025-01-20T00:00:00+00:00' AIRFLOW_CTX_TRY_NUMBER='1' AIRFLOW_CTX_DAG_RUN_ID='scheduled__2025-01-20T00:00:00+00:00'
[2025-01-26T06:40:45.113+0000] {logging_mixin.py:190} INFO - Task instance is in running state
[2025-01-26T06:40:45.120+0000] {logging_mixin.py:190} INFO -  Previous state of the Task instance: queued
[2025-01-26T06:40:45.129+0000] {logging_mixin.py:190} INFO - Current task name:fetch_ebook_data state:running start_date:2025-01-26 06:40:41.817114+00:00
[2025-01-26T06:40:45.139+0000] {logging_mixin.py:190} INFO - Dag name:fetch_and_store_ebooks and current dag run status:running
[2025-01-26T06:40:45.151+0000] {taskinstance.py:731} INFO - ::endgroup::
[2025-01-26T06:40:52.638+0000] {python.py:240} INFO - Done. Returned value was: None
[2025-01-26T06:40:52.699+0000] {taskinstance.py:340} INFO - ::group::Post task execution logs
[2025-01-26T06:40:52.701+0000] {taskinstance.py:352} INFO - Marking task as SUCCESS. dag_id=fetch_and_store_ebooks, task_id=fetch_ebook_data, run_id=scheduled__2025-01-20T00:00:00+00:00, execution_date=20250120T000000, start_date=20250126T064041, end_date=20250126T064052
[2025-01-26T06:40:52.972+0000] {logging_mixin.py:190} INFO - Task instance in success state
[2025-01-26T06:40:52.993+0000] {logging_mixin.py:190} INFO -  Previous state of the Task instance: running
[2025-01-26T06:40:52.999+0000] {logging_mixin.py:190} INFO - Dag name:fetch_and_store_ebooks queued_at:2025-01-26 06:40:12.050215+00:00
[2025-01-26T06:40:53.009+0000] {logging_mixin.py:190} INFO - Task hostname:34edd304782d operator:PythonOperator
[2025-01-26T06:40:53.129+0000] {local_task_job_runner.py:266} INFO - Task exited with return code 0
[2025-01-26T06:40:53.397+0000] {taskinstance.py:3895} INFO - 1 downstream tasks scheduled from follow-on schedule check
[2025-01-26T06:40:53.418+0000] {local_task_job_runner.py:245} INFO - ::endgroup::
[2025-01-26T07:28:49.591+0000] {local_task_job_runner.py:123} INFO - ::group::Pre task execution logs
[2025-01-26T07:28:49.783+0000] {taskinstance.py:2613} INFO - Dependencies all met for dep_context=non-requeueable deps ti=<TaskInstance: fetch_and_store_ebooks.fetch_ebook_data scheduled__2025-01-20T00:00:00+00:00 [queued]>
[2025-01-26T07:28:49.836+0000] {taskinstance.py:2613} INFO - Dependencies all met for dep_context=requeueable deps ti=<TaskInstance: fetch_and_store_ebooks.fetch_ebook_data scheduled__2025-01-20T00:00:00+00:00 [queued]>
[2025-01-26T07:28:49.838+0000] {taskinstance.py:2866} INFO - Starting attempt 1 of 2
[2025-01-26T07:28:50.459+0000] {taskinstance.py:2889} INFO - Executing <Task(PythonOperator): fetch_ebook_data> on 2025-01-20 00:00:00+00:00
[2025-01-26T07:28:50.487+0000] {warnings.py:112} WARNING - /home/***/.local/lib/python3.12/site-packages/***/task/task_runner/standard_task_runner.py:70: DeprecationWarning: This process (pid=1481) is multi-threaded, use of fork() may lead to deadlocks in the child.
  pid = os.fork()

[2025-01-26T07:28:50.496+0000] {standard_task_runner.py:72} INFO - Started process 1501 to run task
[2025-01-26T07:28:50.502+0000] {standard_task_runner.py:104} INFO - Running: ['***', 'tasks', 'run', 'fetch_and_store_ebooks', 'fetch_ebook_data', 'scheduled__2025-01-20T00:00:00+00:00', '--job-id', '669', '--raw', '--subdir', 'DAGS_FOLDER/app.py', '--cfg-path', '/tmp/tmpfrlgbxh8']
[2025-01-26T07:28:50.507+0000] {standard_task_runner.py:105} INFO - Job 669: Subtask fetch_ebook_data
[2025-01-26T07:28:50.777+0000] {task_command.py:467} INFO - Running <TaskInstance: fetch_and_store_ebooks.fetch_ebook_data scheduled__2025-01-20T00:00:00+00:00 [running]> on host 34edd304782d
[2025-01-26T07:28:51.228+0000] {taskinstance.py:3132} INFO - Exporting env vars: AIRFLOW_CTX_DAG_OWNER='***' AIRFLOW_CTX_DAG_ID='fetch_and_store_ebooks' AIRFLOW_CTX_TASK_ID='fetch_ebook_data' AIRFLOW_CTX_EXECUTION_DATE='2025-01-20T00:00:00+00:00' AIRFLOW_CTX_TRY_NUMBER='1' AIRFLOW_CTX_DAG_RUN_ID='scheduled__2025-01-20T00:00:00+00:00'
[2025-01-26T07:28:51.235+0000] {logging_mixin.py:190} INFO - Task instance is in running state
[2025-01-26T07:28:51.242+0000] {logging_mixin.py:190} INFO -  Previous state of the Task instance: queued
[2025-01-26T07:28:51.248+0000] {logging_mixin.py:190} INFO - Current task name:fetch_ebook_data state:running start_date:2025-01-26 07:28:49.791542+00:00
[2025-01-26T07:28:51.260+0000] {logging_mixin.py:190} INFO - Dag name:fetch_and_store_ebooks and current dag run status:running
[2025-01-26T07:28:51.263+0000] {taskinstance.py:731} INFO - ::endgroup::
[2025-01-26T07:29:34.100+0000] {python.py:240} INFO - Done. Returned value was: None
[2025-01-26T07:29:34.137+0000] {taskinstance.py:340} INFO - ::group::Post task execution logs
[2025-01-26T07:29:34.139+0000] {taskinstance.py:352} INFO - Marking task as SUCCESS. dag_id=fetch_and_store_ebooks, task_id=fetch_ebook_data, run_id=scheduled__2025-01-20T00:00:00+00:00, execution_date=20250120T000000, start_date=20250126T072849, end_date=20250126T072934
[2025-01-26T07:29:34.233+0000] {logging_mixin.py:190} INFO - Task instance in success state
[2025-01-26T07:29:34.235+0000] {logging_mixin.py:190} INFO -  Previous state of the Task instance: running
[2025-01-26T07:29:34.237+0000] {logging_mixin.py:190} INFO - Dag name:fetch_and_store_ebooks queued_at:2025-01-26 07:28:35.442991+00:00
[2025-01-26T07:29:34.239+0000] {logging_mixin.py:190} INFO - Task hostname:34edd304782d operator:PythonOperator
[2025-01-26T07:29:34.298+0000] {local_task_job_runner.py:266} INFO - Task exited with return code 0
[2025-01-26T07:29:34.490+0000] {taskinstance.py:3895} INFO - 1 downstream tasks scheduled from follow-on schedule check
[2025-01-26T07:29:34.539+0000] {local_task_job_runner.py:245} INFO - ::endgroup::
[2025-01-26T07:54:19.556+0000] {local_task_job_runner.py:123} INFO - ::group::Pre task execution logs
[2025-01-26T07:54:19.691+0000] {taskinstance.py:2613} INFO - Dependencies all met for dep_context=non-requeueable deps ti=<TaskInstance: fetch_and_store_ebooks.fetch_ebook_data scheduled__2025-01-20T00:00:00+00:00 [queued]>
[2025-01-26T07:54:19.792+0000] {taskinstance.py:2613} INFO - Dependencies all met for dep_context=requeueable deps ti=<TaskInstance: fetch_and_store_ebooks.fetch_ebook_data scheduled__2025-01-20T00:00:00+00:00 [queued]>
[2025-01-26T07:54:19.796+0000] {taskinstance.py:2866} INFO - Starting attempt 1 of 2
[2025-01-26T07:54:19.872+0000] {taskinstance.py:2889} INFO - Executing <Task(PythonOperator): fetch_ebook_data> on 2025-01-20 00:00:00+00:00
[2025-01-26T07:54:19.922+0000] {warnings.py:112} WARNING - /home/***/.local/lib/python3.12/site-packages/***/task/task_runner/standard_task_runner.py:70: DeprecationWarning: This process (pid=2167) is multi-threaded, use of fork() may lead to deadlocks in the child.
  pid = os.fork()

[2025-01-26T07:54:19.946+0000] {standard_task_runner.py:72} INFO - Started process 2187 to run task
[2025-01-26T07:54:19.945+0000] {standard_task_runner.py:104} INFO - Running: ['***', 'tasks', 'run', 'fetch_and_store_ebooks', 'fetch_ebook_data', 'scheduled__2025-01-20T00:00:00+00:00', '--job-id', '766', '--raw', '--subdir', 'DAGS_FOLDER/app.py', '--cfg-path', '/tmp/tmpjvb_fzc7']
[2025-01-26T07:54:19.955+0000] {standard_task_runner.py:105} INFO - Job 766: Subtask fetch_ebook_data
[2025-01-26T07:54:20.246+0000] {task_command.py:467} INFO - Running <TaskInstance: fetch_and_store_ebooks.fetch_ebook_data scheduled__2025-01-20T00:00:00+00:00 [running]> on host 34edd304782d
[2025-01-26T07:54:20.785+0000] {taskinstance.py:3132} INFO - Exporting env vars: AIRFLOW_CTX_DAG_OWNER='***' AIRFLOW_CTX_DAG_ID='fetch_and_store_ebooks' AIRFLOW_CTX_TASK_ID='fetch_ebook_data' AIRFLOW_CTX_EXECUTION_DATE='2025-01-20T00:00:00+00:00' AIRFLOW_CTX_TRY_NUMBER='1' AIRFLOW_CTX_DAG_RUN_ID='scheduled__2025-01-20T00:00:00+00:00'
[2025-01-26T07:54:20.793+0000] {logging_mixin.py:190} INFO - Task instance is in running state
[2025-01-26T07:54:20.796+0000] {logging_mixin.py:190} INFO -  Previous state of the Task instance: queued
[2025-01-26T07:54:20.800+0000] {logging_mixin.py:190} INFO - Current task name:fetch_ebook_data state:running start_date:2025-01-26 07:54:19.697822+00:00
[2025-01-26T07:54:20.803+0000] {logging_mixin.py:190} INFO - Dag name:fetch_and_store_ebooks and current dag run status:running
[2025-01-26T07:54:20.806+0000] {taskinstance.py:731} INFO - ::endgroup::
[2025-01-26T07:54:30.229+0000] {python.py:240} INFO - Done. Returned value was: None
[2025-01-26T07:54:30.261+0000] {taskinstance.py:340} INFO - ::group::Post task execution logs
[2025-01-26T07:54:30.263+0000] {taskinstance.py:352} INFO - Marking task as SUCCESS. dag_id=fetch_and_store_ebooks, task_id=fetch_ebook_data, run_id=scheduled__2025-01-20T00:00:00+00:00, execution_date=20250120T000000, start_date=20250126T075419, end_date=20250126T075430
[2025-01-26T07:54:30.297+0000] {logging_mixin.py:190} INFO - Task instance in success state
[2025-01-26T07:54:30.298+0000] {logging_mixin.py:190} INFO -  Previous state of the Task instance: running
[2025-01-26T07:54:30.300+0000] {logging_mixin.py:190} INFO - Dag name:fetch_and_store_ebooks queued_at:2025-01-26 07:54:05.129093+00:00
[2025-01-26T07:54:30.302+0000] {logging_mixin.py:190} INFO - Task hostname:34edd304782d operator:PythonOperator
[2025-01-26T07:54:30.355+0000] {local_task_job_runner.py:266} INFO - Task exited with return code 0
[2025-01-26T07:54:30.382+0000] {local_task_job_runner.py:245} INFO - ::endgroup::
[2025-01-26T09:12:34.481+0000] {local_task_job_runner.py:123} INFO - ::group::Pre task execution logs
[2025-01-26T09:12:34.618+0000] {taskinstance.py:2613} INFO - Dependencies all met for dep_context=non-requeueable deps ti=<TaskInstance: fetch_and_store_ebooks.fetch_ebook_data scheduled__2025-01-20T00:00:00+00:00 [queued]>
[2025-01-26T09:12:34.732+0000] {taskinstance.py:2613} INFO - Dependencies all met for dep_context=requeueable deps ti=<TaskInstance: fetch_and_store_ebooks.fetch_ebook_data scheduled__2025-01-20T00:00:00+00:00 [queued]>
[2025-01-26T09:12:34.755+0000] {taskinstance.py:2866} INFO - Starting attempt 1 of 2
[2025-01-26T09:12:35.970+0000] {taskinstance.py:2889} INFO - Executing <Task(PythonOperator): fetch_ebook_data> on 2025-01-20 00:00:00+00:00
[2025-01-26T09:12:36.027+0000] {warnings.py:112} WARNING - /home/***/.local/lib/python3.12/site-packages/***/task/task_runner/standard_task_runner.py:70: DeprecationWarning: This process (pid=3860) is multi-threaded, use of fork() may lead to deadlocks in the child.
  pid = os.fork()

[2025-01-26T09:12:36.032+0000] {standard_task_runner.py:72} INFO - Started process 3891 to run task
[2025-01-26T09:12:36.061+0000] {standard_task_runner.py:104} INFO - Running: ['***', 'tasks', 'run', 'fetch_and_store_ebooks', 'fetch_ebook_data', 'scheduled__2025-01-20T00:00:00+00:00', '--job-id', '986', '--raw', '--subdir', 'DAGS_FOLDER/app.py', '--cfg-path', '/tmp/tmp0mtxhnhe']
[2025-01-26T09:12:36.078+0000] {standard_task_runner.py:105} INFO - Job 986: Subtask fetch_ebook_data
[2025-01-26T09:12:36.737+0000] {task_command.py:467} INFO - Running <TaskInstance: fetch_and_store_ebooks.fetch_ebook_data scheduled__2025-01-20T00:00:00+00:00 [running]> on host 34edd304782d
[2025-01-26T09:12:37.476+0000] {taskinstance.py:3132} INFO - Exporting env vars: AIRFLOW_CTX_DAG_OWNER='***' AIRFLOW_CTX_DAG_ID='fetch_and_store_ebooks' AIRFLOW_CTX_TASK_ID='fetch_ebook_data' AIRFLOW_CTX_EXECUTION_DATE='2025-01-20T00:00:00+00:00' AIRFLOW_CTX_TRY_NUMBER='1' AIRFLOW_CTX_DAG_RUN_ID='scheduled__2025-01-20T00:00:00+00:00'
[2025-01-26T09:12:37.484+0000] {logging_mixin.py:190} INFO - Task instance is in running state
[2025-01-26T09:12:37.492+0000] {logging_mixin.py:190} INFO -  Previous state of the Task instance: queued
[2025-01-26T09:12:37.508+0000] {logging_mixin.py:190} INFO - Current task name:fetch_ebook_data state:running start_date:2025-01-26 09:12:34.622313+00:00
[2025-01-26T09:12:37.510+0000] {logging_mixin.py:190} INFO - Dag name:fetch_and_store_ebooks and current dag run status:running
[2025-01-26T09:12:37.512+0000] {taskinstance.py:731} INFO - ::endgroup::
[2025-01-26T09:12:47.198+0000] {python.py:240} INFO - Done. Returned value was: None
[2025-01-26T09:12:47.249+0000] {taskinstance.py:340} INFO - ::group::Post task execution logs
[2025-01-26T09:12:47.252+0000] {taskinstance.py:352} INFO - Marking task as SUCCESS. dag_id=fetch_and_store_ebooks, task_id=fetch_ebook_data, run_id=scheduled__2025-01-20T00:00:00+00:00, execution_date=20250120T000000, start_date=20250126T091234, end_date=20250126T091247
[2025-01-26T09:12:47.422+0000] {logging_mixin.py:190} INFO - Task instance in success state
[2025-01-26T09:12:47.426+0000] {logging_mixin.py:190} INFO -  Previous state of the Task instance: running
[2025-01-26T09:12:47.428+0000] {logging_mixin.py:190} INFO - Dag name:fetch_and_store_ebooks queued_at:2025-01-26 09:12:10.029525+00:00
[2025-01-26T09:12:47.429+0000] {logging_mixin.py:190} INFO - Task hostname:34edd304782d operator:PythonOperator
[2025-01-26T09:12:47.551+0000] {local_task_job_runner.py:266} INFO - Task exited with return code 0
[2025-01-26T09:12:47.732+0000] {taskinstance.py:3895} INFO - 1 downstream tasks scheduled from follow-on schedule check
[2025-01-26T09:12:47.742+0000] {local_task_job_runner.py:245} INFO - ::endgroup::
[2025-01-26T09:19:43.587+0000] {local_task_job_runner.py:123} INFO - ::group::Pre task execution logs
[2025-01-26T09:19:44.078+0000] {taskinstance.py:2613} INFO - Dependencies all met for dep_context=non-requeueable deps ti=<TaskInstance: fetch_and_store_ebooks.fetch_ebook_data scheduled__2025-01-20T00:00:00+00:00 [queued]>
[2025-01-26T09:19:44.340+0000] {taskinstance.py:2613} INFO - Dependencies all met for dep_context=requeueable deps ti=<TaskInstance: fetch_and_store_ebooks.fetch_ebook_data scheduled__2025-01-20T00:00:00+00:00 [queued]>
[2025-01-26T09:19:44.370+0000] {taskinstance.py:2866} INFO - Starting attempt 1 of 2
[2025-01-26T09:19:45.333+0000] {taskinstance.py:2889} INFO - Executing <Task(PythonOperator): fetch_ebook_data> on 2025-01-20 00:00:00+00:00
[2025-01-26T09:19:45.503+0000] {warnings.py:112} WARNING - /home/***/.local/lib/python3.12/site-packages/***/task/task_runner/standard_task_runner.py:70: DeprecationWarning: This process (pid=4173) is multi-threaded, use of fork() may lead to deadlocks in the child.
  pid = os.fork()

[2025-01-26T09:19:45.531+0000] {standard_task_runner.py:72} INFO - Started process 4200 to run task
[2025-01-26T09:19:45.564+0000] {standard_task_runner.py:104} INFO - Running: ['***', 'tasks', 'run', 'fetch_and_store_ebooks', 'fetch_ebook_data', 'scheduled__2025-01-20T00:00:00+00:00', '--job-id', '1039', '--raw', '--subdir', 'DAGS_FOLDER/app.py', '--cfg-path', '/tmp/tmp0tyvcr5x']
[2025-01-26T09:19:45.590+0000] {standard_task_runner.py:105} INFO - Job 1039: Subtask fetch_ebook_data
[2025-01-26T09:19:46.536+0000] {task_command.py:467} INFO - Running <TaskInstance: fetch_and_store_ebooks.fetch_ebook_data scheduled__2025-01-20T00:00:00+00:00 [running]> on host 34edd304782d
[2025-01-26T09:19:48.290+0000] {taskinstance.py:3132} INFO - Exporting env vars: AIRFLOW_CTX_DAG_OWNER='***' AIRFLOW_CTX_DAG_ID='fetch_and_store_ebooks' AIRFLOW_CTX_TASK_ID='fetch_ebook_data' AIRFLOW_CTX_EXECUTION_DATE='2025-01-20T00:00:00+00:00' AIRFLOW_CTX_TRY_NUMBER='1' AIRFLOW_CTX_DAG_RUN_ID='scheduled__2025-01-20T00:00:00+00:00'
[2025-01-26T09:19:48.367+0000] {logging_mixin.py:190} INFO - Task instance is in running state
[2025-01-26T09:19:48.424+0000] {logging_mixin.py:190} INFO -  Previous state of the Task instance: queued
[2025-01-26T09:19:48.457+0000] {logging_mixin.py:190} INFO - Current task name:fetch_ebook_data state:running start_date:2025-01-26 09:19:44.108233+00:00
[2025-01-26T09:19:48.493+0000] {logging_mixin.py:190} INFO - Dag name:fetch_and_store_ebooks and current dag run status:running
[2025-01-26T09:19:48.525+0000] {taskinstance.py:731} INFO - ::endgroup::
[2025-01-26T09:19:58.306+0000] {python.py:240} INFO - Done. Returned value was: None
[2025-01-26T09:19:58.408+0000] {taskinstance.py:340} INFO - ::group::Post task execution logs
[2025-01-26T09:19:58.410+0000] {taskinstance.py:352} INFO - Marking task as SUCCESS. dag_id=fetch_and_store_ebooks, task_id=fetch_ebook_data, run_id=scheduled__2025-01-20T00:00:00+00:00, execution_date=20250120T000000, start_date=20250126T091944, end_date=20250126T091958
[2025-01-26T09:19:58.737+0000] {logging_mixin.py:190} INFO - Task instance in success state
[2025-01-26T09:19:58.754+0000] {logging_mixin.py:190} INFO -  Previous state of the Task instance: running
[2025-01-26T09:19:58.775+0000] {logging_mixin.py:190} INFO - Dag name:fetch_and_store_ebooks queued_at:2025-01-26 09:19:04.497233+00:00
[2025-01-26T09:19:58.782+0000] {logging_mixin.py:190} INFO - Task hostname:34edd304782d operator:PythonOperator
[2025-01-26T09:19:58.855+0000] {local_task_job_runner.py:266} INFO - Task exited with return code 0
[2025-01-26T09:19:58.997+0000] {taskinstance.py:3895} INFO - 1 downstream tasks scheduled from follow-on schedule check
[2025-01-26T09:19:59.029+0000] {local_task_job_runner.py:245} INFO - ::endgroup::
[2025-01-26T09:30:31.734+0000] {local_task_job_runner.py:123} INFO - ::group::Pre task execution logs
[2025-01-26T09:30:31.838+0000] {taskinstance.py:2613} INFO - Dependencies all met for dep_context=non-requeueable deps ti=<TaskInstance: fetch_and_store_ebooks.fetch_ebook_data scheduled__2025-01-20T00:00:00+00:00 [queued]>
[2025-01-26T09:30:31.895+0000] {taskinstance.py:2613} INFO - Dependencies all met for dep_context=requeueable deps ti=<TaskInstance: fetch_and_store_ebooks.fetch_ebook_data scheduled__2025-01-20T00:00:00+00:00 [queued]>
[2025-01-26T09:30:31.911+0000] {taskinstance.py:2866} INFO - Starting attempt 1 of 2
[2025-01-26T09:30:32.049+0000] {taskinstance.py:2889} INFO - Executing <Task(PythonOperator): fetch_ebook_data> on 2025-01-20 00:00:00+00:00
[2025-01-26T09:30:32.102+0000] {warnings.py:112} WARNING - /home/***/.local/lib/python3.12/site-packages/***/task/task_runner/standard_task_runner.py:70: DeprecationWarning: This process (pid=4553) is multi-threaded, use of fork() may lead to deadlocks in the child.
  pid = os.fork()

[2025-01-26T09:30:32.112+0000] {standard_task_runner.py:104} INFO - Running: ['***', 'tasks', 'run', 'fetch_and_store_ebooks', 'fetch_ebook_data', 'scheduled__2025-01-20T00:00:00+00:00', '--job-id', '1105', '--raw', '--subdir', 'DAGS_FOLDER/app.py', '--cfg-path', '/tmp/tmphl08839h']
[2025-01-26T09:30:32.138+0000] {standard_task_runner.py:105} INFO - Job 1105: Subtask fetch_ebook_data
[2025-01-26T09:30:32.122+0000] {standard_task_runner.py:72} INFO - Started process 4580 to run task
[2025-01-26T09:30:32.653+0000] {task_command.py:467} INFO - Running <TaskInstance: fetch_and_store_ebooks.fetch_ebook_data scheduled__2025-01-20T00:00:00+00:00 [running]> on host 34edd304782d
[2025-01-26T09:30:33.884+0000] {taskinstance.py:3132} INFO - Exporting env vars: AIRFLOW_CTX_DAG_OWNER='***' AIRFLOW_CTX_DAG_ID='fetch_and_store_ebooks' AIRFLOW_CTX_TASK_ID='fetch_ebook_data' AIRFLOW_CTX_EXECUTION_DATE='2025-01-20T00:00:00+00:00' AIRFLOW_CTX_TRY_NUMBER='1' AIRFLOW_CTX_DAG_RUN_ID='scheduled__2025-01-20T00:00:00+00:00'
[2025-01-26T09:30:33.896+0000] {logging_mixin.py:190} INFO - Task instance is in running state
[2025-01-26T09:30:33.923+0000] {logging_mixin.py:190} INFO -  Previous state of the Task instance: queued
[2025-01-26T09:30:33.925+0000] {logging_mixin.py:190} INFO - Current task name:fetch_ebook_data state:running start_date:2025-01-26 09:30:31.848681+00:00
[2025-01-26T09:30:33.931+0000] {logging_mixin.py:190} INFO - Dag name:fetch_and_store_ebooks and current dag run status:running
[2025-01-26T09:30:33.937+0000] {taskinstance.py:731} INFO - ::endgroup::
[2025-01-26T09:30:42.944+0000] {python.py:240} INFO - Done. Returned value was: None
[2025-01-26T09:30:43.136+0000] {taskinstance.py:340} INFO - ::group::Post task execution logs
[2025-01-26T09:30:43.141+0000] {taskinstance.py:352} INFO - Marking task as SUCCESS. dag_id=fetch_and_store_ebooks, task_id=fetch_ebook_data, run_id=scheduled__2025-01-20T00:00:00+00:00, execution_date=20250120T000000, start_date=20250126T093031, end_date=20250126T093043
[2025-01-26T09:30:43.252+0000] {logging_mixin.py:190} INFO - Task instance in success state
[2025-01-26T09:30:43.267+0000] {logging_mixin.py:190} INFO -  Previous state of the Task instance: running
[2025-01-26T09:30:43.282+0000] {logging_mixin.py:190} INFO - Dag name:fetch_and_store_ebooks queued_at:2025-01-26 09:30:13.525736+00:00
[2025-01-26T09:30:43.292+0000] {logging_mixin.py:190} INFO - Task hostname:34edd304782d operator:PythonOperator
[2025-01-26T09:30:43.402+0000] {local_task_job_runner.py:266} INFO - Task exited with return code 0
[2025-01-26T09:30:43.739+0000] {taskinstance.py:3895} INFO - 1 downstream tasks scheduled from follow-on schedule check
[2025-01-26T09:30:43.775+0000] {local_task_job_runner.py:245} INFO - ::endgroup::
